<?xml version="1.0" encoding="UTF-8"?><TestSessionContainer xmlns="http://www.codecover.org/xml/testsession-container" Date="1706706425552" TestSessionContainerId="d45e9866-b62d-465b-a4ca-df22f7748f4c" version="1.0">
<SrcFileList>
<SrcFile Content="package counter_esempio;&#13;&#10;&#13;&#10;public class Counter {&#13;&#10;&#9;&#13;&#10;&#9;private int value;&#13;&#10;&#9;&#13;&#10;&#9;public Counter() {&#13;&#10;&#9;&#9;value = 0;&#13;&#10;&#9;}&#13;&#10;&#9;&#13;&#10;&#9;public int dec() {&#13;&#10;&#9;&#9;return 0;&#13;&#10;&#9;}&#13;&#10;&#9;&#13;&#10;&#9;public int inc() {&#13;&#10;&#9;&#9;if (value == 100 || value == 89)&#13;&#10;&#9;&#9;&#9;return ++value;&#13;&#10;&#9;&#9;else&#13;&#10;&#9;&#9;&#9;return value + 30;&#13;&#10;&#9;}&#13;&#10;}&#13;&#10;" Filename="Counter.java" Intrnl_Id="1"/>
</SrcFileList>
<CritList>
<CritListEntry Name="org.codecover.model.utils.criteria.LoopCoverage" PluginName="org.codecover"/>
<CritListEntry Name="org.codecover.model.utils.criteria.ConditionCoverage" PluginName="org.codecover"/>
<CritListEntry Name="org.codecover.model.utils.criteria.BranchCoverage" PluginName="org.codecover"/>
<CritListEntry Name="org.codecover.model.utils.criteria.StatementCoverage" PluginName="org.codecover"/>
</CritList>
<BoolOpList>
<BoolOp Arity="2" Intrnl_Id="2" Name="conditional or (||)">
<BoolAssgnmntBoolMapList>
<MapEntry BoolAssgnmnt="00" Value="false"/>
<MapEntry BoolAssgnmnt="01" Value="true"/>
<MapEntry BoolAssgnmnt="12" Value="true"/>
</BoolAssgnmntBoolMapList>
</BoolOp>
</BoolOpList>
<HierarchyLvlTypeList>
<HierarchyLvlType EnglishName="package" IntrnlName="package" Intrnl_Id="3"/>
<HierarchyLvlType EnglishName="method" IntrnlName="method" Intrnl_Id="4"/>
<HierarchyLvlType EnglishName="class" IntrnlName="class" Intrnl_Id="5"/>
<HierarchyLvlType EnglishName="default package" IntrnlName="default package" Intrnl_Id="6"/>
</HierarchyLvlTypeList>
<MASTRoot>
<HierarchyLvl HierarchyLvlId="13" HierarchyLvlTypeId="6" Intrnl_Id="7" Name="default package">
<Header/>
<LocList/>
<HierarchyLvl HierarchyLvlId="12" HierarchyLvlTypeId="3" Intrnl_Id="8" Name="counter_esempio">
<Header/>
<LocList/>
<HierarchyLvl HierarchyLvlId="11" HierarchyLvlTypeId="5" Intrnl_Id="9" Name="Counter">
<Header>
<Loc EndOffset="48" SrcFileId="1" StartOffset="28"/>
</Header>
<LocList>
<Loc EndOffset="275" SrcFileId="1" StartOffset="28"/>
</LocList>
<HierarchyLvl HierarchyLvlId="8" HierarchyLvlTypeId="4" Intrnl_Id="10" Name="Counter">
<Header>
<Loc EndOffset="96" SrcFileId="1" StartOffset="80"/>
</Header>
<LocList>
<Loc EndOffset="116" SrcFileId="1" StartOffset="80"/>
</LocList>
<StmntSeq Intrnl_Id="11">
<LocList>
<Loc EndOffset="112" SrcFileId="1" StartOffset="102"/>
</LocList>
<BasicStmnt CovItemId="S1" CovItemPrefix="counter_esempio.Counter.java" Intrnl_Id="12">
<LocList>
<Loc EndOffset="112" SrcFileId="1" StartOffset="102"/>
</LocList>
</BasicStmnt>
</StmntSeq>
</HierarchyLvl>
<HierarchyLvl HierarchyLvlId="9" HierarchyLvlTypeId="4" Intrnl_Id="13" Name="dec">
<Header>
<Loc EndOffset="138" SrcFileId="1" StartOffset="122"/>
</Header>
<LocList>
<Loc EndOffset="157" SrcFileId="1" StartOffset="122"/>
</LocList>
<StmntSeq Intrnl_Id="14">
<LocList>
<Loc EndOffset="153" SrcFileId="1" StartOffset="144"/>
</LocList>
<BasicStmnt CovItemId="S2" CovItemPrefix="counter_esempio.Counter.java" Intrnl_Id="15">
<LocList>
<Loc EndOffset="153" SrcFileId="1" StartOffset="144"/>
</LocList>
</BasicStmnt>
</StmntSeq>
</HierarchyLvl>
<HierarchyLvl HierarchyLvlId="10" HierarchyLvlTypeId="4" Intrnl_Id="16" Name="inc">
<Header>
<Loc EndOffset="179" SrcFileId="1" StartOffset="163"/>
</Header>
<LocList>
<Loc EndOffset="272" SrcFileId="1" StartOffset="163"/>
</LocList>
<StmntSeq Intrnl_Id="17">
<LocList>
<Loc EndOffset="268" SrcFileId="1" StartOffset="185"/>
</LocList>
<CondStmnt CovItemId="S3" CovItemPrefix="counter_esempio.Counter.java" Intrnl_Id="18">
<Branch CovItemId="B1" CovItemPrefix="counter_esempio.Counter.java" Implct="false" Intrnl_Id="19">
<Cond/>
<LocList>
<Loc EndOffset="237" SrcFileId="1" StartOffset="222"/>
</LocList>
<StmntSeq Intrnl_Id="20">
<LocList>
<Loc EndOffset="237" SrcFileId="1" StartOffset="222"/>
</LocList>
<BasicStmnt CovItemId="S4" CovItemPrefix="counter_esempio.Counter.java" Intrnl_Id="21">
<LocList>
<Loc EndOffset="237" SrcFileId="1" StartOffset="222"/>
</LocList>
</BasicStmnt>
</StmntSeq>
</Branch>
<Branch CovItemId="B2" CovItemPrefix="counter_esempio.Counter.java" Implct="false" Intrnl_Id="22">
<Cond>
<Loc EndOffset="245" SrcFileId="1" StartOffset="241"/>
</Cond>
<LocList>
<Loc EndOffset="268" SrcFileId="1" StartOffset="250"/>
</LocList>
<StmntSeq Intrnl_Id="23">
<LocList>
<Loc EndOffset="268" SrcFileId="1" StartOffset="250"/>
</LocList>
<BasicStmnt CovItemId="S5" CovItemPrefix="counter_esempio.Counter.java" Intrnl_Id="24">
<LocList>
<Loc EndOffset="268" SrcFileId="1" StartOffset="250"/>
</LocList>
</BasicStmnt>
</StmntSeq>
</Branch>
<Keyword EndOffset="187" SrcFileId="1" StartOffset="185"/>
<LocList>
<Loc EndOffset="268" SrcFileId="1" StartOffset="185"/>
</LocList>
<RootTerm CovItemId="C1" CovItemPrefix="counter_esempio.Counter.java" Intrnl_Id="25">
<OpTerm BooleanOpId="2" Intrnl_Id="26">
<BasicBoolTerm Intrnl_Id="27">
<LocList>
<Loc EndOffset="201" SrcFileId="1" StartOffset="189"/>
</LocList>
</BasicBoolTerm>
<BasicBoolTerm Intrnl_Id="28">
<LocList>
<Loc EndOffset="216" SrcFileId="1" StartOffset="205"/>
</LocList>
</BasicBoolTerm>
<LocList>
<Loc EndOffset="204" SrcFileId="1" StartOffset="202"/>
</LocList>
</OpTerm>
</RootTerm>
</CondStmnt>
</StmntSeq>
</HierarchyLvl>
</HierarchyLvl>
</HierarchyLvl>
</HierarchyLvl>
</MASTRoot>
<TestSession Comment="" Date="1706706432531" Name="31-gen-2024 14.07.12">
<TestCase Comment="Failure&#10;java.lang.AssertionError: expected:&lt;1&gt; but was:&lt;30&gt;&#13;&#10;&#9;at org.junit.Assert.fail(Assert.java:88)&#13;&#10;&#9;at org.junit.Assert.failNotEquals(Assert.java:834)&#13;&#10;&#9;at org.junit.Assert.assertEquals(Assert.java:645)&#13;&#10;&#9;at org.junit.Assert.assertEquals(Assert.java:631)&#13;&#10;&#9;at counter_esempio.CounterTest.test(CounterTest.java:21)&#13;&#10;&#9;at sun.reflect.NativeMethodAccessorImpl.invoke0(Native Method)&#13;&#10;&#9;at sun.reflect.NativeMethodAccessorImpl.invoke(NativeMethodAccessorImpl.java:62)&#13;&#10;&#9;at sun.reflect.DelegatingMethodAccessorImpl.invoke(DelegatingMethodAccessorImpl.java:43)&#13;&#10;&#9;at java.lang.reflect.Method.invoke(Method.java:498)&#13;&#10;&#9;at org.junit.runners.model.FrameworkMethod$1.runReflectiveCall(FrameworkMethod.java:50)&#13;&#10;&#9;at org.junit.internal.runners.model.ReflectiveCallable.run(ReflectiveCallable.java:12)&#13;&#10;&#9;at org.junit.runners.model.FrameworkMethod.invokeExplosively(FrameworkMethod.java:47)&#13;&#10;&#9;at org.junit.internal.runners.statements.InvokeMethod.evaluate(InvokeMethod.java:17)&#13;&#10;&#9;at org.junit.runners.ParentRunner.runLeaf(ParentRunner.java:325)&#13;&#10;&#9;at org.junit.runners.BlockJUnit4ClassRunner.runChild(BlockJUnit4ClassRunner.java:78)&#13;&#10;&#9;at org.junit.runners.BlockJUnit4ClassRunner.runChild(BlockJUnit4ClassRunner.java:57)&#13;&#10;&#9;at org.junit.runners.ParentRunner$3.run(ParentRunner.java:290)&#13;&#10;&#9;at org.junit.runners.ParentRunner$1.schedule(ParentRunner.java:71)&#13;&#10;&#9;at org.junit.runners.ParentRunner.runChildren(ParentRunner.java:288)&#13;&#10;&#9;at org.junit.runners.ParentRunner.access$000(ParentRunner.java:58)&#13;&#10;&#9;at org.junit.runners.ParentRunner$2.evaluate(ParentRunner.java:268)&#13;&#10;&#9;at org.junit.runners.ParentRunner.run(ParentRunner.java:363)&#13;&#10;&#9;at org.eclipse.jdt.internal.junit4.runner.JUnit4TestReference.run(JUnit4TestReference.java:89)&#13;&#10;&#9;at org.eclipse.jdt.internal.junit.runner.TestExecution.run(TestExecution.java:41)&#13;&#10;&#9;at org.eclipse.jdt.internal.junit.runner.RemoteTestRunner.runTests(RemoteTestRunner.java:542)&#13;&#10;&#9;at org.eclipse.jdt.internal.junit.runner.RemoteTestRunner.runTests(RemoteTestRunner.java:770)&#13;&#10;&#9;at org.eclipse.jdt.internal.junit.runner.RemoteTestRunner.run(RemoteTestRunner.java:464)&#13;&#10;&#9;at org.codecover.juniteclipse.runner.EclipseTestRunner.main(EclipseTestRunner.java:40)" Date="1706706432258" Name="counter_esempio.CounterTest:test">
<CovList>
<CovPrefix CovItemPrefix="counter_esempio.Counter.java">
<Cov CovItemId="B2" Value="1"/>
<Cov CovItemId="S1" Value="1"/>
<Cov CovItemId="S3" Value="1"/>
<Cov CovItemId="S5" Value="1"/>
</CovPrefix>
</CovList>
<AssgnmntList>
<AssgnmntPrefix RootTermCovItemPrefix="counter_esempio.Counter.java">
<AssgnmntListEntry Length="2" RootTermCovItemId="C1">
<MapEntry BoolAssgnmnt="00" Value="1"/>
</AssgnmntListEntry>
</AssgnmntPrefix>
</AssgnmntList>
<ObjMetaDataList/>
<MetaDataList/>
</TestCase>
<MetaDataList/>
</TestSession>
</TestSessionContainer>
