<?xml version="1.0" encoding="UTF-8"?><TestSessionContainer xmlns="http://www.codecover.org/xml/testsession-container" Date="1706706859453" TestSessionContainerId="cf5406a8-1396-49f3-9987-aa9208143832" version="1.0">
<SrcFileList>
<SrcFile Content="package counter_esempio;&#13;&#10;&#13;&#10;public class Counter {&#13;&#10;&#9;&#13;&#10;&#9;private int value;&#13;&#10;&#9;&#13;&#10;&#9;public Counter() {&#13;&#10;&#9;&#9;value = 0;&#13;&#10;&#9;}&#13;&#10;&#9;&#13;&#10;&#9;public int dec() {&#13;&#10;&#9;&#9;return 0;&#13;&#10;&#9;}&#13;&#10;&#9;&#13;&#10;&#9;public int inc() {&#13;&#10;&#9;&#9;if (value == 100 || value == 2)&#13;&#10;&#9;&#9;&#9;return ++value;&#13;&#10;&#9;&#9;else&#13;&#10;&#9;&#9;&#9;return ++value;&#13;&#10;&#9;}&#13;&#10;}&#13;&#10;" Filename="Counter.java" Intrnl_Id="1"/>
</SrcFileList>
<CritList>
<CritListEntry Name="org.codecover.model.utils.criteria.LoopCoverage" PluginName="org.codecover"/>
<CritListEntry Name="org.codecover.model.utils.criteria.ConditionCoverage" PluginName="org.codecover"/>
<CritListEntry Name="org.codecover.model.utils.criteria.BranchCoverage" PluginName="org.codecover"/>
<CritListEntry Name="org.codecover.model.utils.criteria.StatementCoverage" PluginName="org.codecover"/>
</CritList>
<BoolOpList>
<BoolOp Arity="2" Intrnl_Id="2" Name="conditional or (||)">
<BoolAssgnmntBoolMapList>
<MapEntry BoolAssgnmnt="00" Value="false"/>
<MapEntry BoolAssgnmnt="01" Value="true"/>
<MapEntry BoolAssgnmnt="12" Value="true"/>
</BoolAssgnmntBoolMapList>
</BoolOp>
</BoolOpList>
<HierarchyLvlTypeList>
<HierarchyLvlType EnglishName="package" IntrnlName="package" Intrnl_Id="3"/>
<HierarchyLvlType EnglishName="method" IntrnlName="method" Intrnl_Id="4"/>
<HierarchyLvlType EnglishName="class" IntrnlName="class" Intrnl_Id="5"/>
<HierarchyLvlType EnglishName="default package" IntrnlName="default package" Intrnl_Id="6"/>
</HierarchyLvlTypeList>
<MASTRoot>
<HierarchyLvl HierarchyLvlId="49" HierarchyLvlTypeId="6" Intrnl_Id="7" Name="default package">
<Header/>
<LocList/>
<HierarchyLvl HierarchyLvlId="48" HierarchyLvlTypeId="3" Intrnl_Id="8" Name="counter_esempio">
<Header/>
<LocList/>
<HierarchyLvl HierarchyLvlId="47" HierarchyLvlTypeId="5" Intrnl_Id="9" Name="Counter">
<Header>
<Loc EndOffset="48" SrcFileId="1" StartOffset="28"/>
</Header>
<LocList>
<Loc EndOffset="271" SrcFileId="1" StartOffset="28"/>
</LocList>
<HierarchyLvl HierarchyLvlId="44" HierarchyLvlTypeId="4" Intrnl_Id="10" Name="Counter">
<Header>
<Loc EndOffset="96" SrcFileId="1" StartOffset="80"/>
</Header>
<LocList>
<Loc EndOffset="116" SrcFileId="1" StartOffset="80"/>
</LocList>
<StmntSeq Intrnl_Id="11">
<LocList>
<Loc EndOffset="112" SrcFileId="1" StartOffset="102"/>
</LocList>
<BasicStmnt CovItemId="S1" CovItemPrefix="counter_esempio.Counter.java" Intrnl_Id="12">
<LocList>
<Loc EndOffset="112" SrcFileId="1" StartOffset="102"/>
</LocList>
</BasicStmnt>
</StmntSeq>
</HierarchyLvl>
<HierarchyLvl HierarchyLvlId="45" HierarchyLvlTypeId="4" Intrnl_Id="13" Name="dec">
<Header>
<Loc EndOffset="138" SrcFileId="1" StartOffset="122"/>
</Header>
<LocList>
<Loc EndOffset="157" SrcFileId="1" StartOffset="122"/>
</LocList>
<StmntSeq Intrnl_Id="14">
<LocList>
<Loc EndOffset="153" SrcFileId="1" StartOffset="144"/>
</LocList>
<BasicStmnt CovItemId="S2" CovItemPrefix="counter_esempio.Counter.java" Intrnl_Id="15">
<LocList>
<Loc EndOffset="153" SrcFileId="1" StartOffset="144"/>
</LocList>
</BasicStmnt>
</StmntSeq>
</HierarchyLvl>
<HierarchyLvl HierarchyLvlId="46" HierarchyLvlTypeId="4" Intrnl_Id="16" Name="inc">
<Header>
<Loc EndOffset="179" SrcFileId="1" StartOffset="163"/>
</Header>
<LocList>
<Loc EndOffset="268" SrcFileId="1" StartOffset="163"/>
</LocList>
<StmntSeq Intrnl_Id="17">
<LocList>
<Loc EndOffset="264" SrcFileId="1" StartOffset="185"/>
</LocList>
<CondStmnt CovItemId="S3" CovItemPrefix="counter_esempio.Counter.java" Intrnl_Id="18">
<Branch CovItemId="B1" CovItemPrefix="counter_esempio.Counter.java" Implct="false" Intrnl_Id="19">
<Cond/>
<LocList>
<Loc EndOffset="236" SrcFileId="1" StartOffset="221"/>
</LocList>
<StmntSeq Intrnl_Id="20">
<LocList>
<Loc EndOffset="236" SrcFileId="1" StartOffset="221"/>
</LocList>
<BasicStmnt CovItemId="S4" CovItemPrefix="counter_esempio.Counter.java" Intrnl_Id="21">
<LocList>
<Loc EndOffset="236" SrcFileId="1" StartOffset="221"/>
</LocList>
</BasicStmnt>
</StmntSeq>
</Branch>
<Branch CovItemId="B2" CovItemPrefix="counter_esempio.Counter.java" Implct="false" Intrnl_Id="22">
<Cond>
<Loc EndOffset="244" SrcFileId="1" StartOffset="240"/>
</Cond>
<LocList>
<Loc EndOffset="264" SrcFileId="1" StartOffset="249"/>
</LocList>
<StmntSeq Intrnl_Id="23">
<LocList>
<Loc EndOffset="264" SrcFileId="1" StartOffset="249"/>
</LocList>
<BasicStmnt CovItemId="S5" CovItemPrefix="counter_esempio.Counter.java" Intrnl_Id="24">
<LocList>
<Loc EndOffset="264" SrcFileId="1" StartOffset="249"/>
</LocList>
</BasicStmnt>
</StmntSeq>
</Branch>
<Keyword EndOffset="187" SrcFileId="1" StartOffset="185"/>
<LocList>
<Loc EndOffset="264" SrcFileId="1" StartOffset="185"/>
</LocList>
<RootTerm CovItemId="C1" CovItemPrefix="counter_esempio.Counter.java" Intrnl_Id="25">
<OpTerm BooleanOpId="2" Intrnl_Id="26">
<BasicBoolTerm Intrnl_Id="27">
<LocList>
<Loc EndOffset="201" SrcFileId="1" StartOffset="189"/>
</LocList>
</BasicBoolTerm>
<BasicBoolTerm Intrnl_Id="28">
<LocList>
<Loc EndOffset="215" SrcFileId="1" StartOffset="205"/>
</LocList>
</BasicBoolTerm>
<LocList>
<Loc EndOffset="204" SrcFileId="1" StartOffset="202"/>
</LocList>
</OpTerm>
</RootTerm>
</CondStmnt>
</StmntSeq>
</HierarchyLvl>
</HierarchyLvl>
</HierarchyLvl>
</HierarchyLvl>
</MASTRoot>
<TestSession Comment="" Date="1706706874942" Name="31-gen-2024 14.14.34">
<TestCase Comment="" Date="1706706874757" Name="counter_esempio.CounterTest:test">
<CovList>
<CovPrefix CovItemPrefix="counter_esempio.Counter.java">
<Cov CovItemId="B1" Value="1"/>
<Cov CovItemId="B2" Value="2"/>
<Cov CovItemId="S1" Value="1"/>
<Cov CovItemId="S3" Value="3"/>
<Cov CovItemId="S4" Value="1"/>
<Cov CovItemId="S5" Value="2"/>
</CovPrefix>
</CovList>
<AssgnmntList>
<AssgnmntPrefix RootTermCovItemPrefix="counter_esempio.Counter.java">
<AssgnmntListEntry Length="2" RootTermCovItemId="C1">
<MapEntry BoolAssgnmnt="00" Value="2"/>
<MapEntry BoolAssgnmnt="01" Value="1"/>
</AssgnmntListEntry>
</AssgnmntPrefix>
</AssgnmntList>
<ObjMetaDataList/>
<MetaDataList/>
</TestCase>
<MetaDataList/>
</TestSession>
<TestSession Comment="" Date="1706707435013" Name="31-gen-2024 14.23.54">
<TestCase Comment="" Date="1706707433863" Name="randoop.RandoopTest0:test100">
<CovList>
<CovPrefix CovItemPrefix="counter_esempio.Counter.java">
<Cov CovItemId="B1" Value="1"/>
<Cov CovItemId="B2" Value="3"/>
<Cov CovItemId="S1" Value="1"/>
<Cov CovItemId="S2" Value="5"/>
<Cov CovItemId="S3" Value="4"/>
<Cov CovItemId="S4" Value="1"/>
<Cov CovItemId="S5" Value="3"/>
</CovPrefix>
</CovList>
<AssgnmntList>
<AssgnmntPrefix RootTermCovItemPrefix="counter_esempio.Counter.java">
<AssgnmntListEntry Length="2" RootTermCovItemId="C1">
<MapEntry BoolAssgnmnt="00" Value="3"/>
<MapEntry BoolAssgnmnt="01" Value="1"/>
</AssgnmntListEntry>
</AssgnmntPrefix>
</AssgnmntList>
<ObjMetaDataList/>
<MetaDataList/>
</TestCase>
<TestCase Comment="" Date="1706707433879" Name="randoop.RandoopTest0:test101">
<CovList>
<CovPrefix CovItemPrefix="counter_esempio.Counter.java">
<Cov CovItemId="B1" Value="1"/>
<Cov CovItemId="B2" Value="5"/>
<Cov CovItemId="S1" Value="1"/>
<Cov CovItemId="S2" Value="6"/>
<Cov CovItemId="S3" Value="6"/>
<Cov CovItemId="S4" Value="1"/>
<Cov CovItemId="S5" Value="5"/>
</CovPrefix>
</CovList>
<AssgnmntList>
<AssgnmntPrefix RootTermCovItemPrefix="counter_esempio.Counter.java">
<AssgnmntListEntry Length="2" RootTermCovItemId="C1">
<MapEntry BoolAssgnmnt="00" Value="5"/>
<MapEntry BoolAssgnmnt="01" Value="1"/>
</AssgnmntListEntry>
</AssgnmntPrefix>
</AssgnmntList>
<ObjMetaDataList/>
<MetaDataList/>
</TestCase>
<TestCase Comment="" Date="1706707433879" Name="randoop.RandoopTest0:test102">
<CovList>
<CovPrefix CovItemPrefix="counter_esempio.Counter.java">
<Cov CovItemId="B1" Value="1"/>
<Cov CovItemId="B2" Value="4"/>
<Cov CovItemId="S1" Value="1"/>
<Cov CovItemId="S2" Value="7"/>
<Cov CovItemId="S3" Value="5"/>
<Cov CovItemId="S4" Value="1"/>
<Cov CovItemId="S5" Value="4"/>
</CovPrefix>
</CovList>
<AssgnmntList>
<AssgnmntPrefix RootTermCovItemPrefix="counter_esempio.Counter.java">
<AssgnmntListEntry Length="2" RootTermCovItemId="C1">
<MapEntry BoolAssgnmnt="00" Value="4"/>
<MapEntry BoolAssgnmnt="01" Value="1"/>
</AssgnmntListEntry>
</AssgnmntPrefix>
</AssgnmntList>
<ObjMetaDataList/>
<MetaDataList/>
</TestCase>
<TestCase Comment="" Date="1706707433879" Name="randoop.RandoopTest0:test103">
<CovList>
<CovPrefix CovItemPrefix="counter_esempio.Counter.java">
<Cov CovItemId="B1" Value="1"/>
<Cov CovItemId="B2" Value="11"/>
<Cov CovItemId="S1" Value="1"/>
<Cov CovItemId="S2" Value="6"/>
<Cov CovItemId="S3" Value="12"/>
<Cov CovItemId="S4" Value="1"/>
<Cov CovItemId="S5" Value="11"/>
</CovPrefix>
</CovList>
<AssgnmntList>
<AssgnmntPrefix RootTermCovItemPrefix="counter_esempio.Counter.java">
<AssgnmntListEntry Length="2" RootTermCovItemId="C1">
<MapEntry BoolAssgnmnt="00" Value="11"/>
<MapEntry BoolAssgnmnt="01" Value="1"/>
</AssgnmntListEntry>
</AssgnmntPrefix>
</AssgnmntList>
<ObjMetaDataList/>
<MetaDataList/>
</TestCase>
<TestCase Comment="" Date="1706707433894" Name="randoop.RandoopTest0:test104">
<CovList>
<CovPrefix CovItemPrefix="counter_esempio.Counter.java">
<Cov CovItemId="B1" Value="1"/>
<Cov CovItemId="B2" Value="5"/>
<Cov CovItemId="S1" Value="1"/>
<Cov CovItemId="S2" Value="4"/>
<Cov CovItemId="S3" Value="6"/>
<Cov CovItemId="S4" Value="1"/>
<Cov CovItemId="S5" Value="5"/>
</CovPrefix>
</CovList>
<AssgnmntList>
<AssgnmntPrefix RootTermCovItemPrefix="counter_esempio.Counter.java">
<AssgnmntListEntry Length="2" RootTermCovItemId="C1">
<MapEntry BoolAssgnmnt="00" Value="5"/>
<MapEntry BoolAssgnmnt="01" Value="1"/>
</AssgnmntListEntry>
</AssgnmntPrefix>
</AssgnmntList>
<ObjMetaDataList/>
<MetaDataList/>
</TestCase>
<TestCase Comment="" Date="1706707433894" Name="randoop.RandoopTest0:test105">
<CovList>
<CovPrefix CovItemPrefix="counter_esempio.Counter.java">
<Cov CovItemId="B1" Value="1"/>
<Cov CovItemId="B2" Value="3"/>
<Cov CovItemId="S1" Value="1"/>
<Cov CovItemId="S2" Value="7"/>
<Cov CovItemId="S3" Value="4"/>
<Cov CovItemId="S4" Value="1"/>
<Cov CovItemId="S5" Value="3"/>
</CovPrefix>
</CovList>
<AssgnmntList>
<AssgnmntPrefix RootTermCovItemPrefix="counter_esempio.Counter.java">
<AssgnmntListEntry Length="2" RootTermCovItemId="C1">
<MapEntry BoolAssgnmnt="00" Value="3"/>
<MapEntry BoolAssgnmnt="01" Value="1"/>
</AssgnmntListEntry>
</AssgnmntPrefix>
</AssgnmntList>
<ObjMetaDataList/>
<MetaDataList/>
</TestCase>
<TestCase Comment="" Date="1706707433894" Name="randoop.RandoopTest0:test106">
<CovList>
<CovPrefix CovItemPrefix="counter_esempio.Counter.java">
<Cov CovItemId="B1" Value="1"/>
<Cov CovItemId="B2" Value="6"/>
<Cov CovItemId="S1" Value="1"/>
<Cov CovItemId="S2" Value="5"/>
<Cov CovItemId="S3" Value="7"/>
<Cov CovItemId="S4" Value="1"/>
<Cov CovItemId="S5" Value="6"/>
</CovPrefix>
</CovList>
<AssgnmntList>
<AssgnmntPrefix RootTermCovItemPrefix="counter_esempio.Counter.java">
<AssgnmntListEntry Length="2" RootTermCovItemId="C1">
<MapEntry BoolAssgnmnt="00" Value="6"/>
<MapEntry BoolAssgnmnt="01" Value="1"/>
</AssgnmntListEntry>
</AssgnmntPrefix>
</AssgnmntList>
<ObjMetaDataList/>
<MetaDataList/>
</TestCase>
<TestCase Comment="" Date="1706707433957" Name="randoop.RandoopTest0:test107">
<CovList>
<CovPrefix CovItemPrefix="counter_esempio.Counter.java">
<Cov CovItemId="B1" Value="1"/>
<Cov CovItemId="B2" Value="10"/>
<Cov CovItemId="S1" Value="1"/>
<Cov CovItemId="S2" Value="7"/>
<Cov CovItemId="S3" Value="11"/>
<Cov CovItemId="S4" Value="1"/>
<Cov CovItemId="S5" Value="10"/>
</CovPrefix>
</CovList>
<AssgnmntList>
<AssgnmntPrefix RootTermCovItemPrefix="counter_esempio.Counter.java">
<AssgnmntListEntry Length="2" RootTermCovItemId="C1">
<MapEntry BoolAssgnmnt="00" Value="10"/>
<MapEntry BoolAssgnmnt="01" Value="1"/>
</AssgnmntListEntry>
</AssgnmntPrefix>
</AssgnmntList>
<ObjMetaDataList/>
<MetaDataList/>
</TestCase>
<TestCase Comment="" Date="1706707433957" Name="randoop.RandoopTest0:test108">
<CovList>
<CovPrefix CovItemPrefix="counter_esempio.Counter.java">
<Cov CovItemId="B1" Value="1"/>
<Cov CovItemId="B2" Value="3"/>
<Cov CovItemId="S1" Value="1"/>
<Cov CovItemId="S2" Value="11"/>
<Cov CovItemId="S3" Value="4"/>
<Cov CovItemId="S4" Value="1"/>
<Cov CovItemId="S5" Value="3"/>
</CovPrefix>
</CovList>
<AssgnmntList>
<AssgnmntPrefix RootTermCovItemPrefix="counter_esempio.Counter.java">
<AssgnmntListEntry Length="2" RootTermCovItemId="C1">
<MapEntry BoolAssgnmnt="00" Value="3"/>
<MapEntry BoolAssgnmnt="01" Value="1"/>
</AssgnmntListEntry>
</AssgnmntPrefix>
</AssgnmntList>
<ObjMetaDataList/>
<MetaDataList/>
</TestCase>
<TestCase Comment="" Date="1706707433988" Name="randoop.RandoopTest0:test109">
<CovList>
<CovPrefix CovItemPrefix="counter_esempio.Counter.java">
<Cov CovItemId="B1" Value="1"/>
<Cov CovItemId="B2" Value="7"/>
<Cov CovItemId="S1" Value="1"/>
<Cov CovItemId="S2" Value="6"/>
<Cov CovItemId="S3" Value="8"/>
<Cov CovItemId="S4" Value="1"/>
<Cov CovItemId="S5" Value="7"/>
</CovPrefix>
</CovList>
<AssgnmntList>
<AssgnmntPrefix RootTermCovItemPrefix="counter_esempio.Counter.java">
<AssgnmntListEntry Length="2" RootTermCovItemId="C1">
<MapEntry BoolAssgnmnt="00" Value="7"/>
<MapEntry BoolAssgnmnt="01" Value="1"/>
</AssgnmntListEntry>
</AssgnmntPrefix>
</AssgnmntList>
<ObjMetaDataList/>
<MetaDataList/>
</TestCase>
<TestCase Comment="" Date="1706707434019" Name="randoop.RandoopTest0:test110">
<CovList>
<CovPrefix CovItemPrefix="counter_esempio.Counter.java">
<Cov CovItemId="B1" Value="1"/>
<Cov CovItemId="B2" Value="6"/>
<Cov CovItemId="S1" Value="1"/>
<Cov CovItemId="S2" Value="3"/>
<Cov CovItemId="S3" Value="7"/>
<Cov CovItemId="S4" Value="1"/>
<Cov CovItemId="S5" Value="6"/>
</CovPrefix>
</CovList>
<AssgnmntList>
<AssgnmntPrefix RootTermCovItemPrefix="counter_esempio.Counter.java">
<AssgnmntListEntry Length="2" RootTermCovItemId="C1">
<MapEntry BoolAssgnmnt="00" Value="6"/>
<MapEntry BoolAssgnmnt="01" Value="1"/>
</AssgnmntListEntry>
</AssgnmntPrefix>
</AssgnmntList>
<ObjMetaDataList/>
<MetaDataList/>
</TestCase>
<TestCase Comment="" Date="1706707434019" Name="randoop.RandoopTest0:test111">
<CovList>
<CovPrefix CovItemPrefix="counter_esempio.Counter.java">
<Cov CovItemId="B1" Value="1"/>
<Cov CovItemId="B2" Value="8"/>
<Cov CovItemId="S1" Value="1"/>
<Cov CovItemId="S2" Value="5"/>
<Cov CovItemId="S3" Value="9"/>
<Cov CovItemId="S4" Value="1"/>
<Cov CovItemId="S5" Value="8"/>
</CovPrefix>
</CovList>
<AssgnmntList>
<AssgnmntPrefix RootTermCovItemPrefix="counter_esempio.Counter.java">
<AssgnmntListEntry Length="2" RootTermCovItemId="C1">
<MapEntry BoolAssgnmnt="00" Value="8"/>
<MapEntry BoolAssgnmnt="01" Value="1"/>
</AssgnmntListEntry>
</AssgnmntPrefix>
</AssgnmntList>
<ObjMetaDataList/>
<MetaDataList/>
</TestCase>
<TestCase Comment="" Date="1706707434035" Name="randoop.RandoopTest0:test112">
<CovList>
<CovPrefix CovItemPrefix="counter_esempio.Counter.java">
<Cov CovItemId="B1" Value="1"/>
<Cov CovItemId="B2" Value="8"/>
<Cov CovItemId="S1" Value="1"/>
<Cov CovItemId="S2" Value="10"/>
<Cov CovItemId="S3" Value="9"/>
<Cov CovItemId="S4" Value="1"/>
<Cov CovItemId="S5" Value="8"/>
</CovPrefix>
</CovList>
<AssgnmntList>
<AssgnmntPrefix RootTermCovItemPrefix="counter_esempio.Counter.java">
<AssgnmntListEntry Length="2" RootTermCovItemId="C1">
<MapEntry BoolAssgnmnt="00" Value="8"/>
<MapEntry BoolAssgnmnt="01" Value="1"/>
</AssgnmntListEntry>
</AssgnmntPrefix>
</AssgnmntList>
<ObjMetaDataList/>
<MetaDataList/>
</TestCase>
<TestCase Comment="" Date="1706707434035" Name="randoop.RandoopTest0:test113">
<CovList>
<CovPrefix CovItemPrefix="counter_esempio.Counter.java">
<Cov CovItemId="B1" Value="1"/>
<Cov CovItemId="B2" Value="7"/>
<Cov CovItemId="S1" Value="1"/>
<Cov CovItemId="S2" Value="6"/>
<Cov CovItemId="S3" Value="8"/>
<Cov CovItemId="S4" Value="1"/>
<Cov CovItemId="S5" Value="7"/>
</CovPrefix>
</CovList>
<AssgnmntList>
<AssgnmntPrefix RootTermCovItemPrefix="counter_esempio.Counter.java">
<AssgnmntListEntry Length="2" RootTermCovItemId="C1">
<MapEntry BoolAssgnmnt="00" Value="7"/>
<MapEntry BoolAssgnmnt="01" Value="1"/>
</AssgnmntListEntry>
</AssgnmntPrefix>
</AssgnmntList>
<ObjMetaDataList/>
<MetaDataList/>
</TestCase>
<TestCase Comment="" Date="1706707434035" Name="randoop.RandoopTest0:test114">
<CovList>
<CovPrefix CovItemPrefix="counter_esempio.Counter.java">
<Cov CovItemId="B1" Value="1"/>
<Cov CovItemId="B2" Value="5"/>
<Cov CovItemId="S1" Value="1"/>
<Cov CovItemId="S2" Value="2"/>
<Cov CovItemId="S3" Value="6"/>
<Cov CovItemId="S4" Value="1"/>
<Cov CovItemId="S5" Value="5"/>
</CovPrefix>
</CovList>
<AssgnmntList>
<AssgnmntPrefix RootTermCovItemPrefix="counter_esempio.Counter.java">
<AssgnmntListEntry Length="2" RootTermCovItemId="C1">
<MapEntry BoolAssgnmnt="00" Value="5"/>
<MapEntry BoolAssgnmnt="01" Value="1"/>
</AssgnmntListEntry>
</AssgnmntPrefix>
</AssgnmntList>
<ObjMetaDataList/>
<MetaDataList/>
</TestCase>
<TestCase Comment="" Date="1706707434035" Name="randoop.RandoopTest0:test115">
<CovList>
<CovPrefix CovItemPrefix="counter_esempio.Counter.java">
<Cov CovItemId="B1" Value="1"/>
<Cov CovItemId="B2" Value="7"/>
<Cov CovItemId="S1" Value="1"/>
<Cov CovItemId="S2" Value="13"/>
<Cov CovItemId="S3" Value="8"/>
<Cov CovItemId="S4" Value="1"/>
<Cov CovItemId="S5" Value="7"/>
</CovPrefix>
</CovList>
<AssgnmntList>
<AssgnmntPrefix RootTermCovItemPrefix="counter_esempio.Counter.java">
<AssgnmntListEntry Length="2" RootTermCovItemId="C1">
<MapEntry BoolAssgnmnt="00" Value="7"/>
<MapEntry BoolAssgnmnt="01" Value="1"/>
</AssgnmntListEntry>
</AssgnmntPrefix>
</AssgnmntList>
<ObjMetaDataList/>
<MetaDataList/>
</TestCase>
<TestCase Comment="" Date="1706707434035" Name="randoop.RandoopTest0:test116">
<CovList>
<CovPrefix CovItemPrefix="counter_esempio.Counter.java">
<Cov CovItemId="B1" Value="1"/>
<Cov CovItemId="B2" Value="3"/>
<Cov CovItemId="S1" Value="1"/>
<Cov CovItemId="S2" Value="6"/>
<Cov CovItemId="S3" Value="4"/>
<Cov CovItemId="S4" Value="1"/>
<Cov CovItemId="S5" Value="3"/>
</CovPrefix>
</CovList>
<AssgnmntList>
<AssgnmntPrefix RootTermCovItemPrefix="counter_esempio.Counter.java">
<AssgnmntListEntry Length="2" RootTermCovItemId="C1">
<MapEntry BoolAssgnmnt="00" Value="3"/>
<MapEntry BoolAssgnmnt="01" Value="1"/>
</AssgnmntListEntry>
</AssgnmntPrefix>
</AssgnmntList>
<ObjMetaDataList/>
<MetaDataList/>
</TestCase>
<TestCase Comment="" Date="1706707434035" Name="randoop.RandoopTest0:test117">
<CovList>
<CovPrefix CovItemPrefix="counter_esempio.Counter.java">
<Cov CovItemId="B1" Value="1"/>
<Cov CovItemId="B2" Value="5"/>
<Cov CovItemId="S1" Value="1"/>
<Cov CovItemId="S2" Value="6"/>
<Cov CovItemId="S3" Value="6"/>
<Cov CovItemId="S4" Value="1"/>
<Cov CovItemId="S5" Value="5"/>
</CovPrefix>
</CovList>
<AssgnmntList>
<AssgnmntPrefix RootTermCovItemPrefix="counter_esempio.Counter.java">
<AssgnmntListEntry Length="2" RootTermCovItemId="C1">
<MapEntry BoolAssgnmnt="00" Value="5"/>
<MapEntry BoolAssgnmnt="01" Value="1"/>
</AssgnmntListEntry>
</AssgnmntPrefix>
</AssgnmntList>
<ObjMetaDataList/>
<MetaDataList/>
</TestCase>
<TestCase Comment="" Date="1706707434035" Name="randoop.RandoopTest0:test118">
<CovList>
<CovPrefix CovItemPrefix="counter_esempio.Counter.java">
<Cov CovItemId="B1" Value="1"/>
<Cov CovItemId="B2" Value="6"/>
<Cov CovItemId="S1" Value="1"/>
<Cov CovItemId="S2" Value="6"/>
<Cov CovItemId="S3" Value="7"/>
<Cov CovItemId="S4" Value="1"/>
<Cov CovItemId="S5" Value="6"/>
</CovPrefix>
</CovList>
<AssgnmntList>
<AssgnmntPrefix RootTermCovItemPrefix="counter_esempio.Counter.java">
<AssgnmntListEntry Length="2" RootTermCovItemId="C1">
<MapEntry BoolAssgnmnt="00" Value="6"/>
<MapEntry BoolAssgnmnt="01" Value="1"/>
</AssgnmntListEntry>
</AssgnmntPrefix>
</AssgnmntList>
<ObjMetaDataList/>
<MetaDataList/>
</TestCase>
<TestCase Comment="" Date="1706707434035" Name="randoop.RandoopTest0:test119">
<CovList>
<CovPrefix CovItemPrefix="counter_esempio.Counter.java">
<Cov CovItemId="B1" Value="1"/>
<Cov CovItemId="B2" Value="5"/>
<Cov CovItemId="S1" Value="1"/>
<Cov CovItemId="S2" Value="6"/>
<Cov CovItemId="S3" Value="6"/>
<Cov CovItemId="S4" Value="1"/>
<Cov CovItemId="S5" Value="5"/>
</CovPrefix>
</CovList>
<AssgnmntList>
<AssgnmntPrefix RootTermCovItemPrefix="counter_esempio.Counter.java">
<AssgnmntListEntry Length="2" RootTermCovItemId="C1">
<MapEntry BoolAssgnmnt="00" Value="5"/>
<MapEntry BoolAssgnmnt="01" Value="1"/>
</AssgnmntListEntry>
</AssgnmntPrefix>
</AssgnmntList>
<ObjMetaDataList/>
<MetaDataList/>
</TestCase>
<TestCase Comment="" Date="1706707434035" Name="randoop.RandoopTest0:test120">
<CovList>
<CovPrefix CovItemPrefix="counter_esempio.Counter.java">
<Cov CovItemId="B1" Value="1"/>
<Cov CovItemId="B2" Value="4"/>
<Cov CovItemId="S1" Value="1"/>
<Cov CovItemId="S2" Value="8"/>
<Cov CovItemId="S3" Value="5"/>
<Cov CovItemId="S4" Value="1"/>
<Cov CovItemId="S5" Value="4"/>
</CovPrefix>
</CovList>
<AssgnmntList>
<AssgnmntPrefix RootTermCovItemPrefix="counter_esempio.Counter.java">
<AssgnmntListEntry Length="2" RootTermCovItemId="C1">
<MapEntry BoolAssgnmnt="00" Value="4"/>
<MapEntry BoolAssgnmnt="01" Value="1"/>
</AssgnmntListEntry>
</AssgnmntPrefix>
</AssgnmntList>
<ObjMetaDataList/>
<MetaDataList/>
</TestCase>
<TestCase Comment="" Date="1706707434035" Name="randoop.RandoopTest0:test121">
<CovList>
<CovPrefix CovItemPrefix="counter_esempio.Counter.java">
<Cov CovItemId="B1" Value="1"/>
<Cov CovItemId="B2" Value="5"/>
<Cov CovItemId="S1" Value="1"/>
<Cov CovItemId="S2" Value="8"/>
<Cov CovItemId="S3" Value="6"/>
<Cov CovItemId="S4" Value="1"/>
<Cov CovItemId="S5" Value="5"/>
</CovPrefix>
</CovList>
<AssgnmntList>
<AssgnmntPrefix RootTermCovItemPrefix="counter_esempio.Counter.java">
<AssgnmntListEntry Length="2" RootTermCovItemId="C1">
<MapEntry BoolAssgnmnt="00" Value="5"/>
<MapEntry BoolAssgnmnt="01" Value="1"/>
</AssgnmntListEntry>
</AssgnmntPrefix>
</AssgnmntList>
<ObjMetaDataList/>
<MetaDataList/>
</TestCase>
<TestCase Comment="" Date="1706707434050" Name="randoop.RandoopTest0:test122">
<CovList>
<CovPrefix CovItemPrefix="counter_esempio.Counter.java">
<Cov CovItemId="B1" Value="1"/>
<Cov CovItemId="B2" Value="8"/>
<Cov CovItemId="S1" Value="1"/>
<Cov CovItemId="S2" Value="6"/>
<Cov CovItemId="S3" Value="9"/>
<Cov CovItemId="S4" Value="1"/>
<Cov CovItemId="S5" Value="8"/>
</CovPrefix>
</CovList>
<AssgnmntList>
<AssgnmntPrefix RootTermCovItemPrefix="counter_esempio.Counter.java">
<AssgnmntListEntry Length="2" RootTermCovItemId="C1">
<MapEntry BoolAssgnmnt="00" Value="8"/>
<MapEntry BoolAssgnmnt="01" Value="1"/>
</AssgnmntListEntry>
</AssgnmntPrefix>
</AssgnmntList>
<ObjMetaDataList/>
<MetaDataList/>
</TestCase>
<TestCase Comment="" Date="1706707434066" Name="randoop.RandoopTest0:test123">
<CovList>
<CovPrefix CovItemPrefix="counter_esempio.Counter.java">
<Cov CovItemId="B1" Value="1"/>
<Cov CovItemId="B2" Value="7"/>
<Cov CovItemId="S1" Value="1"/>
<Cov CovItemId="S2" Value="7"/>
<Cov CovItemId="S3" Value="8"/>
<Cov CovItemId="S4" Value="1"/>
<Cov CovItemId="S5" Value="7"/>
</CovPrefix>
</CovList>
<AssgnmntList>
<AssgnmntPrefix RootTermCovItemPrefix="counter_esempio.Counter.java">
<AssgnmntListEntry Length="2" RootTermCovItemId="C1">
<MapEntry BoolAssgnmnt="00" Value="7"/>
<MapEntry BoolAssgnmnt="01" Value="1"/>
</AssgnmntListEntry>
</AssgnmntPrefix>
</AssgnmntList>
<ObjMetaDataList/>
<MetaDataList/>
</TestCase>
<TestCase Comment="" Date="1706707434066" Name="randoop.RandoopTest0:test124">
<CovList>
<CovPrefix CovItemPrefix="counter_esempio.Counter.java">
<Cov CovItemId="B1" Value="1"/>
<Cov CovItemId="B2" Value="12"/>
<Cov CovItemId="S1" Value="1"/>
<Cov CovItemId="S2" Value="7"/>
<Cov CovItemId="S3" Value="13"/>
<Cov CovItemId="S4" Value="1"/>
<Cov CovItemId="S5" Value="12"/>
</CovPrefix>
</CovList>
<AssgnmntList>
<AssgnmntPrefix RootTermCovItemPrefix="counter_esempio.Counter.java">
<AssgnmntListEntry Length="2" RootTermCovItemId="C1">
<MapEntry BoolAssgnmnt="00" Value="12"/>
<MapEntry BoolAssgnmnt="01" Value="1"/>
</AssgnmntListEntry>
</AssgnmntPrefix>
</AssgnmntList>
<ObjMetaDataList/>
<MetaDataList/>
</TestCase>
<TestCase Comment="" Date="1706707434066" Name="randoop.RandoopTest0:test125">
<CovList>
<CovPrefix CovItemPrefix="counter_esempio.Counter.java">
<Cov CovItemId="B1" Value="1"/>
<Cov CovItemId="B2" Value="7"/>
<Cov CovItemId="S1" Value="1"/>
<Cov CovItemId="S2" Value="6"/>
<Cov CovItemId="S3" Value="8"/>
<Cov CovItemId="S4" Value="1"/>
<Cov CovItemId="S5" Value="7"/>
</CovPrefix>
</CovList>
<AssgnmntList>
<AssgnmntPrefix RootTermCovItemPrefix="counter_esempio.Counter.java">
<AssgnmntListEntry Length="2" RootTermCovItemId="C1">
<MapEntry BoolAssgnmnt="00" Value="7"/>
<MapEntry BoolAssgnmnt="01" Value="1"/>
</AssgnmntListEntry>
</AssgnmntPrefix>
</AssgnmntList>
<ObjMetaDataList/>
<MetaDataList/>
</TestCase>
<TestCase Comment="" Date="1706707434066" Name="randoop.RandoopTest0:test126">
<CovList>
<CovPrefix CovItemPrefix="counter_esempio.Counter.java">
<Cov CovItemId="B1" Value="1"/>
<Cov CovItemId="B2" Value="8"/>
<Cov CovItemId="S1" Value="1"/>
<Cov CovItemId="S2" Value="1"/>
<Cov CovItemId="S3" Value="9"/>
<Cov CovItemId="S4" Value="1"/>
<Cov CovItemId="S5" Value="8"/>
</CovPrefix>
</CovList>
<AssgnmntList>
<AssgnmntPrefix RootTermCovItemPrefix="counter_esempio.Counter.java">
<AssgnmntListEntry Length="2" RootTermCovItemId="C1">
<MapEntry BoolAssgnmnt="00" Value="8"/>
<MapEntry BoolAssgnmnt="01" Value="1"/>
</AssgnmntListEntry>
</AssgnmntPrefix>
</AssgnmntList>
<ObjMetaDataList/>
<MetaDataList/>
</TestCase>
<TestCase Comment="" Date="1706707434097" Name="randoop.RandoopTest0:test127">
<CovList>
<CovPrefix CovItemPrefix="counter_esempio.Counter.java">
<Cov CovItemId="B1" Value="1"/>
<Cov CovItemId="B2" Value="5"/>
<Cov CovItemId="S1" Value="1"/>
<Cov CovItemId="S2" Value="12"/>
<Cov CovItemId="S3" Value="6"/>
<Cov CovItemId="S4" Value="1"/>
<Cov CovItemId="S5" Value="5"/>
</CovPrefix>
</CovList>
<AssgnmntList>
<AssgnmntPrefix RootTermCovItemPrefix="counter_esempio.Counter.java">
<AssgnmntListEntry Length="2" RootTermCovItemId="C1">
<MapEntry BoolAssgnmnt="00" Value="5"/>
<MapEntry BoolAssgnmnt="01" Value="1"/>
</AssgnmntListEntry>
</AssgnmntPrefix>
</AssgnmntList>
<ObjMetaDataList/>
<MetaDataList/>
</TestCase>
<TestCase Comment="" Date="1706707434097" Name="randoop.RandoopTest0:test128">
<CovList>
<CovPrefix CovItemPrefix="counter_esempio.Counter.java">
<Cov CovItemId="B1" Value="1"/>
<Cov CovItemId="B2" Value="7"/>
<Cov CovItemId="S1" Value="1"/>
<Cov CovItemId="S2" Value="8"/>
<Cov CovItemId="S3" Value="8"/>
<Cov CovItemId="S4" Value="1"/>
<Cov CovItemId="S5" Value="7"/>
</CovPrefix>
</CovList>
<AssgnmntList>
<AssgnmntPrefix RootTermCovItemPrefix="counter_esempio.Counter.java">
<AssgnmntListEntry Length="2" RootTermCovItemId="C1">
<MapEntry BoolAssgnmnt="00" Value="7"/>
<MapEntry BoolAssgnmnt="01" Value="1"/>
</AssgnmntListEntry>
</AssgnmntPrefix>
</AssgnmntList>
<ObjMetaDataList/>
<MetaDataList/>
</TestCase>
<TestCase Comment="" Date="1706707434097" Name="randoop.RandoopTest0:test129">
<CovList>
<CovPrefix CovItemPrefix="counter_esempio.Counter.java">
<Cov CovItemId="B1" Value="1"/>
<Cov CovItemId="B2" Value="7"/>
<Cov CovItemId="S1" Value="1"/>
<Cov CovItemId="S2" Value="9"/>
<Cov CovItemId="S3" Value="8"/>
<Cov CovItemId="S4" Value="1"/>
<Cov CovItemId="S5" Value="7"/>
</CovPrefix>
</CovList>
<AssgnmntList>
<AssgnmntPrefix RootTermCovItemPrefix="counter_esempio.Counter.java">
<AssgnmntListEntry Length="2" RootTermCovItemId="C1">
<MapEntry BoolAssgnmnt="00" Value="7"/>
<MapEntry BoolAssgnmnt="01" Value="1"/>
</AssgnmntListEntry>
</AssgnmntPrefix>
</AssgnmntList>
<ObjMetaDataList/>
<MetaDataList/>
</TestCase>
<TestCase Comment="" Date="1706707434113" Name="randoop.RandoopTest0:test130">
<CovList>
<CovPrefix CovItemPrefix="counter_esempio.Counter.java">
<Cov CovItemId="B1" Value="1"/>
<Cov CovItemId="B2" Value="7"/>
<Cov CovItemId="S1" Value="1"/>
<Cov CovItemId="S2" Value="4"/>
<Cov CovItemId="S3" Value="8"/>
<Cov CovItemId="S4" Value="1"/>
<Cov CovItemId="S5" Value="7"/>
</CovPrefix>
</CovList>
<AssgnmntList>
<AssgnmntPrefix RootTermCovItemPrefix="counter_esempio.Counter.java">
<AssgnmntListEntry Length="2" RootTermCovItemId="C1">
<MapEntry BoolAssgnmnt="00" Value="7"/>
<MapEntry BoolAssgnmnt="01" Value="1"/>
</AssgnmntListEntry>
</AssgnmntPrefix>
</AssgnmntList>
<ObjMetaDataList/>
<MetaDataList/>
</TestCase>
<TestCase Comment="" Date="1706707434113" Name="randoop.RandoopTest0:test131">
<CovList>
<CovPrefix CovItemPrefix="counter_esempio.Counter.java">
<Cov CovItemId="B1" Value="1"/>
<Cov CovItemId="B2" Value="5"/>
<Cov CovItemId="S1" Value="1"/>
<Cov CovItemId="S2" Value="4"/>
<Cov CovItemId="S3" Value="6"/>
<Cov CovItemId="S4" Value="1"/>
<Cov CovItemId="S5" Value="5"/>
</CovPrefix>
</CovList>
<AssgnmntList>
<AssgnmntPrefix RootTermCovItemPrefix="counter_esempio.Counter.java">
<AssgnmntListEntry Length="2" RootTermCovItemId="C1">
<MapEntry BoolAssgnmnt="00" Value="5"/>
<MapEntry BoolAssgnmnt="01" Value="1"/>
</AssgnmntListEntry>
</AssgnmntPrefix>
</AssgnmntList>
<ObjMetaDataList/>
<MetaDataList/>
</TestCase>
<TestCase Comment="" Date="1706707434113" Name="randoop.RandoopTest0:test132">
<CovList>
<CovPrefix CovItemPrefix="counter_esempio.Counter.java">
<Cov CovItemId="B1" Value="1"/>
<Cov CovItemId="B2" Value="4"/>
<Cov CovItemId="S1" Value="1"/>
<Cov CovItemId="S2" Value="5"/>
<Cov CovItemId="S3" Value="5"/>
<Cov CovItemId="S4" Value="1"/>
<Cov CovItemId="S5" Value="4"/>
</CovPrefix>
</CovList>
<AssgnmntList>
<AssgnmntPrefix RootTermCovItemPrefix="counter_esempio.Counter.java">
<AssgnmntListEntry Length="2" RootTermCovItemId="C1">
<MapEntry BoolAssgnmnt="00" Value="4"/>
<MapEntry BoolAssgnmnt="01" Value="1"/>
</AssgnmntListEntry>
</AssgnmntPrefix>
</AssgnmntList>
<ObjMetaDataList/>
<MetaDataList/>
</TestCase>
<TestCase Comment="" Date="1706707434113" Name="randoop.RandoopTest0:test133">
<CovList>
<CovPrefix CovItemPrefix="counter_esempio.Counter.java">
<Cov CovItemId="B1" Value="1"/>
<Cov CovItemId="B2" Value="8"/>
<Cov CovItemId="S1" Value="1"/>
<Cov CovItemId="S2" Value="4"/>
<Cov CovItemId="S3" Value="9"/>
<Cov CovItemId="S4" Value="1"/>
<Cov CovItemId="S5" Value="8"/>
</CovPrefix>
</CovList>
<AssgnmntList>
<AssgnmntPrefix RootTermCovItemPrefix="counter_esempio.Counter.java">
<AssgnmntListEntry Length="2" RootTermCovItemId="C1">
<MapEntry BoolAssgnmnt="00" Value="8"/>
<MapEntry BoolAssgnmnt="01" Value="1"/>
</AssgnmntListEntry>
</AssgnmntPrefix>
</AssgnmntList>
<ObjMetaDataList/>
<MetaDataList/>
</TestCase>
<TestCase Comment="" Date="1706707434113" Name="randoop.RandoopTest0:test134">
<CovList>
<CovPrefix CovItemPrefix="counter_esempio.Counter.java">
<Cov CovItemId="B1" Value="1"/>
<Cov CovItemId="B2" Value="10"/>
<Cov CovItemId="S1" Value="1"/>
<Cov CovItemId="S2" Value="7"/>
<Cov CovItemId="S3" Value="11"/>
<Cov CovItemId="S4" Value="1"/>
<Cov CovItemId="S5" Value="10"/>
</CovPrefix>
</CovList>
<AssgnmntList>
<AssgnmntPrefix RootTermCovItemPrefix="counter_esempio.Counter.java">
<AssgnmntListEntry Length="2" RootTermCovItemId="C1">
<MapEntry BoolAssgnmnt="00" Value="10"/>
<MapEntry BoolAssgnmnt="01" Value="1"/>
</AssgnmntListEntry>
</AssgnmntPrefix>
</AssgnmntList>
<ObjMetaDataList/>
<MetaDataList/>
</TestCase>
<TestCase Comment="" Date="1706707434113" Name="randoop.RandoopTest0:test135">
<CovList>
<CovPrefix CovItemPrefix="counter_esempio.Counter.java">
<Cov CovItemId="B1" Value="1"/>
<Cov CovItemId="B2" Value="5"/>
<Cov CovItemId="S1" Value="1"/>
<Cov CovItemId="S2" Value="6"/>
<Cov CovItemId="S3" Value="6"/>
<Cov CovItemId="S4" Value="1"/>
<Cov CovItemId="S5" Value="5"/>
</CovPrefix>
</CovList>
<AssgnmntList>
<AssgnmntPrefix RootTermCovItemPrefix="counter_esempio.Counter.java">
<AssgnmntListEntry Length="2" RootTermCovItemId="C1">
<MapEntry BoolAssgnmnt="00" Value="5"/>
<MapEntry BoolAssgnmnt="01" Value="1"/>
</AssgnmntListEntry>
</AssgnmntPrefix>
</AssgnmntList>
<ObjMetaDataList/>
<MetaDataList/>
</TestCase>
<TestCase Comment="" Date="1706707434113" Name="randoop.RandoopTest0:test136">
<CovList>
<CovPrefix CovItemPrefix="counter_esempio.Counter.java">
<Cov CovItemId="B1" Value="1"/>
<Cov CovItemId="B2" Value="11"/>
<Cov CovItemId="S1" Value="1"/>
<Cov CovItemId="S2" Value="8"/>
<Cov CovItemId="S3" Value="12"/>
<Cov CovItemId="S4" Value="1"/>
<Cov CovItemId="S5" Value="11"/>
</CovPrefix>
</CovList>
<AssgnmntList>
<AssgnmntPrefix RootTermCovItemPrefix="counter_esempio.Counter.java">
<AssgnmntListEntry Length="2" RootTermCovItemId="C1">
<MapEntry BoolAssgnmnt="00" Value="11"/>
<MapEntry BoolAssgnmnt="01" Value="1"/>
</AssgnmntListEntry>
</AssgnmntPrefix>
</AssgnmntList>
<ObjMetaDataList/>
<MetaDataList/>
</TestCase>
<TestCase Comment="" Date="1706707434113" Name="randoop.RandoopTest0:test137">
<CovList>
<CovPrefix CovItemPrefix="counter_esempio.Counter.java">
<Cov CovItemId="B1" Value="1"/>
<Cov CovItemId="B2" Value="3"/>
<Cov CovItemId="S1" Value="1"/>
<Cov CovItemId="S2" Value="9"/>
<Cov CovItemId="S3" Value="4"/>
<Cov CovItemId="S4" Value="1"/>
<Cov CovItemId="S5" Value="3"/>
</CovPrefix>
</CovList>
<AssgnmntList>
<AssgnmntPrefix RootTermCovItemPrefix="counter_esempio.Counter.java">
<AssgnmntListEntry Length="2" RootTermCovItemId="C1">
<MapEntry BoolAssgnmnt="00" Value="3"/>
<MapEntry BoolAssgnmnt="01" Value="1"/>
</AssgnmntListEntry>
</AssgnmntPrefix>
</AssgnmntList>
<ObjMetaDataList/>
<MetaDataList/>
</TestCase>
<TestCase Comment="" Date="1706707434113" Name="randoop.RandoopTest0:test138">
<CovList>
<CovPrefix CovItemPrefix="counter_esempio.Counter.java">
<Cov CovItemId="B1" Value="1"/>
<Cov CovItemId="B2" Value="3"/>
<Cov CovItemId="S1" Value="1"/>
<Cov CovItemId="S2" Value="6"/>
<Cov CovItemId="S3" Value="4"/>
<Cov CovItemId="S4" Value="1"/>
<Cov CovItemId="S5" Value="3"/>
</CovPrefix>
</CovList>
<AssgnmntList>
<AssgnmntPrefix RootTermCovItemPrefix="counter_esempio.Counter.java">
<AssgnmntListEntry Length="2" RootTermCovItemId="C1">
<MapEntry BoolAssgnmnt="00" Value="3"/>
<MapEntry BoolAssgnmnt="01" Value="1"/>
</AssgnmntListEntry>
</AssgnmntPrefix>
</AssgnmntList>
<ObjMetaDataList/>
<MetaDataList/>
</TestCase>
<TestCase Comment="" Date="1706707434113" Name="randoop.RandoopTest0:test139">
<CovList>
<CovPrefix CovItemPrefix="counter_esempio.Counter.java">
<Cov CovItemId="B1" Value="1"/>
<Cov CovItemId="B2" Value="4"/>
<Cov CovItemId="S1" Value="1"/>
<Cov CovItemId="S2" Value="2"/>
<Cov CovItemId="S3" Value="5"/>
<Cov CovItemId="S4" Value="1"/>
<Cov CovItemId="S5" Value="4"/>
</CovPrefix>
</CovList>
<AssgnmntList>
<AssgnmntPrefix RootTermCovItemPrefix="counter_esempio.Counter.java">
<AssgnmntListEntry Length="2" RootTermCovItemId="C1">
<MapEntry BoolAssgnmnt="00" Value="4"/>
<MapEntry BoolAssgnmnt="01" Value="1"/>
</AssgnmntListEntry>
</AssgnmntPrefix>
</AssgnmntList>
<ObjMetaDataList/>
<MetaDataList/>
</TestCase>
<TestCase Comment="" Date="1706707434113" Name="randoop.RandoopTest0:test140">
<CovList>
<CovPrefix CovItemPrefix="counter_esempio.Counter.java">
<Cov CovItemId="B1" Value="1"/>
<Cov CovItemId="B2" Value="3"/>
<Cov CovItemId="S1" Value="1"/>
<Cov CovItemId="S2" Value="10"/>
<Cov CovItemId="S3" Value="4"/>
<Cov CovItemId="S4" Value="1"/>
<Cov CovItemId="S5" Value="3"/>
</CovPrefix>
</CovList>
<AssgnmntList>
<AssgnmntPrefix RootTermCovItemPrefix="counter_esempio.Counter.java">
<AssgnmntListEntry Length="2" RootTermCovItemId="C1">
<MapEntry BoolAssgnmnt="00" Value="3"/>
<MapEntry BoolAssgnmnt="01" Value="1"/>
</AssgnmntListEntry>
</AssgnmntPrefix>
</AssgnmntList>
<ObjMetaDataList/>
<MetaDataList/>
</TestCase>
<TestCase Comment="" Date="1706707434128" Name="randoop.RandoopTest0:test141">
<CovList>
<CovPrefix CovItemPrefix="counter_esempio.Counter.java">
<Cov CovItemId="B1" Value="1"/>
<Cov CovItemId="B2" Value="7"/>
<Cov CovItemId="S1" Value="1"/>
<Cov CovItemId="S2" Value="6"/>
<Cov CovItemId="S3" Value="8"/>
<Cov CovItemId="S4" Value="1"/>
<Cov CovItemId="S5" Value="7"/>
</CovPrefix>
</CovList>
<AssgnmntList>
<AssgnmntPrefix RootTermCovItemPrefix="counter_esempio.Counter.java">
<AssgnmntListEntry Length="2" RootTermCovItemId="C1">
<MapEntry BoolAssgnmnt="00" Value="7"/>
<MapEntry BoolAssgnmnt="01" Value="1"/>
</AssgnmntListEntry>
</AssgnmntPrefix>
</AssgnmntList>
<ObjMetaDataList/>
<MetaDataList/>
</TestCase>
<TestCase Comment="" Date="1706707434128" Name="randoop.RandoopTest0:test142">
<CovList>
<CovPrefix CovItemPrefix="counter_esempio.Counter.java">
<Cov CovItemId="B1" Value="1"/>
<Cov CovItemId="B2" Value="3"/>
<Cov CovItemId="S1" Value="1"/>
<Cov CovItemId="S2" Value="12"/>
<Cov CovItemId="S3" Value="4"/>
<Cov CovItemId="S4" Value="1"/>
<Cov CovItemId="S5" Value="3"/>
</CovPrefix>
</CovList>
<AssgnmntList>
<AssgnmntPrefix RootTermCovItemPrefix="counter_esempio.Counter.java">
<AssgnmntListEntry Length="2" RootTermCovItemId="C1">
<MapEntry BoolAssgnmnt="00" Value="3"/>
<MapEntry BoolAssgnmnt="01" Value="1"/>
</AssgnmntListEntry>
</AssgnmntPrefix>
</AssgnmntList>
<ObjMetaDataList/>
<MetaDataList/>
</TestCase>
<TestCase Comment="" Date="1706707434128" Name="randoop.RandoopTest0:test143">
<CovList>
<CovPrefix CovItemPrefix="counter_esempio.Counter.java">
<Cov CovItemId="B1" Value="1"/>
<Cov CovItemId="B2" Value="3"/>
<Cov CovItemId="S1" Value="1"/>
<Cov CovItemId="S2" Value="12"/>
<Cov CovItemId="S3" Value="4"/>
<Cov CovItemId="S4" Value="1"/>
<Cov CovItemId="S5" Value="3"/>
</CovPrefix>
</CovList>
<AssgnmntList>
<AssgnmntPrefix RootTermCovItemPrefix="counter_esempio.Counter.java">
<AssgnmntListEntry Length="2" RootTermCovItemId="C1">
<MapEntry BoolAssgnmnt="00" Value="3"/>
<MapEntry BoolAssgnmnt="01" Value="1"/>
</AssgnmntListEntry>
</AssgnmntPrefix>
</AssgnmntList>
<ObjMetaDataList/>
<MetaDataList/>
</TestCase>
<TestCase Comment="" Date="1706707434128" Name="randoop.RandoopTest0:test144">
<CovList>
<CovPrefix CovItemPrefix="counter_esempio.Counter.java">
<Cov CovItemId="B1" Value="1"/>
<Cov CovItemId="B2" Value="6"/>
<Cov CovItemId="S1" Value="1"/>
<Cov CovItemId="S2" Value="10"/>
<Cov CovItemId="S3" Value="7"/>
<Cov CovItemId="S4" Value="1"/>
<Cov CovItemId="S5" Value="6"/>
</CovPrefix>
</CovList>
<AssgnmntList>
<AssgnmntPrefix RootTermCovItemPrefix="counter_esempio.Counter.java">
<AssgnmntListEntry Length="2" RootTermCovItemId="C1">
<MapEntry BoolAssgnmnt="00" Value="6"/>
<MapEntry BoolAssgnmnt="01" Value="1"/>
</AssgnmntListEntry>
</AssgnmntPrefix>
</AssgnmntList>
<ObjMetaDataList/>
<MetaDataList/>
</TestCase>
<TestCase Comment="" Date="1706707434128" Name="randoop.RandoopTest0:test145">
<CovList>
<CovPrefix CovItemPrefix="counter_esempio.Counter.java">
<Cov CovItemId="B1" Value="1"/>
<Cov CovItemId="B2" Value="3"/>
<Cov CovItemId="S1" Value="1"/>
<Cov CovItemId="S2" Value="3"/>
<Cov CovItemId="S3" Value="4"/>
<Cov CovItemId="S4" Value="1"/>
<Cov CovItemId="S5" Value="3"/>
</CovPrefix>
</CovList>
<AssgnmntList>
<AssgnmntPrefix RootTermCovItemPrefix="counter_esempio.Counter.java">
<AssgnmntListEntry Length="2" RootTermCovItemId="C1">
<MapEntry BoolAssgnmnt="00" Value="3"/>
<MapEntry BoolAssgnmnt="01" Value="1"/>
</AssgnmntListEntry>
</AssgnmntPrefix>
</AssgnmntList>
<ObjMetaDataList/>
<MetaDataList/>
</TestCase>
<TestCase Comment="" Date="1706707434128" Name="randoop.RandoopTest0:test146">
<CovList>
<CovPrefix CovItemPrefix="counter_esempio.Counter.java">
<Cov CovItemId="B1" Value="1"/>
<Cov CovItemId="B2" Value="6"/>
<Cov CovItemId="S1" Value="1"/>
<Cov CovItemId="S2" Value="6"/>
<Cov CovItemId="S3" Value="7"/>
<Cov CovItemId="S4" Value="1"/>
<Cov CovItemId="S5" Value="6"/>
</CovPrefix>
</CovList>
<AssgnmntList>
<AssgnmntPrefix RootTermCovItemPrefix="counter_esempio.Counter.java">
<AssgnmntListEntry Length="2" RootTermCovItemId="C1">
<MapEntry BoolAssgnmnt="00" Value="6"/>
<MapEntry BoolAssgnmnt="01" Value="1"/>
</AssgnmntListEntry>
</AssgnmntPrefix>
</AssgnmntList>
<ObjMetaDataList/>
<MetaDataList/>
</TestCase>
<TestCase Comment="" Date="1706707434128" Name="randoop.RandoopTest0:test147">
<CovList>
<CovPrefix CovItemPrefix="counter_esempio.Counter.java">
<Cov CovItemId="B1" Value="1"/>
<Cov CovItemId="B2" Value="10"/>
<Cov CovItemId="S1" Value="1"/>
<Cov CovItemId="S2" Value="6"/>
<Cov CovItemId="S3" Value="11"/>
<Cov CovItemId="S4" Value="1"/>
<Cov CovItemId="S5" Value="10"/>
</CovPrefix>
</CovList>
<AssgnmntList>
<AssgnmntPrefix RootTermCovItemPrefix="counter_esempio.Counter.java">
<AssgnmntListEntry Length="2" RootTermCovItemId="C1">
<MapEntry BoolAssgnmnt="00" Value="10"/>
<MapEntry BoolAssgnmnt="01" Value="1"/>
</AssgnmntListEntry>
</AssgnmntPrefix>
</AssgnmntList>
<ObjMetaDataList/>
<MetaDataList/>
</TestCase>
<TestCase Comment="" Date="1706707434144" Name="randoop.RandoopTest0:test148">
<CovList>
<CovPrefix CovItemPrefix="counter_esempio.Counter.java">
<Cov CovItemId="B1" Value="1"/>
<Cov CovItemId="B2" Value="8"/>
<Cov CovItemId="S1" Value="1"/>
<Cov CovItemId="S2" Value="9"/>
<Cov CovItemId="S3" Value="9"/>
<Cov CovItemId="S4" Value="1"/>
<Cov CovItemId="S5" Value="8"/>
</CovPrefix>
</CovList>
<AssgnmntList>
<AssgnmntPrefix RootTermCovItemPrefix="counter_esempio.Counter.java">
<AssgnmntListEntry Length="2" RootTermCovItemId="C1">
<MapEntry BoolAssgnmnt="00" Value="8"/>
<MapEntry BoolAssgnmnt="01" Value="1"/>
</AssgnmntListEntry>
</AssgnmntPrefix>
</AssgnmntList>
<ObjMetaDataList/>
<MetaDataList/>
</TestCase>
<TestCase Comment="" Date="1706707434144" Name="randoop.RandoopTest0:test149">
<CovList>
<CovPrefix CovItemPrefix="counter_esempio.Counter.java">
<Cov CovItemId="B1" Value="1"/>
<Cov CovItemId="B2" Value="9"/>
<Cov CovItemId="S1" Value="1"/>
<Cov CovItemId="S2" Value="8"/>
<Cov CovItemId="S3" Value="10"/>
<Cov CovItemId="S4" Value="1"/>
<Cov CovItemId="S5" Value="9"/>
</CovPrefix>
</CovList>
<AssgnmntList>
<AssgnmntPrefix RootTermCovItemPrefix="counter_esempio.Counter.java">
<AssgnmntListEntry Length="2" RootTermCovItemId="C1">
<MapEntry BoolAssgnmnt="00" Value="9"/>
<MapEntry BoolAssgnmnt="01" Value="1"/>
</AssgnmntListEntry>
</AssgnmntPrefix>
</AssgnmntList>
<ObjMetaDataList/>
<MetaDataList/>
</TestCase>
<TestCase Comment="" Date="1706707434160" Name="randoop.RandoopTest0:test150">
<CovList>
<CovPrefix CovItemPrefix="counter_esempio.Counter.java">
<Cov CovItemId="B1" Value="1"/>
<Cov CovItemId="B2" Value="6"/>
<Cov CovItemId="S1" Value="1"/>
<Cov CovItemId="S2" Value="5"/>
<Cov CovItemId="S3" Value="7"/>
<Cov CovItemId="S4" Value="1"/>
<Cov CovItemId="S5" Value="6"/>
</CovPrefix>
</CovList>
<AssgnmntList>
<AssgnmntPrefix RootTermCovItemPrefix="counter_esempio.Counter.java">
<AssgnmntListEntry Length="2" RootTermCovItemId="C1">
<MapEntry BoolAssgnmnt="00" Value="6"/>
<MapEntry BoolAssgnmnt="01" Value="1"/>
</AssgnmntListEntry>
</AssgnmntPrefix>
</AssgnmntList>
<ObjMetaDataList/>
<MetaDataList/>
</TestCase>
<TestCase Comment="" Date="1706707434175" Name="randoop.RandoopTest0:test151">
<CovList>
<CovPrefix CovItemPrefix="counter_esempio.Counter.java">
<Cov CovItemId="B1" Value="1"/>
<Cov CovItemId="B2" Value="4"/>
<Cov CovItemId="S1" Value="1"/>
<Cov CovItemId="S2" Value="8"/>
<Cov CovItemId="S3" Value="5"/>
<Cov CovItemId="S4" Value="1"/>
<Cov CovItemId="S5" Value="4"/>
</CovPrefix>
</CovList>
<AssgnmntList>
<AssgnmntPrefix RootTermCovItemPrefix="counter_esempio.Counter.java">
<AssgnmntListEntry Length="2" RootTermCovItemId="C1">
<MapEntry BoolAssgnmnt="00" Value="4"/>
<MapEntry BoolAssgnmnt="01" Value="1"/>
</AssgnmntListEntry>
</AssgnmntPrefix>
</AssgnmntList>
<ObjMetaDataList/>
<MetaDataList/>
</TestCase>
<TestCase Comment="" Date="1706707434175" Name="randoop.RandoopTest0:test152">
<CovList>
<CovPrefix CovItemPrefix="counter_esempio.Counter.java">
<Cov CovItemId="B1" Value="1"/>
<Cov CovItemId="B2" Value="3"/>
<Cov CovItemId="S1" Value="1"/>
<Cov CovItemId="S2" Value="8"/>
<Cov CovItemId="S3" Value="4"/>
<Cov CovItemId="S4" Value="1"/>
<Cov CovItemId="S5" Value="3"/>
</CovPrefix>
</CovList>
<AssgnmntList>
<AssgnmntPrefix RootTermCovItemPrefix="counter_esempio.Counter.java">
<AssgnmntListEntry Length="2" RootTermCovItemId="C1">
<MapEntry BoolAssgnmnt="00" Value="3"/>
<MapEntry BoolAssgnmnt="01" Value="1"/>
</AssgnmntListEntry>
</AssgnmntPrefix>
</AssgnmntList>
<ObjMetaDataList/>
<MetaDataList/>
</TestCase>
<TestCase Comment="" Date="1706707434175" Name="randoop.RandoopTest0:test153">
<CovList>
<CovPrefix CovItemPrefix="counter_esempio.Counter.java">
<Cov CovItemId="B1" Value="1"/>
<Cov CovItemId="B2" Value="3"/>
<Cov CovItemId="S1" Value="1"/>
<Cov CovItemId="S2" Value="6"/>
<Cov CovItemId="S3" Value="4"/>
<Cov CovItemId="S4" Value="1"/>
<Cov CovItemId="S5" Value="3"/>
</CovPrefix>
</CovList>
<AssgnmntList>
<AssgnmntPrefix RootTermCovItemPrefix="counter_esempio.Counter.java">
<AssgnmntListEntry Length="2" RootTermCovItemId="C1">
<MapEntry BoolAssgnmnt="00" Value="3"/>
<MapEntry BoolAssgnmnt="01" Value="1"/>
</AssgnmntListEntry>
</AssgnmntPrefix>
</AssgnmntList>
<ObjMetaDataList/>
<MetaDataList/>
</TestCase>
<TestCase Comment="" Date="1706707434191" Name="randoop.RandoopTest0:test154">
<CovList>
<CovPrefix CovItemPrefix="counter_esempio.Counter.java">
<Cov CovItemId="B1" Value="1"/>
<Cov CovItemId="B2" Value="4"/>
<Cov CovItemId="S1" Value="1"/>
<Cov CovItemId="S2" Value="6"/>
<Cov CovItemId="S3" Value="5"/>
<Cov CovItemId="S4" Value="1"/>
<Cov CovItemId="S5" Value="4"/>
</CovPrefix>
</CovList>
<AssgnmntList>
<AssgnmntPrefix RootTermCovItemPrefix="counter_esempio.Counter.java">
<AssgnmntListEntry Length="2" RootTermCovItemId="C1">
<MapEntry BoolAssgnmnt="00" Value="4"/>
<MapEntry BoolAssgnmnt="01" Value="1"/>
</AssgnmntListEntry>
</AssgnmntPrefix>
</AssgnmntList>
<ObjMetaDataList/>
<MetaDataList/>
</TestCase>
<TestCase Comment="" Date="1706707434191" Name="randoop.RandoopTest0:test155">
<CovList>
<CovPrefix CovItemPrefix="counter_esempio.Counter.java">
<Cov CovItemId="B1" Value="1"/>
<Cov CovItemId="B2" Value="6"/>
<Cov CovItemId="S1" Value="1"/>
<Cov CovItemId="S2" Value="8"/>
<Cov CovItemId="S3" Value="7"/>
<Cov CovItemId="S4" Value="1"/>
<Cov CovItemId="S5" Value="6"/>
</CovPrefix>
</CovList>
<AssgnmntList>
<AssgnmntPrefix RootTermCovItemPrefix="counter_esempio.Counter.java">
<AssgnmntListEntry Length="2" RootTermCovItemId="C1">
<MapEntry BoolAssgnmnt="00" Value="6"/>
<MapEntry BoolAssgnmnt="01" Value="1"/>
</AssgnmntListEntry>
</AssgnmntPrefix>
</AssgnmntList>
<ObjMetaDataList/>
<MetaDataList/>
</TestCase>
<TestCase Comment="" Date="1706707434191" Name="randoop.RandoopTest0:test156">
<CovList>
<CovPrefix CovItemPrefix="counter_esempio.Counter.java">
<Cov CovItemId="B1" Value="1"/>
<Cov CovItemId="B2" Value="4"/>
<Cov CovItemId="S1" Value="1"/>
<Cov CovItemId="S2" Value="8"/>
<Cov CovItemId="S3" Value="5"/>
<Cov CovItemId="S4" Value="1"/>
<Cov CovItemId="S5" Value="4"/>
</CovPrefix>
</CovList>
<AssgnmntList>
<AssgnmntPrefix RootTermCovItemPrefix="counter_esempio.Counter.java">
<AssgnmntListEntry Length="2" RootTermCovItemId="C1">
<MapEntry BoolAssgnmnt="00" Value="4"/>
<MapEntry BoolAssgnmnt="01" Value="1"/>
</AssgnmntListEntry>
</AssgnmntPrefix>
</AssgnmntList>
<ObjMetaDataList/>
<MetaDataList/>
</TestCase>
<TestCase Comment="" Date="1706707434191" Name="randoop.RandoopTest0:test157">
<CovList>
<CovPrefix CovItemPrefix="counter_esempio.Counter.java">
<Cov CovItemId="B1" Value="1"/>
<Cov CovItemId="B2" Value="4"/>
<Cov CovItemId="S1" Value="1"/>
<Cov CovItemId="S2" Value="11"/>
<Cov CovItemId="S3" Value="5"/>
<Cov CovItemId="S4" Value="1"/>
<Cov CovItemId="S5" Value="4"/>
</CovPrefix>
</CovList>
<AssgnmntList>
<AssgnmntPrefix RootTermCovItemPrefix="counter_esempio.Counter.java">
<AssgnmntListEntry Length="2" RootTermCovItemId="C1">
<MapEntry BoolAssgnmnt="00" Value="4"/>
<MapEntry BoolAssgnmnt="01" Value="1"/>
</AssgnmntListEntry>
</AssgnmntPrefix>
</AssgnmntList>
<ObjMetaDataList/>
<MetaDataList/>
</TestCase>
<TestCase Comment="" Date="1706707434191" Name="randoop.RandoopTest0:test158">
<CovList>
<CovPrefix CovItemPrefix="counter_esempio.Counter.java">
<Cov CovItemId="B1" Value="1"/>
<Cov CovItemId="B2" Value="6"/>
<Cov CovItemId="S1" Value="1"/>
<Cov CovItemId="S2" Value="3"/>
<Cov CovItemId="S3" Value="7"/>
<Cov CovItemId="S4" Value="1"/>
<Cov CovItemId="S5" Value="6"/>
</CovPrefix>
</CovList>
<AssgnmntList>
<AssgnmntPrefix RootTermCovItemPrefix="counter_esempio.Counter.java">
<AssgnmntListEntry Length="2" RootTermCovItemId="C1">
<MapEntry BoolAssgnmnt="00" Value="6"/>
<MapEntry BoolAssgnmnt="01" Value="1"/>
</AssgnmntListEntry>
</AssgnmntPrefix>
</AssgnmntList>
<ObjMetaDataList/>
<MetaDataList/>
</TestCase>
<TestCase Comment="" Date="1706707434238" Name="randoop.RandoopTest0:test159">
<CovList>
<CovPrefix CovItemPrefix="counter_esempio.Counter.java">
<Cov CovItemId="B1" Value="1"/>
<Cov CovItemId="B2" Value="2"/>
<Cov CovItemId="S1" Value="1"/>
<Cov CovItemId="S2" Value="4"/>
<Cov CovItemId="S3" Value="3"/>
<Cov CovItemId="S4" Value="1"/>
<Cov CovItemId="S5" Value="2"/>
</CovPrefix>
</CovList>
<AssgnmntList>
<AssgnmntPrefix RootTermCovItemPrefix="counter_esempio.Counter.java">
<AssgnmntListEntry Length="2" RootTermCovItemId="C1">
<MapEntry BoolAssgnmnt="00" Value="2"/>
<MapEntry BoolAssgnmnt="01" Value="1"/>
</AssgnmntListEntry>
</AssgnmntPrefix>
</AssgnmntList>
<ObjMetaDataList/>
<MetaDataList/>
</TestCase>
<TestCase Comment="" Date="1706707434253" Name="randoop.RandoopTest0:test160">
<CovList>
<CovPrefix CovItemPrefix="counter_esempio.Counter.java">
<Cov CovItemId="B1" Value="1"/>
<Cov CovItemId="B2" Value="7"/>
<Cov CovItemId="S1" Value="1"/>
<Cov CovItemId="S2" Value="9"/>
<Cov CovItemId="S3" Value="8"/>
<Cov CovItemId="S4" Value="1"/>
<Cov CovItemId="S5" Value="7"/>
</CovPrefix>
</CovList>
<AssgnmntList>
<AssgnmntPrefix RootTermCovItemPrefix="counter_esempio.Counter.java">
<AssgnmntListEntry Length="2" RootTermCovItemId="C1">
<MapEntry BoolAssgnmnt="00" Value="7"/>
<MapEntry BoolAssgnmnt="01" Value="1"/>
</AssgnmntListEntry>
</AssgnmntPrefix>
</AssgnmntList>
<ObjMetaDataList/>
<MetaDataList/>
</TestCase>
<TestCase Comment="" Date="1706707434253" Name="randoop.RandoopTest0:test161">
<CovList>
<CovPrefix CovItemPrefix="counter_esempio.Counter.java">
<Cov CovItemId="B1" Value="1"/>
<Cov CovItemId="B2" Value="4"/>
<Cov CovItemId="S1" Value="1"/>
<Cov CovItemId="S2" Value="4"/>
<Cov CovItemId="S3" Value="5"/>
<Cov CovItemId="S4" Value="1"/>
<Cov CovItemId="S5" Value="4"/>
</CovPrefix>
</CovList>
<AssgnmntList>
<AssgnmntPrefix RootTermCovItemPrefix="counter_esempio.Counter.java">
<AssgnmntListEntry Length="2" RootTermCovItemId="C1">
<MapEntry BoolAssgnmnt="00" Value="4"/>
<MapEntry BoolAssgnmnt="01" Value="1"/>
</AssgnmntListEntry>
</AssgnmntPrefix>
</AssgnmntList>
<ObjMetaDataList/>
<MetaDataList/>
</TestCase>
<TestCase Comment="" Date="1706707434253" Name="randoop.RandoopTest0:test162">
<CovList>
<CovPrefix CovItemPrefix="counter_esempio.Counter.java">
<Cov CovItemId="B1" Value="1"/>
<Cov CovItemId="B2" Value="3"/>
<Cov CovItemId="S1" Value="1"/>
<Cov CovItemId="S2" Value="8"/>
<Cov CovItemId="S3" Value="4"/>
<Cov CovItemId="S4" Value="1"/>
<Cov CovItemId="S5" Value="3"/>
</CovPrefix>
</CovList>
<AssgnmntList>
<AssgnmntPrefix RootTermCovItemPrefix="counter_esempio.Counter.java">
<AssgnmntListEntry Length="2" RootTermCovItemId="C1">
<MapEntry BoolAssgnmnt="00" Value="3"/>
<MapEntry BoolAssgnmnt="01" Value="1"/>
</AssgnmntListEntry>
</AssgnmntPrefix>
</AssgnmntList>
<ObjMetaDataList/>
<MetaDataList/>
</TestCase>
<TestCase Comment="" Date="1706707434253" Name="randoop.RandoopTest0:test163">
<CovList>
<CovPrefix CovItemPrefix="counter_esempio.Counter.java">
<Cov CovItemId="B1" Value="1"/>
<Cov CovItemId="B2" Value="6"/>
<Cov CovItemId="S1" Value="1"/>
<Cov CovItemId="S2" Value="3"/>
<Cov CovItemId="S3" Value="7"/>
<Cov CovItemId="S4" Value="1"/>
<Cov CovItemId="S5" Value="6"/>
</CovPrefix>
</CovList>
<AssgnmntList>
<AssgnmntPrefix RootTermCovItemPrefix="counter_esempio.Counter.java">
<AssgnmntListEntry Length="2" RootTermCovItemId="C1">
<MapEntry BoolAssgnmnt="00" Value="6"/>
<MapEntry BoolAssgnmnt="01" Value="1"/>
</AssgnmntListEntry>
</AssgnmntPrefix>
</AssgnmntList>
<ObjMetaDataList/>
<MetaDataList/>
</TestCase>
<TestCase Comment="" Date="1706707434253" Name="randoop.RandoopTest0:test164">
<CovList>
<CovPrefix CovItemPrefix="counter_esempio.Counter.java">
<Cov CovItemId="B1" Value="1"/>
<Cov CovItemId="B2" Value="5"/>
<Cov CovItemId="S1" Value="1"/>
<Cov CovItemId="S2" Value="8"/>
<Cov CovItemId="S3" Value="6"/>
<Cov CovItemId="S4" Value="1"/>
<Cov CovItemId="S5" Value="5"/>
</CovPrefix>
</CovList>
<AssgnmntList>
<AssgnmntPrefix RootTermCovItemPrefix="counter_esempio.Counter.java">
<AssgnmntListEntry Length="2" RootTermCovItemId="C1">
<MapEntry BoolAssgnmnt="00" Value="5"/>
<MapEntry BoolAssgnmnt="01" Value="1"/>
</AssgnmntListEntry>
</AssgnmntPrefix>
</AssgnmntList>
<ObjMetaDataList/>
<MetaDataList/>
</TestCase>
<TestCase Comment="" Date="1706707434253" Name="randoop.RandoopTest0:test165">
<CovList>
<CovPrefix CovItemPrefix="counter_esempio.Counter.java">
<Cov CovItemId="B1" Value="1"/>
<Cov CovItemId="B2" Value="7"/>
<Cov CovItemId="S1" Value="1"/>
<Cov CovItemId="S2" Value="4"/>
<Cov CovItemId="S3" Value="8"/>
<Cov CovItemId="S4" Value="1"/>
<Cov CovItemId="S5" Value="7"/>
</CovPrefix>
</CovList>
<AssgnmntList>
<AssgnmntPrefix RootTermCovItemPrefix="counter_esempio.Counter.java">
<AssgnmntListEntry Length="2" RootTermCovItemId="C1">
<MapEntry BoolAssgnmnt="00" Value="7"/>
<MapEntry BoolAssgnmnt="01" Value="1"/>
</AssgnmntListEntry>
</AssgnmntPrefix>
</AssgnmntList>
<ObjMetaDataList/>
<MetaDataList/>
</TestCase>
<TestCase Comment="" Date="1706707434253" Name="randoop.RandoopTest0:test166">
<CovList>
<CovPrefix CovItemPrefix="counter_esempio.Counter.java">
<Cov CovItemId="B1" Value="1"/>
<Cov CovItemId="B2" Value="8"/>
<Cov CovItemId="S1" Value="1"/>
<Cov CovItemId="S2" Value="11"/>
<Cov CovItemId="S3" Value="9"/>
<Cov CovItemId="S4" Value="1"/>
<Cov CovItemId="S5" Value="8"/>
</CovPrefix>
</CovList>
<AssgnmntList>
<AssgnmntPrefix RootTermCovItemPrefix="counter_esempio.Counter.java">
<AssgnmntListEntry Length="2" RootTermCovItemId="C1">
<MapEntry BoolAssgnmnt="00" Value="8"/>
<MapEntry BoolAssgnmnt="01" Value="1"/>
</AssgnmntListEntry>
</AssgnmntPrefix>
</AssgnmntList>
<ObjMetaDataList/>
<MetaDataList/>
</TestCase>
<TestCase Comment="" Date="1706707434253" Name="randoop.RandoopTest0:test167">
<CovList>
<CovPrefix CovItemPrefix="counter_esempio.Counter.java">
<Cov CovItemId="B1" Value="1"/>
<Cov CovItemId="B2" Value="7"/>
<Cov CovItemId="S1" Value="1"/>
<Cov CovItemId="S2" Value="5"/>
<Cov CovItemId="S3" Value="8"/>
<Cov CovItemId="S4" Value="1"/>
<Cov CovItemId="S5" Value="7"/>
</CovPrefix>
</CovList>
<AssgnmntList>
<AssgnmntPrefix RootTermCovItemPrefix="counter_esempio.Counter.java">
<AssgnmntListEntry Length="2" RootTermCovItemId="C1">
<MapEntry BoolAssgnmnt="00" Value="7"/>
<MapEntry BoolAssgnmnt="01" Value="1"/>
</AssgnmntListEntry>
</AssgnmntPrefix>
</AssgnmntList>
<ObjMetaDataList/>
<MetaDataList/>
</TestCase>
<TestCase Comment="" Date="1706707434253" Name="randoop.RandoopTest0:test168">
<CovList>
<CovPrefix CovItemPrefix="counter_esempio.Counter.java">
<Cov CovItemId="B1" Value="1"/>
<Cov CovItemId="B2" Value="6"/>
<Cov CovItemId="S1" Value="1"/>
<Cov CovItemId="S2" Value="5"/>
<Cov CovItemId="S3" Value="7"/>
<Cov CovItemId="S4" Value="1"/>
<Cov CovItemId="S5" Value="6"/>
</CovPrefix>
</CovList>
<AssgnmntList>
<AssgnmntPrefix RootTermCovItemPrefix="counter_esempio.Counter.java">
<AssgnmntListEntry Length="2" RootTermCovItemId="C1">
<MapEntry BoolAssgnmnt="00" Value="6"/>
<MapEntry BoolAssgnmnt="01" Value="1"/>
</AssgnmntListEntry>
</AssgnmntPrefix>
</AssgnmntList>
<ObjMetaDataList/>
<MetaDataList/>
</TestCase>
<TestCase Comment="" Date="1706707434269" Name="randoop.RandoopTest0:test169">
<CovList>
<CovPrefix CovItemPrefix="counter_esempio.Counter.java">
<Cov CovItemId="B1" Value="1"/>
<Cov CovItemId="B2" Value="6"/>
<Cov CovItemId="S1" Value="1"/>
<Cov CovItemId="S2" Value="8"/>
<Cov CovItemId="S3" Value="7"/>
<Cov CovItemId="S4" Value="1"/>
<Cov CovItemId="S5" Value="6"/>
</CovPrefix>
</CovList>
<AssgnmntList>
<AssgnmntPrefix RootTermCovItemPrefix="counter_esempio.Counter.java">
<AssgnmntListEntry Length="2" RootTermCovItemId="C1">
<MapEntry BoolAssgnmnt="00" Value="6"/>
<MapEntry BoolAssgnmnt="01" Value="1"/>
</AssgnmntListEntry>
</AssgnmntPrefix>
</AssgnmntList>
<ObjMetaDataList/>
<MetaDataList/>
</TestCase>
<TestCase Comment="" Date="1706707434269" Name="randoop.RandoopTest0:test170">
<CovList>
<CovPrefix CovItemPrefix="counter_esempio.Counter.java">
<Cov CovItemId="B1" Value="1"/>
<Cov CovItemId="B2" Value="6"/>
<Cov CovItemId="S1" Value="1"/>
<Cov CovItemId="S2" Value="7"/>
<Cov CovItemId="S3" Value="7"/>
<Cov CovItemId="S4" Value="1"/>
<Cov CovItemId="S5" Value="6"/>
</CovPrefix>
</CovList>
<AssgnmntList>
<AssgnmntPrefix RootTermCovItemPrefix="counter_esempio.Counter.java">
<AssgnmntListEntry Length="2" RootTermCovItemId="C1">
<MapEntry BoolAssgnmnt="00" Value="6"/>
<MapEntry BoolAssgnmnt="01" Value="1"/>
</AssgnmntListEntry>
</AssgnmntPrefix>
</AssgnmntList>
<ObjMetaDataList/>
<MetaDataList/>
</TestCase>
<TestCase Comment="" Date="1706707434269" Name="randoop.RandoopTest0:test171">
<CovList>
<CovPrefix CovItemPrefix="counter_esempio.Counter.java">
<Cov CovItemId="B1" Value="1"/>
<Cov CovItemId="B2" Value="10"/>
<Cov CovItemId="S1" Value="1"/>
<Cov CovItemId="S2" Value="6"/>
<Cov CovItemId="S3" Value="11"/>
<Cov CovItemId="S4" Value="1"/>
<Cov CovItemId="S5" Value="10"/>
</CovPrefix>
</CovList>
<AssgnmntList>
<AssgnmntPrefix RootTermCovItemPrefix="counter_esempio.Counter.java">
<AssgnmntListEntry Length="2" RootTermCovItemId="C1">
<MapEntry BoolAssgnmnt="00" Value="10"/>
<MapEntry BoolAssgnmnt="01" Value="1"/>
</AssgnmntListEntry>
</AssgnmntPrefix>
</AssgnmntList>
<ObjMetaDataList/>
<MetaDataList/>
</TestCase>
<TestCase Comment="" Date="1706707434269" Name="randoop.RandoopTest0:test172">
<CovList>
<CovPrefix CovItemPrefix="counter_esempio.Counter.java">
<Cov CovItemId="B1" Value="1"/>
<Cov CovItemId="B2" Value="11"/>
<Cov CovItemId="S1" Value="1"/>
<Cov CovItemId="S2" Value="7"/>
<Cov CovItemId="S3" Value="12"/>
<Cov CovItemId="S4" Value="1"/>
<Cov CovItemId="S5" Value="11"/>
</CovPrefix>
</CovList>
<AssgnmntList>
<AssgnmntPrefix RootTermCovItemPrefix="counter_esempio.Counter.java">
<AssgnmntListEntry Length="2" RootTermCovItemId="C1">
<MapEntry BoolAssgnmnt="00" Value="11"/>
<MapEntry BoolAssgnmnt="01" Value="1"/>
</AssgnmntListEntry>
</AssgnmntPrefix>
</AssgnmntList>
<ObjMetaDataList/>
<MetaDataList/>
</TestCase>
<TestCase Comment="" Date="1706707434269" Name="randoop.RandoopTest0:test173">
<CovList>
<CovPrefix CovItemPrefix="counter_esempio.Counter.java">
<Cov CovItemId="B1" Value="1"/>
<Cov CovItemId="B2" Value="11"/>
<Cov CovItemId="S1" Value="1"/>
<Cov CovItemId="S2" Value="6"/>
<Cov CovItemId="S3" Value="12"/>
<Cov CovItemId="S4" Value="1"/>
<Cov CovItemId="S5" Value="11"/>
</CovPrefix>
</CovList>
<AssgnmntList>
<AssgnmntPrefix RootTermCovItemPrefix="counter_esempio.Counter.java">
<AssgnmntListEntry Length="2" RootTermCovItemId="C1">
<MapEntry BoolAssgnmnt="00" Value="11"/>
<MapEntry BoolAssgnmnt="01" Value="1"/>
</AssgnmntListEntry>
</AssgnmntPrefix>
</AssgnmntList>
<ObjMetaDataList/>
<MetaDataList/>
</TestCase>
<TestCase Comment="" Date="1706707434269" Name="randoop.RandoopTest0:test174">
<CovList>
<CovPrefix CovItemPrefix="counter_esempio.Counter.java">
<Cov CovItemId="B1" Value="1"/>
<Cov CovItemId="B2" Value="4"/>
<Cov CovItemId="S1" Value="1"/>
<Cov CovItemId="S2" Value="8"/>
<Cov CovItemId="S3" Value="5"/>
<Cov CovItemId="S4" Value="1"/>
<Cov CovItemId="S5" Value="4"/>
</CovPrefix>
</CovList>
<AssgnmntList>
<AssgnmntPrefix RootTermCovItemPrefix="counter_esempio.Counter.java">
<AssgnmntListEntry Length="2" RootTermCovItemId="C1">
<MapEntry BoolAssgnmnt="00" Value="4"/>
<MapEntry BoolAssgnmnt="01" Value="1"/>
</AssgnmntListEntry>
</AssgnmntPrefix>
</AssgnmntList>
<ObjMetaDataList/>
<MetaDataList/>
</TestCase>
<TestCase Comment="" Date="1706707434269" Name="randoop.RandoopTest0:test175">
<CovList>
<CovPrefix CovItemPrefix="counter_esempio.Counter.java">
<Cov CovItemId="B1" Value="1"/>
<Cov CovItemId="B2" Value="10"/>
<Cov CovItemId="S1" Value="1"/>
<Cov CovItemId="S2" Value="2"/>
<Cov CovItemId="S3" Value="11"/>
<Cov CovItemId="S4" Value="1"/>
<Cov CovItemId="S5" Value="10"/>
</CovPrefix>
</CovList>
<AssgnmntList>
<AssgnmntPrefix RootTermCovItemPrefix="counter_esempio.Counter.java">
<AssgnmntListEntry Length="2" RootTermCovItemId="C1">
<MapEntry BoolAssgnmnt="00" Value="10"/>
<MapEntry BoolAssgnmnt="01" Value="1"/>
</AssgnmntListEntry>
</AssgnmntPrefix>
</AssgnmntList>
<ObjMetaDataList/>
<MetaDataList/>
</TestCase>
<TestCase Comment="" Date="1706707434269" Name="randoop.RandoopTest0:test176">
<CovList>
<CovPrefix CovItemPrefix="counter_esempio.Counter.java">
<Cov CovItemId="B1" Value="1"/>
<Cov CovItemId="B2" Value="4"/>
<Cov CovItemId="S1" Value="1"/>
<Cov CovItemId="S2" Value="4"/>
<Cov CovItemId="S3" Value="5"/>
<Cov CovItemId="S4" Value="1"/>
<Cov CovItemId="S5" Value="4"/>
</CovPrefix>
</CovList>
<AssgnmntList>
<AssgnmntPrefix RootTermCovItemPrefix="counter_esempio.Counter.java">
<AssgnmntListEntry Length="2" RootTermCovItemId="C1">
<MapEntry BoolAssgnmnt="00" Value="4"/>
<MapEntry BoolAssgnmnt="01" Value="1"/>
</AssgnmntListEntry>
</AssgnmntPrefix>
</AssgnmntList>
<ObjMetaDataList/>
<MetaDataList/>
</TestCase>
<TestCase Comment="" Date="1706707434269" Name="randoop.RandoopTest0:test177">
<CovList>
<CovPrefix CovItemPrefix="counter_esempio.Counter.java">
<Cov CovItemId="B1" Value="1"/>
<Cov CovItemId="B2" Value="7"/>
<Cov CovItemId="S1" Value="1"/>
<Cov CovItemId="S2" Value="6"/>
<Cov CovItemId="S3" Value="8"/>
<Cov CovItemId="S4" Value="1"/>
<Cov CovItemId="S5" Value="7"/>
</CovPrefix>
</CovList>
<AssgnmntList>
<AssgnmntPrefix RootTermCovItemPrefix="counter_esempio.Counter.java">
<AssgnmntListEntry Length="2" RootTermCovItemId="C1">
<MapEntry BoolAssgnmnt="00" Value="7"/>
<MapEntry BoolAssgnmnt="01" Value="1"/>
</AssgnmntListEntry>
</AssgnmntPrefix>
</AssgnmntList>
<ObjMetaDataList/>
<MetaDataList/>
</TestCase>
<TestCase Comment="" Date="1706707434269" Name="randoop.RandoopTest0:test178">
<CovList>
<CovPrefix CovItemPrefix="counter_esempio.Counter.java">
<Cov CovItemId="B1" Value="1"/>
<Cov CovItemId="B2" Value="9"/>
<Cov CovItemId="S1" Value="1"/>
<Cov CovItemId="S2" Value="4"/>
<Cov CovItemId="S3" Value="10"/>
<Cov CovItemId="S4" Value="1"/>
<Cov CovItemId="S5" Value="9"/>
</CovPrefix>
</CovList>
<AssgnmntList>
<AssgnmntPrefix RootTermCovItemPrefix="counter_esempio.Counter.java">
<AssgnmntListEntry Length="2" RootTermCovItemId="C1">
<MapEntry BoolAssgnmnt="00" Value="9"/>
<MapEntry BoolAssgnmnt="01" Value="1"/>
</AssgnmntListEntry>
</AssgnmntPrefix>
</AssgnmntList>
<ObjMetaDataList/>
<MetaDataList/>
</TestCase>
<TestCase Comment="" Date="1706707434269" Name="randoop.RandoopTest0:test179">
<CovList>
<CovPrefix CovItemPrefix="counter_esempio.Counter.java">
<Cov CovItemId="B1" Value="1"/>
<Cov CovItemId="B2" Value="5"/>
<Cov CovItemId="S1" Value="1"/>
<Cov CovItemId="S2" Value="3"/>
<Cov CovItemId="S3" Value="6"/>
<Cov CovItemId="S4" Value="1"/>
<Cov CovItemId="S5" Value="5"/>
</CovPrefix>
</CovList>
<AssgnmntList>
<AssgnmntPrefix RootTermCovItemPrefix="counter_esempio.Counter.java">
<AssgnmntListEntry Length="2" RootTermCovItemId="C1">
<MapEntry BoolAssgnmnt="00" Value="5"/>
<MapEntry BoolAssgnmnt="01" Value="1"/>
</AssgnmntListEntry>
</AssgnmntPrefix>
</AssgnmntList>
<ObjMetaDataList/>
<MetaDataList/>
</TestCase>
<TestCase Comment="" Date="1706707434269" Name="randoop.RandoopTest0:test180">
<CovList>
<CovPrefix CovItemPrefix="counter_esempio.Counter.java">
<Cov CovItemId="B1" Value="1"/>
<Cov CovItemId="B2" Value="9"/>
<Cov CovItemId="S1" Value="1"/>
<Cov CovItemId="S2" Value="6"/>
<Cov CovItemId="S3" Value="10"/>
<Cov CovItemId="S4" Value="1"/>
<Cov CovItemId="S5" Value="9"/>
</CovPrefix>
</CovList>
<AssgnmntList>
<AssgnmntPrefix RootTermCovItemPrefix="counter_esempio.Counter.java">
<AssgnmntListEntry Length="2" RootTermCovItemId="C1">
<MapEntry BoolAssgnmnt="00" Value="9"/>
<MapEntry BoolAssgnmnt="01" Value="1"/>
</AssgnmntListEntry>
</AssgnmntPrefix>
</AssgnmntList>
<ObjMetaDataList/>
<MetaDataList/>
</TestCase>
<TestCase Comment="" Date="1706707434269" Name="randoop.RandoopTest0:test181">
<CovList>
<CovPrefix CovItemPrefix="counter_esempio.Counter.java">
<Cov CovItemId="B1" Value="1"/>
<Cov CovItemId="B2" Value="9"/>
<Cov CovItemId="S1" Value="1"/>
<Cov CovItemId="S2" Value="7"/>
<Cov CovItemId="S3" Value="10"/>
<Cov CovItemId="S4" Value="1"/>
<Cov CovItemId="S5" Value="9"/>
</CovPrefix>
</CovList>
<AssgnmntList>
<AssgnmntPrefix RootTermCovItemPrefix="counter_esempio.Counter.java">
<AssgnmntListEntry Length="2" RootTermCovItemId="C1">
<MapEntry BoolAssgnmnt="00" Value="9"/>
<MapEntry BoolAssgnmnt="01" Value="1"/>
</AssgnmntListEntry>
</AssgnmntPrefix>
</AssgnmntList>
<ObjMetaDataList/>
<MetaDataList/>
</TestCase>
<TestCase Comment="" Date="1706707434269" Name="randoop.RandoopTest0:test182">
<CovList>
<CovPrefix CovItemPrefix="counter_esempio.Counter.java">
<Cov CovItemId="B1" Value="1"/>
<Cov CovItemId="B2" Value="3"/>
<Cov CovItemId="S1" Value="1"/>
<Cov CovItemId="S2" Value="3"/>
<Cov CovItemId="S3" Value="4"/>
<Cov CovItemId="S4" Value="1"/>
<Cov CovItemId="S5" Value="3"/>
</CovPrefix>
</CovList>
<AssgnmntList>
<AssgnmntPrefix RootTermCovItemPrefix="counter_esempio.Counter.java">
<AssgnmntListEntry Length="2" RootTermCovItemId="C1">
<MapEntry BoolAssgnmnt="00" Value="3"/>
<MapEntry BoolAssgnmnt="01" Value="1"/>
</AssgnmntListEntry>
</AssgnmntPrefix>
</AssgnmntList>
<ObjMetaDataList/>
<MetaDataList/>
</TestCase>
<TestCase Comment="" Date="1706707434269" Name="randoop.RandoopTest0:test183">
<CovList>
<CovPrefix CovItemPrefix="counter_esempio.Counter.java">
<Cov CovItemId="B1" Value="1"/>
<Cov CovItemId="B2" Value="7"/>
<Cov CovItemId="S1" Value="1"/>
<Cov CovItemId="S2" Value="11"/>
<Cov CovItemId="S3" Value="8"/>
<Cov CovItemId="S4" Value="1"/>
<Cov CovItemId="S5" Value="7"/>
</CovPrefix>
</CovList>
<AssgnmntList>
<AssgnmntPrefix RootTermCovItemPrefix="counter_esempio.Counter.java">
<AssgnmntListEntry Length="2" RootTermCovItemId="C1">
<MapEntry BoolAssgnmnt="00" Value="7"/>
<MapEntry BoolAssgnmnt="01" Value="1"/>
</AssgnmntListEntry>
</AssgnmntPrefix>
</AssgnmntList>
<ObjMetaDataList/>
<MetaDataList/>
</TestCase>
<TestCase Comment="" Date="1706707434285" Name="randoop.RandoopTest0:test184">
<CovList>
<CovPrefix CovItemPrefix="counter_esempio.Counter.java">
<Cov CovItemId="B1" Value="1"/>
<Cov CovItemId="B2" Value="8"/>
<Cov CovItemId="S1" Value="1"/>
<Cov CovItemId="S2" Value="6"/>
<Cov CovItemId="S3" Value="9"/>
<Cov CovItemId="S4" Value="1"/>
<Cov CovItemId="S5" Value="8"/>
</CovPrefix>
</CovList>
<AssgnmntList>
<AssgnmntPrefix RootTermCovItemPrefix="counter_esempio.Counter.java">
<AssgnmntListEntry Length="2" RootTermCovItemId="C1">
<MapEntry BoolAssgnmnt="00" Value="8"/>
<MapEntry BoolAssgnmnt="01" Value="1"/>
</AssgnmntListEntry>
</AssgnmntPrefix>
</AssgnmntList>
<ObjMetaDataList/>
<MetaDataList/>
</TestCase>
<TestCase Comment="" Date="1706707434285" Name="randoop.RandoopTest0:test185">
<CovList>
<CovPrefix CovItemPrefix="counter_esempio.Counter.java">
<Cov CovItemId="B1" Value="1"/>
<Cov CovItemId="B2" Value="4"/>
<Cov CovItemId="S1" Value="1"/>
<Cov CovItemId="S2" Value="12"/>
<Cov CovItemId="S3" Value="5"/>
<Cov CovItemId="S4" Value="1"/>
<Cov CovItemId="S5" Value="4"/>
</CovPrefix>
</CovList>
<AssgnmntList>
<AssgnmntPrefix RootTermCovItemPrefix="counter_esempio.Counter.java">
<AssgnmntListEntry Length="2" RootTermCovItemId="C1">
<MapEntry BoolAssgnmnt="00" Value="4"/>
<MapEntry BoolAssgnmnt="01" Value="1"/>
</AssgnmntListEntry>
</AssgnmntPrefix>
</AssgnmntList>
<ObjMetaDataList/>
<MetaDataList/>
</TestCase>
<TestCase Comment="" Date="1706707434285" Name="randoop.RandoopTest0:test186">
<CovList>
<CovPrefix CovItemPrefix="counter_esempio.Counter.java">
<Cov CovItemId="B1" Value="1"/>
<Cov CovItemId="B2" Value="8"/>
<Cov CovItemId="S1" Value="1"/>
<Cov CovItemId="S2" Value="9"/>
<Cov CovItemId="S3" Value="9"/>
<Cov CovItemId="S4" Value="1"/>
<Cov CovItemId="S5" Value="8"/>
</CovPrefix>
</CovList>
<AssgnmntList>
<AssgnmntPrefix RootTermCovItemPrefix="counter_esempio.Counter.java">
<AssgnmntListEntry Length="2" RootTermCovItemId="C1">
<MapEntry BoolAssgnmnt="00" Value="8"/>
<MapEntry BoolAssgnmnt="01" Value="1"/>
</AssgnmntListEntry>
</AssgnmntPrefix>
</AssgnmntList>
<ObjMetaDataList/>
<MetaDataList/>
</TestCase>
<TestCase Comment="" Date="1706707434285" Name="randoop.RandoopTest0:test187">
<CovList>
<CovPrefix CovItemPrefix="counter_esempio.Counter.java">
<Cov CovItemId="B1" Value="1"/>
<Cov CovItemId="B2" Value="9"/>
<Cov CovItemId="S1" Value="1"/>
<Cov CovItemId="S2" Value="3"/>
<Cov CovItemId="S3" Value="10"/>
<Cov CovItemId="S4" Value="1"/>
<Cov CovItemId="S5" Value="9"/>
</CovPrefix>
</CovList>
<AssgnmntList>
<AssgnmntPrefix RootTermCovItemPrefix="counter_esempio.Counter.java">
<AssgnmntListEntry Length="2" RootTermCovItemId="C1">
<MapEntry BoolAssgnmnt="00" Value="9"/>
<MapEntry BoolAssgnmnt="01" Value="1"/>
</AssgnmntListEntry>
</AssgnmntPrefix>
</AssgnmntList>
<ObjMetaDataList/>
<MetaDataList/>
</TestCase>
<TestCase Comment="" Date="1706707434285" Name="randoop.RandoopTest0:test188">
<CovList>
<CovPrefix CovItemPrefix="counter_esempio.Counter.java">
<Cov CovItemId="B1" Value="1"/>
<Cov CovItemId="B2" Value="7"/>
<Cov CovItemId="S1" Value="1"/>
<Cov CovItemId="S2" Value="3"/>
<Cov CovItemId="S3" Value="8"/>
<Cov CovItemId="S4" Value="1"/>
<Cov CovItemId="S5" Value="7"/>
</CovPrefix>
</CovList>
<AssgnmntList>
<AssgnmntPrefix RootTermCovItemPrefix="counter_esempio.Counter.java">
<AssgnmntListEntry Length="2" RootTermCovItemId="C1">
<MapEntry BoolAssgnmnt="00" Value="7"/>
<MapEntry BoolAssgnmnt="01" Value="1"/>
</AssgnmntListEntry>
</AssgnmntPrefix>
</AssgnmntList>
<ObjMetaDataList/>
<MetaDataList/>
</TestCase>
<TestCase Comment="" Date="1706707434285" Name="randoop.RandoopTest0:test189">
<CovList>
<CovPrefix CovItemPrefix="counter_esempio.Counter.java">
<Cov CovItemId="B1" Value="1"/>
<Cov CovItemId="B2" Value="12"/>
<Cov CovItemId="S1" Value="1"/>
<Cov CovItemId="S2" Value="6"/>
<Cov CovItemId="S3" Value="13"/>
<Cov CovItemId="S4" Value="1"/>
<Cov CovItemId="S5" Value="12"/>
</CovPrefix>
</CovList>
<AssgnmntList>
<AssgnmntPrefix RootTermCovItemPrefix="counter_esempio.Counter.java">
<AssgnmntListEntry Length="2" RootTermCovItemId="C1">
<MapEntry BoolAssgnmnt="00" Value="12"/>
<MapEntry BoolAssgnmnt="01" Value="1"/>
</AssgnmntListEntry>
</AssgnmntPrefix>
</AssgnmntList>
<ObjMetaDataList/>
<MetaDataList/>
</TestCase>
<TestCase Comment="" Date="1706707434285" Name="randoop.RandoopTest0:test190">
<CovList>
<CovPrefix CovItemPrefix="counter_esempio.Counter.java">
<Cov CovItemId="B1" Value="1"/>
<Cov CovItemId="B2" Value="7"/>
<Cov CovItemId="S1" Value="1"/>
<Cov CovItemId="S2" Value="10"/>
<Cov CovItemId="S3" Value="8"/>
<Cov CovItemId="S4" Value="1"/>
<Cov CovItemId="S5" Value="7"/>
</CovPrefix>
</CovList>
<AssgnmntList>
<AssgnmntPrefix RootTermCovItemPrefix="counter_esempio.Counter.java">
<AssgnmntListEntry Length="2" RootTermCovItemId="C1">
<MapEntry BoolAssgnmnt="00" Value="7"/>
<MapEntry BoolAssgnmnt="01" Value="1"/>
</AssgnmntListEntry>
</AssgnmntPrefix>
</AssgnmntList>
<ObjMetaDataList/>
<MetaDataList/>
</TestCase>
<TestCase Comment="" Date="1706707434285" Name="randoop.RandoopTest0:test191">
<CovList>
<CovPrefix CovItemPrefix="counter_esempio.Counter.java">
<Cov CovItemId="B1" Value="1"/>
<Cov CovItemId="B2" Value="8"/>
<Cov CovItemId="S1" Value="1"/>
<Cov CovItemId="S2" Value="8"/>
<Cov CovItemId="S3" Value="9"/>
<Cov CovItemId="S4" Value="1"/>
<Cov CovItemId="S5" Value="8"/>
</CovPrefix>
</CovList>
<AssgnmntList>
<AssgnmntPrefix RootTermCovItemPrefix="counter_esempio.Counter.java">
<AssgnmntListEntry Length="2" RootTermCovItemId="C1">
<MapEntry BoolAssgnmnt="00" Value="8"/>
<MapEntry BoolAssgnmnt="01" Value="1"/>
</AssgnmntListEntry>
</AssgnmntPrefix>
</AssgnmntList>
<ObjMetaDataList/>
<MetaDataList/>
</TestCase>
<TestCase Comment="" Date="1706707434285" Name="randoop.RandoopTest0:test192">
<CovList>
<CovPrefix CovItemPrefix="counter_esempio.Counter.java">
<Cov CovItemId="B1" Value="1"/>
<Cov CovItemId="B2" Value="3"/>
<Cov CovItemId="S1" Value="1"/>
<Cov CovItemId="S2" Value="7"/>
<Cov CovItemId="S3" Value="4"/>
<Cov CovItemId="S4" Value="1"/>
<Cov CovItemId="S5" Value="3"/>
</CovPrefix>
</CovList>
<AssgnmntList>
<AssgnmntPrefix RootTermCovItemPrefix="counter_esempio.Counter.java">
<AssgnmntListEntry Length="2" RootTermCovItemId="C1">
<MapEntry BoolAssgnmnt="00" Value="3"/>
<MapEntry BoolAssgnmnt="01" Value="1"/>
</AssgnmntListEntry>
</AssgnmntPrefix>
</AssgnmntList>
<ObjMetaDataList/>
<MetaDataList/>
</TestCase>
<TestCase Comment="" Date="1706707434285" Name="randoop.RandoopTest0:test193">
<CovList>
<CovPrefix CovItemPrefix="counter_esempio.Counter.java">
<Cov CovItemId="B1" Value="1"/>
<Cov CovItemId="B2" Value="5"/>
<Cov CovItemId="S1" Value="1"/>
<Cov CovItemId="S2" Value="6"/>
<Cov CovItemId="S3" Value="6"/>
<Cov CovItemId="S4" Value="1"/>
<Cov CovItemId="S5" Value="5"/>
</CovPrefix>
</CovList>
<AssgnmntList>
<AssgnmntPrefix RootTermCovItemPrefix="counter_esempio.Counter.java">
<AssgnmntListEntry Length="2" RootTermCovItemId="C1">
<MapEntry BoolAssgnmnt="00" Value="5"/>
<MapEntry BoolAssgnmnt="01" Value="1"/>
</AssgnmntListEntry>
</AssgnmntPrefix>
</AssgnmntList>
<ObjMetaDataList/>
<MetaDataList/>
</TestCase>
<TestCase Comment="" Date="1706707434285" Name="randoop.RandoopTest0:test194">
<CovList>
<CovPrefix CovItemPrefix="counter_esempio.Counter.java">
<Cov CovItemId="B1" Value="1"/>
<Cov CovItemId="B2" Value="8"/>
<Cov CovItemId="S1" Value="1"/>
<Cov CovItemId="S2" Value="10"/>
<Cov CovItemId="S3" Value="9"/>
<Cov CovItemId="S4" Value="1"/>
<Cov CovItemId="S5" Value="8"/>
</CovPrefix>
</CovList>
<AssgnmntList>
<AssgnmntPrefix RootTermCovItemPrefix="counter_esempio.Counter.java">
<AssgnmntListEntry Length="2" RootTermCovItemId="C1">
<MapEntry BoolAssgnmnt="00" Value="8"/>
<MapEntry BoolAssgnmnt="01" Value="1"/>
</AssgnmntListEntry>
</AssgnmntPrefix>
</AssgnmntList>
<ObjMetaDataList/>
<MetaDataList/>
</TestCase>
<TestCase Comment="" Date="1706707434300" Name="randoop.RandoopTest0:test195">
<CovList>
<CovPrefix CovItemPrefix="counter_esempio.Counter.java">
<Cov CovItemId="B1" Value="1"/>
<Cov CovItemId="B2" Value="11"/>
<Cov CovItemId="S1" Value="1"/>
<Cov CovItemId="S2" Value="2"/>
<Cov CovItemId="S3" Value="12"/>
<Cov CovItemId="S4" Value="1"/>
<Cov CovItemId="S5" Value="11"/>
</CovPrefix>
</CovList>
<AssgnmntList>
<AssgnmntPrefix RootTermCovItemPrefix="counter_esempio.Counter.java">
<AssgnmntListEntry Length="2" RootTermCovItemId="C1">
<MapEntry BoolAssgnmnt="00" Value="11"/>
<MapEntry BoolAssgnmnt="01" Value="1"/>
</AssgnmntListEntry>
</AssgnmntPrefix>
</AssgnmntList>
<ObjMetaDataList/>
<MetaDataList/>
</TestCase>
<TestCase Comment="" Date="1706707434300" Name="randoop.RandoopTest0:test196">
<CovList>
<CovPrefix CovItemPrefix="counter_esempio.Counter.java">
<Cov CovItemId="B1" Value="1"/>
<Cov CovItemId="B2" Value="5"/>
<Cov CovItemId="S1" Value="1"/>
<Cov CovItemId="S2" Value="7"/>
<Cov CovItemId="S3" Value="6"/>
<Cov CovItemId="S4" Value="1"/>
<Cov CovItemId="S5" Value="5"/>
</CovPrefix>
</CovList>
<AssgnmntList>
<AssgnmntPrefix RootTermCovItemPrefix="counter_esempio.Counter.java">
<AssgnmntListEntry Length="2" RootTermCovItemId="C1">
<MapEntry BoolAssgnmnt="00" Value="5"/>
<MapEntry BoolAssgnmnt="01" Value="1"/>
</AssgnmntListEntry>
</AssgnmntPrefix>
</AssgnmntList>
<ObjMetaDataList/>
<MetaDataList/>
</TestCase>
<TestCase Comment="" Date="1706707434300" Name="randoop.RandoopTest0:test197">
<CovList>
<CovPrefix CovItemPrefix="counter_esempio.Counter.java">
<Cov CovItemId="B1" Value="1"/>
<Cov CovItemId="B2" Value="3"/>
<Cov CovItemId="S1" Value="1"/>
<Cov CovItemId="S2" Value="8"/>
<Cov CovItemId="S3" Value="4"/>
<Cov CovItemId="S4" Value="1"/>
<Cov CovItemId="S5" Value="3"/>
</CovPrefix>
</CovList>
<AssgnmntList>
<AssgnmntPrefix RootTermCovItemPrefix="counter_esempio.Counter.java">
<AssgnmntListEntry Length="2" RootTermCovItemId="C1">
<MapEntry BoolAssgnmnt="00" Value="3"/>
<MapEntry BoolAssgnmnt="01" Value="1"/>
</AssgnmntListEntry>
</AssgnmntPrefix>
</AssgnmntList>
<ObjMetaDataList/>
<MetaDataList/>
</TestCase>
<TestCase Comment="" Date="1706707434300" Name="randoop.RandoopTest0:test198">
<CovList>
<CovPrefix CovItemPrefix="counter_esempio.Counter.java">
<Cov CovItemId="B1" Value="1"/>
<Cov CovItemId="B2" Value="6"/>
<Cov CovItemId="S1" Value="1"/>
<Cov CovItemId="S2" Value="8"/>
<Cov CovItemId="S3" Value="7"/>
<Cov CovItemId="S4" Value="1"/>
<Cov CovItemId="S5" Value="6"/>
</CovPrefix>
</CovList>
<AssgnmntList>
<AssgnmntPrefix RootTermCovItemPrefix="counter_esempio.Counter.java">
<AssgnmntListEntry Length="2" RootTermCovItemId="C1">
<MapEntry BoolAssgnmnt="00" Value="6"/>
<MapEntry BoolAssgnmnt="01" Value="1"/>
</AssgnmntListEntry>
</AssgnmntPrefix>
</AssgnmntList>
<ObjMetaDataList/>
<MetaDataList/>
</TestCase>
<TestCase Comment="" Date="1706707434300" Name="randoop.RandoopTest0:test199">
<CovList>
<CovPrefix CovItemPrefix="counter_esempio.Counter.java">
<Cov CovItemId="B1" Value="1"/>
<Cov CovItemId="B2" Value="6"/>
<Cov CovItemId="S1" Value="1"/>
<Cov CovItemId="S2" Value="6"/>
<Cov CovItemId="S3" Value="7"/>
<Cov CovItemId="S4" Value="1"/>
<Cov CovItemId="S5" Value="6"/>
</CovPrefix>
</CovList>
<AssgnmntList>
<AssgnmntPrefix RootTermCovItemPrefix="counter_esempio.Counter.java">
<AssgnmntListEntry Length="2" RootTermCovItemId="C1">
<MapEntry BoolAssgnmnt="00" Value="6"/>
<MapEntry BoolAssgnmnt="01" Value="1"/>
</AssgnmntListEntry>
</AssgnmntPrefix>
</AssgnmntList>
<ObjMetaDataList/>
<MetaDataList/>
</TestCase>
<TestCase Comment="" Date="1706707434300" Name="randoop.RandoopTest0:test200">
<CovList>
<CovPrefix CovItemPrefix="counter_esempio.Counter.java">
<Cov CovItemId="B1" Value="1"/>
<Cov CovItemId="B2" Value="8"/>
<Cov CovItemId="S1" Value="1"/>
<Cov CovItemId="S2" Value="4"/>
<Cov CovItemId="S3" Value="9"/>
<Cov CovItemId="S4" Value="1"/>
<Cov CovItemId="S5" Value="8"/>
</CovPrefix>
</CovList>
<AssgnmntList>
<AssgnmntPrefix RootTermCovItemPrefix="counter_esempio.Counter.java">
<AssgnmntListEntry Length="2" RootTermCovItemId="C1">
<MapEntry BoolAssgnmnt="00" Value="8"/>
<MapEntry BoolAssgnmnt="01" Value="1"/>
</AssgnmntListEntry>
</AssgnmntPrefix>
</AssgnmntList>
<ObjMetaDataList/>
<MetaDataList/>
</TestCase>
<TestCase Comment="" Date="1706707434300" Name="randoop.RandoopTest0:test201">
<CovList>
<CovPrefix CovItemPrefix="counter_esempio.Counter.java">
<Cov CovItemId="B1" Value="1"/>
<Cov CovItemId="B2" Value="2"/>
<Cov CovItemId="S1" Value="1"/>
<Cov CovItemId="S2" Value="4"/>
<Cov CovItemId="S3" Value="3"/>
<Cov CovItemId="S4" Value="1"/>
<Cov CovItemId="S5" Value="2"/>
</CovPrefix>
</CovList>
<AssgnmntList>
<AssgnmntPrefix RootTermCovItemPrefix="counter_esempio.Counter.java">
<AssgnmntListEntry Length="2" RootTermCovItemId="C1">
<MapEntry BoolAssgnmnt="00" Value="2"/>
<MapEntry BoolAssgnmnt="01" Value="1"/>
</AssgnmntListEntry>
</AssgnmntPrefix>
</AssgnmntList>
<ObjMetaDataList/>
<MetaDataList/>
</TestCase>
<TestCase Comment="" Date="1706707434300" Name="randoop.RandoopTest0:test202">
<CovList>
<CovPrefix CovItemPrefix="counter_esempio.Counter.java">
<Cov CovItemId="B1" Value="1"/>
<Cov CovItemId="B2" Value="3"/>
<Cov CovItemId="S1" Value="1"/>
<Cov CovItemId="S2" Value="4"/>
<Cov CovItemId="S3" Value="4"/>
<Cov CovItemId="S4" Value="1"/>
<Cov CovItemId="S5" Value="3"/>
</CovPrefix>
</CovList>
<AssgnmntList>
<AssgnmntPrefix RootTermCovItemPrefix="counter_esempio.Counter.java">
<AssgnmntListEntry Length="2" RootTermCovItemId="C1">
<MapEntry BoolAssgnmnt="00" Value="3"/>
<MapEntry BoolAssgnmnt="01" Value="1"/>
</AssgnmntListEntry>
</AssgnmntPrefix>
</AssgnmntList>
<ObjMetaDataList/>
<MetaDataList/>
</TestCase>
<TestCase Comment="" Date="1706707434300" Name="randoop.RandoopTest0:test203">
<CovList>
<CovPrefix CovItemPrefix="counter_esempio.Counter.java">
<Cov CovItemId="B1" Value="1"/>
<Cov CovItemId="B2" Value="3"/>
<Cov CovItemId="S1" Value="1"/>
<Cov CovItemId="S2" Value="8"/>
<Cov CovItemId="S3" Value="4"/>
<Cov CovItemId="S4" Value="1"/>
<Cov CovItemId="S5" Value="3"/>
</CovPrefix>
</CovList>
<AssgnmntList>
<AssgnmntPrefix RootTermCovItemPrefix="counter_esempio.Counter.java">
<AssgnmntListEntry Length="2" RootTermCovItemId="C1">
<MapEntry BoolAssgnmnt="00" Value="3"/>
<MapEntry BoolAssgnmnt="01" Value="1"/>
</AssgnmntListEntry>
</AssgnmntPrefix>
</AssgnmntList>
<ObjMetaDataList/>
<MetaDataList/>
</TestCase>
<TestCase Comment="" Date="1706707434300" Name="randoop.RandoopTest0:test204">
<CovList>
<CovPrefix CovItemPrefix="counter_esempio.Counter.java">
<Cov CovItemId="B1" Value="1"/>
<Cov CovItemId="B2" Value="9"/>
<Cov CovItemId="S1" Value="1"/>
<Cov CovItemId="S2" Value="8"/>
<Cov CovItemId="S3" Value="10"/>
<Cov CovItemId="S4" Value="1"/>
<Cov CovItemId="S5" Value="9"/>
</CovPrefix>
</CovList>
<AssgnmntList>
<AssgnmntPrefix RootTermCovItemPrefix="counter_esempio.Counter.java">
<AssgnmntListEntry Length="2" RootTermCovItemId="C1">
<MapEntry BoolAssgnmnt="00" Value="9"/>
<MapEntry BoolAssgnmnt="01" Value="1"/>
</AssgnmntListEntry>
</AssgnmntPrefix>
</AssgnmntList>
<ObjMetaDataList/>
<MetaDataList/>
</TestCase>
<TestCase Comment="" Date="1706707434300" Name="randoop.RandoopTest0:test205">
<CovList>
<CovPrefix CovItemPrefix="counter_esempio.Counter.java">
<Cov CovItemId="B1" Value="1"/>
<Cov CovItemId="B2" Value="9"/>
<Cov CovItemId="S1" Value="1"/>
<Cov CovItemId="S2" Value="8"/>
<Cov CovItemId="S3" Value="10"/>
<Cov CovItemId="S4" Value="1"/>
<Cov CovItemId="S5" Value="9"/>
</CovPrefix>
</CovList>
<AssgnmntList>
<AssgnmntPrefix RootTermCovItemPrefix="counter_esempio.Counter.java">
<AssgnmntListEntry Length="2" RootTermCovItemId="C1">
<MapEntry BoolAssgnmnt="00" Value="9"/>
<MapEntry BoolAssgnmnt="01" Value="1"/>
</AssgnmntListEntry>
</AssgnmntPrefix>
</AssgnmntList>
<ObjMetaDataList/>
<MetaDataList/>
</TestCase>
<TestCase Comment="" Date="1706707434300" Name="randoop.RandoopTest0:test206">
<CovList>
<CovPrefix CovItemPrefix="counter_esempio.Counter.java">
<Cov CovItemId="B1" Value="1"/>
<Cov CovItemId="B2" Value="7"/>
<Cov CovItemId="S1" Value="1"/>
<Cov CovItemId="S2" Value="11"/>
<Cov CovItemId="S3" Value="8"/>
<Cov CovItemId="S4" Value="1"/>
<Cov CovItemId="S5" Value="7"/>
</CovPrefix>
</CovList>
<AssgnmntList>
<AssgnmntPrefix RootTermCovItemPrefix="counter_esempio.Counter.java">
<AssgnmntListEntry Length="2" RootTermCovItemId="C1">
<MapEntry BoolAssgnmnt="00" Value="7"/>
<MapEntry BoolAssgnmnt="01" Value="1"/>
</AssgnmntListEntry>
</AssgnmntPrefix>
</AssgnmntList>
<ObjMetaDataList/>
<MetaDataList/>
</TestCase>
<TestCase Comment="" Date="1706707434300" Name="randoop.RandoopTest0:test207">
<CovList>
<CovPrefix CovItemPrefix="counter_esempio.Counter.java">
<Cov CovItemId="B1" Value="1"/>
<Cov CovItemId="B2" Value="11"/>
<Cov CovItemId="S1" Value="1"/>
<Cov CovItemId="S2" Value="5"/>
<Cov CovItemId="S3" Value="12"/>
<Cov CovItemId="S4" Value="1"/>
<Cov CovItemId="S5" Value="11"/>
</CovPrefix>
</CovList>
<AssgnmntList>
<AssgnmntPrefix RootTermCovItemPrefix="counter_esempio.Counter.java">
<AssgnmntListEntry Length="2" RootTermCovItemId="C1">
<MapEntry BoolAssgnmnt="00" Value="11"/>
<MapEntry BoolAssgnmnt="01" Value="1"/>
</AssgnmntListEntry>
</AssgnmntPrefix>
</AssgnmntList>
<ObjMetaDataList/>
<MetaDataList/>
</TestCase>
<TestCase Comment="" Date="1706707434300" Name="randoop.RandoopTest0:test208">
<CovList>
<CovPrefix CovItemPrefix="counter_esempio.Counter.java">
<Cov CovItemId="B1" Value="1"/>
<Cov CovItemId="B2" Value="6"/>
<Cov CovItemId="S1" Value="1"/>
<Cov CovItemId="S2" Value="6"/>
<Cov CovItemId="S3" Value="7"/>
<Cov CovItemId="S4" Value="1"/>
<Cov CovItemId="S5" Value="6"/>
</CovPrefix>
</CovList>
<AssgnmntList>
<AssgnmntPrefix RootTermCovItemPrefix="counter_esempio.Counter.java">
<AssgnmntListEntry Length="2" RootTermCovItemId="C1">
<MapEntry BoolAssgnmnt="00" Value="6"/>
<MapEntry BoolAssgnmnt="01" Value="1"/>
</AssgnmntListEntry>
</AssgnmntPrefix>
</AssgnmntList>
<ObjMetaDataList/>
<MetaDataList/>
</TestCase>
<TestCase Comment="" Date="1706707434300" Name="randoop.RandoopTest0:test209">
<CovList>
<CovPrefix CovItemPrefix="counter_esempio.Counter.java">
<Cov CovItemId="B1" Value="1"/>
<Cov CovItemId="B2" Value="11"/>
<Cov CovItemId="S1" Value="1"/>
<Cov CovItemId="S2" Value="9"/>
<Cov CovItemId="S3" Value="12"/>
<Cov CovItemId="S4" Value="1"/>
<Cov CovItemId="S5" Value="11"/>
</CovPrefix>
</CovList>
<AssgnmntList>
<AssgnmntPrefix RootTermCovItemPrefix="counter_esempio.Counter.java">
<AssgnmntListEntry Length="2" RootTermCovItemId="C1">
<MapEntry BoolAssgnmnt="00" Value="11"/>
<MapEntry BoolAssgnmnt="01" Value="1"/>
</AssgnmntListEntry>
</AssgnmntPrefix>
</AssgnmntList>
<ObjMetaDataList/>
<MetaDataList/>
</TestCase>
<TestCase Comment="" Date="1706707434316" Name="randoop.RandoopTest0:test210">
<CovList>
<CovPrefix CovItemPrefix="counter_esempio.Counter.java">
<Cov CovItemId="B2" Value="2"/>
<Cov CovItemId="S1" Value="1"/>
<Cov CovItemId="S2" Value="6"/>
<Cov CovItemId="S3" Value="2"/>
<Cov CovItemId="S5" Value="2"/>
</CovPrefix>
</CovList>
<AssgnmntList>
<AssgnmntPrefix RootTermCovItemPrefix="counter_esempio.Counter.java">
<AssgnmntListEntry Length="2" RootTermCovItemId="C1">
<MapEntry BoolAssgnmnt="00" Value="2"/>
</AssgnmntListEntry>
</AssgnmntPrefix>
</AssgnmntList>
<ObjMetaDataList/>
<MetaDataList/>
</TestCase>
<TestCase Comment="" Date="1706707434332" Name="randoop.RandoopTest0:test211">
<CovList>
<CovPrefix CovItemPrefix="counter_esempio.Counter.java">
<Cov CovItemId="B1" Value="1"/>
<Cov CovItemId="B2" Value="3"/>
<Cov CovItemId="S1" Value="1"/>
<Cov CovItemId="S2" Value="3"/>
<Cov CovItemId="S3" Value="4"/>
<Cov CovItemId="S4" Value="1"/>
<Cov CovItemId="S5" Value="3"/>
</CovPrefix>
</CovList>
<AssgnmntList>
<AssgnmntPrefix RootTermCovItemPrefix="counter_esempio.Counter.java">
<AssgnmntListEntry Length="2" RootTermCovItemId="C1">
<MapEntry BoolAssgnmnt="00" Value="3"/>
<MapEntry BoolAssgnmnt="01" Value="1"/>
</AssgnmntListEntry>
</AssgnmntPrefix>
</AssgnmntList>
<ObjMetaDataList/>
<MetaDataList/>
</TestCase>
<TestCase Comment="" Date="1706707434332" Name="randoop.RandoopTest0:test212">
<CovList>
<CovPrefix CovItemPrefix="counter_esempio.Counter.java">
<Cov CovItemId="B1" Value="1"/>
<Cov CovItemId="B2" Value="9"/>
<Cov CovItemId="S1" Value="1"/>
<Cov CovItemId="S2" Value="5"/>
<Cov CovItemId="S3" Value="10"/>
<Cov CovItemId="S4" Value="1"/>
<Cov CovItemId="S5" Value="9"/>
</CovPrefix>
</CovList>
<AssgnmntList>
<AssgnmntPrefix RootTermCovItemPrefix="counter_esempio.Counter.java">
<AssgnmntListEntry Length="2" RootTermCovItemId="C1">
<MapEntry BoolAssgnmnt="00" Value="9"/>
<MapEntry BoolAssgnmnt="01" Value="1"/>
</AssgnmntListEntry>
</AssgnmntPrefix>
</AssgnmntList>
<ObjMetaDataList/>
<MetaDataList/>
</TestCase>
<TestCase Comment="" Date="1706707434332" Name="randoop.RandoopTest0:test213">
<CovList>
<CovPrefix CovItemPrefix="counter_esempio.Counter.java">
<Cov CovItemId="B1" Value="1"/>
<Cov CovItemId="B2" Value="3"/>
<Cov CovItemId="S1" Value="1"/>
<Cov CovItemId="S2" Value="13"/>
<Cov CovItemId="S3" Value="4"/>
<Cov CovItemId="S4" Value="1"/>
<Cov CovItemId="S5" Value="3"/>
</CovPrefix>
</CovList>
<AssgnmntList>
<AssgnmntPrefix RootTermCovItemPrefix="counter_esempio.Counter.java">
<AssgnmntListEntry Length="2" RootTermCovItemId="C1">
<MapEntry BoolAssgnmnt="00" Value="3"/>
<MapEntry BoolAssgnmnt="01" Value="1"/>
</AssgnmntListEntry>
</AssgnmntPrefix>
</AssgnmntList>
<ObjMetaDataList/>
<MetaDataList/>
</TestCase>
<TestCase Comment="" Date="1706707434332" Name="randoop.RandoopTest0:test214">
<CovList>
<CovPrefix CovItemPrefix="counter_esempio.Counter.java">
<Cov CovItemId="B1" Value="1"/>
<Cov CovItemId="B2" Value="5"/>
<Cov CovItemId="S1" Value="1"/>
<Cov CovItemId="S2" Value="5"/>
<Cov CovItemId="S3" Value="6"/>
<Cov CovItemId="S4" Value="1"/>
<Cov CovItemId="S5" Value="5"/>
</CovPrefix>
</CovList>
<AssgnmntList>
<AssgnmntPrefix RootTermCovItemPrefix="counter_esempio.Counter.java">
<AssgnmntListEntry Length="2" RootTermCovItemId="C1">
<MapEntry BoolAssgnmnt="00" Value="5"/>
<MapEntry BoolAssgnmnt="01" Value="1"/>
</AssgnmntListEntry>
</AssgnmntPrefix>
</AssgnmntList>
<ObjMetaDataList/>
<MetaDataList/>
</TestCase>
<TestCase Comment="" Date="1706707434332" Name="randoop.RandoopTest0:test215">
<CovList>
<CovPrefix CovItemPrefix="counter_esempio.Counter.java">
<Cov CovItemId="B1" Value="1"/>
<Cov CovItemId="B2" Value="7"/>
<Cov CovItemId="S1" Value="1"/>
<Cov CovItemId="S2" Value="7"/>
<Cov CovItemId="S3" Value="8"/>
<Cov CovItemId="S4" Value="1"/>
<Cov CovItemId="S5" Value="7"/>
</CovPrefix>
</CovList>
<AssgnmntList>
<AssgnmntPrefix RootTermCovItemPrefix="counter_esempio.Counter.java">
<AssgnmntListEntry Length="2" RootTermCovItemId="C1">
<MapEntry BoolAssgnmnt="00" Value="7"/>
<MapEntry BoolAssgnmnt="01" Value="1"/>
</AssgnmntListEntry>
</AssgnmntPrefix>
</AssgnmntList>
<ObjMetaDataList/>
<MetaDataList/>
</TestCase>
<TestCase Comment="" Date="1706707434348" Name="randoop.RandoopTest0:test216">
<CovList>
<CovPrefix CovItemPrefix="counter_esempio.Counter.java">
<Cov CovItemId="B1" Value="1"/>
<Cov CovItemId="B2" Value="4"/>
<Cov CovItemId="S1" Value="1"/>
<Cov CovItemId="S2" Value="4"/>
<Cov CovItemId="S3" Value="5"/>
<Cov CovItemId="S4" Value="1"/>
<Cov CovItemId="S5" Value="4"/>
</CovPrefix>
</CovList>
<AssgnmntList>
<AssgnmntPrefix RootTermCovItemPrefix="counter_esempio.Counter.java">
<AssgnmntListEntry Length="2" RootTermCovItemId="C1">
<MapEntry BoolAssgnmnt="00" Value="4"/>
<MapEntry BoolAssgnmnt="01" Value="1"/>
</AssgnmntListEntry>
</AssgnmntPrefix>
</AssgnmntList>
<ObjMetaDataList/>
<MetaDataList/>
</TestCase>
<TestCase Comment="" Date="1706707434348" Name="randoop.RandoopTest0:test217">
<CovList>
<CovPrefix CovItemPrefix="counter_esempio.Counter.java">
<Cov CovItemId="B1" Value="1"/>
<Cov CovItemId="B2" Value="6"/>
<Cov CovItemId="S1" Value="1"/>
<Cov CovItemId="S2" Value="5"/>
<Cov CovItemId="S3" Value="7"/>
<Cov CovItemId="S4" Value="1"/>
<Cov CovItemId="S5" Value="6"/>
</CovPrefix>
</CovList>
<AssgnmntList>
<AssgnmntPrefix RootTermCovItemPrefix="counter_esempio.Counter.java">
<AssgnmntListEntry Length="2" RootTermCovItemId="C1">
<MapEntry BoolAssgnmnt="00" Value="6"/>
<MapEntry BoolAssgnmnt="01" Value="1"/>
</AssgnmntListEntry>
</AssgnmntPrefix>
</AssgnmntList>
<ObjMetaDataList/>
<MetaDataList/>
</TestCase>
<TestCase Comment="" Date="1706707434348" Name="randoop.RandoopTest0:test218">
<CovList>
<CovPrefix CovItemPrefix="counter_esempio.Counter.java">
<Cov CovItemId="B1" Value="1"/>
<Cov CovItemId="B2" Value="7"/>
<Cov CovItemId="S1" Value="1"/>
<Cov CovItemId="S2" Value="11"/>
<Cov CovItemId="S3" Value="8"/>
<Cov CovItemId="S4" Value="1"/>
<Cov CovItemId="S5" Value="7"/>
</CovPrefix>
</CovList>
<AssgnmntList>
<AssgnmntPrefix RootTermCovItemPrefix="counter_esempio.Counter.java">
<AssgnmntListEntry Length="2" RootTermCovItemId="C1">
<MapEntry BoolAssgnmnt="00" Value="7"/>
<MapEntry BoolAssgnmnt="01" Value="1"/>
</AssgnmntListEntry>
</AssgnmntPrefix>
</AssgnmntList>
<ObjMetaDataList/>
<MetaDataList/>
</TestCase>
<TestCase Comment="" Date="1706707434348" Name="randoop.RandoopTest0:test219">
<CovList>
<CovPrefix CovItemPrefix="counter_esempio.Counter.java">
<Cov CovItemId="B1" Value="1"/>
<Cov CovItemId="B2" Value="5"/>
<Cov CovItemId="S1" Value="1"/>
<Cov CovItemId="S2" Value="11"/>
<Cov CovItemId="S3" Value="6"/>
<Cov CovItemId="S4" Value="1"/>
<Cov CovItemId="S5" Value="5"/>
</CovPrefix>
</CovList>
<AssgnmntList>
<AssgnmntPrefix RootTermCovItemPrefix="counter_esempio.Counter.java">
<AssgnmntListEntry Length="2" RootTermCovItemId="C1">
<MapEntry BoolAssgnmnt="00" Value="5"/>
<MapEntry BoolAssgnmnt="01" Value="1"/>
</AssgnmntListEntry>
</AssgnmntPrefix>
</AssgnmntList>
<ObjMetaDataList/>
<MetaDataList/>
</TestCase>
<TestCase Comment="" Date="1706707434348" Name="randoop.RandoopTest0:test220">
<CovList>
<CovPrefix CovItemPrefix="counter_esempio.Counter.java">
<Cov CovItemId="B1" Value="1"/>
<Cov CovItemId="B2" Value="2"/>
<Cov CovItemId="S1" Value="1"/>
<Cov CovItemId="S2" Value="6"/>
<Cov CovItemId="S3" Value="3"/>
<Cov CovItemId="S4" Value="1"/>
<Cov CovItemId="S5" Value="2"/>
</CovPrefix>
</CovList>
<AssgnmntList>
<AssgnmntPrefix RootTermCovItemPrefix="counter_esempio.Counter.java">
<AssgnmntListEntry Length="2" RootTermCovItemId="C1">
<MapEntry BoolAssgnmnt="00" Value="2"/>
<MapEntry BoolAssgnmnt="01" Value="1"/>
</AssgnmntListEntry>
</AssgnmntPrefix>
</AssgnmntList>
<ObjMetaDataList/>
<MetaDataList/>
</TestCase>
<TestCase Comment="" Date="1706707434348" Name="randoop.RandoopTest0:test221">
<CovList>
<CovPrefix CovItemPrefix="counter_esempio.Counter.java">
<Cov CovItemId="B1" Value="1"/>
<Cov CovItemId="B2" Value="3"/>
<Cov CovItemId="S1" Value="1"/>
<Cov CovItemId="S2" Value="12"/>
<Cov CovItemId="S3" Value="4"/>
<Cov CovItemId="S4" Value="1"/>
<Cov CovItemId="S5" Value="3"/>
</CovPrefix>
</CovList>
<AssgnmntList>
<AssgnmntPrefix RootTermCovItemPrefix="counter_esempio.Counter.java">
<AssgnmntListEntry Length="2" RootTermCovItemId="C1">
<MapEntry BoolAssgnmnt="00" Value="3"/>
<MapEntry BoolAssgnmnt="01" Value="1"/>
</AssgnmntListEntry>
</AssgnmntPrefix>
</AssgnmntList>
<ObjMetaDataList/>
<MetaDataList/>
</TestCase>
<TestCase Comment="" Date="1706707434348" Name="randoop.RandoopTest0:test222">
<CovList>
<CovPrefix CovItemPrefix="counter_esempio.Counter.java">
<Cov CovItemId="B1" Value="1"/>
<Cov CovItemId="B2" Value="5"/>
<Cov CovItemId="S1" Value="1"/>
<Cov CovItemId="S2" Value="10"/>
<Cov CovItemId="S3" Value="6"/>
<Cov CovItemId="S4" Value="1"/>
<Cov CovItemId="S5" Value="5"/>
</CovPrefix>
</CovList>
<AssgnmntList>
<AssgnmntPrefix RootTermCovItemPrefix="counter_esempio.Counter.java">
<AssgnmntListEntry Length="2" RootTermCovItemId="C1">
<MapEntry BoolAssgnmnt="00" Value="5"/>
<MapEntry BoolAssgnmnt="01" Value="1"/>
</AssgnmntListEntry>
</AssgnmntPrefix>
</AssgnmntList>
<ObjMetaDataList/>
<MetaDataList/>
</TestCase>
<TestCase Comment="" Date="1706707434348" Name="randoop.RandoopTest0:test223">
<CovList>
<CovPrefix CovItemPrefix="counter_esempio.Counter.java">
<Cov CovItemId="B1" Value="1"/>
<Cov CovItemId="B2" Value="6"/>
<Cov CovItemId="S1" Value="1"/>
<Cov CovItemId="S2" Value="10"/>
<Cov CovItemId="S3" Value="7"/>
<Cov CovItemId="S4" Value="1"/>
<Cov CovItemId="S5" Value="6"/>
</CovPrefix>
</CovList>
<AssgnmntList>
<AssgnmntPrefix RootTermCovItemPrefix="counter_esempio.Counter.java">
<AssgnmntListEntry Length="2" RootTermCovItemId="C1">
<MapEntry BoolAssgnmnt="00" Value="6"/>
<MapEntry BoolAssgnmnt="01" Value="1"/>
</AssgnmntListEntry>
</AssgnmntPrefix>
</AssgnmntList>
<ObjMetaDataList/>
<MetaDataList/>
</TestCase>
<TestCase Comment="" Date="1706707434348" Name="randoop.RandoopTest0:test224">
<CovList>
<CovPrefix CovItemPrefix="counter_esempio.Counter.java">
<Cov CovItemId="B1" Value="1"/>
<Cov CovItemId="B2" Value="10"/>
<Cov CovItemId="S1" Value="1"/>
<Cov CovItemId="S2" Value="6"/>
<Cov CovItemId="S3" Value="11"/>
<Cov CovItemId="S4" Value="1"/>
<Cov CovItemId="S5" Value="10"/>
</CovPrefix>
</CovList>
<AssgnmntList>
<AssgnmntPrefix RootTermCovItemPrefix="counter_esempio.Counter.java">
<AssgnmntListEntry Length="2" RootTermCovItemId="C1">
<MapEntry BoolAssgnmnt="00" Value="10"/>
<MapEntry BoolAssgnmnt="01" Value="1"/>
</AssgnmntListEntry>
</AssgnmntPrefix>
</AssgnmntList>
<ObjMetaDataList/>
<MetaDataList/>
</TestCase>
<TestCase Comment="" Date="1706707434348" Name="randoop.RandoopTest0:test225">
<CovList>
<CovPrefix CovItemPrefix="counter_esempio.Counter.java">
<Cov CovItemId="B1" Value="1"/>
<Cov CovItemId="B2" Value="6"/>
<Cov CovItemId="S1" Value="1"/>
<Cov CovItemId="S2" Value="6"/>
<Cov CovItemId="S3" Value="7"/>
<Cov CovItemId="S4" Value="1"/>
<Cov CovItemId="S5" Value="6"/>
</CovPrefix>
</CovList>
<AssgnmntList>
<AssgnmntPrefix RootTermCovItemPrefix="counter_esempio.Counter.java">
<AssgnmntListEntry Length="2" RootTermCovItemId="C1">
<MapEntry BoolAssgnmnt="00" Value="6"/>
<MapEntry BoolAssgnmnt="01" Value="1"/>
</AssgnmntListEntry>
</AssgnmntPrefix>
</AssgnmntList>
<ObjMetaDataList/>
<MetaDataList/>
</TestCase>
<TestCase Comment="" Date="1706707434348" Name="randoop.RandoopTest0:test226">
<CovList>
<CovPrefix CovItemPrefix="counter_esempio.Counter.java">
<Cov CovItemId="B1" Value="1"/>
<Cov CovItemId="B2" Value="6"/>
<Cov CovItemId="S1" Value="1"/>
<Cov CovItemId="S2" Value="10"/>
<Cov CovItemId="S3" Value="7"/>
<Cov CovItemId="S4" Value="1"/>
<Cov CovItemId="S5" Value="6"/>
</CovPrefix>
</CovList>
<AssgnmntList>
<AssgnmntPrefix RootTermCovItemPrefix="counter_esempio.Counter.java">
<AssgnmntListEntry Length="2" RootTermCovItemId="C1">
<MapEntry BoolAssgnmnt="00" Value="6"/>
<MapEntry BoolAssgnmnt="01" Value="1"/>
</AssgnmntListEntry>
</AssgnmntPrefix>
</AssgnmntList>
<ObjMetaDataList/>
<MetaDataList/>
</TestCase>
<TestCase Comment="" Date="1706707434348" Name="randoop.RandoopTest0:test227">
<CovList>
<CovPrefix CovItemPrefix="counter_esempio.Counter.java">
<Cov CovItemId="B1" Value="1"/>
<Cov CovItemId="B2" Value="8"/>
<Cov CovItemId="S1" Value="1"/>
<Cov CovItemId="S2" Value="12"/>
<Cov CovItemId="S3" Value="9"/>
<Cov CovItemId="S4" Value="1"/>
<Cov CovItemId="S5" Value="8"/>
</CovPrefix>
</CovList>
<AssgnmntList>
<AssgnmntPrefix RootTermCovItemPrefix="counter_esempio.Counter.java">
<AssgnmntListEntry Length="2" RootTermCovItemId="C1">
<MapEntry BoolAssgnmnt="00" Value="8"/>
<MapEntry BoolAssgnmnt="01" Value="1"/>
</AssgnmntListEntry>
</AssgnmntPrefix>
</AssgnmntList>
<ObjMetaDataList/>
<MetaDataList/>
</TestCase>
<TestCase Comment="" Date="1706707434363" Name="randoop.RandoopTest0:test228">
<CovList>
<CovPrefix CovItemPrefix="counter_esempio.Counter.java">
<Cov CovItemId="B1" Value="1"/>
<Cov CovItemId="B2" Value="4"/>
<Cov CovItemId="S1" Value="1"/>
<Cov CovItemId="S2" Value="9"/>
<Cov CovItemId="S3" Value="5"/>
<Cov CovItemId="S4" Value="1"/>
<Cov CovItemId="S5" Value="4"/>
</CovPrefix>
</CovList>
<AssgnmntList>
<AssgnmntPrefix RootTermCovItemPrefix="counter_esempio.Counter.java">
<AssgnmntListEntry Length="2" RootTermCovItemId="C1">
<MapEntry BoolAssgnmnt="00" Value="4"/>
<MapEntry BoolAssgnmnt="01" Value="1"/>
</AssgnmntListEntry>
</AssgnmntPrefix>
</AssgnmntList>
<ObjMetaDataList/>
<MetaDataList/>
</TestCase>
<TestCase Comment="" Date="1706707434363" Name="randoop.RandoopTest0:test229">
<CovList>
<CovPrefix CovItemPrefix="counter_esempio.Counter.java">
<Cov CovItemId="B1" Value="1"/>
<Cov CovItemId="B2" Value="5"/>
<Cov CovItemId="S1" Value="1"/>
<Cov CovItemId="S2" Value="10"/>
<Cov CovItemId="S3" Value="6"/>
<Cov CovItemId="S4" Value="1"/>
<Cov CovItemId="S5" Value="5"/>
</CovPrefix>
</CovList>
<AssgnmntList>
<AssgnmntPrefix RootTermCovItemPrefix="counter_esempio.Counter.java">
<AssgnmntListEntry Length="2" RootTermCovItemId="C1">
<MapEntry BoolAssgnmnt="00" Value="5"/>
<MapEntry BoolAssgnmnt="01" Value="1"/>
</AssgnmntListEntry>
</AssgnmntPrefix>
</AssgnmntList>
<ObjMetaDataList/>
<MetaDataList/>
</TestCase>
<TestCase Comment="" Date="1706707434363" Name="randoop.RandoopTest0:test230">
<CovList>
<CovPrefix CovItemPrefix="counter_esempio.Counter.java">
<Cov CovItemId="B1" Value="1"/>
<Cov CovItemId="B2" Value="10"/>
<Cov CovItemId="S1" Value="1"/>
<Cov CovItemId="S2" Value="5"/>
<Cov CovItemId="S3" Value="11"/>
<Cov CovItemId="S4" Value="1"/>
<Cov CovItemId="S5" Value="10"/>
</CovPrefix>
</CovList>
<AssgnmntList>
<AssgnmntPrefix RootTermCovItemPrefix="counter_esempio.Counter.java">
<AssgnmntListEntry Length="2" RootTermCovItemId="C1">
<MapEntry BoolAssgnmnt="00" Value="10"/>
<MapEntry BoolAssgnmnt="01" Value="1"/>
</AssgnmntListEntry>
</AssgnmntPrefix>
</AssgnmntList>
<ObjMetaDataList/>
<MetaDataList/>
</TestCase>
<TestCase Comment="" Date="1706707434363" Name="randoop.RandoopTest0:test231">
<CovList>
<CovPrefix CovItemPrefix="counter_esempio.Counter.java">
<Cov CovItemId="B1" Value="1"/>
<Cov CovItemId="B2" Value="3"/>
<Cov CovItemId="S1" Value="1"/>
<Cov CovItemId="S2" Value="5"/>
<Cov CovItemId="S3" Value="4"/>
<Cov CovItemId="S4" Value="1"/>
<Cov CovItemId="S5" Value="3"/>
</CovPrefix>
</CovList>
<AssgnmntList>
<AssgnmntPrefix RootTermCovItemPrefix="counter_esempio.Counter.java">
<AssgnmntListEntry Length="2" RootTermCovItemId="C1">
<MapEntry BoolAssgnmnt="00" Value="3"/>
<MapEntry BoolAssgnmnt="01" Value="1"/>
</AssgnmntListEntry>
</AssgnmntPrefix>
</AssgnmntList>
<ObjMetaDataList/>
<MetaDataList/>
</TestCase>
<TestCase Comment="" Date="1706707434363" Name="randoop.RandoopTest0:test232">
<CovList>
<CovPrefix CovItemPrefix="counter_esempio.Counter.java">
<Cov CovItemId="B1" Value="1"/>
<Cov CovItemId="B2" Value="4"/>
<Cov CovItemId="S1" Value="1"/>
<Cov CovItemId="S2" Value="5"/>
<Cov CovItemId="S3" Value="5"/>
<Cov CovItemId="S4" Value="1"/>
<Cov CovItemId="S5" Value="4"/>
</CovPrefix>
</CovList>
<AssgnmntList>
<AssgnmntPrefix RootTermCovItemPrefix="counter_esempio.Counter.java">
<AssgnmntListEntry Length="2" RootTermCovItemId="C1">
<MapEntry BoolAssgnmnt="00" Value="4"/>
<MapEntry BoolAssgnmnt="01" Value="1"/>
</AssgnmntListEntry>
</AssgnmntPrefix>
</AssgnmntList>
<ObjMetaDataList/>
<MetaDataList/>
</TestCase>
<TestCase Comment="" Date="1706707434363" Name="randoop.RandoopTest0:test233">
<CovList>
<CovPrefix CovItemPrefix="counter_esempio.Counter.java">
<Cov CovItemId="B1" Value="1"/>
<Cov CovItemId="B2" Value="6"/>
<Cov CovItemId="S1" Value="1"/>
<Cov CovItemId="S2" Value="5"/>
<Cov CovItemId="S3" Value="7"/>
<Cov CovItemId="S4" Value="1"/>
<Cov CovItemId="S5" Value="6"/>
</CovPrefix>
</CovList>
<AssgnmntList>
<AssgnmntPrefix RootTermCovItemPrefix="counter_esempio.Counter.java">
<AssgnmntListEntry Length="2" RootTermCovItemId="C1">
<MapEntry BoolAssgnmnt="00" Value="6"/>
<MapEntry BoolAssgnmnt="01" Value="1"/>
</AssgnmntListEntry>
</AssgnmntPrefix>
</AssgnmntList>
<ObjMetaDataList/>
<MetaDataList/>
</TestCase>
<TestCase Comment="" Date="1706707434363" Name="randoop.RandoopTest0:test234">
<CovList>
<CovPrefix CovItemPrefix="counter_esempio.Counter.java">
<Cov CovItemId="B1" Value="1"/>
<Cov CovItemId="B2" Value="8"/>
<Cov CovItemId="S1" Value="1"/>
<Cov CovItemId="S2" Value="5"/>
<Cov CovItemId="S3" Value="9"/>
<Cov CovItemId="S4" Value="1"/>
<Cov CovItemId="S5" Value="8"/>
</CovPrefix>
</CovList>
<AssgnmntList>
<AssgnmntPrefix RootTermCovItemPrefix="counter_esempio.Counter.java">
<AssgnmntListEntry Length="2" RootTermCovItemId="C1">
<MapEntry BoolAssgnmnt="00" Value="8"/>
<MapEntry BoolAssgnmnt="01" Value="1"/>
</AssgnmntListEntry>
</AssgnmntPrefix>
</AssgnmntList>
<ObjMetaDataList/>
<MetaDataList/>
</TestCase>
<TestCase Comment="" Date="1706707434363" Name="randoop.RandoopTest0:test235">
<CovList>
<CovPrefix CovItemPrefix="counter_esempio.Counter.java">
<Cov CovItemId="B1" Value="1"/>
<Cov CovItemId="B2" Value="5"/>
<Cov CovItemId="S1" Value="1"/>
<Cov CovItemId="S2" Value="5"/>
<Cov CovItemId="S3" Value="6"/>
<Cov CovItemId="S4" Value="1"/>
<Cov CovItemId="S5" Value="5"/>
</CovPrefix>
</CovList>
<AssgnmntList>
<AssgnmntPrefix RootTermCovItemPrefix="counter_esempio.Counter.java">
<AssgnmntListEntry Length="2" RootTermCovItemId="C1">
<MapEntry BoolAssgnmnt="00" Value="5"/>
<MapEntry BoolAssgnmnt="01" Value="1"/>
</AssgnmntListEntry>
</AssgnmntPrefix>
</AssgnmntList>
<ObjMetaDataList/>
<MetaDataList/>
</TestCase>
<TestCase Comment="" Date="1706707434363" Name="randoop.RandoopTest0:test236">
<CovList>
<CovPrefix CovItemPrefix="counter_esempio.Counter.java">
<Cov CovItemId="B1" Value="1"/>
<Cov CovItemId="B2" Value="7"/>
<Cov CovItemId="S1" Value="1"/>
<Cov CovItemId="S2" Value="6"/>
<Cov CovItemId="S3" Value="8"/>
<Cov CovItemId="S4" Value="1"/>
<Cov CovItemId="S5" Value="7"/>
</CovPrefix>
</CovList>
<AssgnmntList>
<AssgnmntPrefix RootTermCovItemPrefix="counter_esempio.Counter.java">
<AssgnmntListEntry Length="2" RootTermCovItemId="C1">
<MapEntry BoolAssgnmnt="00" Value="7"/>
<MapEntry BoolAssgnmnt="01" Value="1"/>
</AssgnmntListEntry>
</AssgnmntPrefix>
</AssgnmntList>
<ObjMetaDataList/>
<MetaDataList/>
</TestCase>
<TestCase Comment="" Date="1706707434363" Name="randoop.RandoopTest0:test237">
<CovList>
<CovPrefix CovItemPrefix="counter_esempio.Counter.java">
<Cov CovItemId="B1" Value="1"/>
<Cov CovItemId="B2" Value="2"/>
<Cov CovItemId="S1" Value="1"/>
<Cov CovItemId="S2" Value="14"/>
<Cov CovItemId="S3" Value="3"/>
<Cov CovItemId="S4" Value="1"/>
<Cov CovItemId="S5" Value="2"/>
</CovPrefix>
</CovList>
<AssgnmntList>
<AssgnmntPrefix RootTermCovItemPrefix="counter_esempio.Counter.java">
<AssgnmntListEntry Length="2" RootTermCovItemId="C1">
<MapEntry BoolAssgnmnt="00" Value="2"/>
<MapEntry BoolAssgnmnt="01" Value="1"/>
</AssgnmntListEntry>
</AssgnmntPrefix>
</AssgnmntList>
<ObjMetaDataList/>
<MetaDataList/>
</TestCase>
<TestCase Comment="" Date="1706707434363" Name="randoop.RandoopTest0:test238">
<CovList>
<CovPrefix CovItemPrefix="counter_esempio.Counter.java">
<Cov CovItemId="B1" Value="1"/>
<Cov CovItemId="B2" Value="7"/>
<Cov CovItemId="S1" Value="1"/>
<Cov CovItemId="S2" Value="12"/>
<Cov CovItemId="S3" Value="8"/>
<Cov CovItemId="S4" Value="1"/>
<Cov CovItemId="S5" Value="7"/>
</CovPrefix>
</CovList>
<AssgnmntList>
<AssgnmntPrefix RootTermCovItemPrefix="counter_esempio.Counter.java">
<AssgnmntListEntry Length="2" RootTermCovItemId="C1">
<MapEntry BoolAssgnmnt="00" Value="7"/>
<MapEntry BoolAssgnmnt="01" Value="1"/>
</AssgnmntListEntry>
</AssgnmntPrefix>
</AssgnmntList>
<ObjMetaDataList/>
<MetaDataList/>
</TestCase>
<TestCase Comment="" Date="1706707434363" Name="randoop.RandoopTest0:test239">
<CovList>
<CovPrefix CovItemPrefix="counter_esempio.Counter.java">
<Cov CovItemId="B1" Value="1"/>
<Cov CovItemId="B2" Value="8"/>
<Cov CovItemId="S1" Value="1"/>
<Cov CovItemId="S2" Value="3"/>
<Cov CovItemId="S3" Value="9"/>
<Cov CovItemId="S4" Value="1"/>
<Cov CovItemId="S5" Value="8"/>
</CovPrefix>
</CovList>
<AssgnmntList>
<AssgnmntPrefix RootTermCovItemPrefix="counter_esempio.Counter.java">
<AssgnmntListEntry Length="2" RootTermCovItemId="C1">
<MapEntry BoolAssgnmnt="00" Value="8"/>
<MapEntry BoolAssgnmnt="01" Value="1"/>
</AssgnmntListEntry>
</AssgnmntPrefix>
</AssgnmntList>
<ObjMetaDataList/>
<MetaDataList/>
</TestCase>
<TestCase Comment="" Date="1706707434363" Name="randoop.RandoopTest0:test240">
<CovList>
<CovPrefix CovItemPrefix="counter_esempio.Counter.java">
<Cov CovItemId="B1" Value="1"/>
<Cov CovItemId="B2" Value="8"/>
<Cov CovItemId="S1" Value="1"/>
<Cov CovItemId="S2" Value="6"/>
<Cov CovItemId="S3" Value="9"/>
<Cov CovItemId="S4" Value="1"/>
<Cov CovItemId="S5" Value="8"/>
</CovPrefix>
</CovList>
<AssgnmntList>
<AssgnmntPrefix RootTermCovItemPrefix="counter_esempio.Counter.java">
<AssgnmntListEntry Length="2" RootTermCovItemId="C1">
<MapEntry BoolAssgnmnt="00" Value="8"/>
<MapEntry BoolAssgnmnt="01" Value="1"/>
</AssgnmntListEntry>
</AssgnmntPrefix>
</AssgnmntList>
<ObjMetaDataList/>
<MetaDataList/>
</TestCase>
<TestCase Comment="" Date="1706707434363" Name="randoop.RandoopTest0:test241">
<CovList>
<CovPrefix CovItemPrefix="counter_esempio.Counter.java">
<Cov CovItemId="B1" Value="1"/>
<Cov CovItemId="B2" Value="8"/>
<Cov CovItemId="S1" Value="1"/>
<Cov CovItemId="S2" Value="5"/>
<Cov CovItemId="S3" Value="9"/>
<Cov CovItemId="S4" Value="1"/>
<Cov CovItemId="S5" Value="8"/>
</CovPrefix>
</CovList>
<AssgnmntList>
<AssgnmntPrefix RootTermCovItemPrefix="counter_esempio.Counter.java">
<AssgnmntListEntry Length="2" RootTermCovItemId="C1">
<MapEntry BoolAssgnmnt="00" Value="8"/>
<MapEntry BoolAssgnmnt="01" Value="1"/>
</AssgnmntListEntry>
</AssgnmntPrefix>
</AssgnmntList>
<ObjMetaDataList/>
<MetaDataList/>
</TestCase>
<TestCase Comment="" Date="1706707434363" Name="randoop.RandoopTest0:test242">
<CovList>
<CovPrefix CovItemPrefix="counter_esempio.Counter.java">
<Cov CovItemId="B1" Value="1"/>
<Cov CovItemId="B2" Value="4"/>
<Cov CovItemId="S1" Value="1"/>
<Cov CovItemId="S2" Value="8"/>
<Cov CovItemId="S3" Value="5"/>
<Cov CovItemId="S4" Value="1"/>
<Cov CovItemId="S5" Value="4"/>
</CovPrefix>
</CovList>
<AssgnmntList>
<AssgnmntPrefix RootTermCovItemPrefix="counter_esempio.Counter.java">
<AssgnmntListEntry Length="2" RootTermCovItemId="C1">
<MapEntry BoolAssgnmnt="00" Value="4"/>
<MapEntry BoolAssgnmnt="01" Value="1"/>
</AssgnmntListEntry>
</AssgnmntPrefix>
</AssgnmntList>
<ObjMetaDataList/>
<MetaDataList/>
</TestCase>
<TestCase Comment="" Date="1706707434363" Name="randoop.RandoopTest0:test243">
<CovList>
<CovPrefix CovItemPrefix="counter_esempio.Counter.java">
<Cov CovItemId="B1" Value="1"/>
<Cov CovItemId="B2" Value="3"/>
<Cov CovItemId="S1" Value="1"/>
<Cov CovItemId="S2" Value="12"/>
<Cov CovItemId="S3" Value="4"/>
<Cov CovItemId="S4" Value="1"/>
<Cov CovItemId="S5" Value="3"/>
</CovPrefix>
</CovList>
<AssgnmntList>
<AssgnmntPrefix RootTermCovItemPrefix="counter_esempio.Counter.java">
<AssgnmntListEntry Length="2" RootTermCovItemId="C1">
<MapEntry BoolAssgnmnt="00" Value="3"/>
<MapEntry BoolAssgnmnt="01" Value="1"/>
</AssgnmntListEntry>
</AssgnmntPrefix>
</AssgnmntList>
<ObjMetaDataList/>
<MetaDataList/>
</TestCase>
<TestCase Comment="" Date="1706707434363" Name="randoop.RandoopTest0:test244">
<CovList>
<CovPrefix CovItemPrefix="counter_esempio.Counter.java">
<Cov CovItemId="B1" Value="1"/>
<Cov CovItemId="B2" Value="9"/>
<Cov CovItemId="S1" Value="1"/>
<Cov CovItemId="S2" Value="3"/>
<Cov CovItemId="S3" Value="10"/>
<Cov CovItemId="S4" Value="1"/>
<Cov CovItemId="S5" Value="9"/>
</CovPrefix>
</CovList>
<AssgnmntList>
<AssgnmntPrefix RootTermCovItemPrefix="counter_esempio.Counter.java">
<AssgnmntListEntry Length="2" RootTermCovItemId="C1">
<MapEntry BoolAssgnmnt="00" Value="9"/>
<MapEntry BoolAssgnmnt="01" Value="1"/>
</AssgnmntListEntry>
</AssgnmntPrefix>
</AssgnmntList>
<ObjMetaDataList/>
<MetaDataList/>
</TestCase>
<TestCase Comment="" Date="1706707434363" Name="randoop.RandoopTest0:test245">
<CovList>
<CovPrefix CovItemPrefix="counter_esempio.Counter.java">
<Cov CovItemId="B1" Value="1"/>
<Cov CovItemId="B2" Value="7"/>
<Cov CovItemId="S1" Value="1"/>
<Cov CovItemId="S2" Value="7"/>
<Cov CovItemId="S3" Value="8"/>
<Cov CovItemId="S4" Value="1"/>
<Cov CovItemId="S5" Value="7"/>
</CovPrefix>
</CovList>
<AssgnmntList>
<AssgnmntPrefix RootTermCovItemPrefix="counter_esempio.Counter.java">
<AssgnmntListEntry Length="2" RootTermCovItemId="C1">
<MapEntry BoolAssgnmnt="00" Value="7"/>
<MapEntry BoolAssgnmnt="01" Value="1"/>
</AssgnmntListEntry>
</AssgnmntPrefix>
</AssgnmntList>
<ObjMetaDataList/>
<MetaDataList/>
</TestCase>
<TestCase Comment="" Date="1706707434363" Name="randoop.RandoopTest0:test246">
<CovList>
<CovPrefix CovItemPrefix="counter_esempio.Counter.java">
<Cov CovItemId="B1" Value="1"/>
<Cov CovItemId="B2" Value="8"/>
<Cov CovItemId="S1" Value="1"/>
<Cov CovItemId="S2" Value="5"/>
<Cov CovItemId="S3" Value="9"/>
<Cov CovItemId="S4" Value="1"/>
<Cov CovItemId="S5" Value="8"/>
</CovPrefix>
</CovList>
<AssgnmntList>
<AssgnmntPrefix RootTermCovItemPrefix="counter_esempio.Counter.java">
<AssgnmntListEntry Length="2" RootTermCovItemId="C1">
<MapEntry BoolAssgnmnt="00" Value="8"/>
<MapEntry BoolAssgnmnt="01" Value="1"/>
</AssgnmntListEntry>
</AssgnmntPrefix>
</AssgnmntList>
<ObjMetaDataList/>
<MetaDataList/>
</TestCase>
<TestCase Comment="" Date="1706707434363" Name="randoop.RandoopTest0:test247">
<CovList>
<CovPrefix CovItemPrefix="counter_esempio.Counter.java">
<Cov CovItemId="B1" Value="1"/>
<Cov CovItemId="B2" Value="9"/>
<Cov CovItemId="S1" Value="1"/>
<Cov CovItemId="S2" Value="8"/>
<Cov CovItemId="S3" Value="10"/>
<Cov CovItemId="S4" Value="1"/>
<Cov CovItemId="S5" Value="9"/>
</CovPrefix>
</CovList>
<AssgnmntList>
<AssgnmntPrefix RootTermCovItemPrefix="counter_esempio.Counter.java">
<AssgnmntListEntry Length="2" RootTermCovItemId="C1">
<MapEntry BoolAssgnmnt="00" Value="9"/>
<MapEntry BoolAssgnmnt="01" Value="1"/>
</AssgnmntListEntry>
</AssgnmntPrefix>
</AssgnmntList>
<ObjMetaDataList/>
<MetaDataList/>
</TestCase>
<TestCase Comment="" Date="1706707434363" Name="randoop.RandoopTest0:test248">
<CovList>
<CovPrefix CovItemPrefix="counter_esempio.Counter.java">
<Cov CovItemId="B1" Value="1"/>
<Cov CovItemId="B2" Value="9"/>
<Cov CovItemId="S1" Value="1"/>
<Cov CovItemId="S2" Value="7"/>
<Cov CovItemId="S3" Value="10"/>
<Cov CovItemId="S4" Value="1"/>
<Cov CovItemId="S5" Value="9"/>
</CovPrefix>
</CovList>
<AssgnmntList>
<AssgnmntPrefix RootTermCovItemPrefix="counter_esempio.Counter.java">
<AssgnmntListEntry Length="2" RootTermCovItemId="C1">
<MapEntry BoolAssgnmnt="00" Value="9"/>
<MapEntry BoolAssgnmnt="01" Value="1"/>
</AssgnmntListEntry>
</AssgnmntPrefix>
</AssgnmntList>
<ObjMetaDataList/>
<MetaDataList/>
</TestCase>
<TestCase Comment="" Date="1706707434363" Name="randoop.RandoopTest0:test249">
<CovList>
<CovPrefix CovItemPrefix="counter_esempio.Counter.java">
<Cov CovItemId="B1" Value="1"/>
<Cov CovItemId="B2" Value="5"/>
<Cov CovItemId="S1" Value="1"/>
<Cov CovItemId="S2" Value="2"/>
<Cov CovItemId="S3" Value="6"/>
<Cov CovItemId="S4" Value="1"/>
<Cov CovItemId="S5" Value="5"/>
</CovPrefix>
</CovList>
<AssgnmntList>
<AssgnmntPrefix RootTermCovItemPrefix="counter_esempio.Counter.java">
<AssgnmntListEntry Length="2" RootTermCovItemId="C1">
<MapEntry BoolAssgnmnt="00" Value="5"/>
<MapEntry BoolAssgnmnt="01" Value="1"/>
</AssgnmntListEntry>
</AssgnmntPrefix>
</AssgnmntList>
<ObjMetaDataList/>
<MetaDataList/>
</TestCase>
<TestCase Comment="" Date="1706707434363" Name="randoop.RandoopTest0:test250">
<CovList>
<CovPrefix CovItemPrefix="counter_esempio.Counter.java">
<Cov CovItemId="B1" Value="1"/>
<Cov CovItemId="B2" Value="8"/>
<Cov CovItemId="S1" Value="1"/>
<Cov CovItemId="S2" Value="5"/>
<Cov CovItemId="S3" Value="9"/>
<Cov CovItemId="S4" Value="1"/>
<Cov CovItemId="S5" Value="8"/>
</CovPrefix>
</CovList>
<AssgnmntList>
<AssgnmntPrefix RootTermCovItemPrefix="counter_esempio.Counter.java">
<AssgnmntListEntry Length="2" RootTermCovItemId="C1">
<MapEntry BoolAssgnmnt="00" Value="8"/>
<MapEntry BoolAssgnmnt="01" Value="1"/>
</AssgnmntListEntry>
</AssgnmntPrefix>
</AssgnmntList>
<ObjMetaDataList/>
<MetaDataList/>
</TestCase>
<TestCase Comment="" Date="1706707434363" Name="randoop.RandoopTest0:test251">
<CovList>
<CovPrefix CovItemPrefix="counter_esempio.Counter.java">
<Cov CovItemId="B1" Value="1"/>
<Cov CovItemId="B2" Value="5"/>
<Cov CovItemId="S1" Value="1"/>
<Cov CovItemId="S2" Value="13"/>
<Cov CovItemId="S3" Value="6"/>
<Cov CovItemId="S4" Value="1"/>
<Cov CovItemId="S5" Value="5"/>
</CovPrefix>
</CovList>
<AssgnmntList>
<AssgnmntPrefix RootTermCovItemPrefix="counter_esempio.Counter.java">
<AssgnmntListEntry Length="2" RootTermCovItemId="C1">
<MapEntry BoolAssgnmnt="00" Value="5"/>
<MapEntry BoolAssgnmnt="01" Value="1"/>
</AssgnmntListEntry>
</AssgnmntPrefix>
</AssgnmntList>
<ObjMetaDataList/>
<MetaDataList/>
</TestCase>
<TestCase Comment="" Date="1706707434363" Name="randoop.RandoopTest0:test252">
<CovList>
<CovPrefix CovItemPrefix="counter_esempio.Counter.java">
<Cov CovItemId="B1" Value="1"/>
<Cov CovItemId="B2" Value="7"/>
<Cov CovItemId="S1" Value="1"/>
<Cov CovItemId="S2" Value="4"/>
<Cov CovItemId="S3" Value="8"/>
<Cov CovItemId="S4" Value="1"/>
<Cov CovItemId="S5" Value="7"/>
</CovPrefix>
</CovList>
<AssgnmntList>
<AssgnmntPrefix RootTermCovItemPrefix="counter_esempio.Counter.java">
<AssgnmntListEntry Length="2" RootTermCovItemId="C1">
<MapEntry BoolAssgnmnt="00" Value="7"/>
<MapEntry BoolAssgnmnt="01" Value="1"/>
</AssgnmntListEntry>
</AssgnmntPrefix>
</AssgnmntList>
<ObjMetaDataList/>
<MetaDataList/>
</TestCase>
<TestCase Comment="" Date="1706707434363" Name="randoop.RandoopTest0:test253">
<CovList>
<CovPrefix CovItemPrefix="counter_esempio.Counter.java">
<Cov CovItemId="B1" Value="1"/>
<Cov CovItemId="B2" Value="7"/>
<Cov CovItemId="S1" Value="1"/>
<Cov CovItemId="S2" Value="3"/>
<Cov CovItemId="S3" Value="8"/>
<Cov CovItemId="S4" Value="1"/>
<Cov CovItemId="S5" Value="7"/>
</CovPrefix>
</CovList>
<AssgnmntList>
<AssgnmntPrefix RootTermCovItemPrefix="counter_esempio.Counter.java">
<AssgnmntListEntry Length="2" RootTermCovItemId="C1">
<MapEntry BoolAssgnmnt="00" Value="7"/>
<MapEntry BoolAssgnmnt="01" Value="1"/>
</AssgnmntListEntry>
</AssgnmntPrefix>
</AssgnmntList>
<ObjMetaDataList/>
<MetaDataList/>
</TestCase>
<TestCase Comment="" Date="1706707434363" Name="randoop.RandoopTest0:test254">
<CovList>
<CovPrefix CovItemPrefix="counter_esempio.Counter.java">
<Cov CovItemId="B1" Value="1"/>
<Cov CovItemId="B2" Value="5"/>
<Cov CovItemId="S1" Value="1"/>
<Cov CovItemId="S2" Value="7"/>
<Cov CovItemId="S3" Value="6"/>
<Cov CovItemId="S4" Value="1"/>
<Cov CovItemId="S5" Value="5"/>
</CovPrefix>
</CovList>
<AssgnmntList>
<AssgnmntPrefix RootTermCovItemPrefix="counter_esempio.Counter.java">
<AssgnmntListEntry Length="2" RootTermCovItemId="C1">
<MapEntry BoolAssgnmnt="00" Value="5"/>
<MapEntry BoolAssgnmnt="01" Value="1"/>
</AssgnmntListEntry>
</AssgnmntPrefix>
</AssgnmntList>
<ObjMetaDataList/>
<MetaDataList/>
</TestCase>
<TestCase Comment="" Date="1706707434363" Name="randoop.RandoopTest0:test255">
<CovList>
<CovPrefix CovItemPrefix="counter_esempio.Counter.java">
<Cov CovItemId="B1" Value="1"/>
<Cov CovItemId="B2" Value="9"/>
<Cov CovItemId="S1" Value="1"/>
<Cov CovItemId="S2" Value="6"/>
<Cov CovItemId="S3" Value="10"/>
<Cov CovItemId="S4" Value="1"/>
<Cov CovItemId="S5" Value="9"/>
</CovPrefix>
</CovList>
<AssgnmntList>
<AssgnmntPrefix RootTermCovItemPrefix="counter_esempio.Counter.java">
<AssgnmntListEntry Length="2" RootTermCovItemId="C1">
<MapEntry BoolAssgnmnt="00" Value="9"/>
<MapEntry BoolAssgnmnt="01" Value="1"/>
</AssgnmntListEntry>
</AssgnmntPrefix>
</AssgnmntList>
<ObjMetaDataList/>
<MetaDataList/>
</TestCase>
<TestCase Comment="" Date="1706707434379" Name="randoop.RandoopTest0:test256">
<CovList>
<CovPrefix CovItemPrefix="counter_esempio.Counter.java">
<Cov CovItemId="B1" Value="1"/>
<Cov CovItemId="B2" Value="9"/>
<Cov CovItemId="S1" Value="1"/>
<Cov CovItemId="S2" Value="6"/>
<Cov CovItemId="S3" Value="10"/>
<Cov CovItemId="S4" Value="1"/>
<Cov CovItemId="S5" Value="9"/>
</CovPrefix>
</CovList>
<AssgnmntList>
<AssgnmntPrefix RootTermCovItemPrefix="counter_esempio.Counter.java">
<AssgnmntListEntry Length="2" RootTermCovItemId="C1">
<MapEntry BoolAssgnmnt="00" Value="9"/>
<MapEntry BoolAssgnmnt="01" Value="1"/>
</AssgnmntListEntry>
</AssgnmntPrefix>
</AssgnmntList>
<ObjMetaDataList/>
<MetaDataList/>
</TestCase>
<TestCase Comment="" Date="1706707434379" Name="randoop.RandoopTest0:test257">
<CovList>
<CovPrefix CovItemPrefix="counter_esempio.Counter.java">
<Cov CovItemId="B1" Value="1"/>
<Cov CovItemId="B2" Value="6"/>
<Cov CovItemId="S1" Value="1"/>
<Cov CovItemId="S2" Value="7"/>
<Cov CovItemId="S3" Value="7"/>
<Cov CovItemId="S4" Value="1"/>
<Cov CovItemId="S5" Value="6"/>
</CovPrefix>
</CovList>
<AssgnmntList>
<AssgnmntPrefix RootTermCovItemPrefix="counter_esempio.Counter.java">
<AssgnmntListEntry Length="2" RootTermCovItemId="C1">
<MapEntry BoolAssgnmnt="00" Value="6"/>
<MapEntry BoolAssgnmnt="01" Value="1"/>
</AssgnmntListEntry>
</AssgnmntPrefix>
</AssgnmntList>
<ObjMetaDataList/>
<MetaDataList/>
</TestCase>
<TestCase Comment="" Date="1706707434379" Name="randoop.RandoopTest0:test258">
<CovList>
<CovPrefix CovItemPrefix="counter_esempio.Counter.java">
<Cov CovItemId="B1" Value="1"/>
<Cov CovItemId="B2" Value="8"/>
<Cov CovItemId="S1" Value="1"/>
<Cov CovItemId="S2" Value="4"/>
<Cov CovItemId="S3" Value="9"/>
<Cov CovItemId="S4" Value="1"/>
<Cov CovItemId="S5" Value="8"/>
</CovPrefix>
</CovList>
<AssgnmntList>
<AssgnmntPrefix RootTermCovItemPrefix="counter_esempio.Counter.java">
<AssgnmntListEntry Length="2" RootTermCovItemId="C1">
<MapEntry BoolAssgnmnt="00" Value="8"/>
<MapEntry BoolAssgnmnt="01" Value="1"/>
</AssgnmntListEntry>
</AssgnmntPrefix>
</AssgnmntList>
<ObjMetaDataList/>
<MetaDataList/>
</TestCase>
<TestCase Comment="" Date="1706707434379" Name="randoop.RandoopTest0:test259">
<CovList>
<CovPrefix CovItemPrefix="counter_esempio.Counter.java">
<Cov CovItemId="B1" Value="1"/>
<Cov CovItemId="B2" Value="7"/>
<Cov CovItemId="S1" Value="1"/>
<Cov CovItemId="S2" Value="7"/>
<Cov CovItemId="S3" Value="8"/>
<Cov CovItemId="S4" Value="1"/>
<Cov CovItemId="S5" Value="7"/>
</CovPrefix>
</CovList>
<AssgnmntList>
<AssgnmntPrefix RootTermCovItemPrefix="counter_esempio.Counter.java">
<AssgnmntListEntry Length="2" RootTermCovItemId="C1">
<MapEntry BoolAssgnmnt="00" Value="7"/>
<MapEntry BoolAssgnmnt="01" Value="1"/>
</AssgnmntListEntry>
</AssgnmntPrefix>
</AssgnmntList>
<ObjMetaDataList/>
<MetaDataList/>
</TestCase>
<TestCase Comment="" Date="1706707434379" Name="randoop.RandoopTest0:test260">
<CovList>
<CovPrefix CovItemPrefix="counter_esempio.Counter.java">
<Cov CovItemId="B1" Value="1"/>
<Cov CovItemId="B2" Value="3"/>
<Cov CovItemId="S1" Value="1"/>
<Cov CovItemId="S2" Value="5"/>
<Cov CovItemId="S3" Value="4"/>
<Cov CovItemId="S4" Value="1"/>
<Cov CovItemId="S5" Value="3"/>
</CovPrefix>
</CovList>
<AssgnmntList>
<AssgnmntPrefix RootTermCovItemPrefix="counter_esempio.Counter.java">
<AssgnmntListEntry Length="2" RootTermCovItemId="C1">
<MapEntry BoolAssgnmnt="00" Value="3"/>
<MapEntry BoolAssgnmnt="01" Value="1"/>
</AssgnmntListEntry>
</AssgnmntPrefix>
</AssgnmntList>
<ObjMetaDataList/>
<MetaDataList/>
</TestCase>
<TestCase Comment="" Date="1706707434379" Name="randoop.RandoopTest0:test261">
<CovList>
<CovPrefix CovItemPrefix="counter_esempio.Counter.java">
<Cov CovItemId="B1" Value="1"/>
<Cov CovItemId="B2" Value="2"/>
<Cov CovItemId="S1" Value="1"/>
<Cov CovItemId="S2" Value="10"/>
<Cov CovItemId="S3" Value="3"/>
<Cov CovItemId="S4" Value="1"/>
<Cov CovItemId="S5" Value="2"/>
</CovPrefix>
</CovList>
<AssgnmntList>
<AssgnmntPrefix RootTermCovItemPrefix="counter_esempio.Counter.java">
<AssgnmntListEntry Length="2" RootTermCovItemId="C1">
<MapEntry BoolAssgnmnt="00" Value="2"/>
<MapEntry BoolAssgnmnt="01" Value="1"/>
</AssgnmntListEntry>
</AssgnmntPrefix>
</AssgnmntList>
<ObjMetaDataList/>
<MetaDataList/>
</TestCase>
<TestCase Comment="" Date="1706707434379" Name="randoop.RandoopTest0:test262">
<CovList>
<CovPrefix CovItemPrefix="counter_esempio.Counter.java">
<Cov CovItemId="B1" Value="1"/>
<Cov CovItemId="B2" Value="10"/>
<Cov CovItemId="S1" Value="1"/>
<Cov CovItemId="S2" Value="3"/>
<Cov CovItemId="S3" Value="11"/>
<Cov CovItemId="S4" Value="1"/>
<Cov CovItemId="S5" Value="10"/>
</CovPrefix>
</CovList>
<AssgnmntList>
<AssgnmntPrefix RootTermCovItemPrefix="counter_esempio.Counter.java">
<AssgnmntListEntry Length="2" RootTermCovItemId="C1">
<MapEntry BoolAssgnmnt="00" Value="10"/>
<MapEntry BoolAssgnmnt="01" Value="1"/>
</AssgnmntListEntry>
</AssgnmntPrefix>
</AssgnmntList>
<ObjMetaDataList/>
<MetaDataList/>
</TestCase>
<TestCase Comment="" Date="1706707434379" Name="randoop.RandoopTest0:test263">
<CovList>
<CovPrefix CovItemPrefix="counter_esempio.Counter.java">
<Cov CovItemId="B1" Value="1"/>
<Cov CovItemId="B2" Value="6"/>
<Cov CovItemId="S1" Value="1"/>
<Cov CovItemId="S2" Value="6"/>
<Cov CovItemId="S3" Value="7"/>
<Cov CovItemId="S4" Value="1"/>
<Cov CovItemId="S5" Value="6"/>
</CovPrefix>
</CovList>
<AssgnmntList>
<AssgnmntPrefix RootTermCovItemPrefix="counter_esempio.Counter.java">
<AssgnmntListEntry Length="2" RootTermCovItemId="C1">
<MapEntry BoolAssgnmnt="00" Value="6"/>
<MapEntry BoolAssgnmnt="01" Value="1"/>
</AssgnmntListEntry>
</AssgnmntPrefix>
</AssgnmntList>
<ObjMetaDataList/>
<MetaDataList/>
</TestCase>
<TestCase Comment="" Date="1706707434379" Name="randoop.RandoopTest0:test264">
<CovList>
<CovPrefix CovItemPrefix="counter_esempio.Counter.java">
<Cov CovItemId="B1" Value="1"/>
<Cov CovItemId="B2" Value="6"/>
<Cov CovItemId="S1" Value="1"/>
<Cov CovItemId="S2" Value="5"/>
<Cov CovItemId="S3" Value="7"/>
<Cov CovItemId="S4" Value="1"/>
<Cov CovItemId="S5" Value="6"/>
</CovPrefix>
</CovList>
<AssgnmntList>
<AssgnmntPrefix RootTermCovItemPrefix="counter_esempio.Counter.java">
<AssgnmntListEntry Length="2" RootTermCovItemId="C1">
<MapEntry BoolAssgnmnt="00" Value="6"/>
<MapEntry BoolAssgnmnt="01" Value="1"/>
</AssgnmntListEntry>
</AssgnmntPrefix>
</AssgnmntList>
<ObjMetaDataList/>
<MetaDataList/>
</TestCase>
<TestCase Comment="" Date="1706707434379" Name="randoop.RandoopTest0:test265">
<CovList>
<CovPrefix CovItemPrefix="counter_esempio.Counter.java">
<Cov CovItemId="B1" Value="1"/>
<Cov CovItemId="B2" Value="10"/>
<Cov CovItemId="S1" Value="1"/>
<Cov CovItemId="S2" Value="7"/>
<Cov CovItemId="S3" Value="11"/>
<Cov CovItemId="S4" Value="1"/>
<Cov CovItemId="S5" Value="10"/>
</CovPrefix>
</CovList>
<AssgnmntList>
<AssgnmntPrefix RootTermCovItemPrefix="counter_esempio.Counter.java">
<AssgnmntListEntry Length="2" RootTermCovItemId="C1">
<MapEntry BoolAssgnmnt="00" Value="10"/>
<MapEntry BoolAssgnmnt="01" Value="1"/>
</AssgnmntListEntry>
</AssgnmntPrefix>
</AssgnmntList>
<ObjMetaDataList/>
<MetaDataList/>
</TestCase>
<TestCase Comment="" Date="1706707434379" Name="randoop.RandoopTest0:test266">
<CovList>
<CovPrefix CovItemPrefix="counter_esempio.Counter.java">
<Cov CovItemId="B1" Value="1"/>
<Cov CovItemId="B2" Value="7"/>
<Cov CovItemId="S1" Value="1"/>
<Cov CovItemId="S2" Value="7"/>
<Cov CovItemId="S3" Value="8"/>
<Cov CovItemId="S4" Value="1"/>
<Cov CovItemId="S5" Value="7"/>
</CovPrefix>
</CovList>
<AssgnmntList>
<AssgnmntPrefix RootTermCovItemPrefix="counter_esempio.Counter.java">
<AssgnmntListEntry Length="2" RootTermCovItemId="C1">
<MapEntry BoolAssgnmnt="00" Value="7"/>
<MapEntry BoolAssgnmnt="01" Value="1"/>
</AssgnmntListEntry>
</AssgnmntPrefix>
</AssgnmntList>
<ObjMetaDataList/>
<MetaDataList/>
</TestCase>
<TestCase Comment="" Date="1706707434379" Name="randoop.RandoopTest0:test267">
<CovList>
<CovPrefix CovItemPrefix="counter_esempio.Counter.java">
<Cov CovItemId="B1" Value="1"/>
<Cov CovItemId="B2" Value="6"/>
<Cov CovItemId="S1" Value="1"/>
<Cov CovItemId="S2" Value="12"/>
<Cov CovItemId="S3" Value="7"/>
<Cov CovItemId="S4" Value="1"/>
<Cov CovItemId="S5" Value="6"/>
</CovPrefix>
</CovList>
<AssgnmntList>
<AssgnmntPrefix RootTermCovItemPrefix="counter_esempio.Counter.java">
<AssgnmntListEntry Length="2" RootTermCovItemId="C1">
<MapEntry BoolAssgnmnt="00" Value="6"/>
<MapEntry BoolAssgnmnt="01" Value="1"/>
</AssgnmntListEntry>
</AssgnmntPrefix>
</AssgnmntList>
<ObjMetaDataList/>
<MetaDataList/>
</TestCase>
<TestCase Comment="" Date="1706707434379" Name="randoop.RandoopTest0:test268">
<CovList>
<CovPrefix CovItemPrefix="counter_esempio.Counter.java">
<Cov CovItemId="B1" Value="1"/>
<Cov CovItemId="B2" Value="4"/>
<Cov CovItemId="S1" Value="1"/>
<Cov CovItemId="S2" Value="5"/>
<Cov CovItemId="S3" Value="5"/>
<Cov CovItemId="S4" Value="1"/>
<Cov CovItemId="S5" Value="4"/>
</CovPrefix>
</CovList>
<AssgnmntList>
<AssgnmntPrefix RootTermCovItemPrefix="counter_esempio.Counter.java">
<AssgnmntListEntry Length="2" RootTermCovItemId="C1">
<MapEntry BoolAssgnmnt="00" Value="4"/>
<MapEntry BoolAssgnmnt="01" Value="1"/>
</AssgnmntListEntry>
</AssgnmntPrefix>
</AssgnmntList>
<ObjMetaDataList/>
<MetaDataList/>
</TestCase>
<TestCase Comment="" Date="1706707434379" Name="randoop.RandoopTest0:test269">
<CovList>
<CovPrefix CovItemPrefix="counter_esempio.Counter.java">
<Cov CovItemId="B1" Value="1"/>
<Cov CovItemId="B2" Value="4"/>
<Cov CovItemId="S1" Value="1"/>
<Cov CovItemId="S2" Value="12"/>
<Cov CovItemId="S3" Value="5"/>
<Cov CovItemId="S4" Value="1"/>
<Cov CovItemId="S5" Value="4"/>
</CovPrefix>
</CovList>
<AssgnmntList>
<AssgnmntPrefix RootTermCovItemPrefix="counter_esempio.Counter.java">
<AssgnmntListEntry Length="2" RootTermCovItemId="C1">
<MapEntry BoolAssgnmnt="00" Value="4"/>
<MapEntry BoolAssgnmnt="01" Value="1"/>
</AssgnmntListEntry>
</AssgnmntPrefix>
</AssgnmntList>
<ObjMetaDataList/>
<MetaDataList/>
</TestCase>
<TestCase Comment="" Date="1706707434379" Name="randoop.RandoopTest0:test270">
<CovList>
<CovPrefix CovItemPrefix="counter_esempio.Counter.java">
<Cov CovItemId="B1" Value="1"/>
<Cov CovItemId="B2" Value="7"/>
<Cov CovItemId="S1" Value="1"/>
<Cov CovItemId="S2" Value="7"/>
<Cov CovItemId="S3" Value="8"/>
<Cov CovItemId="S4" Value="1"/>
<Cov CovItemId="S5" Value="7"/>
</CovPrefix>
</CovList>
<AssgnmntList>
<AssgnmntPrefix RootTermCovItemPrefix="counter_esempio.Counter.java">
<AssgnmntListEntry Length="2" RootTermCovItemId="C1">
<MapEntry BoolAssgnmnt="00" Value="7"/>
<MapEntry BoolAssgnmnt="01" Value="1"/>
</AssgnmntListEntry>
</AssgnmntPrefix>
</AssgnmntList>
<ObjMetaDataList/>
<MetaDataList/>
</TestCase>
<TestCase Comment="" Date="1706707434379" Name="randoop.RandoopTest0:test271">
<CovList>
<CovPrefix CovItemPrefix="counter_esempio.Counter.java">
<Cov CovItemId="B1" Value="1"/>
<Cov CovItemId="B2" Value="4"/>
<Cov CovItemId="S1" Value="1"/>
<Cov CovItemId="S2" Value="6"/>
<Cov CovItemId="S3" Value="5"/>
<Cov CovItemId="S4" Value="1"/>
<Cov CovItemId="S5" Value="4"/>
</CovPrefix>
</CovList>
<AssgnmntList>
<AssgnmntPrefix RootTermCovItemPrefix="counter_esempio.Counter.java">
<AssgnmntListEntry Length="2" RootTermCovItemId="C1">
<MapEntry BoolAssgnmnt="00" Value="4"/>
<MapEntry BoolAssgnmnt="01" Value="1"/>
</AssgnmntListEntry>
</AssgnmntPrefix>
</AssgnmntList>
<ObjMetaDataList/>
<MetaDataList/>
</TestCase>
<TestCase Comment="" Date="1706707434379" Name="randoop.RandoopTest0:test272">
<CovList>
<CovPrefix CovItemPrefix="counter_esempio.Counter.java">
<Cov CovItemId="B1" Value="1"/>
<Cov CovItemId="B2" Value="8"/>
<Cov CovItemId="S1" Value="1"/>
<Cov CovItemId="S2" Value="7"/>
<Cov CovItemId="S3" Value="9"/>
<Cov CovItemId="S4" Value="1"/>
<Cov CovItemId="S5" Value="8"/>
</CovPrefix>
</CovList>
<AssgnmntList>
<AssgnmntPrefix RootTermCovItemPrefix="counter_esempio.Counter.java">
<AssgnmntListEntry Length="2" RootTermCovItemId="C1">
<MapEntry BoolAssgnmnt="00" Value="8"/>
<MapEntry BoolAssgnmnt="01" Value="1"/>
</AssgnmntListEntry>
</AssgnmntPrefix>
</AssgnmntList>
<ObjMetaDataList/>
<MetaDataList/>
</TestCase>
<TestCase Comment="" Date="1706707434379" Name="randoop.RandoopTest0:test273">
<CovList>
<CovPrefix CovItemPrefix="counter_esempio.Counter.java">
<Cov CovItemId="B1" Value="1"/>
<Cov CovItemId="B2" Value="7"/>
<Cov CovItemId="S1" Value="1"/>
<Cov CovItemId="S2" Value="11"/>
<Cov CovItemId="S3" Value="8"/>
<Cov CovItemId="S4" Value="1"/>
<Cov CovItemId="S5" Value="7"/>
</CovPrefix>
</CovList>
<AssgnmntList>
<AssgnmntPrefix RootTermCovItemPrefix="counter_esempio.Counter.java">
<AssgnmntListEntry Length="2" RootTermCovItemId="C1">
<MapEntry BoolAssgnmnt="00" Value="7"/>
<MapEntry BoolAssgnmnt="01" Value="1"/>
</AssgnmntListEntry>
</AssgnmntPrefix>
</AssgnmntList>
<ObjMetaDataList/>
<MetaDataList/>
</TestCase>
<TestCase Comment="" Date="1706707434379" Name="randoop.RandoopTest0:test274">
<CovList>
<CovPrefix CovItemPrefix="counter_esempio.Counter.java">
<Cov CovItemId="B1" Value="1"/>
<Cov CovItemId="B2" Value="7"/>
<Cov CovItemId="S1" Value="1"/>
<Cov CovItemId="S2" Value="6"/>
<Cov CovItemId="S3" Value="8"/>
<Cov CovItemId="S4" Value="1"/>
<Cov CovItemId="S5" Value="7"/>
</CovPrefix>
</CovList>
<AssgnmntList>
<AssgnmntPrefix RootTermCovItemPrefix="counter_esempio.Counter.java">
<AssgnmntListEntry Length="2" RootTermCovItemId="C1">
<MapEntry BoolAssgnmnt="00" Value="7"/>
<MapEntry BoolAssgnmnt="01" Value="1"/>
</AssgnmntListEntry>
</AssgnmntPrefix>
</AssgnmntList>
<ObjMetaDataList/>
<MetaDataList/>
</TestCase>
<TestCase Comment="" Date="1706707434379" Name="randoop.RandoopTest0:test275">
<CovList>
<CovPrefix CovItemPrefix="counter_esempio.Counter.java">
<Cov CovItemId="B1" Value="1"/>
<Cov CovItemId="B2" Value="4"/>
<Cov CovItemId="S1" Value="1"/>
<Cov CovItemId="S2" Value="10"/>
<Cov CovItemId="S3" Value="5"/>
<Cov CovItemId="S4" Value="1"/>
<Cov CovItemId="S5" Value="4"/>
</CovPrefix>
</CovList>
<AssgnmntList>
<AssgnmntPrefix RootTermCovItemPrefix="counter_esempio.Counter.java">
<AssgnmntListEntry Length="2" RootTermCovItemId="C1">
<MapEntry BoolAssgnmnt="00" Value="4"/>
<MapEntry BoolAssgnmnt="01" Value="1"/>
</AssgnmntListEntry>
</AssgnmntPrefix>
</AssgnmntList>
<ObjMetaDataList/>
<MetaDataList/>
</TestCase>
<TestCase Comment="" Date="1706707434379" Name="randoop.RandoopTest0:test276">
<CovList>
<CovPrefix CovItemPrefix="counter_esempio.Counter.java">
<Cov CovItemId="B1" Value="1"/>
<Cov CovItemId="B2" Value="7"/>
<Cov CovItemId="S1" Value="1"/>
<Cov CovItemId="S2" Value="11"/>
<Cov CovItemId="S3" Value="8"/>
<Cov CovItemId="S4" Value="1"/>
<Cov CovItemId="S5" Value="7"/>
</CovPrefix>
</CovList>
<AssgnmntList>
<AssgnmntPrefix RootTermCovItemPrefix="counter_esempio.Counter.java">
<AssgnmntListEntry Length="2" RootTermCovItemId="C1">
<MapEntry BoolAssgnmnt="00" Value="7"/>
<MapEntry BoolAssgnmnt="01" Value="1"/>
</AssgnmntListEntry>
</AssgnmntPrefix>
</AssgnmntList>
<ObjMetaDataList/>
<MetaDataList/>
</TestCase>
<TestCase Comment="" Date="1706707434394" Name="randoop.RandoopTest0:test277">
<CovList>
<CovPrefix CovItemPrefix="counter_esempio.Counter.java">
<Cov CovItemId="B1" Value="1"/>
<Cov CovItemId="B2" Value="6"/>
<Cov CovItemId="S1" Value="1"/>
<Cov CovItemId="S2" Value="7"/>
<Cov CovItemId="S3" Value="7"/>
<Cov CovItemId="S4" Value="1"/>
<Cov CovItemId="S5" Value="6"/>
</CovPrefix>
</CovList>
<AssgnmntList>
<AssgnmntPrefix RootTermCovItemPrefix="counter_esempio.Counter.java">
<AssgnmntListEntry Length="2" RootTermCovItemId="C1">
<MapEntry BoolAssgnmnt="00" Value="6"/>
<MapEntry BoolAssgnmnt="01" Value="1"/>
</AssgnmntListEntry>
</AssgnmntPrefix>
</AssgnmntList>
<ObjMetaDataList/>
<MetaDataList/>
</TestCase>
<TestCase Comment="" Date="1706707434394" Name="randoop.RandoopTest0:test278">
<CovList>
<CovPrefix CovItemPrefix="counter_esempio.Counter.java">
<Cov CovItemId="B1" Value="1"/>
<Cov CovItemId="B2" Value="4"/>
<Cov CovItemId="S1" Value="1"/>
<Cov CovItemId="S2" Value="8"/>
<Cov CovItemId="S3" Value="5"/>
<Cov CovItemId="S4" Value="1"/>
<Cov CovItemId="S5" Value="4"/>
</CovPrefix>
</CovList>
<AssgnmntList>
<AssgnmntPrefix RootTermCovItemPrefix="counter_esempio.Counter.java">
<AssgnmntListEntry Length="2" RootTermCovItemId="C1">
<MapEntry BoolAssgnmnt="00" Value="4"/>
<MapEntry BoolAssgnmnt="01" Value="1"/>
</AssgnmntListEntry>
</AssgnmntPrefix>
</AssgnmntList>
<ObjMetaDataList/>
<MetaDataList/>
</TestCase>
<TestCase Comment="" Date="1706707434394" Name="randoop.RandoopTest0:test279">
<CovList>
<CovPrefix CovItemPrefix="counter_esempio.Counter.java">
<Cov CovItemId="B1" Value="1"/>
<Cov CovItemId="B2" Value="4"/>
<Cov CovItemId="S1" Value="1"/>
<Cov CovItemId="S2" Value="8"/>
<Cov CovItemId="S3" Value="5"/>
<Cov CovItemId="S4" Value="1"/>
<Cov CovItemId="S5" Value="4"/>
</CovPrefix>
</CovList>
<AssgnmntList>
<AssgnmntPrefix RootTermCovItemPrefix="counter_esempio.Counter.java">
<AssgnmntListEntry Length="2" RootTermCovItemId="C1">
<MapEntry BoolAssgnmnt="00" Value="4"/>
<MapEntry BoolAssgnmnt="01" Value="1"/>
</AssgnmntListEntry>
</AssgnmntPrefix>
</AssgnmntList>
<ObjMetaDataList/>
<MetaDataList/>
</TestCase>
<TestCase Comment="" Date="1706707434394" Name="randoop.RandoopTest0:test280">
<CovList>
<CovPrefix CovItemPrefix="counter_esempio.Counter.java">
<Cov CovItemId="B1" Value="1"/>
<Cov CovItemId="B2" Value="10"/>
<Cov CovItemId="S1" Value="1"/>
<Cov CovItemId="S2" Value="9"/>
<Cov CovItemId="S3" Value="11"/>
<Cov CovItemId="S4" Value="1"/>
<Cov CovItemId="S5" Value="10"/>
</CovPrefix>
</CovList>
<AssgnmntList>
<AssgnmntPrefix RootTermCovItemPrefix="counter_esempio.Counter.java">
<AssgnmntListEntry Length="2" RootTermCovItemId="C1">
<MapEntry BoolAssgnmnt="00" Value="10"/>
<MapEntry BoolAssgnmnt="01" Value="1"/>
</AssgnmntListEntry>
</AssgnmntPrefix>
</AssgnmntList>
<ObjMetaDataList/>
<MetaDataList/>
</TestCase>
<TestCase Comment="" Date="1706707434394" Name="randoop.RandoopTest0:test281">
<CovList>
<CovPrefix CovItemPrefix="counter_esempio.Counter.java">
<Cov CovItemId="B1" Value="1"/>
<Cov CovItemId="B2" Value="7"/>
<Cov CovItemId="S1" Value="1"/>
<Cov CovItemId="S2" Value="8"/>
<Cov CovItemId="S3" Value="8"/>
<Cov CovItemId="S4" Value="1"/>
<Cov CovItemId="S5" Value="7"/>
</CovPrefix>
</CovList>
<AssgnmntList>
<AssgnmntPrefix RootTermCovItemPrefix="counter_esempio.Counter.java">
<AssgnmntListEntry Length="2" RootTermCovItemId="C1">
<MapEntry BoolAssgnmnt="00" Value="7"/>
<MapEntry BoolAssgnmnt="01" Value="1"/>
</AssgnmntListEntry>
</AssgnmntPrefix>
</AssgnmntList>
<ObjMetaDataList/>
<MetaDataList/>
</TestCase>
<TestCase Comment="" Date="1706707434394" Name="randoop.RandoopTest0:test282">
<CovList>
<CovPrefix CovItemPrefix="counter_esempio.Counter.java">
<Cov CovItemId="B1" Value="1"/>
<Cov CovItemId="B2" Value="3"/>
<Cov CovItemId="S1" Value="1"/>
<Cov CovItemId="S2" Value="10"/>
<Cov CovItemId="S3" Value="4"/>
<Cov CovItemId="S4" Value="1"/>
<Cov CovItemId="S5" Value="3"/>
</CovPrefix>
</CovList>
<AssgnmntList>
<AssgnmntPrefix RootTermCovItemPrefix="counter_esempio.Counter.java">
<AssgnmntListEntry Length="2" RootTermCovItemId="C1">
<MapEntry BoolAssgnmnt="00" Value="3"/>
<MapEntry BoolAssgnmnt="01" Value="1"/>
</AssgnmntListEntry>
</AssgnmntPrefix>
</AssgnmntList>
<ObjMetaDataList/>
<MetaDataList/>
</TestCase>
<TestCase Comment="" Date="1706707434394" Name="randoop.RandoopTest0:test283">
<CovList>
<CovPrefix CovItemPrefix="counter_esempio.Counter.java">
<Cov CovItemId="B1" Value="1"/>
<Cov CovItemId="B2" Value="8"/>
<Cov CovItemId="S1" Value="1"/>
<Cov CovItemId="S2" Value="7"/>
<Cov CovItemId="S3" Value="9"/>
<Cov CovItemId="S4" Value="1"/>
<Cov CovItemId="S5" Value="8"/>
</CovPrefix>
</CovList>
<AssgnmntList>
<AssgnmntPrefix RootTermCovItemPrefix="counter_esempio.Counter.java">
<AssgnmntListEntry Length="2" RootTermCovItemId="C1">
<MapEntry BoolAssgnmnt="00" Value="8"/>
<MapEntry BoolAssgnmnt="01" Value="1"/>
</AssgnmntListEntry>
</AssgnmntPrefix>
</AssgnmntList>
<ObjMetaDataList/>
<MetaDataList/>
</TestCase>
<TestCase Comment="" Date="1706707434394" Name="randoop.RandoopTest0:test284">
<CovList>
<CovPrefix CovItemPrefix="counter_esempio.Counter.java">
<Cov CovItemId="B1" Value="1"/>
<Cov CovItemId="B2" Value="3"/>
<Cov CovItemId="S1" Value="1"/>
<Cov CovItemId="S2" Value="5"/>
<Cov CovItemId="S3" Value="4"/>
<Cov CovItemId="S4" Value="1"/>
<Cov CovItemId="S5" Value="3"/>
</CovPrefix>
</CovList>
<AssgnmntList>
<AssgnmntPrefix RootTermCovItemPrefix="counter_esempio.Counter.java">
<AssgnmntListEntry Length="2" RootTermCovItemId="C1">
<MapEntry BoolAssgnmnt="00" Value="3"/>
<MapEntry BoolAssgnmnt="01" Value="1"/>
</AssgnmntListEntry>
</AssgnmntPrefix>
</AssgnmntList>
<ObjMetaDataList/>
<MetaDataList/>
</TestCase>
<TestCase Comment="" Date="1706707434394" Name="randoop.RandoopTest0:test285">
<CovList>
<CovPrefix CovItemPrefix="counter_esempio.Counter.java">
<Cov CovItemId="B1" Value="1"/>
<Cov CovItemId="B2" Value="5"/>
<Cov CovItemId="S1" Value="1"/>
<Cov CovItemId="S2" Value="6"/>
<Cov CovItemId="S3" Value="6"/>
<Cov CovItemId="S4" Value="1"/>
<Cov CovItemId="S5" Value="5"/>
</CovPrefix>
</CovList>
<AssgnmntList>
<AssgnmntPrefix RootTermCovItemPrefix="counter_esempio.Counter.java">
<AssgnmntListEntry Length="2" RootTermCovItemId="C1">
<MapEntry BoolAssgnmnt="00" Value="5"/>
<MapEntry BoolAssgnmnt="01" Value="1"/>
</AssgnmntListEntry>
</AssgnmntPrefix>
</AssgnmntList>
<ObjMetaDataList/>
<MetaDataList/>
</TestCase>
<TestCase Comment="" Date="1706707434394" Name="randoop.RandoopTest0:test286">
<CovList>
<CovPrefix CovItemPrefix="counter_esempio.Counter.java">
<Cov CovItemId="B1" Value="1"/>
<Cov CovItemId="B2" Value="4"/>
<Cov CovItemId="S1" Value="1"/>
<Cov CovItemId="S2" Value="7"/>
<Cov CovItemId="S3" Value="5"/>
<Cov CovItemId="S4" Value="1"/>
<Cov CovItemId="S5" Value="4"/>
</CovPrefix>
</CovList>
<AssgnmntList>
<AssgnmntPrefix RootTermCovItemPrefix="counter_esempio.Counter.java">
<AssgnmntListEntry Length="2" RootTermCovItemId="C1">
<MapEntry BoolAssgnmnt="00" Value="4"/>
<MapEntry BoolAssgnmnt="01" Value="1"/>
</AssgnmntListEntry>
</AssgnmntPrefix>
</AssgnmntList>
<ObjMetaDataList/>
<MetaDataList/>
</TestCase>
<TestCase Comment="" Date="1706707434394" Name="randoop.RandoopTest0:test287">
<CovList>
<CovPrefix CovItemPrefix="counter_esempio.Counter.java">
<Cov CovItemId="B1" Value="1"/>
<Cov CovItemId="B2" Value="9"/>
<Cov CovItemId="S1" Value="1"/>
<Cov CovItemId="S2" Value="10"/>
<Cov CovItemId="S3" Value="10"/>
<Cov CovItemId="S4" Value="1"/>
<Cov CovItemId="S5" Value="9"/>
</CovPrefix>
</CovList>
<AssgnmntList>
<AssgnmntPrefix RootTermCovItemPrefix="counter_esempio.Counter.java">
<AssgnmntListEntry Length="2" RootTermCovItemId="C1">
<MapEntry BoolAssgnmnt="00" Value="9"/>
<MapEntry BoolAssgnmnt="01" Value="1"/>
</AssgnmntListEntry>
</AssgnmntPrefix>
</AssgnmntList>
<ObjMetaDataList/>
<MetaDataList/>
</TestCase>
<TestCase Comment="" Date="1706707434394" Name="randoop.RandoopTest0:test288">
<CovList>
<CovPrefix CovItemPrefix="counter_esempio.Counter.java">
<Cov CovItemId="B1" Value="1"/>
<Cov CovItemId="B2" Value="5"/>
<Cov CovItemId="S1" Value="1"/>
<Cov CovItemId="S2" Value="6"/>
<Cov CovItemId="S3" Value="6"/>
<Cov CovItemId="S4" Value="1"/>
<Cov CovItemId="S5" Value="5"/>
</CovPrefix>
</CovList>
<AssgnmntList>
<AssgnmntPrefix RootTermCovItemPrefix="counter_esempio.Counter.java">
<AssgnmntListEntry Length="2" RootTermCovItemId="C1">
<MapEntry BoolAssgnmnt="00" Value="5"/>
<MapEntry BoolAssgnmnt="01" Value="1"/>
</AssgnmntListEntry>
</AssgnmntPrefix>
</AssgnmntList>
<ObjMetaDataList/>
<MetaDataList/>
</TestCase>
<TestCase Comment="" Date="1706707434394" Name="randoop.RandoopTest0:test289">
<CovList>
<CovPrefix CovItemPrefix="counter_esempio.Counter.java">
<Cov CovItemId="B1" Value="1"/>
<Cov CovItemId="B2" Value="7"/>
<Cov CovItemId="S1" Value="1"/>
<Cov CovItemId="S2" Value="4"/>
<Cov CovItemId="S3" Value="8"/>
<Cov CovItemId="S4" Value="1"/>
<Cov CovItemId="S5" Value="7"/>
</CovPrefix>
</CovList>
<AssgnmntList>
<AssgnmntPrefix RootTermCovItemPrefix="counter_esempio.Counter.java">
<AssgnmntListEntry Length="2" RootTermCovItemId="C1">
<MapEntry BoolAssgnmnt="00" Value="7"/>
<MapEntry BoolAssgnmnt="01" Value="1"/>
</AssgnmntListEntry>
</AssgnmntPrefix>
</AssgnmntList>
<ObjMetaDataList/>
<MetaDataList/>
</TestCase>
<TestCase Comment="" Date="1706707434394" Name="randoop.RandoopTest0:test290">
<CovList>
<CovPrefix CovItemPrefix="counter_esempio.Counter.java">
<Cov CovItemId="B1" Value="1"/>
<Cov CovItemId="B2" Value="6"/>
<Cov CovItemId="S1" Value="1"/>
<Cov CovItemId="S2" Value="9"/>
<Cov CovItemId="S3" Value="7"/>
<Cov CovItemId="S4" Value="1"/>
<Cov CovItemId="S5" Value="6"/>
</CovPrefix>
</CovList>
<AssgnmntList>
<AssgnmntPrefix RootTermCovItemPrefix="counter_esempio.Counter.java">
<AssgnmntListEntry Length="2" RootTermCovItemId="C1">
<MapEntry BoolAssgnmnt="00" Value="6"/>
<MapEntry BoolAssgnmnt="01" Value="1"/>
</AssgnmntListEntry>
</AssgnmntPrefix>
</AssgnmntList>
<ObjMetaDataList/>
<MetaDataList/>
</TestCase>
<TestCase Comment="" Date="1706707434394" Name="randoop.RandoopTest0:test291">
<CovList>
<CovPrefix CovItemPrefix="counter_esempio.Counter.java">
<Cov CovItemId="B1" Value="1"/>
<Cov CovItemId="B2" Value="3"/>
<Cov CovItemId="S1" Value="1"/>
<Cov CovItemId="S2" Value="8"/>
<Cov CovItemId="S3" Value="4"/>
<Cov CovItemId="S4" Value="1"/>
<Cov CovItemId="S5" Value="3"/>
</CovPrefix>
</CovList>
<AssgnmntList>
<AssgnmntPrefix RootTermCovItemPrefix="counter_esempio.Counter.java">
<AssgnmntListEntry Length="2" RootTermCovItemId="C1">
<MapEntry BoolAssgnmnt="00" Value="3"/>
<MapEntry BoolAssgnmnt="01" Value="1"/>
</AssgnmntListEntry>
</AssgnmntPrefix>
</AssgnmntList>
<ObjMetaDataList/>
<MetaDataList/>
</TestCase>
<TestCase Comment="" Date="1706707434410" Name="randoop.RandoopTest0:test292">
<CovList>
<CovPrefix CovItemPrefix="counter_esempio.Counter.java">
<Cov CovItemId="B1" Value="1"/>
<Cov CovItemId="B2" Value="10"/>
<Cov CovItemId="S1" Value="1"/>
<Cov CovItemId="S2" Value="6"/>
<Cov CovItemId="S3" Value="11"/>
<Cov CovItemId="S4" Value="1"/>
<Cov CovItemId="S5" Value="10"/>
</CovPrefix>
</CovList>
<AssgnmntList>
<AssgnmntPrefix RootTermCovItemPrefix="counter_esempio.Counter.java">
<AssgnmntListEntry Length="2" RootTermCovItemId="C1">
<MapEntry BoolAssgnmnt="00" Value="10"/>
<MapEntry BoolAssgnmnt="01" Value="1"/>
</AssgnmntListEntry>
</AssgnmntPrefix>
</AssgnmntList>
<ObjMetaDataList/>
<MetaDataList/>
</TestCase>
<TestCase Comment="" Date="1706707434410" Name="randoop.RandoopTest0:test293">
<CovList>
<CovPrefix CovItemPrefix="counter_esempio.Counter.java">
<Cov CovItemId="B1" Value="1"/>
<Cov CovItemId="B2" Value="8"/>
<Cov CovItemId="S1" Value="1"/>
<Cov CovItemId="S2" Value="6"/>
<Cov CovItemId="S3" Value="9"/>
<Cov CovItemId="S4" Value="1"/>
<Cov CovItemId="S5" Value="8"/>
</CovPrefix>
</CovList>
<AssgnmntList>
<AssgnmntPrefix RootTermCovItemPrefix="counter_esempio.Counter.java">
<AssgnmntListEntry Length="2" RootTermCovItemId="C1">
<MapEntry BoolAssgnmnt="00" Value="8"/>
<MapEntry BoolAssgnmnt="01" Value="1"/>
</AssgnmntListEntry>
</AssgnmntPrefix>
</AssgnmntList>
<ObjMetaDataList/>
<MetaDataList/>
</TestCase>
<TestCase Comment="" Date="1706707434410" Name="randoop.RandoopTest0:test294">
<CovList>
<CovPrefix CovItemPrefix="counter_esempio.Counter.java">
<Cov CovItemId="B1" Value="1"/>
<Cov CovItemId="B2" Value="6"/>
<Cov CovItemId="S1" Value="1"/>
<Cov CovItemId="S2" Value="5"/>
<Cov CovItemId="S3" Value="7"/>
<Cov CovItemId="S4" Value="1"/>
<Cov CovItemId="S5" Value="6"/>
</CovPrefix>
</CovList>
<AssgnmntList>
<AssgnmntPrefix RootTermCovItemPrefix="counter_esempio.Counter.java">
<AssgnmntListEntry Length="2" RootTermCovItemId="C1">
<MapEntry BoolAssgnmnt="00" Value="6"/>
<MapEntry BoolAssgnmnt="01" Value="1"/>
</AssgnmntListEntry>
</AssgnmntPrefix>
</AssgnmntList>
<ObjMetaDataList/>
<MetaDataList/>
</TestCase>
<TestCase Comment="" Date="1706707434410" Name="randoop.RandoopTest0:test295">
<CovList>
<CovPrefix CovItemPrefix="counter_esempio.Counter.java">
<Cov CovItemId="B1" Value="1"/>
<Cov CovItemId="B2" Value="9"/>
<Cov CovItemId="S1" Value="1"/>
<Cov CovItemId="S2" Value="5"/>
<Cov CovItemId="S3" Value="10"/>
<Cov CovItemId="S4" Value="1"/>
<Cov CovItemId="S5" Value="9"/>
</CovPrefix>
</CovList>
<AssgnmntList>
<AssgnmntPrefix RootTermCovItemPrefix="counter_esempio.Counter.java">
<AssgnmntListEntry Length="2" RootTermCovItemId="C1">
<MapEntry BoolAssgnmnt="00" Value="9"/>
<MapEntry BoolAssgnmnt="01" Value="1"/>
</AssgnmntListEntry>
</AssgnmntPrefix>
</AssgnmntList>
<ObjMetaDataList/>
<MetaDataList/>
</TestCase>
<TestCase Comment="" Date="1706707434410" Name="randoop.RandoopTest0:test296">
<CovList>
<CovPrefix CovItemPrefix="counter_esempio.Counter.java">
<Cov CovItemId="B1" Value="1"/>
<Cov CovItemId="B2" Value="10"/>
<Cov CovItemId="S1" Value="1"/>
<Cov CovItemId="S2" Value="11"/>
<Cov CovItemId="S3" Value="11"/>
<Cov CovItemId="S4" Value="1"/>
<Cov CovItemId="S5" Value="10"/>
</CovPrefix>
</CovList>
<AssgnmntList>
<AssgnmntPrefix RootTermCovItemPrefix="counter_esempio.Counter.java">
<AssgnmntListEntry Length="2" RootTermCovItemId="C1">
<MapEntry BoolAssgnmnt="00" Value="10"/>
<MapEntry BoolAssgnmnt="01" Value="1"/>
</AssgnmntListEntry>
</AssgnmntPrefix>
</AssgnmntList>
<ObjMetaDataList/>
<MetaDataList/>
</TestCase>
<TestCase Comment="" Date="1706707434410" Name="randoop.RandoopTest0:test297">
<CovList>
<CovPrefix CovItemPrefix="counter_esempio.Counter.java">
<Cov CovItemId="B1" Value="1"/>
<Cov CovItemId="B2" Value="5"/>
<Cov CovItemId="S1" Value="1"/>
<Cov CovItemId="S2" Value="9"/>
<Cov CovItemId="S3" Value="6"/>
<Cov CovItemId="S4" Value="1"/>
<Cov CovItemId="S5" Value="5"/>
</CovPrefix>
</CovList>
<AssgnmntList>
<AssgnmntPrefix RootTermCovItemPrefix="counter_esempio.Counter.java">
<AssgnmntListEntry Length="2" RootTermCovItemId="C1">
<MapEntry BoolAssgnmnt="00" Value="5"/>
<MapEntry BoolAssgnmnt="01" Value="1"/>
</AssgnmntListEntry>
</AssgnmntPrefix>
</AssgnmntList>
<ObjMetaDataList/>
<MetaDataList/>
</TestCase>
<TestCase Comment="" Date="1706707434410" Name="randoop.RandoopTest0:test298">
<CovList>
<CovPrefix CovItemPrefix="counter_esempio.Counter.java">
<Cov CovItemId="B1" Value="1"/>
<Cov CovItemId="B2" Value="5"/>
<Cov CovItemId="S1" Value="1"/>
<Cov CovItemId="S2" Value="4"/>
<Cov CovItemId="S3" Value="6"/>
<Cov CovItemId="S4" Value="1"/>
<Cov CovItemId="S5" Value="5"/>
</CovPrefix>
</CovList>
<AssgnmntList>
<AssgnmntPrefix RootTermCovItemPrefix="counter_esempio.Counter.java">
<AssgnmntListEntry Length="2" RootTermCovItemId="C1">
<MapEntry BoolAssgnmnt="00" Value="5"/>
<MapEntry BoolAssgnmnt="01" Value="1"/>
</AssgnmntListEntry>
</AssgnmntPrefix>
</AssgnmntList>
<ObjMetaDataList/>
<MetaDataList/>
</TestCase>
<TestCase Comment="" Date="1706707434410" Name="randoop.RandoopTest0:test299">
<CovList>
<CovPrefix CovItemPrefix="counter_esempio.Counter.java">
<Cov CovItemId="B1" Value="1"/>
<Cov CovItemId="B2" Value="3"/>
<Cov CovItemId="S1" Value="1"/>
<Cov CovItemId="S2" Value="10"/>
<Cov CovItemId="S3" Value="4"/>
<Cov CovItemId="S4" Value="1"/>
<Cov CovItemId="S5" Value="3"/>
</CovPrefix>
</CovList>
<AssgnmntList>
<AssgnmntPrefix RootTermCovItemPrefix="counter_esempio.Counter.java">
<AssgnmntListEntry Length="2" RootTermCovItemId="C1">
<MapEntry BoolAssgnmnt="00" Value="3"/>
<MapEntry BoolAssgnmnt="01" Value="1"/>
</AssgnmntListEntry>
</AssgnmntPrefix>
</AssgnmntList>
<ObjMetaDataList/>
<MetaDataList/>
</TestCase>
<TestCase Comment="" Date="1706707434410" Name="randoop.RandoopTest0:test300">
<CovList>
<CovPrefix CovItemPrefix="counter_esempio.Counter.java">
<Cov CovItemId="B1" Value="1"/>
<Cov CovItemId="B2" Value="9"/>
<Cov CovItemId="S1" Value="1"/>
<Cov CovItemId="S2" Value="5"/>
<Cov CovItemId="S3" Value="10"/>
<Cov CovItemId="S4" Value="1"/>
<Cov CovItemId="S5" Value="9"/>
</CovPrefix>
</CovList>
<AssgnmntList>
<AssgnmntPrefix RootTermCovItemPrefix="counter_esempio.Counter.java">
<AssgnmntListEntry Length="2" RootTermCovItemId="C1">
<MapEntry BoolAssgnmnt="00" Value="9"/>
<MapEntry BoolAssgnmnt="01" Value="1"/>
</AssgnmntListEntry>
</AssgnmntPrefix>
</AssgnmntList>
<ObjMetaDataList/>
<MetaDataList/>
</TestCase>
<TestCase Comment="" Date="1706707434410" Name="randoop.RandoopTest0:test301">
<CovList>
<CovPrefix CovItemPrefix="counter_esempio.Counter.java">
<Cov CovItemId="B1" Value="1"/>
<Cov CovItemId="B2" Value="7"/>
<Cov CovItemId="S1" Value="1"/>
<Cov CovItemId="S2" Value="6"/>
<Cov CovItemId="S3" Value="8"/>
<Cov CovItemId="S4" Value="1"/>
<Cov CovItemId="S5" Value="7"/>
</CovPrefix>
</CovList>
<AssgnmntList>
<AssgnmntPrefix RootTermCovItemPrefix="counter_esempio.Counter.java">
<AssgnmntListEntry Length="2" RootTermCovItemId="C1">
<MapEntry BoolAssgnmnt="00" Value="7"/>
<MapEntry BoolAssgnmnt="01" Value="1"/>
</AssgnmntListEntry>
</AssgnmntPrefix>
</AssgnmntList>
<ObjMetaDataList/>
<MetaDataList/>
</TestCase>
<TestCase Comment="" Date="1706707434410" Name="randoop.RandoopTest0:test302">
<CovList>
<CovPrefix CovItemPrefix="counter_esempio.Counter.java">
<Cov CovItemId="B1" Value="1"/>
<Cov CovItemId="B2" Value="6"/>
<Cov CovItemId="S1" Value="1"/>
<Cov CovItemId="S2" Value="6"/>
<Cov CovItemId="S3" Value="7"/>
<Cov CovItemId="S4" Value="1"/>
<Cov CovItemId="S5" Value="6"/>
</CovPrefix>
</CovList>
<AssgnmntList>
<AssgnmntPrefix RootTermCovItemPrefix="counter_esempio.Counter.java">
<AssgnmntListEntry Length="2" RootTermCovItemId="C1">
<MapEntry BoolAssgnmnt="00" Value="6"/>
<MapEntry BoolAssgnmnt="01" Value="1"/>
</AssgnmntListEntry>
</AssgnmntPrefix>
</AssgnmntList>
<ObjMetaDataList/>
<MetaDataList/>
</TestCase>
<TestCase Comment="" Date="1706707434410" Name="randoop.RandoopTest0:test303">
<CovList>
<CovPrefix CovItemPrefix="counter_esempio.Counter.java">
<Cov CovItemId="B1" Value="1"/>
<Cov CovItemId="B2" Value="8"/>
<Cov CovItemId="S1" Value="1"/>
<Cov CovItemId="S2" Value="5"/>
<Cov CovItemId="S3" Value="9"/>
<Cov CovItemId="S4" Value="1"/>
<Cov CovItemId="S5" Value="8"/>
</CovPrefix>
</CovList>
<AssgnmntList>
<AssgnmntPrefix RootTermCovItemPrefix="counter_esempio.Counter.java">
<AssgnmntListEntry Length="2" RootTermCovItemId="C1">
<MapEntry BoolAssgnmnt="00" Value="8"/>
<MapEntry BoolAssgnmnt="01" Value="1"/>
</AssgnmntListEntry>
</AssgnmntPrefix>
</AssgnmntList>
<ObjMetaDataList/>
<MetaDataList/>
</TestCase>
<TestCase Comment="" Date="1706707434410" Name="randoop.RandoopTest0:test304">
<CovList>
<CovPrefix CovItemPrefix="counter_esempio.Counter.java">
<Cov CovItemId="B1" Value="1"/>
<Cov CovItemId="B2" Value="14"/>
<Cov CovItemId="S1" Value="1"/>
<Cov CovItemId="S2" Value="7"/>
<Cov CovItemId="S3" Value="15"/>
<Cov CovItemId="S4" Value="1"/>
<Cov CovItemId="S5" Value="14"/>
</CovPrefix>
</CovList>
<AssgnmntList>
<AssgnmntPrefix RootTermCovItemPrefix="counter_esempio.Counter.java">
<AssgnmntListEntry Length="2" RootTermCovItemId="C1">
<MapEntry BoolAssgnmnt="00" Value="14"/>
<MapEntry BoolAssgnmnt="01" Value="1"/>
</AssgnmntListEntry>
</AssgnmntPrefix>
</AssgnmntList>
<ObjMetaDataList/>
<MetaDataList/>
</TestCase>
<TestCase Comment="" Date="1706707434410" Name="randoop.RandoopTest0:test305">
<CovList>
<CovPrefix CovItemPrefix="counter_esempio.Counter.java">
<Cov CovItemId="B1" Value="1"/>
<Cov CovItemId="B2" Value="7"/>
<Cov CovItemId="S1" Value="1"/>
<Cov CovItemId="S2" Value="6"/>
<Cov CovItemId="S3" Value="8"/>
<Cov CovItemId="S4" Value="1"/>
<Cov CovItemId="S5" Value="7"/>
</CovPrefix>
</CovList>
<AssgnmntList>
<AssgnmntPrefix RootTermCovItemPrefix="counter_esempio.Counter.java">
<AssgnmntListEntry Length="2" RootTermCovItemId="C1">
<MapEntry BoolAssgnmnt="00" Value="7"/>
<MapEntry BoolAssgnmnt="01" Value="1"/>
</AssgnmntListEntry>
</AssgnmntPrefix>
</AssgnmntList>
<ObjMetaDataList/>
<MetaDataList/>
</TestCase>
<TestCase Comment="" Date="1706707434410" Name="randoop.RandoopTest0:test306">
<CovList>
<CovPrefix CovItemPrefix="counter_esempio.Counter.java">
<Cov CovItemId="B1" Value="1"/>
<Cov CovItemId="B2" Value="5"/>
<Cov CovItemId="S1" Value="1"/>
<Cov CovItemId="S2" Value="6"/>
<Cov CovItemId="S3" Value="6"/>
<Cov CovItemId="S4" Value="1"/>
<Cov CovItemId="S5" Value="5"/>
</CovPrefix>
</CovList>
<AssgnmntList>
<AssgnmntPrefix RootTermCovItemPrefix="counter_esempio.Counter.java">
<AssgnmntListEntry Length="2" RootTermCovItemId="C1">
<MapEntry BoolAssgnmnt="00" Value="5"/>
<MapEntry BoolAssgnmnt="01" Value="1"/>
</AssgnmntListEntry>
</AssgnmntPrefix>
</AssgnmntList>
<ObjMetaDataList/>
<MetaDataList/>
</TestCase>
<TestCase Comment="" Date="1706707434410" Name="randoop.RandoopTest0:test307">
<CovList>
<CovPrefix CovItemPrefix="counter_esempio.Counter.java">
<Cov CovItemId="B1" Value="1"/>
<Cov CovItemId="B2" Value="4"/>
<Cov CovItemId="S1" Value="1"/>
<Cov CovItemId="S2" Value="10"/>
<Cov CovItemId="S3" Value="5"/>
<Cov CovItemId="S4" Value="1"/>
<Cov CovItemId="S5" Value="4"/>
</CovPrefix>
</CovList>
<AssgnmntList>
<AssgnmntPrefix RootTermCovItemPrefix="counter_esempio.Counter.java">
<AssgnmntListEntry Length="2" RootTermCovItemId="C1">
<MapEntry BoolAssgnmnt="00" Value="4"/>
<MapEntry BoolAssgnmnt="01" Value="1"/>
</AssgnmntListEntry>
</AssgnmntPrefix>
</AssgnmntList>
<ObjMetaDataList/>
<MetaDataList/>
</TestCase>
<TestCase Comment="" Date="1706707434410" Name="randoop.RandoopTest0:test308">
<CovList>
<CovPrefix CovItemPrefix="counter_esempio.Counter.java">
<Cov CovItemId="B1" Value="1"/>
<Cov CovItemId="B2" Value="7"/>
<Cov CovItemId="S1" Value="1"/>
<Cov CovItemId="S2" Value="4"/>
<Cov CovItemId="S3" Value="8"/>
<Cov CovItemId="S4" Value="1"/>
<Cov CovItemId="S5" Value="7"/>
</CovPrefix>
</CovList>
<AssgnmntList>
<AssgnmntPrefix RootTermCovItemPrefix="counter_esempio.Counter.java">
<AssgnmntListEntry Length="2" RootTermCovItemId="C1">
<MapEntry BoolAssgnmnt="00" Value="7"/>
<MapEntry BoolAssgnmnt="01" Value="1"/>
</AssgnmntListEntry>
</AssgnmntPrefix>
</AssgnmntList>
<ObjMetaDataList/>
<MetaDataList/>
</TestCase>
<TestCase Comment="" Date="1706707434410" Name="randoop.RandoopTest0:test309">
<CovList>
<CovPrefix CovItemPrefix="counter_esempio.Counter.java">
<Cov CovItemId="B1" Value="1"/>
<Cov CovItemId="B2" Value="5"/>
<Cov CovItemId="S1" Value="1"/>
<Cov CovItemId="S2" Value="7"/>
<Cov CovItemId="S3" Value="6"/>
<Cov CovItemId="S4" Value="1"/>
<Cov CovItemId="S5" Value="5"/>
</CovPrefix>
</CovList>
<AssgnmntList>
<AssgnmntPrefix RootTermCovItemPrefix="counter_esempio.Counter.java">
<AssgnmntListEntry Length="2" RootTermCovItemId="C1">
<MapEntry BoolAssgnmnt="00" Value="5"/>
<MapEntry BoolAssgnmnt="01" Value="1"/>
</AssgnmntListEntry>
</AssgnmntPrefix>
</AssgnmntList>
<ObjMetaDataList/>
<MetaDataList/>
</TestCase>
<TestCase Comment="" Date="1706707434425" Name="randoop.RandoopTest0:test310">
<CovList>
<CovPrefix CovItemPrefix="counter_esempio.Counter.java">
<Cov CovItemId="B1" Value="1"/>
<Cov CovItemId="B2" Value="2"/>
<Cov CovItemId="S1" Value="1"/>
<Cov CovItemId="S2" Value="6"/>
<Cov CovItemId="S3" Value="3"/>
<Cov CovItemId="S4" Value="1"/>
<Cov CovItemId="S5" Value="2"/>
</CovPrefix>
</CovList>
<AssgnmntList>
<AssgnmntPrefix RootTermCovItemPrefix="counter_esempio.Counter.java">
<AssgnmntListEntry Length="2" RootTermCovItemId="C1">
<MapEntry BoolAssgnmnt="00" Value="2"/>
<MapEntry BoolAssgnmnt="01" Value="1"/>
</AssgnmntListEntry>
</AssgnmntPrefix>
</AssgnmntList>
<ObjMetaDataList/>
<MetaDataList/>
</TestCase>
<TestCase Comment="" Date="1706707434425" Name="randoop.RandoopTest0:test311">
<CovList>
<CovPrefix CovItemPrefix="counter_esempio.Counter.java">
<Cov CovItemId="B1" Value="1"/>
<Cov CovItemId="B2" Value="9"/>
<Cov CovItemId="S1" Value="1"/>
<Cov CovItemId="S2" Value="3"/>
<Cov CovItemId="S3" Value="10"/>
<Cov CovItemId="S4" Value="1"/>
<Cov CovItemId="S5" Value="9"/>
</CovPrefix>
</CovList>
<AssgnmntList>
<AssgnmntPrefix RootTermCovItemPrefix="counter_esempio.Counter.java">
<AssgnmntListEntry Length="2" RootTermCovItemId="C1">
<MapEntry BoolAssgnmnt="00" Value="9"/>
<MapEntry BoolAssgnmnt="01" Value="1"/>
</AssgnmntListEntry>
</AssgnmntPrefix>
</AssgnmntList>
<ObjMetaDataList/>
<MetaDataList/>
</TestCase>
<TestCase Comment="" Date="1706707434425" Name="randoop.RandoopTest0:test312">
<CovList>
<CovPrefix CovItemPrefix="counter_esempio.Counter.java">
<Cov CovItemId="B1" Value="1"/>
<Cov CovItemId="B2" Value="6"/>
<Cov CovItemId="S1" Value="1"/>
<Cov CovItemId="S2" Value="4"/>
<Cov CovItemId="S3" Value="7"/>
<Cov CovItemId="S4" Value="1"/>
<Cov CovItemId="S5" Value="6"/>
</CovPrefix>
</CovList>
<AssgnmntList>
<AssgnmntPrefix RootTermCovItemPrefix="counter_esempio.Counter.java">
<AssgnmntListEntry Length="2" RootTermCovItemId="C1">
<MapEntry BoolAssgnmnt="00" Value="6"/>
<MapEntry BoolAssgnmnt="01" Value="1"/>
</AssgnmntListEntry>
</AssgnmntPrefix>
</AssgnmntList>
<ObjMetaDataList/>
<MetaDataList/>
</TestCase>
<TestCase Comment="" Date="1706707434425" Name="randoop.RandoopTest0:test313">
<CovList>
<CovPrefix CovItemPrefix="counter_esempio.Counter.java">
<Cov CovItemId="B1" Value="1"/>
<Cov CovItemId="B2" Value="7"/>
<Cov CovItemId="S1" Value="1"/>
<Cov CovItemId="S2" Value="8"/>
<Cov CovItemId="S3" Value="8"/>
<Cov CovItemId="S4" Value="1"/>
<Cov CovItemId="S5" Value="7"/>
</CovPrefix>
</CovList>
<AssgnmntList>
<AssgnmntPrefix RootTermCovItemPrefix="counter_esempio.Counter.java">
<AssgnmntListEntry Length="2" RootTermCovItemId="C1">
<MapEntry BoolAssgnmnt="00" Value="7"/>
<MapEntry BoolAssgnmnt="01" Value="1"/>
</AssgnmntListEntry>
</AssgnmntPrefix>
</AssgnmntList>
<ObjMetaDataList/>
<MetaDataList/>
</TestCase>
<TestCase Comment="" Date="1706707434425" Name="randoop.RandoopTest0:test314">
<CovList>
<CovPrefix CovItemPrefix="counter_esempio.Counter.java">
<Cov CovItemId="B1" Value="1"/>
<Cov CovItemId="B2" Value="10"/>
<Cov CovItemId="S1" Value="1"/>
<Cov CovItemId="S2" Value="7"/>
<Cov CovItemId="S3" Value="11"/>
<Cov CovItemId="S4" Value="1"/>
<Cov CovItemId="S5" Value="10"/>
</CovPrefix>
</CovList>
<AssgnmntList>
<AssgnmntPrefix RootTermCovItemPrefix="counter_esempio.Counter.java">
<AssgnmntListEntry Length="2" RootTermCovItemId="C1">
<MapEntry BoolAssgnmnt="00" Value="10"/>
<MapEntry BoolAssgnmnt="01" Value="1"/>
</AssgnmntListEntry>
</AssgnmntPrefix>
</AssgnmntList>
<ObjMetaDataList/>
<MetaDataList/>
</TestCase>
<TestCase Comment="" Date="1706707434425" Name="randoop.RandoopTest0:test315">
<CovList>
<CovPrefix CovItemPrefix="counter_esempio.Counter.java">
<Cov CovItemId="B1" Value="1"/>
<Cov CovItemId="B2" Value="5"/>
<Cov CovItemId="S1" Value="1"/>
<Cov CovItemId="S2" Value="5"/>
<Cov CovItemId="S3" Value="6"/>
<Cov CovItemId="S4" Value="1"/>
<Cov CovItemId="S5" Value="5"/>
</CovPrefix>
</CovList>
<AssgnmntList>
<AssgnmntPrefix RootTermCovItemPrefix="counter_esempio.Counter.java">
<AssgnmntListEntry Length="2" RootTermCovItemId="C1">
<MapEntry BoolAssgnmnt="00" Value="5"/>
<MapEntry BoolAssgnmnt="01" Value="1"/>
</AssgnmntListEntry>
</AssgnmntPrefix>
</AssgnmntList>
<ObjMetaDataList/>
<MetaDataList/>
</TestCase>
<TestCase Comment="" Date="1706707434425" Name="randoop.RandoopTest0:test316">
<CovList>
<CovPrefix CovItemPrefix="counter_esempio.Counter.java">
<Cov CovItemId="B1" Value="1"/>
<Cov CovItemId="B2" Value="8"/>
<Cov CovItemId="S1" Value="1"/>
<Cov CovItemId="S2" Value="4"/>
<Cov CovItemId="S3" Value="9"/>
<Cov CovItemId="S4" Value="1"/>
<Cov CovItemId="S5" Value="8"/>
</CovPrefix>
</CovList>
<AssgnmntList>
<AssgnmntPrefix RootTermCovItemPrefix="counter_esempio.Counter.java">
<AssgnmntListEntry Length="2" RootTermCovItemId="C1">
<MapEntry BoolAssgnmnt="00" Value="8"/>
<MapEntry BoolAssgnmnt="01" Value="1"/>
</AssgnmntListEntry>
</AssgnmntPrefix>
</AssgnmntList>
<ObjMetaDataList/>
<MetaDataList/>
</TestCase>
<TestCase Comment="" Date="1706707434425" Name="randoop.RandoopTest0:test317">
<CovList>
<CovPrefix CovItemPrefix="counter_esempio.Counter.java">
<Cov CovItemId="B1" Value="1"/>
<Cov CovItemId="B2" Value="6"/>
<Cov CovItemId="S1" Value="1"/>
<Cov CovItemId="S2" Value="8"/>
<Cov CovItemId="S3" Value="7"/>
<Cov CovItemId="S4" Value="1"/>
<Cov CovItemId="S5" Value="6"/>
</CovPrefix>
</CovList>
<AssgnmntList>
<AssgnmntPrefix RootTermCovItemPrefix="counter_esempio.Counter.java">
<AssgnmntListEntry Length="2" RootTermCovItemId="C1">
<MapEntry BoolAssgnmnt="00" Value="6"/>
<MapEntry BoolAssgnmnt="01" Value="1"/>
</AssgnmntListEntry>
</AssgnmntPrefix>
</AssgnmntList>
<ObjMetaDataList/>
<MetaDataList/>
</TestCase>
<TestCase Comment="" Date="1706707434425" Name="randoop.RandoopTest0:test318">
<CovList>
<CovPrefix CovItemPrefix="counter_esempio.Counter.java">
<Cov CovItemId="B1" Value="1"/>
<Cov CovItemId="B2" Value="8"/>
<Cov CovItemId="S1" Value="1"/>
<Cov CovItemId="S2" Value="6"/>
<Cov CovItemId="S3" Value="9"/>
<Cov CovItemId="S4" Value="1"/>
<Cov CovItemId="S5" Value="8"/>
</CovPrefix>
</CovList>
<AssgnmntList>
<AssgnmntPrefix RootTermCovItemPrefix="counter_esempio.Counter.java">
<AssgnmntListEntry Length="2" RootTermCovItemId="C1">
<MapEntry BoolAssgnmnt="00" Value="8"/>
<MapEntry BoolAssgnmnt="01" Value="1"/>
</AssgnmntListEntry>
</AssgnmntPrefix>
</AssgnmntList>
<ObjMetaDataList/>
<MetaDataList/>
</TestCase>
<TestCase Comment="" Date="1706707434425" Name="randoop.RandoopTest0:test319">
<CovList>
<CovPrefix CovItemPrefix="counter_esempio.Counter.java">
<Cov CovItemId="B1" Value="1"/>
<Cov CovItemId="B2" Value="2"/>
<Cov CovItemId="S1" Value="1"/>
<Cov CovItemId="S2" Value="8"/>
<Cov CovItemId="S3" Value="3"/>
<Cov CovItemId="S4" Value="1"/>
<Cov CovItemId="S5" Value="2"/>
</CovPrefix>
</CovList>
<AssgnmntList>
<AssgnmntPrefix RootTermCovItemPrefix="counter_esempio.Counter.java">
<AssgnmntListEntry Length="2" RootTermCovItemId="C1">
<MapEntry BoolAssgnmnt="00" Value="2"/>
<MapEntry BoolAssgnmnt="01" Value="1"/>
</AssgnmntListEntry>
</AssgnmntPrefix>
</AssgnmntList>
<ObjMetaDataList/>
<MetaDataList/>
</TestCase>
<TestCase Comment="" Date="1706707434425" Name="randoop.RandoopTest0:test320">
<CovList>
<CovPrefix CovItemPrefix="counter_esempio.Counter.java">
<Cov CovItemId="B1" Value="1"/>
<Cov CovItemId="B2" Value="4"/>
<Cov CovItemId="S1" Value="1"/>
<Cov CovItemId="S2" Value="8"/>
<Cov CovItemId="S3" Value="5"/>
<Cov CovItemId="S4" Value="1"/>
<Cov CovItemId="S5" Value="4"/>
</CovPrefix>
</CovList>
<AssgnmntList>
<AssgnmntPrefix RootTermCovItemPrefix="counter_esempio.Counter.java">
<AssgnmntListEntry Length="2" RootTermCovItemId="C1">
<MapEntry BoolAssgnmnt="00" Value="4"/>
<MapEntry BoolAssgnmnt="01" Value="1"/>
</AssgnmntListEntry>
</AssgnmntPrefix>
</AssgnmntList>
<ObjMetaDataList/>
<MetaDataList/>
</TestCase>
<TestCase Comment="" Date="1706707434425" Name="randoop.RandoopTest0:test321">
<CovList>
<CovPrefix CovItemPrefix="counter_esempio.Counter.java">
<Cov CovItemId="B1" Value="1"/>
<Cov CovItemId="B2" Value="10"/>
<Cov CovItemId="S1" Value="1"/>
<Cov CovItemId="S2" Value="4"/>
<Cov CovItemId="S3" Value="11"/>
<Cov CovItemId="S4" Value="1"/>
<Cov CovItemId="S5" Value="10"/>
</CovPrefix>
</CovList>
<AssgnmntList>
<AssgnmntPrefix RootTermCovItemPrefix="counter_esempio.Counter.java">
<AssgnmntListEntry Length="2" RootTermCovItemId="C1">
<MapEntry BoolAssgnmnt="00" Value="10"/>
<MapEntry BoolAssgnmnt="01" Value="1"/>
</AssgnmntListEntry>
</AssgnmntPrefix>
</AssgnmntList>
<ObjMetaDataList/>
<MetaDataList/>
</TestCase>
<TestCase Comment="" Date="1706707434425" Name="randoop.RandoopTest0:test322">
<CovList>
<CovPrefix CovItemPrefix="counter_esempio.Counter.java">
<Cov CovItemId="B1" Value="1"/>
<Cov CovItemId="B2" Value="5"/>
<Cov CovItemId="S1" Value="1"/>
<Cov CovItemId="S2" Value="4"/>
<Cov CovItemId="S3" Value="6"/>
<Cov CovItemId="S4" Value="1"/>
<Cov CovItemId="S5" Value="5"/>
</CovPrefix>
</CovList>
<AssgnmntList>
<AssgnmntPrefix RootTermCovItemPrefix="counter_esempio.Counter.java">
<AssgnmntListEntry Length="2" RootTermCovItemId="C1">
<MapEntry BoolAssgnmnt="00" Value="5"/>
<MapEntry BoolAssgnmnt="01" Value="1"/>
</AssgnmntListEntry>
</AssgnmntPrefix>
</AssgnmntList>
<ObjMetaDataList/>
<MetaDataList/>
</TestCase>
<TestCase Comment="" Date="1706707434425" Name="randoop.RandoopTest0:test323">
<CovList>
<CovPrefix CovItemPrefix="counter_esempio.Counter.java">
<Cov CovItemId="B1" Value="1"/>
<Cov CovItemId="B2" Value="6"/>
<Cov CovItemId="S1" Value="1"/>
<Cov CovItemId="S2" Value="7"/>
<Cov CovItemId="S3" Value="7"/>
<Cov CovItemId="S4" Value="1"/>
<Cov CovItemId="S5" Value="6"/>
</CovPrefix>
</CovList>
<AssgnmntList>
<AssgnmntPrefix RootTermCovItemPrefix="counter_esempio.Counter.java">
<AssgnmntListEntry Length="2" RootTermCovItemId="C1">
<MapEntry BoolAssgnmnt="00" Value="6"/>
<MapEntry BoolAssgnmnt="01" Value="1"/>
</AssgnmntListEntry>
</AssgnmntPrefix>
</AssgnmntList>
<ObjMetaDataList/>
<MetaDataList/>
</TestCase>
<TestCase Comment="" Date="1706707434425" Name="randoop.RandoopTest0:test324">
<CovList>
<CovPrefix CovItemPrefix="counter_esempio.Counter.java">
<Cov CovItemId="B1" Value="1"/>
<Cov CovItemId="B2" Value="3"/>
<Cov CovItemId="S1" Value="1"/>
<Cov CovItemId="S2" Value="8"/>
<Cov CovItemId="S3" Value="4"/>
<Cov CovItemId="S4" Value="1"/>
<Cov CovItemId="S5" Value="3"/>
</CovPrefix>
</CovList>
<AssgnmntList>
<AssgnmntPrefix RootTermCovItemPrefix="counter_esempio.Counter.java">
<AssgnmntListEntry Length="2" RootTermCovItemId="C1">
<MapEntry BoolAssgnmnt="00" Value="3"/>
<MapEntry BoolAssgnmnt="01" Value="1"/>
</AssgnmntListEntry>
</AssgnmntPrefix>
</AssgnmntList>
<ObjMetaDataList/>
<MetaDataList/>
</TestCase>
<TestCase Comment="" Date="1706707434425" Name="randoop.RandoopTest0:test325">
<CovList>
<CovPrefix CovItemPrefix="counter_esempio.Counter.java">
<Cov CovItemId="B1" Value="1"/>
<Cov CovItemId="B2" Value="2"/>
<Cov CovItemId="S1" Value="1"/>
<Cov CovItemId="S2" Value="5"/>
<Cov CovItemId="S3" Value="3"/>
<Cov CovItemId="S4" Value="1"/>
<Cov CovItemId="S5" Value="2"/>
</CovPrefix>
</CovList>
<AssgnmntList>
<AssgnmntPrefix RootTermCovItemPrefix="counter_esempio.Counter.java">
<AssgnmntListEntry Length="2" RootTermCovItemId="C1">
<MapEntry BoolAssgnmnt="00" Value="2"/>
<MapEntry BoolAssgnmnt="01" Value="1"/>
</AssgnmntListEntry>
</AssgnmntPrefix>
</AssgnmntList>
<ObjMetaDataList/>
<MetaDataList/>
</TestCase>
<TestCase Comment="" Date="1706707434425" Name="randoop.RandoopTest0:test326">
<CovList>
<CovPrefix CovItemPrefix="counter_esempio.Counter.java">
<Cov CovItemId="B1" Value="1"/>
<Cov CovItemId="B2" Value="4"/>
<Cov CovItemId="S1" Value="1"/>
<Cov CovItemId="S2" Value="9"/>
<Cov CovItemId="S3" Value="5"/>
<Cov CovItemId="S4" Value="1"/>
<Cov CovItemId="S5" Value="4"/>
</CovPrefix>
</CovList>
<AssgnmntList>
<AssgnmntPrefix RootTermCovItemPrefix="counter_esempio.Counter.java">
<AssgnmntListEntry Length="2" RootTermCovItemId="C1">
<MapEntry BoolAssgnmnt="00" Value="4"/>
<MapEntry BoolAssgnmnt="01" Value="1"/>
</AssgnmntListEntry>
</AssgnmntPrefix>
</AssgnmntList>
<ObjMetaDataList/>
<MetaDataList/>
</TestCase>
<TestCase Comment="" Date="1706707434425" Name="randoop.RandoopTest0:test327">
<CovList>
<CovPrefix CovItemPrefix="counter_esempio.Counter.java">
<Cov CovItemId="B1" Value="1"/>
<Cov CovItemId="B2" Value="9"/>
<Cov CovItemId="S1" Value="1"/>
<Cov CovItemId="S2" Value="4"/>
<Cov CovItemId="S3" Value="10"/>
<Cov CovItemId="S4" Value="1"/>
<Cov CovItemId="S5" Value="9"/>
</CovPrefix>
</CovList>
<AssgnmntList>
<AssgnmntPrefix RootTermCovItemPrefix="counter_esempio.Counter.java">
<AssgnmntListEntry Length="2" RootTermCovItemId="C1">
<MapEntry BoolAssgnmnt="00" Value="9"/>
<MapEntry BoolAssgnmnt="01" Value="1"/>
</AssgnmntListEntry>
</AssgnmntPrefix>
</AssgnmntList>
<ObjMetaDataList/>
<MetaDataList/>
</TestCase>
<TestCase Comment="" Date="1706707434425" Name="randoop.RandoopTest0:test328">
<CovList>
<CovPrefix CovItemPrefix="counter_esempio.Counter.java">
<Cov CovItemId="B1" Value="1"/>
<Cov CovItemId="B2" Value="6"/>
<Cov CovItemId="S1" Value="1"/>
<Cov CovItemId="S2" Value="6"/>
<Cov CovItemId="S3" Value="7"/>
<Cov CovItemId="S4" Value="1"/>
<Cov CovItemId="S5" Value="6"/>
</CovPrefix>
</CovList>
<AssgnmntList>
<AssgnmntPrefix RootTermCovItemPrefix="counter_esempio.Counter.java">
<AssgnmntListEntry Length="2" RootTermCovItemId="C1">
<MapEntry BoolAssgnmnt="00" Value="6"/>
<MapEntry BoolAssgnmnt="01" Value="1"/>
</AssgnmntListEntry>
</AssgnmntPrefix>
</AssgnmntList>
<ObjMetaDataList/>
<MetaDataList/>
</TestCase>
<TestCase Comment="" Date="1706707434425" Name="randoop.RandoopTest0:test329">
<CovList>
<CovPrefix CovItemPrefix="counter_esempio.Counter.java">
<Cov CovItemId="B1" Value="1"/>
<Cov CovItemId="B2" Value="8"/>
<Cov CovItemId="S1" Value="1"/>
<Cov CovItemId="S2" Value="1"/>
<Cov CovItemId="S3" Value="9"/>
<Cov CovItemId="S4" Value="1"/>
<Cov CovItemId="S5" Value="8"/>
</CovPrefix>
</CovList>
<AssgnmntList>
<AssgnmntPrefix RootTermCovItemPrefix="counter_esempio.Counter.java">
<AssgnmntListEntry Length="2" RootTermCovItemId="C1">
<MapEntry BoolAssgnmnt="00" Value="8"/>
<MapEntry BoolAssgnmnt="01" Value="1"/>
</AssgnmntListEntry>
</AssgnmntPrefix>
</AssgnmntList>
<ObjMetaDataList/>
<MetaDataList/>
</TestCase>
<TestCase Comment="" Date="1706707434425" Name="randoop.RandoopTest0:test330">
<CovList>
<CovPrefix CovItemPrefix="counter_esempio.Counter.java">
<Cov CovItemId="B1" Value="1"/>
<Cov CovItemId="B2" Value="8"/>
<Cov CovItemId="S1" Value="1"/>
<Cov CovItemId="S2" Value="14"/>
<Cov CovItemId="S3" Value="9"/>
<Cov CovItemId="S4" Value="1"/>
<Cov CovItemId="S5" Value="8"/>
</CovPrefix>
</CovList>
<AssgnmntList>
<AssgnmntPrefix RootTermCovItemPrefix="counter_esempio.Counter.java">
<AssgnmntListEntry Length="2" RootTermCovItemId="C1">
<MapEntry BoolAssgnmnt="00" Value="8"/>
<MapEntry BoolAssgnmnt="01" Value="1"/>
</AssgnmntListEntry>
</AssgnmntPrefix>
</AssgnmntList>
<ObjMetaDataList/>
<MetaDataList/>
</TestCase>
<TestCase Comment="" Date="1706707434425" Name="randoop.RandoopTest0:test331">
<CovList>
<CovPrefix CovItemPrefix="counter_esempio.Counter.java">
<Cov CovItemId="B1" Value="1"/>
<Cov CovItemId="B2" Value="8"/>
<Cov CovItemId="S1" Value="1"/>
<Cov CovItemId="S2" Value="6"/>
<Cov CovItemId="S3" Value="9"/>
<Cov CovItemId="S4" Value="1"/>
<Cov CovItemId="S5" Value="8"/>
</CovPrefix>
</CovList>
<AssgnmntList>
<AssgnmntPrefix RootTermCovItemPrefix="counter_esempio.Counter.java">
<AssgnmntListEntry Length="2" RootTermCovItemId="C1">
<MapEntry BoolAssgnmnt="00" Value="8"/>
<MapEntry BoolAssgnmnt="01" Value="1"/>
</AssgnmntListEntry>
</AssgnmntPrefix>
</AssgnmntList>
<ObjMetaDataList/>
<MetaDataList/>
</TestCase>
<TestCase Comment="" Date="1706707434425" Name="randoop.RandoopTest0:test332">
<CovList>
<CovPrefix CovItemPrefix="counter_esempio.Counter.java">
<Cov CovItemId="B1" Value="1"/>
<Cov CovItemId="B2" Value="10"/>
<Cov CovItemId="S1" Value="1"/>
<Cov CovItemId="S2" Value="5"/>
<Cov CovItemId="S3" Value="11"/>
<Cov CovItemId="S4" Value="1"/>
<Cov CovItemId="S5" Value="10"/>
</CovPrefix>
</CovList>
<AssgnmntList>
<AssgnmntPrefix RootTermCovItemPrefix="counter_esempio.Counter.java">
<AssgnmntListEntry Length="2" RootTermCovItemId="C1">
<MapEntry BoolAssgnmnt="00" Value="10"/>
<MapEntry BoolAssgnmnt="01" Value="1"/>
</AssgnmntListEntry>
</AssgnmntPrefix>
</AssgnmntList>
<ObjMetaDataList/>
<MetaDataList/>
</TestCase>
<TestCase Comment="" Date="1706707434441" Name="randoop.RandoopTest0:test333">
<CovList>
<CovPrefix CovItemPrefix="counter_esempio.Counter.java">
<Cov CovItemId="B1" Value="1"/>
<Cov CovItemId="B2" Value="3"/>
<Cov CovItemId="S1" Value="1"/>
<Cov CovItemId="S2" Value="10"/>
<Cov CovItemId="S3" Value="4"/>
<Cov CovItemId="S4" Value="1"/>
<Cov CovItemId="S5" Value="3"/>
</CovPrefix>
</CovList>
<AssgnmntList>
<AssgnmntPrefix RootTermCovItemPrefix="counter_esempio.Counter.java">
<AssgnmntListEntry Length="2" RootTermCovItemId="C1">
<MapEntry BoolAssgnmnt="00" Value="3"/>
<MapEntry BoolAssgnmnt="01" Value="1"/>
</AssgnmntListEntry>
</AssgnmntPrefix>
</AssgnmntList>
<ObjMetaDataList/>
<MetaDataList/>
</TestCase>
<TestCase Comment="" Date="1706707434441" Name="randoop.RandoopTest0:test334">
<CovList>
<CovPrefix CovItemPrefix="counter_esempio.Counter.java">
<Cov CovItemId="B1" Value="1"/>
<Cov CovItemId="B2" Value="6"/>
<Cov CovItemId="S1" Value="1"/>
<Cov CovItemId="S2" Value="9"/>
<Cov CovItemId="S3" Value="7"/>
<Cov CovItemId="S4" Value="1"/>
<Cov CovItemId="S5" Value="6"/>
</CovPrefix>
</CovList>
<AssgnmntList>
<AssgnmntPrefix RootTermCovItemPrefix="counter_esempio.Counter.java">
<AssgnmntListEntry Length="2" RootTermCovItemId="C1">
<MapEntry BoolAssgnmnt="00" Value="6"/>
<MapEntry BoolAssgnmnt="01" Value="1"/>
</AssgnmntListEntry>
</AssgnmntPrefix>
</AssgnmntList>
<ObjMetaDataList/>
<MetaDataList/>
</TestCase>
<TestCase Comment="" Date="1706707434441" Name="randoop.RandoopTest0:test335">
<CovList>
<CovPrefix CovItemPrefix="counter_esempio.Counter.java">
<Cov CovItemId="B1" Value="1"/>
<Cov CovItemId="B2" Value="8"/>
<Cov CovItemId="S1" Value="1"/>
<Cov CovItemId="S2" Value="6"/>
<Cov CovItemId="S3" Value="9"/>
<Cov CovItemId="S4" Value="1"/>
<Cov CovItemId="S5" Value="8"/>
</CovPrefix>
</CovList>
<AssgnmntList>
<AssgnmntPrefix RootTermCovItemPrefix="counter_esempio.Counter.java">
<AssgnmntListEntry Length="2" RootTermCovItemId="C1">
<MapEntry BoolAssgnmnt="00" Value="8"/>
<MapEntry BoolAssgnmnt="01" Value="1"/>
</AssgnmntListEntry>
</AssgnmntPrefix>
</AssgnmntList>
<ObjMetaDataList/>
<MetaDataList/>
</TestCase>
<TestCase Comment="" Date="1706707434441" Name="randoop.RandoopTest0:test336">
<CovList>
<CovPrefix CovItemPrefix="counter_esempio.Counter.java">
<Cov CovItemId="B1" Value="1"/>
<Cov CovItemId="B2" Value="6"/>
<Cov CovItemId="S1" Value="1"/>
<Cov CovItemId="S2" Value="3"/>
<Cov CovItemId="S3" Value="7"/>
<Cov CovItemId="S4" Value="1"/>
<Cov CovItemId="S5" Value="6"/>
</CovPrefix>
</CovList>
<AssgnmntList>
<AssgnmntPrefix RootTermCovItemPrefix="counter_esempio.Counter.java">
<AssgnmntListEntry Length="2" RootTermCovItemId="C1">
<MapEntry BoolAssgnmnt="00" Value="6"/>
<MapEntry BoolAssgnmnt="01" Value="1"/>
</AssgnmntListEntry>
</AssgnmntPrefix>
</AssgnmntList>
<ObjMetaDataList/>
<MetaDataList/>
</TestCase>
<TestCase Comment="" Date="1706707434441" Name="randoop.RandoopTest0:test337">
<CovList>
<CovPrefix CovItemPrefix="counter_esempio.Counter.java">
<Cov CovItemId="B2" Value="2"/>
<Cov CovItemId="S1" Value="1"/>
<Cov CovItemId="S2" Value="5"/>
<Cov CovItemId="S3" Value="2"/>
<Cov CovItemId="S5" Value="2"/>
</CovPrefix>
</CovList>
<AssgnmntList>
<AssgnmntPrefix RootTermCovItemPrefix="counter_esempio.Counter.java">
<AssgnmntListEntry Length="2" RootTermCovItemId="C1">
<MapEntry BoolAssgnmnt="00" Value="2"/>
</AssgnmntListEntry>
</AssgnmntPrefix>
</AssgnmntList>
<ObjMetaDataList/>
<MetaDataList/>
</TestCase>
<TestCase Comment="" Date="1706707434441" Name="randoop.RandoopTest0:test338">
<CovList>
<CovPrefix CovItemPrefix="counter_esempio.Counter.java">
<Cov CovItemId="B1" Value="1"/>
<Cov CovItemId="B2" Value="2"/>
<Cov CovItemId="S1" Value="1"/>
<Cov CovItemId="S2" Value="13"/>
<Cov CovItemId="S3" Value="3"/>
<Cov CovItemId="S4" Value="1"/>
<Cov CovItemId="S5" Value="2"/>
</CovPrefix>
</CovList>
<AssgnmntList>
<AssgnmntPrefix RootTermCovItemPrefix="counter_esempio.Counter.java">
<AssgnmntListEntry Length="2" RootTermCovItemId="C1">
<MapEntry BoolAssgnmnt="00" Value="2"/>
<MapEntry BoolAssgnmnt="01" Value="1"/>
</AssgnmntListEntry>
</AssgnmntPrefix>
</AssgnmntList>
<ObjMetaDataList/>
<MetaDataList/>
</TestCase>
<TestCase Comment="" Date="1706707434441" Name="randoop.RandoopTest0:test339">
<CovList>
<CovPrefix CovItemPrefix="counter_esempio.Counter.java">
<Cov CovItemId="B1" Value="1"/>
<Cov CovItemId="B2" Value="8"/>
<Cov CovItemId="S1" Value="1"/>
<Cov CovItemId="S2" Value="9"/>
<Cov CovItemId="S3" Value="9"/>
<Cov CovItemId="S4" Value="1"/>
<Cov CovItemId="S5" Value="8"/>
</CovPrefix>
</CovList>
<AssgnmntList>
<AssgnmntPrefix RootTermCovItemPrefix="counter_esempio.Counter.java">
<AssgnmntListEntry Length="2" RootTermCovItemId="C1">
<MapEntry BoolAssgnmnt="00" Value="8"/>
<MapEntry BoolAssgnmnt="01" Value="1"/>
</AssgnmntListEntry>
</AssgnmntPrefix>
</AssgnmntList>
<ObjMetaDataList/>
<MetaDataList/>
</TestCase>
<TestCase Comment="" Date="1706707434441" Name="randoop.RandoopTest0:test340">
<CovList>
<CovPrefix CovItemPrefix="counter_esempio.Counter.java">
<Cov CovItemId="B1" Value="1"/>
<Cov CovItemId="B2" Value="5"/>
<Cov CovItemId="S1" Value="1"/>
<Cov CovItemId="S2" Value="4"/>
<Cov CovItemId="S3" Value="6"/>
<Cov CovItemId="S4" Value="1"/>
<Cov CovItemId="S5" Value="5"/>
</CovPrefix>
</CovList>
<AssgnmntList>
<AssgnmntPrefix RootTermCovItemPrefix="counter_esempio.Counter.java">
<AssgnmntListEntry Length="2" RootTermCovItemId="C1">
<MapEntry BoolAssgnmnt="00" Value="5"/>
<MapEntry BoolAssgnmnt="01" Value="1"/>
</AssgnmntListEntry>
</AssgnmntPrefix>
</AssgnmntList>
<ObjMetaDataList/>
<MetaDataList/>
</TestCase>
<TestCase Comment="" Date="1706707434441" Name="randoop.RandoopTest0:test341">
<CovList>
<CovPrefix CovItemPrefix="counter_esempio.Counter.java">
<Cov CovItemId="B1" Value="1"/>
<Cov CovItemId="B2" Value="6"/>
<Cov CovItemId="S1" Value="1"/>
<Cov CovItemId="S2" Value="12"/>
<Cov CovItemId="S3" Value="7"/>
<Cov CovItemId="S4" Value="1"/>
<Cov CovItemId="S5" Value="6"/>
</CovPrefix>
</CovList>
<AssgnmntList>
<AssgnmntPrefix RootTermCovItemPrefix="counter_esempio.Counter.java">
<AssgnmntListEntry Length="2" RootTermCovItemId="C1">
<MapEntry BoolAssgnmnt="00" Value="6"/>
<MapEntry BoolAssgnmnt="01" Value="1"/>
</AssgnmntListEntry>
</AssgnmntPrefix>
</AssgnmntList>
<ObjMetaDataList/>
<MetaDataList/>
</TestCase>
<TestCase Comment="" Date="1706707434441" Name="randoop.RandoopTest0:test342">
<CovList>
<CovPrefix CovItemPrefix="counter_esempio.Counter.java">
<Cov CovItemId="B1" Value="1"/>
<Cov CovItemId="B2" Value="9"/>
<Cov CovItemId="S1" Value="1"/>
<Cov CovItemId="S2" Value="2"/>
<Cov CovItemId="S3" Value="10"/>
<Cov CovItemId="S4" Value="1"/>
<Cov CovItemId="S5" Value="9"/>
</CovPrefix>
</CovList>
<AssgnmntList>
<AssgnmntPrefix RootTermCovItemPrefix="counter_esempio.Counter.java">
<AssgnmntListEntry Length="2" RootTermCovItemId="C1">
<MapEntry BoolAssgnmnt="00" Value="9"/>
<MapEntry BoolAssgnmnt="01" Value="1"/>
</AssgnmntListEntry>
</AssgnmntPrefix>
</AssgnmntList>
<ObjMetaDataList/>
<MetaDataList/>
</TestCase>
<TestCase Comment="" Date="1706707434441" Name="randoop.RandoopTest0:test343">
<CovList>
<CovPrefix CovItemPrefix="counter_esempio.Counter.java">
<Cov CovItemId="B1" Value="1"/>
<Cov CovItemId="B2" Value="7"/>
<Cov CovItemId="S1" Value="1"/>
<Cov CovItemId="S2" Value="11"/>
<Cov CovItemId="S3" Value="8"/>
<Cov CovItemId="S4" Value="1"/>
<Cov CovItemId="S5" Value="7"/>
</CovPrefix>
</CovList>
<AssgnmntList>
<AssgnmntPrefix RootTermCovItemPrefix="counter_esempio.Counter.java">
<AssgnmntListEntry Length="2" RootTermCovItemId="C1">
<MapEntry BoolAssgnmnt="00" Value="7"/>
<MapEntry BoolAssgnmnt="01" Value="1"/>
</AssgnmntListEntry>
</AssgnmntPrefix>
</AssgnmntList>
<ObjMetaDataList/>
<MetaDataList/>
</TestCase>
<TestCase Comment="" Date="1706707434456" Name="randoop.RandoopTest0:test344">
<CovList>
<CovPrefix CovItemPrefix="counter_esempio.Counter.java">
<Cov CovItemId="B1" Value="1"/>
<Cov CovItemId="B2" Value="8"/>
<Cov CovItemId="S1" Value="1"/>
<Cov CovItemId="S2" Value="11"/>
<Cov CovItemId="S3" Value="9"/>
<Cov CovItemId="S4" Value="1"/>
<Cov CovItemId="S5" Value="8"/>
</CovPrefix>
</CovList>
<AssgnmntList>
<AssgnmntPrefix RootTermCovItemPrefix="counter_esempio.Counter.java">
<AssgnmntListEntry Length="2" RootTermCovItemId="C1">
<MapEntry BoolAssgnmnt="00" Value="8"/>
<MapEntry BoolAssgnmnt="01" Value="1"/>
</AssgnmntListEntry>
</AssgnmntPrefix>
</AssgnmntList>
<ObjMetaDataList/>
<MetaDataList/>
</TestCase>
<TestCase Comment="" Date="1706707434456" Name="randoop.RandoopTest0:test345">
<CovList>
<CovPrefix CovItemPrefix="counter_esempio.Counter.java">
<Cov CovItemId="B1" Value="1"/>
<Cov CovItemId="B2" Value="4"/>
<Cov CovItemId="S1" Value="1"/>
<Cov CovItemId="S2" Value="9"/>
<Cov CovItemId="S3" Value="5"/>
<Cov CovItemId="S4" Value="1"/>
<Cov CovItemId="S5" Value="4"/>
</CovPrefix>
</CovList>
<AssgnmntList>
<AssgnmntPrefix RootTermCovItemPrefix="counter_esempio.Counter.java">
<AssgnmntListEntry Length="2" RootTermCovItemId="C1">
<MapEntry BoolAssgnmnt="00" Value="4"/>
<MapEntry BoolAssgnmnt="01" Value="1"/>
</AssgnmntListEntry>
</AssgnmntPrefix>
</AssgnmntList>
<ObjMetaDataList/>
<MetaDataList/>
</TestCase>
<TestCase Comment="" Date="1706707434456" Name="randoop.RandoopTest0:test346">
<CovList>
<CovPrefix CovItemPrefix="counter_esempio.Counter.java">
<Cov CovItemId="B1" Value="1"/>
<Cov CovItemId="B2" Value="6"/>
<Cov CovItemId="S1" Value="1"/>
<Cov CovItemId="S2" Value="7"/>
<Cov CovItemId="S3" Value="7"/>
<Cov CovItemId="S4" Value="1"/>
<Cov CovItemId="S5" Value="6"/>
</CovPrefix>
</CovList>
<AssgnmntList>
<AssgnmntPrefix RootTermCovItemPrefix="counter_esempio.Counter.java">
<AssgnmntListEntry Length="2" RootTermCovItemId="C1">
<MapEntry BoolAssgnmnt="00" Value="6"/>
<MapEntry BoolAssgnmnt="01" Value="1"/>
</AssgnmntListEntry>
</AssgnmntPrefix>
</AssgnmntList>
<ObjMetaDataList/>
<MetaDataList/>
</TestCase>
<TestCase Comment="" Date="1706707434456" Name="randoop.RandoopTest0:test347">
<CovList>
<CovPrefix CovItemPrefix="counter_esempio.Counter.java">
<Cov CovItemId="B1" Value="1"/>
<Cov CovItemId="B2" Value="10"/>
<Cov CovItemId="S1" Value="1"/>
<Cov CovItemId="S2" Value="9"/>
<Cov CovItemId="S3" Value="11"/>
<Cov CovItemId="S4" Value="1"/>
<Cov CovItemId="S5" Value="10"/>
</CovPrefix>
</CovList>
<AssgnmntList>
<AssgnmntPrefix RootTermCovItemPrefix="counter_esempio.Counter.java">
<AssgnmntListEntry Length="2" RootTermCovItemId="C1">
<MapEntry BoolAssgnmnt="00" Value="10"/>
<MapEntry BoolAssgnmnt="01" Value="1"/>
</AssgnmntListEntry>
</AssgnmntPrefix>
</AssgnmntList>
<ObjMetaDataList/>
<MetaDataList/>
</TestCase>
<TestCase Comment="" Date="1706707434456" Name="randoop.RandoopTest0:test348">
<CovList>
<CovPrefix CovItemPrefix="counter_esempio.Counter.java">
<Cov CovItemId="B1" Value="1"/>
<Cov CovItemId="B2" Value="6"/>
<Cov CovItemId="S1" Value="1"/>
<Cov CovItemId="S2" Value="7"/>
<Cov CovItemId="S3" Value="7"/>
<Cov CovItemId="S4" Value="1"/>
<Cov CovItemId="S5" Value="6"/>
</CovPrefix>
</CovList>
<AssgnmntList>
<AssgnmntPrefix RootTermCovItemPrefix="counter_esempio.Counter.java">
<AssgnmntListEntry Length="2" RootTermCovItemId="C1">
<MapEntry BoolAssgnmnt="00" Value="6"/>
<MapEntry BoolAssgnmnt="01" Value="1"/>
</AssgnmntListEntry>
</AssgnmntPrefix>
</AssgnmntList>
<ObjMetaDataList/>
<MetaDataList/>
</TestCase>
<TestCase Comment="" Date="1706707434456" Name="randoop.RandoopTest0:test349">
<CovList>
<CovPrefix CovItemPrefix="counter_esempio.Counter.java">
<Cov CovItemId="B1" Value="1"/>
<Cov CovItemId="B2" Value="7"/>
<Cov CovItemId="S1" Value="1"/>
<Cov CovItemId="S2" Value="7"/>
<Cov CovItemId="S3" Value="8"/>
<Cov CovItemId="S4" Value="1"/>
<Cov CovItemId="S5" Value="7"/>
</CovPrefix>
</CovList>
<AssgnmntList>
<AssgnmntPrefix RootTermCovItemPrefix="counter_esempio.Counter.java">
<AssgnmntListEntry Length="2" RootTermCovItemId="C1">
<MapEntry BoolAssgnmnt="00" Value="7"/>
<MapEntry BoolAssgnmnt="01" Value="1"/>
</AssgnmntListEntry>
</AssgnmntPrefix>
</AssgnmntList>
<ObjMetaDataList/>
<MetaDataList/>
</TestCase>
<TestCase Comment="" Date="1706707434472" Name="randoop.RandoopTest0:test350">
<CovList>
<CovPrefix CovItemPrefix="counter_esempio.Counter.java">
<Cov CovItemId="B1" Value="1"/>
<Cov CovItemId="B2" Value="7"/>
<Cov CovItemId="S1" Value="1"/>
<Cov CovItemId="S2" Value="12"/>
<Cov CovItemId="S3" Value="8"/>
<Cov CovItemId="S4" Value="1"/>
<Cov CovItemId="S5" Value="7"/>
</CovPrefix>
</CovList>
<AssgnmntList>
<AssgnmntPrefix RootTermCovItemPrefix="counter_esempio.Counter.java">
<AssgnmntListEntry Length="2" RootTermCovItemId="C1">
<MapEntry BoolAssgnmnt="00" Value="7"/>
<MapEntry BoolAssgnmnt="01" Value="1"/>
</AssgnmntListEntry>
</AssgnmntPrefix>
</AssgnmntList>
<ObjMetaDataList/>
<MetaDataList/>
</TestCase>
<TestCase Comment="" Date="1706707434472" Name="randoop.RandoopTest0:test351">
<CovList>
<CovPrefix CovItemPrefix="counter_esempio.Counter.java">
<Cov CovItemId="B1" Value="1"/>
<Cov CovItemId="B2" Value="7"/>
<Cov CovItemId="S1" Value="1"/>
<Cov CovItemId="S2" Value="6"/>
<Cov CovItemId="S3" Value="8"/>
<Cov CovItemId="S4" Value="1"/>
<Cov CovItemId="S5" Value="7"/>
</CovPrefix>
</CovList>
<AssgnmntList>
<AssgnmntPrefix RootTermCovItemPrefix="counter_esempio.Counter.java">
<AssgnmntListEntry Length="2" RootTermCovItemId="C1">
<MapEntry BoolAssgnmnt="00" Value="7"/>
<MapEntry BoolAssgnmnt="01" Value="1"/>
</AssgnmntListEntry>
</AssgnmntPrefix>
</AssgnmntList>
<ObjMetaDataList/>
<MetaDataList/>
</TestCase>
<TestCase Comment="" Date="1706707434472" Name="randoop.RandoopTest0:test352">
<CovList>
<CovPrefix CovItemPrefix="counter_esempio.Counter.java">
<Cov CovItemId="B1" Value="1"/>
<Cov CovItemId="B2" Value="2"/>
<Cov CovItemId="S1" Value="1"/>
<Cov CovItemId="S2" Value="6"/>
<Cov CovItemId="S3" Value="3"/>
<Cov CovItemId="S4" Value="1"/>
<Cov CovItemId="S5" Value="2"/>
</CovPrefix>
</CovList>
<AssgnmntList>
<AssgnmntPrefix RootTermCovItemPrefix="counter_esempio.Counter.java">
<AssgnmntListEntry Length="2" RootTermCovItemId="C1">
<MapEntry BoolAssgnmnt="00" Value="2"/>
<MapEntry BoolAssgnmnt="01" Value="1"/>
</AssgnmntListEntry>
</AssgnmntPrefix>
</AssgnmntList>
<ObjMetaDataList/>
<MetaDataList/>
</TestCase>
<TestCase Comment="" Date="1706707434472" Name="randoop.RandoopTest0:test353">
<CovList>
<CovPrefix CovItemPrefix="counter_esempio.Counter.java">
<Cov CovItemId="B1" Value="1"/>
<Cov CovItemId="B2" Value="7"/>
<Cov CovItemId="S1" Value="1"/>
<Cov CovItemId="S2" Value="5"/>
<Cov CovItemId="S3" Value="8"/>
<Cov CovItemId="S4" Value="1"/>
<Cov CovItemId="S5" Value="7"/>
</CovPrefix>
</CovList>
<AssgnmntList>
<AssgnmntPrefix RootTermCovItemPrefix="counter_esempio.Counter.java">
<AssgnmntListEntry Length="2" RootTermCovItemId="C1">
<MapEntry BoolAssgnmnt="00" Value="7"/>
<MapEntry BoolAssgnmnt="01" Value="1"/>
</AssgnmntListEntry>
</AssgnmntPrefix>
</AssgnmntList>
<ObjMetaDataList/>
<MetaDataList/>
</TestCase>
<TestCase Comment="" Date="1706707434472" Name="randoop.RandoopTest0:test354">
<CovList>
<CovPrefix CovItemPrefix="counter_esempio.Counter.java">
<Cov CovItemId="B1" Value="1"/>
<Cov CovItemId="B2" Value="8"/>
<Cov CovItemId="S1" Value="1"/>
<Cov CovItemId="S2" Value="4"/>
<Cov CovItemId="S3" Value="9"/>
<Cov CovItemId="S4" Value="1"/>
<Cov CovItemId="S5" Value="8"/>
</CovPrefix>
</CovList>
<AssgnmntList>
<AssgnmntPrefix RootTermCovItemPrefix="counter_esempio.Counter.java">
<AssgnmntListEntry Length="2" RootTermCovItemId="C1">
<MapEntry BoolAssgnmnt="00" Value="8"/>
<MapEntry BoolAssgnmnt="01" Value="1"/>
</AssgnmntListEntry>
</AssgnmntPrefix>
</AssgnmntList>
<ObjMetaDataList/>
<MetaDataList/>
</TestCase>
<TestCase Comment="" Date="1706707434504" Name="randoop.RandoopTest0:test355">
<CovList>
<CovPrefix CovItemPrefix="counter_esempio.Counter.java">
<Cov CovItemId="B1" Value="1"/>
<Cov CovItemId="B2" Value="7"/>
<Cov CovItemId="S1" Value="1"/>
<Cov CovItemId="S2" Value="6"/>
<Cov CovItemId="S3" Value="8"/>
<Cov CovItemId="S4" Value="1"/>
<Cov CovItemId="S5" Value="7"/>
</CovPrefix>
</CovList>
<AssgnmntList>
<AssgnmntPrefix RootTermCovItemPrefix="counter_esempio.Counter.java">
<AssgnmntListEntry Length="2" RootTermCovItemId="C1">
<MapEntry BoolAssgnmnt="00" Value="7"/>
<MapEntry BoolAssgnmnt="01" Value="1"/>
</AssgnmntListEntry>
</AssgnmntPrefix>
</AssgnmntList>
<ObjMetaDataList/>
<MetaDataList/>
</TestCase>
<TestCase Comment="" Date="1706707434535" Name="randoop.RandoopTest0:test356">
<CovList>
<CovPrefix CovItemPrefix="counter_esempio.Counter.java">
<Cov CovItemId="B1" Value="1"/>
<Cov CovItemId="B2" Value="4"/>
<Cov CovItemId="S1" Value="1"/>
<Cov CovItemId="S2" Value="6"/>
<Cov CovItemId="S3" Value="5"/>
<Cov CovItemId="S4" Value="1"/>
<Cov CovItemId="S5" Value="4"/>
</CovPrefix>
</CovList>
<AssgnmntList>
<AssgnmntPrefix RootTermCovItemPrefix="counter_esempio.Counter.java">
<AssgnmntListEntry Length="2" RootTermCovItemId="C1">
<MapEntry BoolAssgnmnt="00" Value="4"/>
<MapEntry BoolAssgnmnt="01" Value="1"/>
</AssgnmntListEntry>
</AssgnmntPrefix>
</AssgnmntList>
<ObjMetaDataList/>
<MetaDataList/>
</TestCase>
<TestCase Comment="" Date="1706707434535" Name="randoop.RandoopTest0:test357">
<CovList>
<CovPrefix CovItemPrefix="counter_esempio.Counter.java">
<Cov CovItemId="B1" Value="1"/>
<Cov CovItemId="B2" Value="4"/>
<Cov CovItemId="S1" Value="1"/>
<Cov CovItemId="S2" Value="10"/>
<Cov CovItemId="S3" Value="5"/>
<Cov CovItemId="S4" Value="1"/>
<Cov CovItemId="S5" Value="4"/>
</CovPrefix>
</CovList>
<AssgnmntList>
<AssgnmntPrefix RootTermCovItemPrefix="counter_esempio.Counter.java">
<AssgnmntListEntry Length="2" RootTermCovItemId="C1">
<MapEntry BoolAssgnmnt="00" Value="4"/>
<MapEntry BoolAssgnmnt="01" Value="1"/>
</AssgnmntListEntry>
</AssgnmntPrefix>
</AssgnmntList>
<ObjMetaDataList/>
<MetaDataList/>
</TestCase>
<TestCase Comment="" Date="1706707434535" Name="randoop.RandoopTest0:test358">
<CovList>
<CovPrefix CovItemPrefix="counter_esempio.Counter.java">
<Cov CovItemId="B1" Value="1"/>
<Cov CovItemId="B2" Value="8"/>
<Cov CovItemId="S1" Value="1"/>
<Cov CovItemId="S2" Value="9"/>
<Cov CovItemId="S3" Value="9"/>
<Cov CovItemId="S4" Value="1"/>
<Cov CovItemId="S5" Value="8"/>
</CovPrefix>
</CovList>
<AssgnmntList>
<AssgnmntPrefix RootTermCovItemPrefix="counter_esempio.Counter.java">
<AssgnmntListEntry Length="2" RootTermCovItemId="C1">
<MapEntry BoolAssgnmnt="00" Value="8"/>
<MapEntry BoolAssgnmnt="01" Value="1"/>
</AssgnmntListEntry>
</AssgnmntPrefix>
</AssgnmntList>
<ObjMetaDataList/>
<MetaDataList/>
</TestCase>
<TestCase Comment="" Date="1706707434535" Name="randoop.RandoopTest0:test359">
<CovList>
<CovPrefix CovItemPrefix="counter_esempio.Counter.java">
<Cov CovItemId="B1" Value="1"/>
<Cov CovItemId="B2" Value="5"/>
<Cov CovItemId="S1" Value="1"/>
<Cov CovItemId="S2" Value="9"/>
<Cov CovItemId="S3" Value="6"/>
<Cov CovItemId="S4" Value="1"/>
<Cov CovItemId="S5" Value="5"/>
</CovPrefix>
</CovList>
<AssgnmntList>
<AssgnmntPrefix RootTermCovItemPrefix="counter_esempio.Counter.java">
<AssgnmntListEntry Length="2" RootTermCovItemId="C1">
<MapEntry BoolAssgnmnt="00" Value="5"/>
<MapEntry BoolAssgnmnt="01" Value="1"/>
</AssgnmntListEntry>
</AssgnmntPrefix>
</AssgnmntList>
<ObjMetaDataList/>
<MetaDataList/>
</TestCase>
<TestCase Comment="" Date="1706707434535" Name="randoop.RandoopTest0:test360">
<CovList>
<CovPrefix CovItemPrefix="counter_esempio.Counter.java">
<Cov CovItemId="B1" Value="1"/>
<Cov CovItemId="B2" Value="8"/>
<Cov CovItemId="S1" Value="1"/>
<Cov CovItemId="S2" Value="5"/>
<Cov CovItemId="S3" Value="9"/>
<Cov CovItemId="S4" Value="1"/>
<Cov CovItemId="S5" Value="8"/>
</CovPrefix>
</CovList>
<AssgnmntList>
<AssgnmntPrefix RootTermCovItemPrefix="counter_esempio.Counter.java">
<AssgnmntListEntry Length="2" RootTermCovItemId="C1">
<MapEntry BoolAssgnmnt="00" Value="8"/>
<MapEntry BoolAssgnmnt="01" Value="1"/>
</AssgnmntListEntry>
</AssgnmntPrefix>
</AssgnmntList>
<ObjMetaDataList/>
<MetaDataList/>
</TestCase>
<TestCase Comment="" Date="1706707434535" Name="randoop.RandoopTest0:test361">
<CovList>
<CovPrefix CovItemPrefix="counter_esempio.Counter.java">
<Cov CovItemId="B1" Value="1"/>
<Cov CovItemId="B2" Value="9"/>
<Cov CovItemId="S1" Value="1"/>
<Cov CovItemId="S2" Value="7"/>
<Cov CovItemId="S3" Value="10"/>
<Cov CovItemId="S4" Value="1"/>
<Cov CovItemId="S5" Value="9"/>
</CovPrefix>
</CovList>
<AssgnmntList>
<AssgnmntPrefix RootTermCovItemPrefix="counter_esempio.Counter.java">
<AssgnmntListEntry Length="2" RootTermCovItemId="C1">
<MapEntry BoolAssgnmnt="00" Value="9"/>
<MapEntry BoolAssgnmnt="01" Value="1"/>
</AssgnmntListEntry>
</AssgnmntPrefix>
</AssgnmntList>
<ObjMetaDataList/>
<MetaDataList/>
</TestCase>
<TestCase Comment="" Date="1706707434535" Name="randoop.RandoopTest0:test362">
<CovList>
<CovPrefix CovItemPrefix="counter_esempio.Counter.java">
<Cov CovItemId="B1" Value="1"/>
<Cov CovItemId="B2" Value="6"/>
<Cov CovItemId="S1" Value="1"/>
<Cov CovItemId="S2" Value="11"/>
<Cov CovItemId="S3" Value="7"/>
<Cov CovItemId="S4" Value="1"/>
<Cov CovItemId="S5" Value="6"/>
</CovPrefix>
</CovList>
<AssgnmntList>
<AssgnmntPrefix RootTermCovItemPrefix="counter_esempio.Counter.java">
<AssgnmntListEntry Length="2" RootTermCovItemId="C1">
<MapEntry BoolAssgnmnt="00" Value="6"/>
<MapEntry BoolAssgnmnt="01" Value="1"/>
</AssgnmntListEntry>
</AssgnmntPrefix>
</AssgnmntList>
<ObjMetaDataList/>
<MetaDataList/>
</TestCase>
<TestCase Comment="" Date="1706707434535" Name="randoop.RandoopTest0:test363">
<CovList>
<CovPrefix CovItemPrefix="counter_esempio.Counter.java">
<Cov CovItemId="B1" Value="1"/>
<Cov CovItemId="B2" Value="2"/>
<Cov CovItemId="S1" Value="1"/>
<Cov CovItemId="S2" Value="5"/>
<Cov CovItemId="S3" Value="3"/>
<Cov CovItemId="S4" Value="1"/>
<Cov CovItemId="S5" Value="2"/>
</CovPrefix>
</CovList>
<AssgnmntList>
<AssgnmntPrefix RootTermCovItemPrefix="counter_esempio.Counter.java">
<AssgnmntListEntry Length="2" RootTermCovItemId="C1">
<MapEntry BoolAssgnmnt="00" Value="2"/>
<MapEntry BoolAssgnmnt="01" Value="1"/>
</AssgnmntListEntry>
</AssgnmntPrefix>
</AssgnmntList>
<ObjMetaDataList/>
<MetaDataList/>
</TestCase>
<TestCase Comment="" Date="1706707434550" Name="randoop.RandoopTest0:test364">
<CovList>
<CovPrefix CovItemPrefix="counter_esempio.Counter.java">
<Cov CovItemId="B1" Value="1"/>
<Cov CovItemId="B2" Value="4"/>
<Cov CovItemId="S1" Value="1"/>
<Cov CovItemId="S2" Value="10"/>
<Cov CovItemId="S3" Value="5"/>
<Cov CovItemId="S4" Value="1"/>
<Cov CovItemId="S5" Value="4"/>
</CovPrefix>
</CovList>
<AssgnmntList>
<AssgnmntPrefix RootTermCovItemPrefix="counter_esempio.Counter.java">
<AssgnmntListEntry Length="2" RootTermCovItemId="C1">
<MapEntry BoolAssgnmnt="00" Value="4"/>
<MapEntry BoolAssgnmnt="01" Value="1"/>
</AssgnmntListEntry>
</AssgnmntPrefix>
</AssgnmntList>
<ObjMetaDataList/>
<MetaDataList/>
</TestCase>
<TestCase Comment="" Date="1706707434550" Name="randoop.RandoopTest0:test365">
<CovList>
<CovPrefix CovItemPrefix="counter_esempio.Counter.java">
<Cov CovItemId="B1" Value="1"/>
<Cov CovItemId="B2" Value="3"/>
<Cov CovItemId="S1" Value="1"/>
<Cov CovItemId="S2" Value="4"/>
<Cov CovItemId="S3" Value="4"/>
<Cov CovItemId="S4" Value="1"/>
<Cov CovItemId="S5" Value="3"/>
</CovPrefix>
</CovList>
<AssgnmntList>
<AssgnmntPrefix RootTermCovItemPrefix="counter_esempio.Counter.java">
<AssgnmntListEntry Length="2" RootTermCovItemId="C1">
<MapEntry BoolAssgnmnt="00" Value="3"/>
<MapEntry BoolAssgnmnt="01" Value="1"/>
</AssgnmntListEntry>
</AssgnmntPrefix>
</AssgnmntList>
<ObjMetaDataList/>
<MetaDataList/>
</TestCase>
<TestCase Comment="" Date="1706707434550" Name="randoop.RandoopTest0:test366">
<CovList>
<CovPrefix CovItemPrefix="counter_esempio.Counter.java">
<Cov CovItemId="B1" Value="1"/>
<Cov CovItemId="B2" Value="4"/>
<Cov CovItemId="S1" Value="1"/>
<Cov CovItemId="S2" Value="12"/>
<Cov CovItemId="S3" Value="5"/>
<Cov CovItemId="S4" Value="1"/>
<Cov CovItemId="S5" Value="4"/>
</CovPrefix>
</CovList>
<AssgnmntList>
<AssgnmntPrefix RootTermCovItemPrefix="counter_esempio.Counter.java">
<AssgnmntListEntry Length="2" RootTermCovItemId="C1">
<MapEntry BoolAssgnmnt="00" Value="4"/>
<MapEntry BoolAssgnmnt="01" Value="1"/>
</AssgnmntListEntry>
</AssgnmntPrefix>
</AssgnmntList>
<ObjMetaDataList/>
<MetaDataList/>
</TestCase>
<TestCase Comment="" Date="1706707434550" Name="randoop.RandoopTest0:test367">
<CovList>
<CovPrefix CovItemPrefix="counter_esempio.Counter.java">
<Cov CovItemId="B1" Value="1"/>
<Cov CovItemId="B2" Value="12"/>
<Cov CovItemId="S1" Value="1"/>
<Cov CovItemId="S2" Value="7"/>
<Cov CovItemId="S3" Value="13"/>
<Cov CovItemId="S4" Value="1"/>
<Cov CovItemId="S5" Value="12"/>
</CovPrefix>
</CovList>
<AssgnmntList>
<AssgnmntPrefix RootTermCovItemPrefix="counter_esempio.Counter.java">
<AssgnmntListEntry Length="2" RootTermCovItemId="C1">
<MapEntry BoolAssgnmnt="00" Value="12"/>
<MapEntry BoolAssgnmnt="01" Value="1"/>
</AssgnmntListEntry>
</AssgnmntPrefix>
</AssgnmntList>
<ObjMetaDataList/>
<MetaDataList/>
</TestCase>
<TestCase Comment="" Date="1706707434550" Name="randoop.RandoopTest0:test368">
<CovList>
<CovPrefix CovItemPrefix="counter_esempio.Counter.java">
<Cov CovItemId="B1" Value="1"/>
<Cov CovItemId="B2" Value="6"/>
<Cov CovItemId="S1" Value="1"/>
<Cov CovItemId="S2" Value="3"/>
<Cov CovItemId="S3" Value="7"/>
<Cov CovItemId="S4" Value="1"/>
<Cov CovItemId="S5" Value="6"/>
</CovPrefix>
</CovList>
<AssgnmntList>
<AssgnmntPrefix RootTermCovItemPrefix="counter_esempio.Counter.java">
<AssgnmntListEntry Length="2" RootTermCovItemId="C1">
<MapEntry BoolAssgnmnt="00" Value="6"/>
<MapEntry BoolAssgnmnt="01" Value="1"/>
</AssgnmntListEntry>
</AssgnmntPrefix>
</AssgnmntList>
<ObjMetaDataList/>
<MetaDataList/>
</TestCase>
<TestCase Comment="" Date="1706707434566" Name="randoop.RandoopTest0:test369">
<CovList>
<CovPrefix CovItemPrefix="counter_esempio.Counter.java">
<Cov CovItemId="B1" Value="1"/>
<Cov CovItemId="B2" Value="2"/>
<Cov CovItemId="S1" Value="1"/>
<Cov CovItemId="S2" Value="12"/>
<Cov CovItemId="S3" Value="3"/>
<Cov CovItemId="S4" Value="1"/>
<Cov CovItemId="S5" Value="2"/>
</CovPrefix>
</CovList>
<AssgnmntList>
<AssgnmntPrefix RootTermCovItemPrefix="counter_esempio.Counter.java">
<AssgnmntListEntry Length="2" RootTermCovItemId="C1">
<MapEntry BoolAssgnmnt="00" Value="2"/>
<MapEntry BoolAssgnmnt="01" Value="1"/>
</AssgnmntListEntry>
</AssgnmntPrefix>
</AssgnmntList>
<ObjMetaDataList/>
<MetaDataList/>
</TestCase>
<TestCase Comment="" Date="1706707434566" Name="randoop.RandoopTest0:test370">
<CovList>
<CovPrefix CovItemPrefix="counter_esempio.Counter.java">
<Cov CovItemId="B1" Value="1"/>
<Cov CovItemId="B2" Value="7"/>
<Cov CovItemId="S1" Value="1"/>
<Cov CovItemId="S2" Value="10"/>
<Cov CovItemId="S3" Value="8"/>
<Cov CovItemId="S4" Value="1"/>
<Cov CovItemId="S5" Value="7"/>
</CovPrefix>
</CovList>
<AssgnmntList>
<AssgnmntPrefix RootTermCovItemPrefix="counter_esempio.Counter.java">
<AssgnmntListEntry Length="2" RootTermCovItemId="C1">
<MapEntry BoolAssgnmnt="00" Value="7"/>
<MapEntry BoolAssgnmnt="01" Value="1"/>
</AssgnmntListEntry>
</AssgnmntPrefix>
</AssgnmntList>
<ObjMetaDataList/>
<MetaDataList/>
</TestCase>
<TestCase Comment="" Date="1706707434566" Name="randoop.RandoopTest0:test371">
<CovList>
<CovPrefix CovItemPrefix="counter_esempio.Counter.java">
<Cov CovItemId="B1" Value="1"/>
<Cov CovItemId="B2" Value="4"/>
<Cov CovItemId="S1" Value="1"/>
<Cov CovItemId="S2" Value="7"/>
<Cov CovItemId="S3" Value="5"/>
<Cov CovItemId="S4" Value="1"/>
<Cov CovItemId="S5" Value="4"/>
</CovPrefix>
</CovList>
<AssgnmntList>
<AssgnmntPrefix RootTermCovItemPrefix="counter_esempio.Counter.java">
<AssgnmntListEntry Length="2" RootTermCovItemId="C1">
<MapEntry BoolAssgnmnt="00" Value="4"/>
<MapEntry BoolAssgnmnt="01" Value="1"/>
</AssgnmntListEntry>
</AssgnmntPrefix>
</AssgnmntList>
<ObjMetaDataList/>
<MetaDataList/>
</TestCase>
<TestCase Comment="" Date="1706707434566" Name="randoop.RandoopTest0:test372">
<CovList>
<CovPrefix CovItemPrefix="counter_esempio.Counter.java">
<Cov CovItemId="B1" Value="1"/>
<Cov CovItemId="B2" Value="5"/>
<Cov CovItemId="S1" Value="1"/>
<Cov CovItemId="S2" Value="12"/>
<Cov CovItemId="S3" Value="6"/>
<Cov CovItemId="S4" Value="1"/>
<Cov CovItemId="S5" Value="5"/>
</CovPrefix>
</CovList>
<AssgnmntList>
<AssgnmntPrefix RootTermCovItemPrefix="counter_esempio.Counter.java">
<AssgnmntListEntry Length="2" RootTermCovItemId="C1">
<MapEntry BoolAssgnmnt="00" Value="5"/>
<MapEntry BoolAssgnmnt="01" Value="1"/>
</AssgnmntListEntry>
</AssgnmntPrefix>
</AssgnmntList>
<ObjMetaDataList/>
<MetaDataList/>
</TestCase>
<TestCase Comment="" Date="1706707434566" Name="randoop.RandoopTest0:test373">
<CovList>
<CovPrefix CovItemPrefix="counter_esempio.Counter.java">
<Cov CovItemId="B1" Value="1"/>
<Cov CovItemId="B2" Value="7"/>
<Cov CovItemId="S1" Value="1"/>
<Cov CovItemId="S2" Value="3"/>
<Cov CovItemId="S3" Value="8"/>
<Cov CovItemId="S4" Value="1"/>
<Cov CovItemId="S5" Value="7"/>
</CovPrefix>
</CovList>
<AssgnmntList>
<AssgnmntPrefix RootTermCovItemPrefix="counter_esempio.Counter.java">
<AssgnmntListEntry Length="2" RootTermCovItemId="C1">
<MapEntry BoolAssgnmnt="00" Value="7"/>
<MapEntry BoolAssgnmnt="01" Value="1"/>
</AssgnmntListEntry>
</AssgnmntPrefix>
</AssgnmntList>
<ObjMetaDataList/>
<MetaDataList/>
</TestCase>
<TestCase Comment="" Date="1706707434566" Name="randoop.RandoopTest0:test374">
<CovList>
<CovPrefix CovItemPrefix="counter_esempio.Counter.java">
<Cov CovItemId="B1" Value="1"/>
<Cov CovItemId="B2" Value="9"/>
<Cov CovItemId="S1" Value="1"/>
<Cov CovItemId="S2" Value="8"/>
<Cov CovItemId="S3" Value="10"/>
<Cov CovItemId="S4" Value="1"/>
<Cov CovItemId="S5" Value="9"/>
</CovPrefix>
</CovList>
<AssgnmntList>
<AssgnmntPrefix RootTermCovItemPrefix="counter_esempio.Counter.java">
<AssgnmntListEntry Length="2" RootTermCovItemId="C1">
<MapEntry BoolAssgnmnt="00" Value="9"/>
<MapEntry BoolAssgnmnt="01" Value="1"/>
</AssgnmntListEntry>
</AssgnmntPrefix>
</AssgnmntList>
<ObjMetaDataList/>
<MetaDataList/>
</TestCase>
<TestCase Comment="" Date="1706707434566" Name="randoop.RandoopTest0:test375">
<CovList>
<CovPrefix CovItemPrefix="counter_esempio.Counter.java">
<Cov CovItemId="B1" Value="1"/>
<Cov CovItemId="B2" Value="5"/>
<Cov CovItemId="S1" Value="1"/>
<Cov CovItemId="S2" Value="7"/>
<Cov CovItemId="S3" Value="6"/>
<Cov CovItemId="S4" Value="1"/>
<Cov CovItemId="S5" Value="5"/>
</CovPrefix>
</CovList>
<AssgnmntList>
<AssgnmntPrefix RootTermCovItemPrefix="counter_esempio.Counter.java">
<AssgnmntListEntry Length="2" RootTermCovItemId="C1">
<MapEntry BoolAssgnmnt="00" Value="5"/>
<MapEntry BoolAssgnmnt="01" Value="1"/>
</AssgnmntListEntry>
</AssgnmntPrefix>
</AssgnmntList>
<ObjMetaDataList/>
<MetaDataList/>
</TestCase>
<TestCase Comment="" Date="1706707434566" Name="randoop.RandoopTest0:test376">
<CovList>
<CovPrefix CovItemPrefix="counter_esempio.Counter.java">
<Cov CovItemId="B1" Value="1"/>
<Cov CovItemId="B2" Value="7"/>
<Cov CovItemId="S1" Value="1"/>
<Cov CovItemId="S2" Value="6"/>
<Cov CovItemId="S3" Value="8"/>
<Cov CovItemId="S4" Value="1"/>
<Cov CovItemId="S5" Value="7"/>
</CovPrefix>
</CovList>
<AssgnmntList>
<AssgnmntPrefix RootTermCovItemPrefix="counter_esempio.Counter.java">
<AssgnmntListEntry Length="2" RootTermCovItemId="C1">
<MapEntry BoolAssgnmnt="00" Value="7"/>
<MapEntry BoolAssgnmnt="01" Value="1"/>
</AssgnmntListEntry>
</AssgnmntPrefix>
</AssgnmntList>
<ObjMetaDataList/>
<MetaDataList/>
</TestCase>
<TestCase Comment="" Date="1706707434566" Name="randoop.RandoopTest0:test377">
<CovList>
<CovPrefix CovItemPrefix="counter_esempio.Counter.java">
<Cov CovItemId="B1" Value="1"/>
<Cov CovItemId="B2" Value="6"/>
<Cov CovItemId="S1" Value="1"/>
<Cov CovItemId="S2" Value="8"/>
<Cov CovItemId="S3" Value="7"/>
<Cov CovItemId="S4" Value="1"/>
<Cov CovItemId="S5" Value="6"/>
</CovPrefix>
</CovList>
<AssgnmntList>
<AssgnmntPrefix RootTermCovItemPrefix="counter_esempio.Counter.java">
<AssgnmntListEntry Length="2" RootTermCovItemId="C1">
<MapEntry BoolAssgnmnt="00" Value="6"/>
<MapEntry BoolAssgnmnt="01" Value="1"/>
</AssgnmntListEntry>
</AssgnmntPrefix>
</AssgnmntList>
<ObjMetaDataList/>
<MetaDataList/>
</TestCase>
<TestCase Comment="" Date="1706707434566" Name="randoop.RandoopTest0:test378">
<CovList>
<CovPrefix CovItemPrefix="counter_esempio.Counter.java">
<Cov CovItemId="B1" Value="1"/>
<Cov CovItemId="B2" Value="10"/>
<Cov CovItemId="S1" Value="1"/>
<Cov CovItemId="S2" Value="6"/>
<Cov CovItemId="S3" Value="11"/>
<Cov CovItemId="S4" Value="1"/>
<Cov CovItemId="S5" Value="10"/>
</CovPrefix>
</CovList>
<AssgnmntList>
<AssgnmntPrefix RootTermCovItemPrefix="counter_esempio.Counter.java">
<AssgnmntListEntry Length="2" RootTermCovItemId="C1">
<MapEntry BoolAssgnmnt="00" Value="10"/>
<MapEntry BoolAssgnmnt="01" Value="1"/>
</AssgnmntListEntry>
</AssgnmntPrefix>
</AssgnmntList>
<ObjMetaDataList/>
<MetaDataList/>
</TestCase>
<TestCase Comment="" Date="1706707434566" Name="randoop.RandoopTest0:test379">
<CovList>
<CovPrefix CovItemPrefix="counter_esempio.Counter.java">
<Cov CovItemId="B1" Value="1"/>
<Cov CovItemId="B2" Value="4"/>
<Cov CovItemId="S1" Value="1"/>
<Cov CovItemId="S2" Value="7"/>
<Cov CovItemId="S3" Value="5"/>
<Cov CovItemId="S4" Value="1"/>
<Cov CovItemId="S5" Value="4"/>
</CovPrefix>
</CovList>
<AssgnmntList>
<AssgnmntPrefix RootTermCovItemPrefix="counter_esempio.Counter.java">
<AssgnmntListEntry Length="2" RootTermCovItemId="C1">
<MapEntry BoolAssgnmnt="00" Value="4"/>
<MapEntry BoolAssgnmnt="01" Value="1"/>
</AssgnmntListEntry>
</AssgnmntPrefix>
</AssgnmntList>
<ObjMetaDataList/>
<MetaDataList/>
</TestCase>
<TestCase Comment="" Date="1706707434566" Name="randoop.RandoopTest0:test380">
<CovList>
<CovPrefix CovItemPrefix="counter_esempio.Counter.java">
<Cov CovItemId="B1" Value="1"/>
<Cov CovItemId="B2" Value="7"/>
<Cov CovItemId="S1" Value="1"/>
<Cov CovItemId="S2" Value="7"/>
<Cov CovItemId="S3" Value="8"/>
<Cov CovItemId="S4" Value="1"/>
<Cov CovItemId="S5" Value="7"/>
</CovPrefix>
</CovList>
<AssgnmntList>
<AssgnmntPrefix RootTermCovItemPrefix="counter_esempio.Counter.java">
<AssgnmntListEntry Length="2" RootTermCovItemId="C1">
<MapEntry BoolAssgnmnt="00" Value="7"/>
<MapEntry BoolAssgnmnt="01" Value="1"/>
</AssgnmntListEntry>
</AssgnmntPrefix>
</AssgnmntList>
<ObjMetaDataList/>
<MetaDataList/>
</TestCase>
<TestCase Comment="" Date="1706707434566" Name="randoop.RandoopTest0:test381">
<CovList>
<CovPrefix CovItemPrefix="counter_esempio.Counter.java">
<Cov CovItemId="B1" Value="1"/>
<Cov CovItemId="B2" Value="6"/>
<Cov CovItemId="S1" Value="1"/>
<Cov CovItemId="S2" Value="7"/>
<Cov CovItemId="S3" Value="7"/>
<Cov CovItemId="S4" Value="1"/>
<Cov CovItemId="S5" Value="6"/>
</CovPrefix>
</CovList>
<AssgnmntList>
<AssgnmntPrefix RootTermCovItemPrefix="counter_esempio.Counter.java">
<AssgnmntListEntry Length="2" RootTermCovItemId="C1">
<MapEntry BoolAssgnmnt="00" Value="6"/>
<MapEntry BoolAssgnmnt="01" Value="1"/>
</AssgnmntListEntry>
</AssgnmntPrefix>
</AssgnmntList>
<ObjMetaDataList/>
<MetaDataList/>
</TestCase>
<TestCase Comment="" Date="1706707434566" Name="randoop.RandoopTest0:test382">
<CovList>
<CovPrefix CovItemPrefix="counter_esempio.Counter.java">
<Cov CovItemId="B1" Value="1"/>
<Cov CovItemId="B2" Value="9"/>
<Cov CovItemId="S1" Value="1"/>
<Cov CovItemId="S2" Value="7"/>
<Cov CovItemId="S3" Value="10"/>
<Cov CovItemId="S4" Value="1"/>
<Cov CovItemId="S5" Value="9"/>
</CovPrefix>
</CovList>
<AssgnmntList>
<AssgnmntPrefix RootTermCovItemPrefix="counter_esempio.Counter.java">
<AssgnmntListEntry Length="2" RootTermCovItemId="C1">
<MapEntry BoolAssgnmnt="00" Value="9"/>
<MapEntry BoolAssgnmnt="01" Value="1"/>
</AssgnmntListEntry>
</AssgnmntPrefix>
</AssgnmntList>
<ObjMetaDataList/>
<MetaDataList/>
</TestCase>
<TestCase Comment="" Date="1706707434566" Name="randoop.RandoopTest0:test383">
<CovList>
<CovPrefix CovItemPrefix="counter_esempio.Counter.java">
<Cov CovItemId="B1" Value="1"/>
<Cov CovItemId="B2" Value="7"/>
<Cov CovItemId="S1" Value="1"/>
<Cov CovItemId="S2" Value="2"/>
<Cov CovItemId="S3" Value="8"/>
<Cov CovItemId="S4" Value="1"/>
<Cov CovItemId="S5" Value="7"/>
</CovPrefix>
</CovList>
<AssgnmntList>
<AssgnmntPrefix RootTermCovItemPrefix="counter_esempio.Counter.java">
<AssgnmntListEntry Length="2" RootTermCovItemId="C1">
<MapEntry BoolAssgnmnt="00" Value="7"/>
<MapEntry BoolAssgnmnt="01" Value="1"/>
</AssgnmntListEntry>
</AssgnmntPrefix>
</AssgnmntList>
<ObjMetaDataList/>
<MetaDataList/>
</TestCase>
<TestCase Comment="" Date="1706707434566" Name="randoop.RandoopTest0:test384">
<CovList>
<CovPrefix CovItemPrefix="counter_esempio.Counter.java">
<Cov CovItemId="B1" Value="1"/>
<Cov CovItemId="B2" Value="2"/>
<Cov CovItemId="S1" Value="1"/>
<Cov CovItemId="S2" Value="11"/>
<Cov CovItemId="S3" Value="3"/>
<Cov CovItemId="S4" Value="1"/>
<Cov CovItemId="S5" Value="2"/>
</CovPrefix>
</CovList>
<AssgnmntList>
<AssgnmntPrefix RootTermCovItemPrefix="counter_esempio.Counter.java">
<AssgnmntListEntry Length="2" RootTermCovItemId="C1">
<MapEntry BoolAssgnmnt="00" Value="2"/>
<MapEntry BoolAssgnmnt="01" Value="1"/>
</AssgnmntListEntry>
</AssgnmntPrefix>
</AssgnmntList>
<ObjMetaDataList/>
<MetaDataList/>
</TestCase>
<TestCase Comment="" Date="1706707434566" Name="randoop.RandoopTest0:test385">
<CovList>
<CovPrefix CovItemPrefix="counter_esempio.Counter.java">
<Cov CovItemId="B1" Value="1"/>
<Cov CovItemId="B2" Value="2"/>
<Cov CovItemId="S1" Value="1"/>
<Cov CovItemId="S2" Value="5"/>
<Cov CovItemId="S3" Value="3"/>
<Cov CovItemId="S4" Value="1"/>
<Cov CovItemId="S5" Value="2"/>
</CovPrefix>
</CovList>
<AssgnmntList>
<AssgnmntPrefix RootTermCovItemPrefix="counter_esempio.Counter.java">
<AssgnmntListEntry Length="2" RootTermCovItemId="C1">
<MapEntry BoolAssgnmnt="00" Value="2"/>
<MapEntry BoolAssgnmnt="01" Value="1"/>
</AssgnmntListEntry>
</AssgnmntPrefix>
</AssgnmntList>
<ObjMetaDataList/>
<MetaDataList/>
</TestCase>
<TestCase Comment="" Date="1706707434566" Name="randoop.RandoopTest0:test386">
<CovList>
<CovPrefix CovItemPrefix="counter_esempio.Counter.java">
<Cov CovItemId="B1" Value="1"/>
<Cov CovItemId="B2" Value="9"/>
<Cov CovItemId="S1" Value="1"/>
<Cov CovItemId="S2" Value="6"/>
<Cov CovItemId="S3" Value="10"/>
<Cov CovItemId="S4" Value="1"/>
<Cov CovItemId="S5" Value="9"/>
</CovPrefix>
</CovList>
<AssgnmntList>
<AssgnmntPrefix RootTermCovItemPrefix="counter_esempio.Counter.java">
<AssgnmntListEntry Length="2" RootTermCovItemId="C1">
<MapEntry BoolAssgnmnt="00" Value="9"/>
<MapEntry BoolAssgnmnt="01" Value="1"/>
</AssgnmntListEntry>
</AssgnmntPrefix>
</AssgnmntList>
<ObjMetaDataList/>
<MetaDataList/>
</TestCase>
<TestCase Comment="" Date="1706707434566" Name="randoop.RandoopTest0:test387">
<CovList>
<CovPrefix CovItemPrefix="counter_esempio.Counter.java">
<Cov CovItemId="B1" Value="1"/>
<Cov CovItemId="B2" Value="8"/>
<Cov CovItemId="S1" Value="1"/>
<Cov CovItemId="S2" Value="6"/>
<Cov CovItemId="S3" Value="9"/>
<Cov CovItemId="S4" Value="1"/>
<Cov CovItemId="S5" Value="8"/>
</CovPrefix>
</CovList>
<AssgnmntList>
<AssgnmntPrefix RootTermCovItemPrefix="counter_esempio.Counter.java">
<AssgnmntListEntry Length="2" RootTermCovItemId="C1">
<MapEntry BoolAssgnmnt="00" Value="8"/>
<MapEntry BoolAssgnmnt="01" Value="1"/>
</AssgnmntListEntry>
</AssgnmntPrefix>
</AssgnmntList>
<ObjMetaDataList/>
<MetaDataList/>
</TestCase>
<TestCase Comment="" Date="1706707434566" Name="randoop.RandoopTest0:test388">
<CovList>
<CovPrefix CovItemPrefix="counter_esempio.Counter.java">
<Cov CovItemId="B1" Value="1"/>
<Cov CovItemId="B2" Value="6"/>
<Cov CovItemId="S1" Value="1"/>
<Cov CovItemId="S2" Value="8"/>
<Cov CovItemId="S3" Value="7"/>
<Cov CovItemId="S4" Value="1"/>
<Cov CovItemId="S5" Value="6"/>
</CovPrefix>
</CovList>
<AssgnmntList>
<AssgnmntPrefix RootTermCovItemPrefix="counter_esempio.Counter.java">
<AssgnmntListEntry Length="2" RootTermCovItemId="C1">
<MapEntry BoolAssgnmnt="00" Value="6"/>
<MapEntry BoolAssgnmnt="01" Value="1"/>
</AssgnmntListEntry>
</AssgnmntPrefix>
</AssgnmntList>
<ObjMetaDataList/>
<MetaDataList/>
</TestCase>
<TestCase Comment="" Date="1706707434566" Name="randoop.RandoopTest0:test389">
<CovList>
<CovPrefix CovItemPrefix="counter_esempio.Counter.java">
<Cov CovItemId="B1" Value="1"/>
<Cov CovItemId="B2" Value="6"/>
<Cov CovItemId="S1" Value="1"/>
<Cov CovItemId="S2" Value="8"/>
<Cov CovItemId="S3" Value="7"/>
<Cov CovItemId="S4" Value="1"/>
<Cov CovItemId="S5" Value="6"/>
</CovPrefix>
</CovList>
<AssgnmntList>
<AssgnmntPrefix RootTermCovItemPrefix="counter_esempio.Counter.java">
<AssgnmntListEntry Length="2" RootTermCovItemId="C1">
<MapEntry BoolAssgnmnt="00" Value="6"/>
<MapEntry BoolAssgnmnt="01" Value="1"/>
</AssgnmntListEntry>
</AssgnmntPrefix>
</AssgnmntList>
<ObjMetaDataList/>
<MetaDataList/>
</TestCase>
<TestCase Comment="" Date="1706707434566" Name="randoop.RandoopTest0:test390">
<CovList>
<CovPrefix CovItemPrefix="counter_esempio.Counter.java">
<Cov CovItemId="B1" Value="1"/>
<Cov CovItemId="B2" Value="10"/>
<Cov CovItemId="S1" Value="1"/>
<Cov CovItemId="S2" Value="7"/>
<Cov CovItemId="S3" Value="11"/>
<Cov CovItemId="S4" Value="1"/>
<Cov CovItemId="S5" Value="10"/>
</CovPrefix>
</CovList>
<AssgnmntList>
<AssgnmntPrefix RootTermCovItemPrefix="counter_esempio.Counter.java">
<AssgnmntListEntry Length="2" RootTermCovItemId="C1">
<MapEntry BoolAssgnmnt="00" Value="10"/>
<MapEntry BoolAssgnmnt="01" Value="1"/>
</AssgnmntListEntry>
</AssgnmntPrefix>
</AssgnmntList>
<ObjMetaDataList/>
<MetaDataList/>
</TestCase>
<TestCase Comment="" Date="1706707434566" Name="randoop.RandoopTest0:test391">
<CovList>
<CovPrefix CovItemPrefix="counter_esempio.Counter.java">
<Cov CovItemId="B1" Value="1"/>
<Cov CovItemId="B2" Value="7"/>
<Cov CovItemId="S1" Value="1"/>
<Cov CovItemId="S2" Value="9"/>
<Cov CovItemId="S3" Value="8"/>
<Cov CovItemId="S4" Value="1"/>
<Cov CovItemId="S5" Value="7"/>
</CovPrefix>
</CovList>
<AssgnmntList>
<AssgnmntPrefix RootTermCovItemPrefix="counter_esempio.Counter.java">
<AssgnmntListEntry Length="2" RootTermCovItemId="C1">
<MapEntry BoolAssgnmnt="00" Value="7"/>
<MapEntry BoolAssgnmnt="01" Value="1"/>
</AssgnmntListEntry>
</AssgnmntPrefix>
</AssgnmntList>
<ObjMetaDataList/>
<MetaDataList/>
</TestCase>
<TestCase Comment="" Date="1706707434566" Name="randoop.RandoopTest0:test392">
<CovList>
<CovPrefix CovItemPrefix="counter_esempio.Counter.java">
<Cov CovItemId="B1" Value="1"/>
<Cov CovItemId="B2" Value="7"/>
<Cov CovItemId="S1" Value="1"/>
<Cov CovItemId="S2" Value="8"/>
<Cov CovItemId="S3" Value="8"/>
<Cov CovItemId="S4" Value="1"/>
<Cov CovItemId="S5" Value="7"/>
</CovPrefix>
</CovList>
<AssgnmntList>
<AssgnmntPrefix RootTermCovItemPrefix="counter_esempio.Counter.java">
<AssgnmntListEntry Length="2" RootTermCovItemId="C1">
<MapEntry BoolAssgnmnt="00" Value="7"/>
<MapEntry BoolAssgnmnt="01" Value="1"/>
</AssgnmntListEntry>
</AssgnmntPrefix>
</AssgnmntList>
<ObjMetaDataList/>
<MetaDataList/>
</TestCase>
<TestCase Comment="" Date="1706707434566" Name="randoop.RandoopTest0:test393">
<CovList>
<CovPrefix CovItemPrefix="counter_esempio.Counter.java">
<Cov CovItemId="B1" Value="1"/>
<Cov CovItemId="B2" Value="4"/>
<Cov CovItemId="S1" Value="1"/>
<Cov CovItemId="S2" Value="11"/>
<Cov CovItemId="S3" Value="5"/>
<Cov CovItemId="S4" Value="1"/>
<Cov CovItemId="S5" Value="4"/>
</CovPrefix>
</CovList>
<AssgnmntList>
<AssgnmntPrefix RootTermCovItemPrefix="counter_esempio.Counter.java">
<AssgnmntListEntry Length="2" RootTermCovItemId="C1">
<MapEntry BoolAssgnmnt="00" Value="4"/>
<MapEntry BoolAssgnmnt="01" Value="1"/>
</AssgnmntListEntry>
</AssgnmntPrefix>
</AssgnmntList>
<ObjMetaDataList/>
<MetaDataList/>
</TestCase>
<TestCase Comment="" Date="1706707434566" Name="randoop.RandoopTest0:test394">
<CovList>
<CovPrefix CovItemPrefix="counter_esempio.Counter.java">
<Cov CovItemId="B1" Value="1"/>
<Cov CovItemId="B2" Value="6"/>
<Cov CovItemId="S1" Value="1"/>
<Cov CovItemId="S2" Value="9"/>
<Cov CovItemId="S3" Value="7"/>
<Cov CovItemId="S4" Value="1"/>
<Cov CovItemId="S5" Value="6"/>
</CovPrefix>
</CovList>
<AssgnmntList>
<AssgnmntPrefix RootTermCovItemPrefix="counter_esempio.Counter.java">
<AssgnmntListEntry Length="2" RootTermCovItemId="C1">
<MapEntry BoolAssgnmnt="00" Value="6"/>
<MapEntry BoolAssgnmnt="01" Value="1"/>
</AssgnmntListEntry>
</AssgnmntPrefix>
</AssgnmntList>
<ObjMetaDataList/>
<MetaDataList/>
</TestCase>
<TestCase Comment="" Date="1706707434566" Name="randoop.RandoopTest0:test395">
<CovList>
<CovPrefix CovItemPrefix="counter_esempio.Counter.java">
<Cov CovItemId="B1" Value="1"/>
<Cov CovItemId="B2" Value="7"/>
<Cov CovItemId="S1" Value="1"/>
<Cov CovItemId="S2" Value="6"/>
<Cov CovItemId="S3" Value="8"/>
<Cov CovItemId="S4" Value="1"/>
<Cov CovItemId="S5" Value="7"/>
</CovPrefix>
</CovList>
<AssgnmntList>
<AssgnmntPrefix RootTermCovItemPrefix="counter_esempio.Counter.java">
<AssgnmntListEntry Length="2" RootTermCovItemId="C1">
<MapEntry BoolAssgnmnt="00" Value="7"/>
<MapEntry BoolAssgnmnt="01" Value="1"/>
</AssgnmntListEntry>
</AssgnmntPrefix>
</AssgnmntList>
<ObjMetaDataList/>
<MetaDataList/>
</TestCase>
<TestCase Comment="" Date="1706707434583" Name="randoop.RandoopTest0:test396">
<CovList>
<CovPrefix CovItemPrefix="counter_esempio.Counter.java">
<Cov CovItemId="B1" Value="1"/>
<Cov CovItemId="B2" Value="10"/>
<Cov CovItemId="S1" Value="1"/>
<Cov CovItemId="S2" Value="6"/>
<Cov CovItemId="S3" Value="11"/>
<Cov CovItemId="S4" Value="1"/>
<Cov CovItemId="S5" Value="10"/>
</CovPrefix>
</CovList>
<AssgnmntList>
<AssgnmntPrefix RootTermCovItemPrefix="counter_esempio.Counter.java">
<AssgnmntListEntry Length="2" RootTermCovItemId="C1">
<MapEntry BoolAssgnmnt="00" Value="10"/>
<MapEntry BoolAssgnmnt="01" Value="1"/>
</AssgnmntListEntry>
</AssgnmntPrefix>
</AssgnmntList>
<ObjMetaDataList/>
<MetaDataList/>
</TestCase>
<TestCase Comment="" Date="1706707434583" Name="randoop.RandoopTest0:test397">
<CovList>
<CovPrefix CovItemPrefix="counter_esempio.Counter.java">
<Cov CovItemId="B1" Value="1"/>
<Cov CovItemId="B2" Value="8"/>
<Cov CovItemId="S1" Value="1"/>
<Cov CovItemId="S2" Value="9"/>
<Cov CovItemId="S3" Value="9"/>
<Cov CovItemId="S4" Value="1"/>
<Cov CovItemId="S5" Value="8"/>
</CovPrefix>
</CovList>
<AssgnmntList>
<AssgnmntPrefix RootTermCovItemPrefix="counter_esempio.Counter.java">
<AssgnmntListEntry Length="2" RootTermCovItemId="C1">
<MapEntry BoolAssgnmnt="00" Value="8"/>
<MapEntry BoolAssgnmnt="01" Value="1"/>
</AssgnmntListEntry>
</AssgnmntPrefix>
</AssgnmntList>
<ObjMetaDataList/>
<MetaDataList/>
</TestCase>
<TestCase Comment="" Date="1706707434583" Name="randoop.RandoopTest0:test398">
<CovList>
<CovPrefix CovItemPrefix="counter_esempio.Counter.java">
<Cov CovItemId="B1" Value="1"/>
<Cov CovItemId="B2" Value="8"/>
<Cov CovItemId="S1" Value="1"/>
<Cov CovItemId="S2" Value="8"/>
<Cov CovItemId="S3" Value="9"/>
<Cov CovItemId="S4" Value="1"/>
<Cov CovItemId="S5" Value="8"/>
</CovPrefix>
</CovList>
<AssgnmntList>
<AssgnmntPrefix RootTermCovItemPrefix="counter_esempio.Counter.java">
<AssgnmntListEntry Length="2" RootTermCovItemId="C1">
<MapEntry BoolAssgnmnt="00" Value="8"/>
<MapEntry BoolAssgnmnt="01" Value="1"/>
</AssgnmntListEntry>
</AssgnmntPrefix>
</AssgnmntList>
<ObjMetaDataList/>
<MetaDataList/>
</TestCase>
<TestCase Comment="" Date="1706707434583" Name="randoop.RandoopTest0:test399">
<CovList>
<CovPrefix CovItemPrefix="counter_esempio.Counter.java">
<Cov CovItemId="B1" Value="1"/>
<Cov CovItemId="B2" Value="6"/>
<Cov CovItemId="S1" Value="1"/>
<Cov CovItemId="S2" Value="11"/>
<Cov CovItemId="S3" Value="7"/>
<Cov CovItemId="S4" Value="1"/>
<Cov CovItemId="S5" Value="6"/>
</CovPrefix>
</CovList>
<AssgnmntList>
<AssgnmntPrefix RootTermCovItemPrefix="counter_esempio.Counter.java">
<AssgnmntListEntry Length="2" RootTermCovItemId="C1">
<MapEntry BoolAssgnmnt="00" Value="6"/>
<MapEntry BoolAssgnmnt="01" Value="1"/>
</AssgnmntListEntry>
</AssgnmntPrefix>
</AssgnmntList>
<ObjMetaDataList/>
<MetaDataList/>
</TestCase>
<TestCase Comment="" Date="1706707434583" Name="randoop.RandoopTest0:test400">
<CovList>
<CovPrefix CovItemPrefix="counter_esempio.Counter.java">
<Cov CovItemId="B1" Value="1"/>
<Cov CovItemId="B2" Value="4"/>
<Cov CovItemId="S1" Value="1"/>
<Cov CovItemId="S2" Value="3"/>
<Cov CovItemId="S3" Value="5"/>
<Cov CovItemId="S4" Value="1"/>
<Cov CovItemId="S5" Value="4"/>
</CovPrefix>
</CovList>
<AssgnmntList>
<AssgnmntPrefix RootTermCovItemPrefix="counter_esempio.Counter.java">
<AssgnmntListEntry Length="2" RootTermCovItemId="C1">
<MapEntry BoolAssgnmnt="00" Value="4"/>
<MapEntry BoolAssgnmnt="01" Value="1"/>
</AssgnmntListEntry>
</AssgnmntPrefix>
</AssgnmntList>
<ObjMetaDataList/>
<MetaDataList/>
</TestCase>
<TestCase Comment="" Date="1706707434583" Name="randoop.RandoopTest0:test401">
<CovList>
<CovPrefix CovItemPrefix="counter_esempio.Counter.java">
<Cov CovItemId="B1" Value="1"/>
<Cov CovItemId="B2" Value="8"/>
<Cov CovItemId="S1" Value="1"/>
<Cov CovItemId="S2" Value="8"/>
<Cov CovItemId="S3" Value="9"/>
<Cov CovItemId="S4" Value="1"/>
<Cov CovItemId="S5" Value="8"/>
</CovPrefix>
</CovList>
<AssgnmntList>
<AssgnmntPrefix RootTermCovItemPrefix="counter_esempio.Counter.java">
<AssgnmntListEntry Length="2" RootTermCovItemId="C1">
<MapEntry BoolAssgnmnt="00" Value="8"/>
<MapEntry BoolAssgnmnt="01" Value="1"/>
</AssgnmntListEntry>
</AssgnmntPrefix>
</AssgnmntList>
<ObjMetaDataList/>
<MetaDataList/>
</TestCase>
<TestCase Comment="" Date="1706707434583" Name="randoop.RandoopTest0:test402">
<CovList>
<CovPrefix CovItemPrefix="counter_esempio.Counter.java">
<Cov CovItemId="B1" Value="1"/>
<Cov CovItemId="B2" Value="8"/>
<Cov CovItemId="S1" Value="1"/>
<Cov CovItemId="S2" Value="3"/>
<Cov CovItemId="S3" Value="9"/>
<Cov CovItemId="S4" Value="1"/>
<Cov CovItemId="S5" Value="8"/>
</CovPrefix>
</CovList>
<AssgnmntList>
<AssgnmntPrefix RootTermCovItemPrefix="counter_esempio.Counter.java">
<AssgnmntListEntry Length="2" RootTermCovItemId="C1">
<MapEntry BoolAssgnmnt="00" Value="8"/>
<MapEntry BoolAssgnmnt="01" Value="1"/>
</AssgnmntListEntry>
</AssgnmntPrefix>
</AssgnmntList>
<ObjMetaDataList/>
<MetaDataList/>
</TestCase>
<TestCase Comment="" Date="1706707434583" Name="randoop.RandoopTest0:test403">
<CovList>
<CovPrefix CovItemPrefix="counter_esempio.Counter.java">
<Cov CovItemId="B1" Value="1"/>
<Cov CovItemId="B2" Value="6"/>
<Cov CovItemId="S1" Value="1"/>
<Cov CovItemId="S2" Value="2"/>
<Cov CovItemId="S3" Value="7"/>
<Cov CovItemId="S4" Value="1"/>
<Cov CovItemId="S5" Value="6"/>
</CovPrefix>
</CovList>
<AssgnmntList>
<AssgnmntPrefix RootTermCovItemPrefix="counter_esempio.Counter.java">
<AssgnmntListEntry Length="2" RootTermCovItemId="C1">
<MapEntry BoolAssgnmnt="00" Value="6"/>
<MapEntry BoolAssgnmnt="01" Value="1"/>
</AssgnmntListEntry>
</AssgnmntPrefix>
</AssgnmntList>
<ObjMetaDataList/>
<MetaDataList/>
</TestCase>
<TestCase Comment="" Date="1706707434583" Name="randoop.RandoopTest0:test404">
<CovList>
<CovPrefix CovItemPrefix="counter_esempio.Counter.java">
<Cov CovItemId="B1" Value="1"/>
<Cov CovItemId="B2" Value="10"/>
<Cov CovItemId="S1" Value="1"/>
<Cov CovItemId="S2" Value="6"/>
<Cov CovItemId="S3" Value="11"/>
<Cov CovItemId="S4" Value="1"/>
<Cov CovItemId="S5" Value="10"/>
</CovPrefix>
</CovList>
<AssgnmntList>
<AssgnmntPrefix RootTermCovItemPrefix="counter_esempio.Counter.java">
<AssgnmntListEntry Length="2" RootTermCovItemId="C1">
<MapEntry BoolAssgnmnt="00" Value="10"/>
<MapEntry BoolAssgnmnt="01" Value="1"/>
</AssgnmntListEntry>
</AssgnmntPrefix>
</AssgnmntList>
<ObjMetaDataList/>
<MetaDataList/>
</TestCase>
<TestCase Comment="" Date="1706707434583" Name="randoop.RandoopTest0:test405">
<CovList>
<CovPrefix CovItemPrefix="counter_esempio.Counter.java">
<Cov CovItemId="B1" Value="1"/>
<Cov CovItemId="B2" Value="6"/>
<Cov CovItemId="S1" Value="1"/>
<Cov CovItemId="S2" Value="4"/>
<Cov CovItemId="S3" Value="7"/>
<Cov CovItemId="S4" Value="1"/>
<Cov CovItemId="S5" Value="6"/>
</CovPrefix>
</CovList>
<AssgnmntList>
<AssgnmntPrefix RootTermCovItemPrefix="counter_esempio.Counter.java">
<AssgnmntListEntry Length="2" RootTermCovItemId="C1">
<MapEntry BoolAssgnmnt="00" Value="6"/>
<MapEntry BoolAssgnmnt="01" Value="1"/>
</AssgnmntListEntry>
</AssgnmntPrefix>
</AssgnmntList>
<ObjMetaDataList/>
<MetaDataList/>
</TestCase>
<TestCase Comment="" Date="1706707434583" Name="randoop.RandoopTest0:test406">
<CovList>
<CovPrefix CovItemPrefix="counter_esempio.Counter.java">
<Cov CovItemId="B1" Value="1"/>
<Cov CovItemId="B2" Value="5"/>
<Cov CovItemId="S1" Value="1"/>
<Cov CovItemId="S2" Value="6"/>
<Cov CovItemId="S3" Value="6"/>
<Cov CovItemId="S4" Value="1"/>
<Cov CovItemId="S5" Value="5"/>
</CovPrefix>
</CovList>
<AssgnmntList>
<AssgnmntPrefix RootTermCovItemPrefix="counter_esempio.Counter.java">
<AssgnmntListEntry Length="2" RootTermCovItemId="C1">
<MapEntry BoolAssgnmnt="00" Value="5"/>
<MapEntry BoolAssgnmnt="01" Value="1"/>
</AssgnmntListEntry>
</AssgnmntPrefix>
</AssgnmntList>
<ObjMetaDataList/>
<MetaDataList/>
</TestCase>
<TestCase Comment="" Date="1706707434583" Name="randoop.RandoopTest0:test407">
<CovList>
<CovPrefix CovItemPrefix="counter_esempio.Counter.java">
<Cov CovItemId="B2" Value="1"/>
<Cov CovItemId="S1" Value="1"/>
<Cov CovItemId="S2" Value="5"/>
<Cov CovItemId="S3" Value="1"/>
<Cov CovItemId="S5" Value="1"/>
</CovPrefix>
</CovList>
<AssgnmntList>
<AssgnmntPrefix RootTermCovItemPrefix="counter_esempio.Counter.java">
<AssgnmntListEntry Length="2" RootTermCovItemId="C1">
<MapEntry BoolAssgnmnt="00" Value="1"/>
</AssgnmntListEntry>
</AssgnmntPrefix>
</AssgnmntList>
<ObjMetaDataList/>
<MetaDataList/>
</TestCase>
<TestCase Comment="" Date="1706707434583" Name="randoop.RandoopTest0:test408">
<CovList>
<CovPrefix CovItemPrefix="counter_esempio.Counter.java">
<Cov CovItemId="B1" Value="1"/>
<Cov CovItemId="B2" Value="8"/>
<Cov CovItemId="S1" Value="1"/>
<Cov CovItemId="S2" Value="7"/>
<Cov CovItemId="S3" Value="9"/>
<Cov CovItemId="S4" Value="1"/>
<Cov CovItemId="S5" Value="8"/>
</CovPrefix>
</CovList>
<AssgnmntList>
<AssgnmntPrefix RootTermCovItemPrefix="counter_esempio.Counter.java">
<AssgnmntListEntry Length="2" RootTermCovItemId="C1">
<MapEntry BoolAssgnmnt="00" Value="8"/>
<MapEntry BoolAssgnmnt="01" Value="1"/>
</AssgnmntListEntry>
</AssgnmntPrefix>
</AssgnmntList>
<ObjMetaDataList/>
<MetaDataList/>
</TestCase>
<TestCase Comment="" Date="1706707434583" Name="randoop.RandoopTest0:test409">
<CovList>
<CovPrefix CovItemPrefix="counter_esempio.Counter.java">
<Cov CovItemId="B1" Value="1"/>
<Cov CovItemId="B2" Value="6"/>
<Cov CovItemId="S1" Value="1"/>
<Cov CovItemId="S2" Value="5"/>
<Cov CovItemId="S3" Value="7"/>
<Cov CovItemId="S4" Value="1"/>
<Cov CovItemId="S5" Value="6"/>
</CovPrefix>
</CovList>
<AssgnmntList>
<AssgnmntPrefix RootTermCovItemPrefix="counter_esempio.Counter.java">
<AssgnmntListEntry Length="2" RootTermCovItemId="C1">
<MapEntry BoolAssgnmnt="00" Value="6"/>
<MapEntry BoolAssgnmnt="01" Value="1"/>
</AssgnmntListEntry>
</AssgnmntPrefix>
</AssgnmntList>
<ObjMetaDataList/>
<MetaDataList/>
</TestCase>
<TestCase Comment="" Date="1706707434583" Name="randoop.RandoopTest0:test410">
<CovList>
<CovPrefix CovItemPrefix="counter_esempio.Counter.java">
<Cov CovItemId="B1" Value="1"/>
<Cov CovItemId="B2" Value="6"/>
<Cov CovItemId="S1" Value="1"/>
<Cov CovItemId="S2" Value="9"/>
<Cov CovItemId="S3" Value="7"/>
<Cov CovItemId="S4" Value="1"/>
<Cov CovItemId="S5" Value="6"/>
</CovPrefix>
</CovList>
<AssgnmntList>
<AssgnmntPrefix RootTermCovItemPrefix="counter_esempio.Counter.java">
<AssgnmntListEntry Length="2" RootTermCovItemId="C1">
<MapEntry BoolAssgnmnt="00" Value="6"/>
<MapEntry BoolAssgnmnt="01" Value="1"/>
</AssgnmntListEntry>
</AssgnmntPrefix>
</AssgnmntList>
<ObjMetaDataList/>
<MetaDataList/>
</TestCase>
<TestCase Comment="" Date="1706707434583" Name="randoop.RandoopTest0:test411">
<CovList>
<CovPrefix CovItemPrefix="counter_esempio.Counter.java">
<Cov CovItemId="B1" Value="1"/>
<Cov CovItemId="B2" Value="7"/>
<Cov CovItemId="S1" Value="1"/>
<Cov CovItemId="S2" Value="5"/>
<Cov CovItemId="S3" Value="8"/>
<Cov CovItemId="S4" Value="1"/>
<Cov CovItemId="S5" Value="7"/>
</CovPrefix>
</CovList>
<AssgnmntList>
<AssgnmntPrefix RootTermCovItemPrefix="counter_esempio.Counter.java">
<AssgnmntListEntry Length="2" RootTermCovItemId="C1">
<MapEntry BoolAssgnmnt="00" Value="7"/>
<MapEntry BoolAssgnmnt="01" Value="1"/>
</AssgnmntListEntry>
</AssgnmntPrefix>
</AssgnmntList>
<ObjMetaDataList/>
<MetaDataList/>
</TestCase>
<TestCase Comment="" Date="1706707434583" Name="randoop.RandoopTest0:test412">
<CovList>
<CovPrefix CovItemPrefix="counter_esempio.Counter.java">
<Cov CovItemId="B1" Value="1"/>
<Cov CovItemId="B2" Value="6"/>
<Cov CovItemId="S1" Value="1"/>
<Cov CovItemId="S2" Value="6"/>
<Cov CovItemId="S3" Value="7"/>
<Cov CovItemId="S4" Value="1"/>
<Cov CovItemId="S5" Value="6"/>
</CovPrefix>
</CovList>
<AssgnmntList>
<AssgnmntPrefix RootTermCovItemPrefix="counter_esempio.Counter.java">
<AssgnmntListEntry Length="2" RootTermCovItemId="C1">
<MapEntry BoolAssgnmnt="00" Value="6"/>
<MapEntry BoolAssgnmnt="01" Value="1"/>
</AssgnmntListEntry>
</AssgnmntPrefix>
</AssgnmntList>
<ObjMetaDataList/>
<MetaDataList/>
</TestCase>
<TestCase Comment="" Date="1706707434583" Name="randoop.RandoopTest0:test413">
<CovList>
<CovPrefix CovItemPrefix="counter_esempio.Counter.java">
<Cov CovItemId="B1" Value="1"/>
<Cov CovItemId="B2" Value="6"/>
<Cov CovItemId="S1" Value="1"/>
<Cov CovItemId="S2" Value="8"/>
<Cov CovItemId="S3" Value="7"/>
<Cov CovItemId="S4" Value="1"/>
<Cov CovItemId="S5" Value="6"/>
</CovPrefix>
</CovList>
<AssgnmntList>
<AssgnmntPrefix RootTermCovItemPrefix="counter_esempio.Counter.java">
<AssgnmntListEntry Length="2" RootTermCovItemId="C1">
<MapEntry BoolAssgnmnt="00" Value="6"/>
<MapEntry BoolAssgnmnt="01" Value="1"/>
</AssgnmntListEntry>
</AssgnmntPrefix>
</AssgnmntList>
<ObjMetaDataList/>
<MetaDataList/>
</TestCase>
<TestCase Comment="" Date="1706707434583" Name="randoop.RandoopTest0:test414">
<CovList>
<CovPrefix CovItemPrefix="counter_esempio.Counter.java">
<Cov CovItemId="B2" Value="2"/>
<Cov CovItemId="S1" Value="1"/>
<Cov CovItemId="S2" Value="8"/>
<Cov CovItemId="S3" Value="2"/>
<Cov CovItemId="S5" Value="2"/>
</CovPrefix>
</CovList>
<AssgnmntList>
<AssgnmntPrefix RootTermCovItemPrefix="counter_esempio.Counter.java">
<AssgnmntListEntry Length="2" RootTermCovItemId="C1">
<MapEntry BoolAssgnmnt="00" Value="2"/>
</AssgnmntListEntry>
</AssgnmntPrefix>
</AssgnmntList>
<ObjMetaDataList/>
<MetaDataList/>
</TestCase>
<TestCase Comment="" Date="1706707434583" Name="randoop.RandoopTest0:test415">
<CovList>
<CovPrefix CovItemPrefix="counter_esempio.Counter.java">
<Cov CovItemId="B1" Value="1"/>
<Cov CovItemId="B2" Value="11"/>
<Cov CovItemId="S1" Value="1"/>
<Cov CovItemId="S2" Value="3"/>
<Cov CovItemId="S3" Value="12"/>
<Cov CovItemId="S4" Value="1"/>
<Cov CovItemId="S5" Value="11"/>
</CovPrefix>
</CovList>
<AssgnmntList>
<AssgnmntPrefix RootTermCovItemPrefix="counter_esempio.Counter.java">
<AssgnmntListEntry Length="2" RootTermCovItemId="C1">
<MapEntry BoolAssgnmnt="00" Value="11"/>
<MapEntry BoolAssgnmnt="01" Value="1"/>
</AssgnmntListEntry>
</AssgnmntPrefix>
</AssgnmntList>
<ObjMetaDataList/>
<MetaDataList/>
</TestCase>
<TestCase Comment="" Date="1706707434583" Name="randoop.RandoopTest0:test416">
<CovList>
<CovPrefix CovItemPrefix="counter_esempio.Counter.java">
<Cov CovItemId="B1" Value="1"/>
<Cov CovItemId="B2" Value="7"/>
<Cov CovItemId="S1" Value="1"/>
<Cov CovItemId="S2" Value="3"/>
<Cov CovItemId="S3" Value="8"/>
<Cov CovItemId="S4" Value="1"/>
<Cov CovItemId="S5" Value="7"/>
</CovPrefix>
</CovList>
<AssgnmntList>
<AssgnmntPrefix RootTermCovItemPrefix="counter_esempio.Counter.java">
<AssgnmntListEntry Length="2" RootTermCovItemId="C1">
<MapEntry BoolAssgnmnt="00" Value="7"/>
<MapEntry BoolAssgnmnt="01" Value="1"/>
</AssgnmntListEntry>
</AssgnmntPrefix>
</AssgnmntList>
<ObjMetaDataList/>
<MetaDataList/>
</TestCase>
<TestCase Comment="" Date="1706707434583" Name="randoop.RandoopTest0:test417">
<CovList>
<CovPrefix CovItemPrefix="counter_esempio.Counter.java">
<Cov CovItemId="B1" Value="1"/>
<Cov CovItemId="B2" Value="5"/>
<Cov CovItemId="S1" Value="1"/>
<Cov CovItemId="S2" Value="11"/>
<Cov CovItemId="S3" Value="6"/>
<Cov CovItemId="S4" Value="1"/>
<Cov CovItemId="S5" Value="5"/>
</CovPrefix>
</CovList>
<AssgnmntList>
<AssgnmntPrefix RootTermCovItemPrefix="counter_esempio.Counter.java">
<AssgnmntListEntry Length="2" RootTermCovItemId="C1">
<MapEntry BoolAssgnmnt="00" Value="5"/>
<MapEntry BoolAssgnmnt="01" Value="1"/>
</AssgnmntListEntry>
</AssgnmntPrefix>
</AssgnmntList>
<ObjMetaDataList/>
<MetaDataList/>
</TestCase>
<TestCase Comment="" Date="1706707434597" Name="randoop.RandoopTest0:test418">
<CovList>
<CovPrefix CovItemPrefix="counter_esempio.Counter.java">
<Cov CovItemId="B1" Value="1"/>
<Cov CovItemId="B2" Value="6"/>
<Cov CovItemId="S1" Value="1"/>
<Cov CovItemId="S2" Value="14"/>
<Cov CovItemId="S3" Value="7"/>
<Cov CovItemId="S4" Value="1"/>
<Cov CovItemId="S5" Value="6"/>
</CovPrefix>
</CovList>
<AssgnmntList>
<AssgnmntPrefix RootTermCovItemPrefix="counter_esempio.Counter.java">
<AssgnmntListEntry Length="2" RootTermCovItemId="C1">
<MapEntry BoolAssgnmnt="00" Value="6"/>
<MapEntry BoolAssgnmnt="01" Value="1"/>
</AssgnmntListEntry>
</AssgnmntPrefix>
</AssgnmntList>
<ObjMetaDataList/>
<MetaDataList/>
</TestCase>
<TestCase Comment="" Date="1706707434597" Name="randoop.RandoopTest0:test419">
<CovList>
<CovPrefix CovItemPrefix="counter_esempio.Counter.java">
<Cov CovItemId="B1" Value="1"/>
<Cov CovItemId="B2" Value="9"/>
<Cov CovItemId="S1" Value="1"/>
<Cov CovItemId="S2" Value="11"/>
<Cov CovItemId="S3" Value="10"/>
<Cov CovItemId="S4" Value="1"/>
<Cov CovItemId="S5" Value="9"/>
</CovPrefix>
</CovList>
<AssgnmntList>
<AssgnmntPrefix RootTermCovItemPrefix="counter_esempio.Counter.java">
<AssgnmntListEntry Length="2" RootTermCovItemId="C1">
<MapEntry BoolAssgnmnt="00" Value="9"/>
<MapEntry BoolAssgnmnt="01" Value="1"/>
</AssgnmntListEntry>
</AssgnmntPrefix>
</AssgnmntList>
<ObjMetaDataList/>
<MetaDataList/>
</TestCase>
<TestCase Comment="" Date="1706707434597" Name="randoop.RandoopTest0:test420">
<CovList>
<CovPrefix CovItemPrefix="counter_esempio.Counter.java">
<Cov CovItemId="B1" Value="1"/>
<Cov CovItemId="B2" Value="6"/>
<Cov CovItemId="S1" Value="1"/>
<Cov CovItemId="S2" Value="8"/>
<Cov CovItemId="S3" Value="7"/>
<Cov CovItemId="S4" Value="1"/>
<Cov CovItemId="S5" Value="6"/>
</CovPrefix>
</CovList>
<AssgnmntList>
<AssgnmntPrefix RootTermCovItemPrefix="counter_esempio.Counter.java">
<AssgnmntListEntry Length="2" RootTermCovItemId="C1">
<MapEntry BoolAssgnmnt="00" Value="6"/>
<MapEntry BoolAssgnmnt="01" Value="1"/>
</AssgnmntListEntry>
</AssgnmntPrefix>
</AssgnmntList>
<ObjMetaDataList/>
<MetaDataList/>
</TestCase>
<TestCase Comment="" Date="1706707434597" Name="randoop.RandoopTest0:test421">
<CovList>
<CovPrefix CovItemPrefix="counter_esempio.Counter.java">
<Cov CovItemId="B1" Value="1"/>
<Cov CovItemId="B2" Value="6"/>
<Cov CovItemId="S1" Value="1"/>
<Cov CovItemId="S2" Value="8"/>
<Cov CovItemId="S3" Value="7"/>
<Cov CovItemId="S4" Value="1"/>
<Cov CovItemId="S5" Value="6"/>
</CovPrefix>
</CovList>
<AssgnmntList>
<AssgnmntPrefix RootTermCovItemPrefix="counter_esempio.Counter.java">
<AssgnmntListEntry Length="2" RootTermCovItemId="C1">
<MapEntry BoolAssgnmnt="00" Value="6"/>
<MapEntry BoolAssgnmnt="01" Value="1"/>
</AssgnmntListEntry>
</AssgnmntPrefix>
</AssgnmntList>
<ObjMetaDataList/>
<MetaDataList/>
</TestCase>
<TestCase Comment="" Date="1706707434597" Name="randoop.RandoopTest0:test422">
<CovList>
<CovPrefix CovItemPrefix="counter_esempio.Counter.java">
<Cov CovItemId="B1" Value="1"/>
<Cov CovItemId="B2" Value="7"/>
<Cov CovItemId="S1" Value="1"/>
<Cov CovItemId="S2" Value="5"/>
<Cov CovItemId="S3" Value="8"/>
<Cov CovItemId="S4" Value="1"/>
<Cov CovItemId="S5" Value="7"/>
</CovPrefix>
</CovList>
<AssgnmntList>
<AssgnmntPrefix RootTermCovItemPrefix="counter_esempio.Counter.java">
<AssgnmntListEntry Length="2" RootTermCovItemId="C1">
<MapEntry BoolAssgnmnt="00" Value="7"/>
<MapEntry BoolAssgnmnt="01" Value="1"/>
</AssgnmntListEntry>
</AssgnmntPrefix>
</AssgnmntList>
<ObjMetaDataList/>
<MetaDataList/>
</TestCase>
<TestCase Comment="" Date="1706707434613" Name="randoop.RandoopTest0:test423">
<CovList>
<CovPrefix CovItemPrefix="counter_esempio.Counter.java">
<Cov CovItemId="B1" Value="1"/>
<Cov CovItemId="B2" Value="5"/>
<Cov CovItemId="S1" Value="1"/>
<Cov CovItemId="S2" Value="5"/>
<Cov CovItemId="S3" Value="6"/>
<Cov CovItemId="S4" Value="1"/>
<Cov CovItemId="S5" Value="5"/>
</CovPrefix>
</CovList>
<AssgnmntList>
<AssgnmntPrefix RootTermCovItemPrefix="counter_esempio.Counter.java">
<AssgnmntListEntry Length="2" RootTermCovItemId="C1">
<MapEntry BoolAssgnmnt="00" Value="5"/>
<MapEntry BoolAssgnmnt="01" Value="1"/>
</AssgnmntListEntry>
</AssgnmntPrefix>
</AssgnmntList>
<ObjMetaDataList/>
<MetaDataList/>
</TestCase>
<TestCase Comment="" Date="1706707434613" Name="randoop.RandoopTest0:test424">
<CovList>
<CovPrefix CovItemPrefix="counter_esempio.Counter.java">
<Cov CovItemId="B1" Value="1"/>
<Cov CovItemId="B2" Value="2"/>
<Cov CovItemId="S1" Value="1"/>
<Cov CovItemId="S2" Value="10"/>
<Cov CovItemId="S3" Value="3"/>
<Cov CovItemId="S4" Value="1"/>
<Cov CovItemId="S5" Value="2"/>
</CovPrefix>
</CovList>
<AssgnmntList>
<AssgnmntPrefix RootTermCovItemPrefix="counter_esempio.Counter.java">
<AssgnmntListEntry Length="2" RootTermCovItemId="C1">
<MapEntry BoolAssgnmnt="00" Value="2"/>
<MapEntry BoolAssgnmnt="01" Value="1"/>
</AssgnmntListEntry>
</AssgnmntPrefix>
</AssgnmntList>
<ObjMetaDataList/>
<MetaDataList/>
</TestCase>
<TestCase Comment="" Date="1706707434613" Name="randoop.RandoopTest0:test425">
<CovList>
<CovPrefix CovItemPrefix="counter_esempio.Counter.java">
<Cov CovItemId="B1" Value="1"/>
<Cov CovItemId="B2" Value="3"/>
<Cov CovItemId="S1" Value="1"/>
<Cov CovItemId="S2" Value="13"/>
<Cov CovItemId="S3" Value="4"/>
<Cov CovItemId="S4" Value="1"/>
<Cov CovItemId="S5" Value="3"/>
</CovPrefix>
</CovList>
<AssgnmntList>
<AssgnmntPrefix RootTermCovItemPrefix="counter_esempio.Counter.java">
<AssgnmntListEntry Length="2" RootTermCovItemId="C1">
<MapEntry BoolAssgnmnt="00" Value="3"/>
<MapEntry BoolAssgnmnt="01" Value="1"/>
</AssgnmntListEntry>
</AssgnmntPrefix>
</AssgnmntList>
<ObjMetaDataList/>
<MetaDataList/>
</TestCase>
<TestCase Comment="" Date="1706707434613" Name="randoop.RandoopTest0:test426">
<CovList>
<CovPrefix CovItemPrefix="counter_esempio.Counter.java">
<Cov CovItemId="B1" Value="1"/>
<Cov CovItemId="B2" Value="4"/>
<Cov CovItemId="S1" Value="1"/>
<Cov CovItemId="S2" Value="6"/>
<Cov CovItemId="S3" Value="5"/>
<Cov CovItemId="S4" Value="1"/>
<Cov CovItemId="S5" Value="4"/>
</CovPrefix>
</CovList>
<AssgnmntList>
<AssgnmntPrefix RootTermCovItemPrefix="counter_esempio.Counter.java">
<AssgnmntListEntry Length="2" RootTermCovItemId="C1">
<MapEntry BoolAssgnmnt="00" Value="4"/>
<MapEntry BoolAssgnmnt="01" Value="1"/>
</AssgnmntListEntry>
</AssgnmntPrefix>
</AssgnmntList>
<ObjMetaDataList/>
<MetaDataList/>
</TestCase>
<TestCase Comment="" Date="1706707434613" Name="randoop.RandoopTest0:test427">
<CovList>
<CovPrefix CovItemPrefix="counter_esempio.Counter.java">
<Cov CovItemId="B1" Value="1"/>
<Cov CovItemId="B2" Value="8"/>
<Cov CovItemId="S1" Value="1"/>
<Cov CovItemId="S2" Value="9"/>
<Cov CovItemId="S3" Value="9"/>
<Cov CovItemId="S4" Value="1"/>
<Cov CovItemId="S5" Value="8"/>
</CovPrefix>
</CovList>
<AssgnmntList>
<AssgnmntPrefix RootTermCovItemPrefix="counter_esempio.Counter.java">
<AssgnmntListEntry Length="2" RootTermCovItemId="C1">
<MapEntry BoolAssgnmnt="00" Value="8"/>
<MapEntry BoolAssgnmnt="01" Value="1"/>
</AssgnmntListEntry>
</AssgnmntPrefix>
</AssgnmntList>
<ObjMetaDataList/>
<MetaDataList/>
</TestCase>
<TestCase Comment="" Date="1706707434613" Name="randoop.RandoopTest0:test428">
<CovList>
<CovPrefix CovItemPrefix="counter_esempio.Counter.java">
<Cov CovItemId="B1" Value="1"/>
<Cov CovItemId="B2" Value="10"/>
<Cov CovItemId="S1" Value="1"/>
<Cov CovItemId="S2" Value="8"/>
<Cov CovItemId="S3" Value="11"/>
<Cov CovItemId="S4" Value="1"/>
<Cov CovItemId="S5" Value="10"/>
</CovPrefix>
</CovList>
<AssgnmntList>
<AssgnmntPrefix RootTermCovItemPrefix="counter_esempio.Counter.java">
<AssgnmntListEntry Length="2" RootTermCovItemId="C1">
<MapEntry BoolAssgnmnt="00" Value="10"/>
<MapEntry BoolAssgnmnt="01" Value="1"/>
</AssgnmntListEntry>
</AssgnmntPrefix>
</AssgnmntList>
<ObjMetaDataList/>
<MetaDataList/>
</TestCase>
<TestCase Comment="" Date="1706707434613" Name="randoop.RandoopTest0:test429">
<CovList>
<CovPrefix CovItemPrefix="counter_esempio.Counter.java">
<Cov CovItemId="B1" Value="1"/>
<Cov CovItemId="B2" Value="8"/>
<Cov CovItemId="S1" Value="1"/>
<Cov CovItemId="S2" Value="10"/>
<Cov CovItemId="S3" Value="9"/>
<Cov CovItemId="S4" Value="1"/>
<Cov CovItemId="S5" Value="8"/>
</CovPrefix>
</CovList>
<AssgnmntList>
<AssgnmntPrefix RootTermCovItemPrefix="counter_esempio.Counter.java">
<AssgnmntListEntry Length="2" RootTermCovItemId="C1">
<MapEntry BoolAssgnmnt="00" Value="8"/>
<MapEntry BoolAssgnmnt="01" Value="1"/>
</AssgnmntListEntry>
</AssgnmntPrefix>
</AssgnmntList>
<ObjMetaDataList/>
<MetaDataList/>
</TestCase>
<TestCase Comment="" Date="1706707434613" Name="randoop.RandoopTest0:test430">
<CovList>
<CovPrefix CovItemPrefix="counter_esempio.Counter.java">
<Cov CovItemId="B1" Value="1"/>
<Cov CovItemId="B2" Value="6"/>
<Cov CovItemId="S1" Value="1"/>
<Cov CovItemId="S2" Value="6"/>
<Cov CovItemId="S3" Value="7"/>
<Cov CovItemId="S4" Value="1"/>
<Cov CovItemId="S5" Value="6"/>
</CovPrefix>
</CovList>
<AssgnmntList>
<AssgnmntPrefix RootTermCovItemPrefix="counter_esempio.Counter.java">
<AssgnmntListEntry Length="2" RootTermCovItemId="C1">
<MapEntry BoolAssgnmnt="00" Value="6"/>
<MapEntry BoolAssgnmnt="01" Value="1"/>
</AssgnmntListEntry>
</AssgnmntPrefix>
</AssgnmntList>
<ObjMetaDataList/>
<MetaDataList/>
</TestCase>
<TestCase Comment="" Date="1706707434613" Name="randoop.RandoopTest0:test431">
<CovList>
<CovPrefix CovItemPrefix="counter_esempio.Counter.java">
<Cov CovItemId="B1" Value="1"/>
<Cov CovItemId="B2" Value="6"/>
<Cov CovItemId="S1" Value="1"/>
<Cov CovItemId="S2" Value="5"/>
<Cov CovItemId="S3" Value="7"/>
<Cov CovItemId="S4" Value="1"/>
<Cov CovItemId="S5" Value="6"/>
</CovPrefix>
</CovList>
<AssgnmntList>
<AssgnmntPrefix RootTermCovItemPrefix="counter_esempio.Counter.java">
<AssgnmntListEntry Length="2" RootTermCovItemId="C1">
<MapEntry BoolAssgnmnt="00" Value="6"/>
<MapEntry BoolAssgnmnt="01" Value="1"/>
</AssgnmntListEntry>
</AssgnmntPrefix>
</AssgnmntList>
<ObjMetaDataList/>
<MetaDataList/>
</TestCase>
<TestCase Comment="" Date="1706707434613" Name="randoop.RandoopTest0:test432">
<CovList>
<CovPrefix CovItemPrefix="counter_esempio.Counter.java">
<Cov CovItemId="B1" Value="1"/>
<Cov CovItemId="B2" Value="3"/>
<Cov CovItemId="S1" Value="1"/>
<Cov CovItemId="S2" Value="14"/>
<Cov CovItemId="S3" Value="4"/>
<Cov CovItemId="S4" Value="1"/>
<Cov CovItemId="S5" Value="3"/>
</CovPrefix>
</CovList>
<AssgnmntList>
<AssgnmntPrefix RootTermCovItemPrefix="counter_esempio.Counter.java">
<AssgnmntListEntry Length="2" RootTermCovItemId="C1">
<MapEntry BoolAssgnmnt="00" Value="3"/>
<MapEntry BoolAssgnmnt="01" Value="1"/>
</AssgnmntListEntry>
</AssgnmntPrefix>
</AssgnmntList>
<ObjMetaDataList/>
<MetaDataList/>
</TestCase>
<TestCase Comment="" Date="1706707434613" Name="randoop.RandoopTest0:test433">
<CovList>
<CovPrefix CovItemPrefix="counter_esempio.Counter.java">
<Cov CovItemId="B1" Value="1"/>
<Cov CovItemId="B2" Value="5"/>
<Cov CovItemId="S1" Value="1"/>
<Cov CovItemId="S2" Value="11"/>
<Cov CovItemId="S3" Value="6"/>
<Cov CovItemId="S4" Value="1"/>
<Cov CovItemId="S5" Value="5"/>
</CovPrefix>
</CovList>
<AssgnmntList>
<AssgnmntPrefix RootTermCovItemPrefix="counter_esempio.Counter.java">
<AssgnmntListEntry Length="2" RootTermCovItemId="C1">
<MapEntry BoolAssgnmnt="00" Value="5"/>
<MapEntry BoolAssgnmnt="01" Value="1"/>
</AssgnmntListEntry>
</AssgnmntPrefix>
</AssgnmntList>
<ObjMetaDataList/>
<MetaDataList/>
</TestCase>
<TestCase Comment="" Date="1706707434613" Name="randoop.RandoopTest0:test434">
<CovList>
<CovPrefix CovItemPrefix="counter_esempio.Counter.java">
<Cov CovItemId="B1" Value="1"/>
<Cov CovItemId="B2" Value="3"/>
<Cov CovItemId="S1" Value="1"/>
<Cov CovItemId="S2" Value="13"/>
<Cov CovItemId="S3" Value="4"/>
<Cov CovItemId="S4" Value="1"/>
<Cov CovItemId="S5" Value="3"/>
</CovPrefix>
</CovList>
<AssgnmntList>
<AssgnmntPrefix RootTermCovItemPrefix="counter_esempio.Counter.java">
<AssgnmntListEntry Length="2" RootTermCovItemId="C1">
<MapEntry BoolAssgnmnt="00" Value="3"/>
<MapEntry BoolAssgnmnt="01" Value="1"/>
</AssgnmntListEntry>
</AssgnmntPrefix>
</AssgnmntList>
<ObjMetaDataList/>
<MetaDataList/>
</TestCase>
<TestCase Comment="" Date="1706707434613" Name="randoop.RandoopTest0:test435">
<CovList>
<CovPrefix CovItemPrefix="counter_esempio.Counter.java">
<Cov CovItemId="B1" Value="1"/>
<Cov CovItemId="B2" Value="7"/>
<Cov CovItemId="S1" Value="1"/>
<Cov CovItemId="S2" Value="5"/>
<Cov CovItemId="S3" Value="8"/>
<Cov CovItemId="S4" Value="1"/>
<Cov CovItemId="S5" Value="7"/>
</CovPrefix>
</CovList>
<AssgnmntList>
<AssgnmntPrefix RootTermCovItemPrefix="counter_esempio.Counter.java">
<AssgnmntListEntry Length="2" RootTermCovItemId="C1">
<MapEntry BoolAssgnmnt="00" Value="7"/>
<MapEntry BoolAssgnmnt="01" Value="1"/>
</AssgnmntListEntry>
</AssgnmntPrefix>
</AssgnmntList>
<ObjMetaDataList/>
<MetaDataList/>
</TestCase>
<TestCase Comment="" Date="1706707434613" Name="randoop.RandoopTest0:test436">
<CovList>
<CovPrefix CovItemPrefix="counter_esempio.Counter.java">
<Cov CovItemId="B1" Value="1"/>
<Cov CovItemId="B2" Value="9"/>
<Cov CovItemId="S1" Value="1"/>
<Cov CovItemId="S2" Value="6"/>
<Cov CovItemId="S3" Value="10"/>
<Cov CovItemId="S4" Value="1"/>
<Cov CovItemId="S5" Value="9"/>
</CovPrefix>
</CovList>
<AssgnmntList>
<AssgnmntPrefix RootTermCovItemPrefix="counter_esempio.Counter.java">
<AssgnmntListEntry Length="2" RootTermCovItemId="C1">
<MapEntry BoolAssgnmnt="00" Value="9"/>
<MapEntry BoolAssgnmnt="01" Value="1"/>
</AssgnmntListEntry>
</AssgnmntPrefix>
</AssgnmntList>
<ObjMetaDataList/>
<MetaDataList/>
</TestCase>
<TestCase Comment="" Date="1706707434613" Name="randoop.RandoopTest0:test437">
<CovList>
<CovPrefix CovItemPrefix="counter_esempio.Counter.java">
<Cov CovItemId="B1" Value="1"/>
<Cov CovItemId="B2" Value="6"/>
<Cov CovItemId="S1" Value="1"/>
<Cov CovItemId="S2" Value="6"/>
<Cov CovItemId="S3" Value="7"/>
<Cov CovItemId="S4" Value="1"/>
<Cov CovItemId="S5" Value="6"/>
</CovPrefix>
</CovList>
<AssgnmntList>
<AssgnmntPrefix RootTermCovItemPrefix="counter_esempio.Counter.java">
<AssgnmntListEntry Length="2" RootTermCovItemId="C1">
<MapEntry BoolAssgnmnt="00" Value="6"/>
<MapEntry BoolAssgnmnt="01" Value="1"/>
</AssgnmntListEntry>
</AssgnmntPrefix>
</AssgnmntList>
<ObjMetaDataList/>
<MetaDataList/>
</TestCase>
<TestCase Comment="" Date="1706707434613" Name="randoop.RandoopTest0:test438">
<CovList>
<CovPrefix CovItemPrefix="counter_esempio.Counter.java">
<Cov CovItemId="B1" Value="1"/>
<Cov CovItemId="B2" Value="6"/>
<Cov CovItemId="S1" Value="1"/>
<Cov CovItemId="S2" Value="9"/>
<Cov CovItemId="S3" Value="7"/>
<Cov CovItemId="S4" Value="1"/>
<Cov CovItemId="S5" Value="6"/>
</CovPrefix>
</CovList>
<AssgnmntList>
<AssgnmntPrefix RootTermCovItemPrefix="counter_esempio.Counter.java">
<AssgnmntListEntry Length="2" RootTermCovItemId="C1">
<MapEntry BoolAssgnmnt="00" Value="6"/>
<MapEntry BoolAssgnmnt="01" Value="1"/>
</AssgnmntListEntry>
</AssgnmntPrefix>
</AssgnmntList>
<ObjMetaDataList/>
<MetaDataList/>
</TestCase>
<TestCase Comment="" Date="1706707434613" Name="randoop.RandoopTest0:test439">
<CovList>
<CovPrefix CovItemPrefix="counter_esempio.Counter.java">
<Cov CovItemId="B1" Value="1"/>
<Cov CovItemId="B2" Value="4"/>
<Cov CovItemId="S1" Value="1"/>
<Cov CovItemId="S2" Value="7"/>
<Cov CovItemId="S3" Value="5"/>
<Cov CovItemId="S4" Value="1"/>
<Cov CovItemId="S5" Value="4"/>
</CovPrefix>
</CovList>
<AssgnmntList>
<AssgnmntPrefix RootTermCovItemPrefix="counter_esempio.Counter.java">
<AssgnmntListEntry Length="2" RootTermCovItemId="C1">
<MapEntry BoolAssgnmnt="00" Value="4"/>
<MapEntry BoolAssgnmnt="01" Value="1"/>
</AssgnmntListEntry>
</AssgnmntPrefix>
</AssgnmntList>
<ObjMetaDataList/>
<MetaDataList/>
</TestCase>
<TestCase Comment="" Date="1706707434613" Name="randoop.RandoopTest0:test440">
<CovList>
<CovPrefix CovItemPrefix="counter_esempio.Counter.java">
<Cov CovItemId="B1" Value="1"/>
<Cov CovItemId="B2" Value="13"/>
<Cov CovItemId="S1" Value="1"/>
<Cov CovItemId="S2" Value="7"/>
<Cov CovItemId="S3" Value="14"/>
<Cov CovItemId="S4" Value="1"/>
<Cov CovItemId="S5" Value="13"/>
</CovPrefix>
</CovList>
<AssgnmntList>
<AssgnmntPrefix RootTermCovItemPrefix="counter_esempio.Counter.java">
<AssgnmntListEntry Length="2" RootTermCovItemId="C1">
<MapEntry BoolAssgnmnt="00" Value="13"/>
<MapEntry BoolAssgnmnt="01" Value="1"/>
</AssgnmntListEntry>
</AssgnmntPrefix>
</AssgnmntList>
<ObjMetaDataList/>
<MetaDataList/>
</TestCase>
<TestCase Comment="" Date="1706707434613" Name="randoop.RandoopTest0:test441">
<CovList>
<CovPrefix CovItemPrefix="counter_esempio.Counter.java">
<Cov CovItemId="B1" Value="1"/>
<Cov CovItemId="B2" Value="4"/>
<Cov CovItemId="S1" Value="1"/>
<Cov CovItemId="S2" Value="6"/>
<Cov CovItemId="S3" Value="5"/>
<Cov CovItemId="S4" Value="1"/>
<Cov CovItemId="S5" Value="4"/>
</CovPrefix>
</CovList>
<AssgnmntList>
<AssgnmntPrefix RootTermCovItemPrefix="counter_esempio.Counter.java">
<AssgnmntListEntry Length="2" RootTermCovItemId="C1">
<MapEntry BoolAssgnmnt="00" Value="4"/>
<MapEntry BoolAssgnmnt="01" Value="1"/>
</AssgnmntListEntry>
</AssgnmntPrefix>
</AssgnmntList>
<ObjMetaDataList/>
<MetaDataList/>
</TestCase>
<TestCase Comment="" Date="1706707434613" Name="randoop.RandoopTest0:test442">
<CovList>
<CovPrefix CovItemPrefix="counter_esempio.Counter.java">
<Cov CovItemId="B1" Value="1"/>
<Cov CovItemId="B2" Value="8"/>
<Cov CovItemId="S1" Value="1"/>
<Cov CovItemId="S2" Value="10"/>
<Cov CovItemId="S3" Value="9"/>
<Cov CovItemId="S4" Value="1"/>
<Cov CovItemId="S5" Value="8"/>
</CovPrefix>
</CovList>
<AssgnmntList>
<AssgnmntPrefix RootTermCovItemPrefix="counter_esempio.Counter.java">
<AssgnmntListEntry Length="2" RootTermCovItemId="C1">
<MapEntry BoolAssgnmnt="00" Value="8"/>
<MapEntry BoolAssgnmnt="01" Value="1"/>
</AssgnmntListEntry>
</AssgnmntPrefix>
</AssgnmntList>
<ObjMetaDataList/>
<MetaDataList/>
</TestCase>
<TestCase Comment="" Date="1706707434613" Name="randoop.RandoopTest0:test443">
<CovList>
<CovPrefix CovItemPrefix="counter_esempio.Counter.java">
<Cov CovItemId="B1" Value="1"/>
<Cov CovItemId="B2" Value="10"/>
<Cov CovItemId="S1" Value="1"/>
<Cov CovItemId="S2" Value="5"/>
<Cov CovItemId="S3" Value="11"/>
<Cov CovItemId="S4" Value="1"/>
<Cov CovItemId="S5" Value="10"/>
</CovPrefix>
</CovList>
<AssgnmntList>
<AssgnmntPrefix RootTermCovItemPrefix="counter_esempio.Counter.java">
<AssgnmntListEntry Length="2" RootTermCovItemId="C1">
<MapEntry BoolAssgnmnt="00" Value="10"/>
<MapEntry BoolAssgnmnt="01" Value="1"/>
</AssgnmntListEntry>
</AssgnmntPrefix>
</AssgnmntList>
<ObjMetaDataList/>
<MetaDataList/>
</TestCase>
<TestCase Comment="" Date="1706707434613" Name="randoop.RandoopTest0:test444">
<CovList>
<CovPrefix CovItemPrefix="counter_esempio.Counter.java">
<Cov CovItemId="B1" Value="1"/>
<Cov CovItemId="B2" Value="4"/>
<Cov CovItemId="S1" Value="1"/>
<Cov CovItemId="S2" Value="7"/>
<Cov CovItemId="S3" Value="5"/>
<Cov CovItemId="S4" Value="1"/>
<Cov CovItemId="S5" Value="4"/>
</CovPrefix>
</CovList>
<AssgnmntList>
<AssgnmntPrefix RootTermCovItemPrefix="counter_esempio.Counter.java">
<AssgnmntListEntry Length="2" RootTermCovItemId="C1">
<MapEntry BoolAssgnmnt="00" Value="4"/>
<MapEntry BoolAssgnmnt="01" Value="1"/>
</AssgnmntListEntry>
</AssgnmntPrefix>
</AssgnmntList>
<ObjMetaDataList/>
<MetaDataList/>
</TestCase>
<TestCase Comment="" Date="1706707434613" Name="randoop.RandoopTest0:test445">
<CovList>
<CovPrefix CovItemPrefix="counter_esempio.Counter.java">
<Cov CovItemId="B1" Value="1"/>
<Cov CovItemId="B2" Value="10"/>
<Cov CovItemId="S1" Value="1"/>
<Cov CovItemId="S2" Value="5"/>
<Cov CovItemId="S3" Value="11"/>
<Cov CovItemId="S4" Value="1"/>
<Cov CovItemId="S5" Value="10"/>
</CovPrefix>
</CovList>
<AssgnmntList>
<AssgnmntPrefix RootTermCovItemPrefix="counter_esempio.Counter.java">
<AssgnmntListEntry Length="2" RootTermCovItemId="C1">
<MapEntry BoolAssgnmnt="00" Value="10"/>
<MapEntry BoolAssgnmnt="01" Value="1"/>
</AssgnmntListEntry>
</AssgnmntPrefix>
</AssgnmntList>
<ObjMetaDataList/>
<MetaDataList/>
</TestCase>
<TestCase Comment="" Date="1706707434613" Name="randoop.RandoopTest0:test446">
<CovList>
<CovPrefix CovItemPrefix="counter_esempio.Counter.java">
<Cov CovItemId="B1" Value="1"/>
<Cov CovItemId="B2" Value="7"/>
<Cov CovItemId="S1" Value="1"/>
<Cov CovItemId="S2" Value="10"/>
<Cov CovItemId="S3" Value="8"/>
<Cov CovItemId="S4" Value="1"/>
<Cov CovItemId="S5" Value="7"/>
</CovPrefix>
</CovList>
<AssgnmntList>
<AssgnmntPrefix RootTermCovItemPrefix="counter_esempio.Counter.java">
<AssgnmntListEntry Length="2" RootTermCovItemId="C1">
<MapEntry BoolAssgnmnt="00" Value="7"/>
<MapEntry BoolAssgnmnt="01" Value="1"/>
</AssgnmntListEntry>
</AssgnmntPrefix>
</AssgnmntList>
<ObjMetaDataList/>
<MetaDataList/>
</TestCase>
<TestCase Comment="" Date="1706707434613" Name="randoop.RandoopTest0:test447">
<CovList>
<CovPrefix CovItemPrefix="counter_esempio.Counter.java">
<Cov CovItemId="B1" Value="1"/>
<Cov CovItemId="B2" Value="8"/>
<Cov CovItemId="S1" Value="1"/>
<Cov CovItemId="S2" Value="6"/>
<Cov CovItemId="S3" Value="9"/>
<Cov CovItemId="S4" Value="1"/>
<Cov CovItemId="S5" Value="8"/>
</CovPrefix>
</CovList>
<AssgnmntList>
<AssgnmntPrefix RootTermCovItemPrefix="counter_esempio.Counter.java">
<AssgnmntListEntry Length="2" RootTermCovItemId="C1">
<MapEntry BoolAssgnmnt="00" Value="8"/>
<MapEntry BoolAssgnmnt="01" Value="1"/>
</AssgnmntListEntry>
</AssgnmntPrefix>
</AssgnmntList>
<ObjMetaDataList/>
<MetaDataList/>
</TestCase>
<TestCase Comment="" Date="1706707434613" Name="randoop.RandoopTest0:test448">
<CovList>
<CovPrefix CovItemPrefix="counter_esempio.Counter.java">
<Cov CovItemId="B1" Value="1"/>
<Cov CovItemId="B2" Value="5"/>
<Cov CovItemId="S1" Value="1"/>
<Cov CovItemId="S2" Value="8"/>
<Cov CovItemId="S3" Value="6"/>
<Cov CovItemId="S4" Value="1"/>
<Cov CovItemId="S5" Value="5"/>
</CovPrefix>
</CovList>
<AssgnmntList>
<AssgnmntPrefix RootTermCovItemPrefix="counter_esempio.Counter.java">
<AssgnmntListEntry Length="2" RootTermCovItemId="C1">
<MapEntry BoolAssgnmnt="00" Value="5"/>
<MapEntry BoolAssgnmnt="01" Value="1"/>
</AssgnmntListEntry>
</AssgnmntPrefix>
</AssgnmntList>
<ObjMetaDataList/>
<MetaDataList/>
</TestCase>
<TestCase Comment="" Date="1706707434613" Name="randoop.RandoopTest0:test449">
<CovList>
<CovPrefix CovItemPrefix="counter_esempio.Counter.java">
<Cov CovItemId="B1" Value="1"/>
<Cov CovItemId="B2" Value="5"/>
<Cov CovItemId="S1" Value="1"/>
<Cov CovItemId="S2" Value="11"/>
<Cov CovItemId="S3" Value="6"/>
<Cov CovItemId="S4" Value="1"/>
<Cov CovItemId="S5" Value="5"/>
</CovPrefix>
</CovList>
<AssgnmntList>
<AssgnmntPrefix RootTermCovItemPrefix="counter_esempio.Counter.java">
<AssgnmntListEntry Length="2" RootTermCovItemId="C1">
<MapEntry BoolAssgnmnt="00" Value="5"/>
<MapEntry BoolAssgnmnt="01" Value="1"/>
</AssgnmntListEntry>
</AssgnmntPrefix>
</AssgnmntList>
<ObjMetaDataList/>
<MetaDataList/>
</TestCase>
<TestCase Comment="" Date="1706707434613" Name="randoop.RandoopTest0:test450">
<CovList>
<CovPrefix CovItemPrefix="counter_esempio.Counter.java">
<Cov CovItemId="B1" Value="1"/>
<Cov CovItemId="B2" Value="5"/>
<Cov CovItemId="S1" Value="1"/>
<Cov CovItemId="S2" Value="13"/>
<Cov CovItemId="S3" Value="6"/>
<Cov CovItemId="S4" Value="1"/>
<Cov CovItemId="S5" Value="5"/>
</CovPrefix>
</CovList>
<AssgnmntList>
<AssgnmntPrefix RootTermCovItemPrefix="counter_esempio.Counter.java">
<AssgnmntListEntry Length="2" RootTermCovItemId="C1">
<MapEntry BoolAssgnmnt="00" Value="5"/>
<MapEntry BoolAssgnmnt="01" Value="1"/>
</AssgnmntListEntry>
</AssgnmntPrefix>
</AssgnmntList>
<ObjMetaDataList/>
<MetaDataList/>
</TestCase>
<TestCase Comment="" Date="1706707434613" Name="randoop.RandoopTest0:test451">
<CovList>
<CovPrefix CovItemPrefix="counter_esempio.Counter.java">
<Cov CovItemId="B1" Value="1"/>
<Cov CovItemId="B2" Value="4"/>
<Cov CovItemId="S1" Value="1"/>
<Cov CovItemId="S2" Value="8"/>
<Cov CovItemId="S3" Value="5"/>
<Cov CovItemId="S4" Value="1"/>
<Cov CovItemId="S5" Value="4"/>
</CovPrefix>
</CovList>
<AssgnmntList>
<AssgnmntPrefix RootTermCovItemPrefix="counter_esempio.Counter.java">
<AssgnmntListEntry Length="2" RootTermCovItemId="C1">
<MapEntry BoolAssgnmnt="00" Value="4"/>
<MapEntry BoolAssgnmnt="01" Value="1"/>
</AssgnmntListEntry>
</AssgnmntPrefix>
</AssgnmntList>
<ObjMetaDataList/>
<MetaDataList/>
</TestCase>
<TestCase Comment="" Date="1706707434613" Name="randoop.RandoopTest0:test452">
<CovList>
<CovPrefix CovItemPrefix="counter_esempio.Counter.java">
<Cov CovItemId="B1" Value="1"/>
<Cov CovItemId="B2" Value="5"/>
<Cov CovItemId="S1" Value="1"/>
<Cov CovItemId="S2" Value="6"/>
<Cov CovItemId="S3" Value="6"/>
<Cov CovItemId="S4" Value="1"/>
<Cov CovItemId="S5" Value="5"/>
</CovPrefix>
</CovList>
<AssgnmntList>
<AssgnmntPrefix RootTermCovItemPrefix="counter_esempio.Counter.java">
<AssgnmntListEntry Length="2" RootTermCovItemId="C1">
<MapEntry BoolAssgnmnt="00" Value="5"/>
<MapEntry BoolAssgnmnt="01" Value="1"/>
</AssgnmntListEntry>
</AssgnmntPrefix>
</AssgnmntList>
<ObjMetaDataList/>
<MetaDataList/>
</TestCase>
<TestCase Comment="" Date="1706707434613" Name="randoop.RandoopTest0:test453">
<CovList>
<CovPrefix CovItemPrefix="counter_esempio.Counter.java">
<Cov CovItemId="B1" Value="1"/>
<Cov CovItemId="B2" Value="8"/>
<Cov CovItemId="S1" Value="1"/>
<Cov CovItemId="S2" Value="7"/>
<Cov CovItemId="S3" Value="9"/>
<Cov CovItemId="S4" Value="1"/>
<Cov CovItemId="S5" Value="8"/>
</CovPrefix>
</CovList>
<AssgnmntList>
<AssgnmntPrefix RootTermCovItemPrefix="counter_esempio.Counter.java">
<AssgnmntListEntry Length="2" RootTermCovItemId="C1">
<MapEntry BoolAssgnmnt="00" Value="8"/>
<MapEntry BoolAssgnmnt="01" Value="1"/>
</AssgnmntListEntry>
</AssgnmntPrefix>
</AssgnmntList>
<ObjMetaDataList/>
<MetaDataList/>
</TestCase>
<TestCase Comment="" Date="1706707434613" Name="randoop.RandoopTest0:test454">
<CovList>
<CovPrefix CovItemPrefix="counter_esempio.Counter.java">
<Cov CovItemId="B1" Value="1"/>
<Cov CovItemId="B2" Value="7"/>
<Cov CovItemId="S1" Value="1"/>
<Cov CovItemId="S2" Value="10"/>
<Cov CovItemId="S3" Value="8"/>
<Cov CovItemId="S4" Value="1"/>
<Cov CovItemId="S5" Value="7"/>
</CovPrefix>
</CovList>
<AssgnmntList>
<AssgnmntPrefix RootTermCovItemPrefix="counter_esempio.Counter.java">
<AssgnmntListEntry Length="2" RootTermCovItemId="C1">
<MapEntry BoolAssgnmnt="00" Value="7"/>
<MapEntry BoolAssgnmnt="01" Value="1"/>
</AssgnmntListEntry>
</AssgnmntPrefix>
</AssgnmntList>
<ObjMetaDataList/>
<MetaDataList/>
</TestCase>
<TestCase Comment="" Date="1706707434613" Name="randoop.RandoopTest0:test455">
<CovList>
<CovPrefix CovItemPrefix="counter_esempio.Counter.java">
<Cov CovItemId="B1" Value="1"/>
<Cov CovItemId="B2" Value="6"/>
<Cov CovItemId="S1" Value="1"/>
<Cov CovItemId="S2" Value="12"/>
<Cov CovItemId="S3" Value="7"/>
<Cov CovItemId="S4" Value="1"/>
<Cov CovItemId="S5" Value="6"/>
</CovPrefix>
</CovList>
<AssgnmntList>
<AssgnmntPrefix RootTermCovItemPrefix="counter_esempio.Counter.java">
<AssgnmntListEntry Length="2" RootTermCovItemId="C1">
<MapEntry BoolAssgnmnt="00" Value="6"/>
<MapEntry BoolAssgnmnt="01" Value="1"/>
</AssgnmntListEntry>
</AssgnmntPrefix>
</AssgnmntList>
<ObjMetaDataList/>
<MetaDataList/>
</TestCase>
<TestCase Comment="" Date="1706707434613" Name="randoop.RandoopTest0:test456">
<CovList>
<CovPrefix CovItemPrefix="counter_esempio.Counter.java">
<Cov CovItemId="B1" Value="1"/>
<Cov CovItemId="B2" Value="6"/>
<Cov CovItemId="S1" Value="1"/>
<Cov CovItemId="S2" Value="13"/>
<Cov CovItemId="S3" Value="7"/>
<Cov CovItemId="S4" Value="1"/>
<Cov CovItemId="S5" Value="6"/>
</CovPrefix>
</CovList>
<AssgnmntList>
<AssgnmntPrefix RootTermCovItemPrefix="counter_esempio.Counter.java">
<AssgnmntListEntry Length="2" RootTermCovItemId="C1">
<MapEntry BoolAssgnmnt="00" Value="6"/>
<MapEntry BoolAssgnmnt="01" Value="1"/>
</AssgnmntListEntry>
</AssgnmntPrefix>
</AssgnmntList>
<ObjMetaDataList/>
<MetaDataList/>
</TestCase>
<TestCase Comment="" Date="1706707434613" Name="randoop.RandoopTest0:test457">
<CovList>
<CovPrefix CovItemPrefix="counter_esempio.Counter.java">
<Cov CovItemId="B1" Value="1"/>
<Cov CovItemId="B2" Value="5"/>
<Cov CovItemId="S1" Value="1"/>
<Cov CovItemId="S2" Value="4"/>
<Cov CovItemId="S3" Value="6"/>
<Cov CovItemId="S4" Value="1"/>
<Cov CovItemId="S5" Value="5"/>
</CovPrefix>
</CovList>
<AssgnmntList>
<AssgnmntPrefix RootTermCovItemPrefix="counter_esempio.Counter.java">
<AssgnmntListEntry Length="2" RootTermCovItemId="C1">
<MapEntry BoolAssgnmnt="00" Value="5"/>
<MapEntry BoolAssgnmnt="01" Value="1"/>
</AssgnmntListEntry>
</AssgnmntPrefix>
</AssgnmntList>
<ObjMetaDataList/>
<MetaDataList/>
</TestCase>
<TestCase Comment="" Date="1706707434613" Name="randoop.RandoopTest0:test458">
<CovList>
<CovPrefix CovItemPrefix="counter_esempio.Counter.java">
<Cov CovItemId="B1" Value="1"/>
<Cov CovItemId="B2" Value="7"/>
<Cov CovItemId="S1" Value="1"/>
<Cov CovItemId="S2" Value="10"/>
<Cov CovItemId="S3" Value="8"/>
<Cov CovItemId="S4" Value="1"/>
<Cov CovItemId="S5" Value="7"/>
</CovPrefix>
</CovList>
<AssgnmntList>
<AssgnmntPrefix RootTermCovItemPrefix="counter_esempio.Counter.java">
<AssgnmntListEntry Length="2" RootTermCovItemId="C1">
<MapEntry BoolAssgnmnt="00" Value="7"/>
<MapEntry BoolAssgnmnt="01" Value="1"/>
</AssgnmntListEntry>
</AssgnmntPrefix>
</AssgnmntList>
<ObjMetaDataList/>
<MetaDataList/>
</TestCase>
<TestCase Comment="" Date="1706707434613" Name="randoop.RandoopTest0:test459">
<CovList>
<CovPrefix CovItemPrefix="counter_esempio.Counter.java">
<Cov CovItemId="B1" Value="1"/>
<Cov CovItemId="B2" Value="7"/>
<Cov CovItemId="S1" Value="1"/>
<Cov CovItemId="S2" Value="9"/>
<Cov CovItemId="S3" Value="8"/>
<Cov CovItemId="S4" Value="1"/>
<Cov CovItemId="S5" Value="7"/>
</CovPrefix>
</CovList>
<AssgnmntList>
<AssgnmntPrefix RootTermCovItemPrefix="counter_esempio.Counter.java">
<AssgnmntListEntry Length="2" RootTermCovItemId="C1">
<MapEntry BoolAssgnmnt="00" Value="7"/>
<MapEntry BoolAssgnmnt="01" Value="1"/>
</AssgnmntListEntry>
</AssgnmntPrefix>
</AssgnmntList>
<ObjMetaDataList/>
<MetaDataList/>
</TestCase>
<TestCase Comment="" Date="1706707434629" Name="randoop.RandoopTest0:test460">
<CovList>
<CovPrefix CovItemPrefix="counter_esempio.Counter.java">
<Cov CovItemId="B1" Value="1"/>
<Cov CovItemId="B2" Value="7"/>
<Cov CovItemId="S1" Value="1"/>
<Cov CovItemId="S2" Value="9"/>
<Cov CovItemId="S3" Value="8"/>
<Cov CovItemId="S4" Value="1"/>
<Cov CovItemId="S5" Value="7"/>
</CovPrefix>
</CovList>
<AssgnmntList>
<AssgnmntPrefix RootTermCovItemPrefix="counter_esempio.Counter.java">
<AssgnmntListEntry Length="2" RootTermCovItemId="C1">
<MapEntry BoolAssgnmnt="00" Value="7"/>
<MapEntry BoolAssgnmnt="01" Value="1"/>
</AssgnmntListEntry>
</AssgnmntPrefix>
</AssgnmntList>
<ObjMetaDataList/>
<MetaDataList/>
</TestCase>
<TestCase Comment="" Date="1706707434629" Name="randoop.RandoopTest0:test461">
<CovList>
<CovPrefix CovItemPrefix="counter_esempio.Counter.java">
<Cov CovItemId="B1" Value="1"/>
<Cov CovItemId="B2" Value="5"/>
<Cov CovItemId="S1" Value="1"/>
<Cov CovItemId="S2" Value="8"/>
<Cov CovItemId="S3" Value="6"/>
<Cov CovItemId="S4" Value="1"/>
<Cov CovItemId="S5" Value="5"/>
</CovPrefix>
</CovList>
<AssgnmntList>
<AssgnmntPrefix RootTermCovItemPrefix="counter_esempio.Counter.java">
<AssgnmntListEntry Length="2" RootTermCovItemId="C1">
<MapEntry BoolAssgnmnt="00" Value="5"/>
<MapEntry BoolAssgnmnt="01" Value="1"/>
</AssgnmntListEntry>
</AssgnmntPrefix>
</AssgnmntList>
<ObjMetaDataList/>
<MetaDataList/>
</TestCase>
<TestCase Comment="" Date="1706707434629" Name="randoop.RandoopTest0:test462">
<CovList>
<CovPrefix CovItemPrefix="counter_esempio.Counter.java">
<Cov CovItemId="B1" Value="1"/>
<Cov CovItemId="B2" Value="7"/>
<Cov CovItemId="S1" Value="1"/>
<Cov CovItemId="S2" Value="7"/>
<Cov CovItemId="S3" Value="8"/>
<Cov CovItemId="S4" Value="1"/>
<Cov CovItemId="S5" Value="7"/>
</CovPrefix>
</CovList>
<AssgnmntList>
<AssgnmntPrefix RootTermCovItemPrefix="counter_esempio.Counter.java">
<AssgnmntListEntry Length="2" RootTermCovItemId="C1">
<MapEntry BoolAssgnmnt="00" Value="7"/>
<MapEntry BoolAssgnmnt="01" Value="1"/>
</AssgnmntListEntry>
</AssgnmntPrefix>
</AssgnmntList>
<ObjMetaDataList/>
<MetaDataList/>
</TestCase>
<TestCase Comment="" Date="1706707434629" Name="randoop.RandoopTest0:test463">
<CovList>
<CovPrefix CovItemPrefix="counter_esempio.Counter.java">
<Cov CovItemId="B1" Value="1"/>
<Cov CovItemId="B2" Value="8"/>
<Cov CovItemId="S1" Value="1"/>
<Cov CovItemId="S2" Value="11"/>
<Cov CovItemId="S3" Value="9"/>
<Cov CovItemId="S4" Value="1"/>
<Cov CovItemId="S5" Value="8"/>
</CovPrefix>
</CovList>
<AssgnmntList>
<AssgnmntPrefix RootTermCovItemPrefix="counter_esempio.Counter.java">
<AssgnmntListEntry Length="2" RootTermCovItemId="C1">
<MapEntry BoolAssgnmnt="00" Value="8"/>
<MapEntry BoolAssgnmnt="01" Value="1"/>
</AssgnmntListEntry>
</AssgnmntPrefix>
</AssgnmntList>
<ObjMetaDataList/>
<MetaDataList/>
</TestCase>
<TestCase Comment="" Date="1706707434629" Name="randoop.RandoopTest0:test464">
<CovList>
<CovPrefix CovItemPrefix="counter_esempio.Counter.java">
<Cov CovItemId="B1" Value="1"/>
<Cov CovItemId="B2" Value="4"/>
<Cov CovItemId="S1" Value="1"/>
<Cov CovItemId="S2" Value="6"/>
<Cov CovItemId="S3" Value="5"/>
<Cov CovItemId="S4" Value="1"/>
<Cov CovItemId="S5" Value="4"/>
</CovPrefix>
</CovList>
<AssgnmntList>
<AssgnmntPrefix RootTermCovItemPrefix="counter_esempio.Counter.java">
<AssgnmntListEntry Length="2" RootTermCovItemId="C1">
<MapEntry BoolAssgnmnt="00" Value="4"/>
<MapEntry BoolAssgnmnt="01" Value="1"/>
</AssgnmntListEntry>
</AssgnmntPrefix>
</AssgnmntList>
<ObjMetaDataList/>
<MetaDataList/>
</TestCase>
<TestCase Comment="" Date="1706707434629" Name="randoop.RandoopTest0:test465">
<CovList>
<CovPrefix CovItemPrefix="counter_esempio.Counter.java">
<Cov CovItemId="B1" Value="1"/>
<Cov CovItemId="B2" Value="6"/>
<Cov CovItemId="S1" Value="1"/>
<Cov CovItemId="S2" Value="6"/>
<Cov CovItemId="S3" Value="7"/>
<Cov CovItemId="S4" Value="1"/>
<Cov CovItemId="S5" Value="6"/>
</CovPrefix>
</CovList>
<AssgnmntList>
<AssgnmntPrefix RootTermCovItemPrefix="counter_esempio.Counter.java">
<AssgnmntListEntry Length="2" RootTermCovItemId="C1">
<MapEntry BoolAssgnmnt="00" Value="6"/>
<MapEntry BoolAssgnmnt="01" Value="1"/>
</AssgnmntListEntry>
</AssgnmntPrefix>
</AssgnmntList>
<ObjMetaDataList/>
<MetaDataList/>
</TestCase>
<TestCase Comment="" Date="1706707434629" Name="randoop.RandoopTest0:test466">
<CovList>
<CovPrefix CovItemPrefix="counter_esempio.Counter.java">
<Cov CovItemId="B1" Value="1"/>
<Cov CovItemId="B2" Value="5"/>
<Cov CovItemId="S1" Value="1"/>
<Cov CovItemId="S2" Value="6"/>
<Cov CovItemId="S3" Value="6"/>
<Cov CovItemId="S4" Value="1"/>
<Cov CovItemId="S5" Value="5"/>
</CovPrefix>
</CovList>
<AssgnmntList>
<AssgnmntPrefix RootTermCovItemPrefix="counter_esempio.Counter.java">
<AssgnmntListEntry Length="2" RootTermCovItemId="C1">
<MapEntry BoolAssgnmnt="00" Value="5"/>
<MapEntry BoolAssgnmnt="01" Value="1"/>
</AssgnmntListEntry>
</AssgnmntPrefix>
</AssgnmntList>
<ObjMetaDataList/>
<MetaDataList/>
</TestCase>
<TestCase Comment="" Date="1706707434629" Name="randoop.RandoopTest0:test467">
<CovList>
<CovPrefix CovItemPrefix="counter_esempio.Counter.java">
<Cov CovItemId="B1" Value="1"/>
<Cov CovItemId="B2" Value="10"/>
<Cov CovItemId="S1" Value="1"/>
<Cov CovItemId="S2" Value="6"/>
<Cov CovItemId="S3" Value="11"/>
<Cov CovItemId="S4" Value="1"/>
<Cov CovItemId="S5" Value="10"/>
</CovPrefix>
</CovList>
<AssgnmntList>
<AssgnmntPrefix RootTermCovItemPrefix="counter_esempio.Counter.java">
<AssgnmntListEntry Length="2" RootTermCovItemId="C1">
<MapEntry BoolAssgnmnt="00" Value="10"/>
<MapEntry BoolAssgnmnt="01" Value="1"/>
</AssgnmntListEntry>
</AssgnmntPrefix>
</AssgnmntList>
<ObjMetaDataList/>
<MetaDataList/>
</TestCase>
<TestCase Comment="" Date="1706707434629" Name="randoop.RandoopTest0:test468">
<CovList>
<CovPrefix CovItemPrefix="counter_esempio.Counter.java">
<Cov CovItemId="B1" Value="1"/>
<Cov CovItemId="B2" Value="6"/>
<Cov CovItemId="S1" Value="1"/>
<Cov CovItemId="S2" Value="9"/>
<Cov CovItemId="S3" Value="7"/>
<Cov CovItemId="S4" Value="1"/>
<Cov CovItemId="S5" Value="6"/>
</CovPrefix>
</CovList>
<AssgnmntList>
<AssgnmntPrefix RootTermCovItemPrefix="counter_esempio.Counter.java">
<AssgnmntListEntry Length="2" RootTermCovItemId="C1">
<MapEntry BoolAssgnmnt="00" Value="6"/>
<MapEntry BoolAssgnmnt="01" Value="1"/>
</AssgnmntListEntry>
</AssgnmntPrefix>
</AssgnmntList>
<ObjMetaDataList/>
<MetaDataList/>
</TestCase>
<TestCase Comment="" Date="1706707434629" Name="randoop.RandoopTest0:test469">
<CovList>
<CovPrefix CovItemPrefix="counter_esempio.Counter.java">
<Cov CovItemId="B1" Value="1"/>
<Cov CovItemId="B2" Value="9"/>
<Cov CovItemId="S1" Value="1"/>
<Cov CovItemId="S2" Value="9"/>
<Cov CovItemId="S3" Value="10"/>
<Cov CovItemId="S4" Value="1"/>
<Cov CovItemId="S5" Value="9"/>
</CovPrefix>
</CovList>
<AssgnmntList>
<AssgnmntPrefix RootTermCovItemPrefix="counter_esempio.Counter.java">
<AssgnmntListEntry Length="2" RootTermCovItemId="C1">
<MapEntry BoolAssgnmnt="00" Value="9"/>
<MapEntry BoolAssgnmnt="01" Value="1"/>
</AssgnmntListEntry>
</AssgnmntPrefix>
</AssgnmntList>
<ObjMetaDataList/>
<MetaDataList/>
</TestCase>
<TestCase Comment="" Date="1706707434629" Name="randoop.RandoopTest0:test470">
<CovList>
<CovPrefix CovItemPrefix="counter_esempio.Counter.java">
<Cov CovItemId="B1" Value="1"/>
<Cov CovItemId="B2" Value="5"/>
<Cov CovItemId="S1" Value="1"/>
<Cov CovItemId="S2" Value="5"/>
<Cov CovItemId="S3" Value="6"/>
<Cov CovItemId="S4" Value="1"/>
<Cov CovItemId="S5" Value="5"/>
</CovPrefix>
</CovList>
<AssgnmntList>
<AssgnmntPrefix RootTermCovItemPrefix="counter_esempio.Counter.java">
<AssgnmntListEntry Length="2" RootTermCovItemId="C1">
<MapEntry BoolAssgnmnt="00" Value="5"/>
<MapEntry BoolAssgnmnt="01" Value="1"/>
</AssgnmntListEntry>
</AssgnmntPrefix>
</AssgnmntList>
<ObjMetaDataList/>
<MetaDataList/>
</TestCase>
<TestCase Comment="" Date="1706707434629" Name="randoop.RandoopTest0:test471">
<CovList>
<CovPrefix CovItemPrefix="counter_esempio.Counter.java">
<Cov CovItemId="B1" Value="1"/>
<Cov CovItemId="B2" Value="8"/>
<Cov CovItemId="S1" Value="1"/>
<Cov CovItemId="S2" Value="10"/>
<Cov CovItemId="S3" Value="9"/>
<Cov CovItemId="S4" Value="1"/>
<Cov CovItemId="S5" Value="8"/>
</CovPrefix>
</CovList>
<AssgnmntList>
<AssgnmntPrefix RootTermCovItemPrefix="counter_esempio.Counter.java">
<AssgnmntListEntry Length="2" RootTermCovItemId="C1">
<MapEntry BoolAssgnmnt="00" Value="8"/>
<MapEntry BoolAssgnmnt="01" Value="1"/>
</AssgnmntListEntry>
</AssgnmntPrefix>
</AssgnmntList>
<ObjMetaDataList/>
<MetaDataList/>
</TestCase>
<TestCase Comment="" Date="1706707434629" Name="randoop.RandoopTest0:test472">
<CovList>
<CovPrefix CovItemPrefix="counter_esempio.Counter.java">
<Cov CovItemId="B1" Value="1"/>
<Cov CovItemId="B2" Value="7"/>
<Cov CovItemId="S1" Value="1"/>
<Cov CovItemId="S2" Value="6"/>
<Cov CovItemId="S3" Value="8"/>
<Cov CovItemId="S4" Value="1"/>
<Cov CovItemId="S5" Value="7"/>
</CovPrefix>
</CovList>
<AssgnmntList>
<AssgnmntPrefix RootTermCovItemPrefix="counter_esempio.Counter.java">
<AssgnmntListEntry Length="2" RootTermCovItemId="C1">
<MapEntry BoolAssgnmnt="00" Value="7"/>
<MapEntry BoolAssgnmnt="01" Value="1"/>
</AssgnmntListEntry>
</AssgnmntPrefix>
</AssgnmntList>
<ObjMetaDataList/>
<MetaDataList/>
</TestCase>
<TestCase Comment="" Date="1706707434629" Name="randoop.RandoopTest0:test473">
<CovList>
<CovPrefix CovItemPrefix="counter_esempio.Counter.java">
<Cov CovItemId="B1" Value="1"/>
<Cov CovItemId="B2" Value="6"/>
<Cov CovItemId="S1" Value="1"/>
<Cov CovItemId="S2" Value="6"/>
<Cov CovItemId="S3" Value="7"/>
<Cov CovItemId="S4" Value="1"/>
<Cov CovItemId="S5" Value="6"/>
</CovPrefix>
</CovList>
<AssgnmntList>
<AssgnmntPrefix RootTermCovItemPrefix="counter_esempio.Counter.java">
<AssgnmntListEntry Length="2" RootTermCovItemId="C1">
<MapEntry BoolAssgnmnt="00" Value="6"/>
<MapEntry BoolAssgnmnt="01" Value="1"/>
</AssgnmntListEntry>
</AssgnmntPrefix>
</AssgnmntList>
<ObjMetaDataList/>
<MetaDataList/>
</TestCase>
<TestCase Comment="" Date="1706707434629" Name="randoop.RandoopTest0:test474">
<CovList>
<CovPrefix CovItemPrefix="counter_esempio.Counter.java">
<Cov CovItemId="B1" Value="1"/>
<Cov CovItemId="B2" Value="6"/>
<Cov CovItemId="S1" Value="1"/>
<Cov CovItemId="S2" Value="6"/>
<Cov CovItemId="S3" Value="7"/>
<Cov CovItemId="S4" Value="1"/>
<Cov CovItemId="S5" Value="6"/>
</CovPrefix>
</CovList>
<AssgnmntList>
<AssgnmntPrefix RootTermCovItemPrefix="counter_esempio.Counter.java">
<AssgnmntListEntry Length="2" RootTermCovItemId="C1">
<MapEntry BoolAssgnmnt="00" Value="6"/>
<MapEntry BoolAssgnmnt="01" Value="1"/>
</AssgnmntListEntry>
</AssgnmntPrefix>
</AssgnmntList>
<ObjMetaDataList/>
<MetaDataList/>
</TestCase>
<TestCase Comment="" Date="1706707434629" Name="randoop.RandoopTest0:test475">
<CovList>
<CovPrefix CovItemPrefix="counter_esempio.Counter.java">
<Cov CovItemId="B1" Value="1"/>
<Cov CovItemId="B2" Value="7"/>
<Cov CovItemId="S1" Value="1"/>
<Cov CovItemId="S2" Value="2"/>
<Cov CovItemId="S3" Value="8"/>
<Cov CovItemId="S4" Value="1"/>
<Cov CovItemId="S5" Value="7"/>
</CovPrefix>
</CovList>
<AssgnmntList>
<AssgnmntPrefix RootTermCovItemPrefix="counter_esempio.Counter.java">
<AssgnmntListEntry Length="2" RootTermCovItemId="C1">
<MapEntry BoolAssgnmnt="00" Value="7"/>
<MapEntry BoolAssgnmnt="01" Value="1"/>
</AssgnmntListEntry>
</AssgnmntPrefix>
</AssgnmntList>
<ObjMetaDataList/>
<MetaDataList/>
</TestCase>
<TestCase Comment="" Date="1706707434629" Name="randoop.RandoopTest0:test476">
<CovList>
<CovPrefix CovItemPrefix="counter_esempio.Counter.java">
<Cov CovItemId="B1" Value="1"/>
<Cov CovItemId="B2" Value="9"/>
<Cov CovItemId="S1" Value="1"/>
<Cov CovItemId="S2" Value="5"/>
<Cov CovItemId="S3" Value="10"/>
<Cov CovItemId="S4" Value="1"/>
<Cov CovItemId="S5" Value="9"/>
</CovPrefix>
</CovList>
<AssgnmntList>
<AssgnmntPrefix RootTermCovItemPrefix="counter_esempio.Counter.java">
<AssgnmntListEntry Length="2" RootTermCovItemId="C1">
<MapEntry BoolAssgnmnt="00" Value="9"/>
<MapEntry BoolAssgnmnt="01" Value="1"/>
</AssgnmntListEntry>
</AssgnmntPrefix>
</AssgnmntList>
<ObjMetaDataList/>
<MetaDataList/>
</TestCase>
<TestCase Comment="" Date="1706707434629" Name="randoop.RandoopTest0:test477">
<CovList>
<CovPrefix CovItemPrefix="counter_esempio.Counter.java">
<Cov CovItemId="B1" Value="1"/>
<Cov CovItemId="B2" Value="9"/>
<Cov CovItemId="S1" Value="1"/>
<Cov CovItemId="S2" Value="7"/>
<Cov CovItemId="S3" Value="10"/>
<Cov CovItemId="S4" Value="1"/>
<Cov CovItemId="S5" Value="9"/>
</CovPrefix>
</CovList>
<AssgnmntList>
<AssgnmntPrefix RootTermCovItemPrefix="counter_esempio.Counter.java">
<AssgnmntListEntry Length="2" RootTermCovItemId="C1">
<MapEntry BoolAssgnmnt="00" Value="9"/>
<MapEntry BoolAssgnmnt="01" Value="1"/>
</AssgnmntListEntry>
</AssgnmntPrefix>
</AssgnmntList>
<ObjMetaDataList/>
<MetaDataList/>
</TestCase>
<TestCase Comment="" Date="1706707434629" Name="randoop.RandoopTest0:test478">
<CovList>
<CovPrefix CovItemPrefix="counter_esempio.Counter.java">
<Cov CovItemId="B1" Value="1"/>
<Cov CovItemId="B2" Value="5"/>
<Cov CovItemId="S1" Value="1"/>
<Cov CovItemId="S2" Value="6"/>
<Cov CovItemId="S3" Value="6"/>
<Cov CovItemId="S4" Value="1"/>
<Cov CovItemId="S5" Value="5"/>
</CovPrefix>
</CovList>
<AssgnmntList>
<AssgnmntPrefix RootTermCovItemPrefix="counter_esempio.Counter.java">
<AssgnmntListEntry Length="2" RootTermCovItemId="C1">
<MapEntry BoolAssgnmnt="00" Value="5"/>
<MapEntry BoolAssgnmnt="01" Value="1"/>
</AssgnmntListEntry>
</AssgnmntPrefix>
</AssgnmntList>
<ObjMetaDataList/>
<MetaDataList/>
</TestCase>
<TestCase Comment="" Date="1706707434629" Name="randoop.RandoopTest0:test479">
<CovList>
<CovPrefix CovItemPrefix="counter_esempio.Counter.java">
<Cov CovItemId="B1" Value="1"/>
<Cov CovItemId="B2" Value="4"/>
<Cov CovItemId="S1" Value="1"/>
<Cov CovItemId="S2" Value="9"/>
<Cov CovItemId="S3" Value="5"/>
<Cov CovItemId="S4" Value="1"/>
<Cov CovItemId="S5" Value="4"/>
</CovPrefix>
</CovList>
<AssgnmntList>
<AssgnmntPrefix RootTermCovItemPrefix="counter_esempio.Counter.java">
<AssgnmntListEntry Length="2" RootTermCovItemId="C1">
<MapEntry BoolAssgnmnt="00" Value="4"/>
<MapEntry BoolAssgnmnt="01" Value="1"/>
</AssgnmntListEntry>
</AssgnmntPrefix>
</AssgnmntList>
<ObjMetaDataList/>
<MetaDataList/>
</TestCase>
<TestCase Comment="" Date="1706707434629" Name="randoop.RandoopTest0:test480">
<CovList>
<CovPrefix CovItemPrefix="counter_esempio.Counter.java">
<Cov CovItemId="B1" Value="1"/>
<Cov CovItemId="B2" Value="11"/>
<Cov CovItemId="S1" Value="1"/>
<Cov CovItemId="S2" Value="4"/>
<Cov CovItemId="S3" Value="12"/>
<Cov CovItemId="S4" Value="1"/>
<Cov CovItemId="S5" Value="11"/>
</CovPrefix>
</CovList>
<AssgnmntList>
<AssgnmntPrefix RootTermCovItemPrefix="counter_esempio.Counter.java">
<AssgnmntListEntry Length="2" RootTermCovItemId="C1">
<MapEntry BoolAssgnmnt="00" Value="11"/>
<MapEntry BoolAssgnmnt="01" Value="1"/>
</AssgnmntListEntry>
</AssgnmntPrefix>
</AssgnmntList>
<ObjMetaDataList/>
<MetaDataList/>
</TestCase>
<TestCase Comment="" Date="1706707434629" Name="randoop.RandoopTest0:test481">
<CovList>
<CovPrefix CovItemPrefix="counter_esempio.Counter.java">
<Cov CovItemId="B1" Value="1"/>
<Cov CovItemId="B2" Value="5"/>
<Cov CovItemId="S1" Value="1"/>
<Cov CovItemId="S2" Value="8"/>
<Cov CovItemId="S3" Value="6"/>
<Cov CovItemId="S4" Value="1"/>
<Cov CovItemId="S5" Value="5"/>
</CovPrefix>
</CovList>
<AssgnmntList>
<AssgnmntPrefix RootTermCovItemPrefix="counter_esempio.Counter.java">
<AssgnmntListEntry Length="2" RootTermCovItemId="C1">
<MapEntry BoolAssgnmnt="00" Value="5"/>
<MapEntry BoolAssgnmnt="01" Value="1"/>
</AssgnmntListEntry>
</AssgnmntPrefix>
</AssgnmntList>
<ObjMetaDataList/>
<MetaDataList/>
</TestCase>
<TestCase Comment="" Date="1706707434629" Name="randoop.RandoopTest0:test482">
<CovList>
<CovPrefix CovItemPrefix="counter_esempio.Counter.java">
<Cov CovItemId="B1" Value="1"/>
<Cov CovItemId="B2" Value="4"/>
<Cov CovItemId="S1" Value="1"/>
<Cov CovItemId="S2" Value="6"/>
<Cov CovItemId="S3" Value="5"/>
<Cov CovItemId="S4" Value="1"/>
<Cov CovItemId="S5" Value="4"/>
</CovPrefix>
</CovList>
<AssgnmntList>
<AssgnmntPrefix RootTermCovItemPrefix="counter_esempio.Counter.java">
<AssgnmntListEntry Length="2" RootTermCovItemId="C1">
<MapEntry BoolAssgnmnt="00" Value="4"/>
<MapEntry BoolAssgnmnt="01" Value="1"/>
</AssgnmntListEntry>
</AssgnmntPrefix>
</AssgnmntList>
<ObjMetaDataList/>
<MetaDataList/>
</TestCase>
<TestCase Comment="" Date="1706707434644" Name="randoop.RandoopTest0:test483">
<CovList>
<CovPrefix CovItemPrefix="counter_esempio.Counter.java">
<Cov CovItemId="B1" Value="1"/>
<Cov CovItemId="B2" Value="11"/>
<Cov CovItemId="S1" Value="1"/>
<Cov CovItemId="S2" Value="6"/>
<Cov CovItemId="S3" Value="12"/>
<Cov CovItemId="S4" Value="1"/>
<Cov CovItemId="S5" Value="11"/>
</CovPrefix>
</CovList>
<AssgnmntList>
<AssgnmntPrefix RootTermCovItemPrefix="counter_esempio.Counter.java">
<AssgnmntListEntry Length="2" RootTermCovItemId="C1">
<MapEntry BoolAssgnmnt="00" Value="11"/>
<MapEntry BoolAssgnmnt="01" Value="1"/>
</AssgnmntListEntry>
</AssgnmntPrefix>
</AssgnmntList>
<ObjMetaDataList/>
<MetaDataList/>
</TestCase>
<TestCase Comment="" Date="1706707434644" Name="randoop.RandoopTest0:test484">
<CovList>
<CovPrefix CovItemPrefix="counter_esempio.Counter.java">
<Cov CovItemId="B1" Value="1"/>
<Cov CovItemId="B2" Value="8"/>
<Cov CovItemId="S1" Value="1"/>
<Cov CovItemId="S2" Value="9"/>
<Cov CovItemId="S3" Value="9"/>
<Cov CovItemId="S4" Value="1"/>
<Cov CovItemId="S5" Value="8"/>
</CovPrefix>
</CovList>
<AssgnmntList>
<AssgnmntPrefix RootTermCovItemPrefix="counter_esempio.Counter.java">
<AssgnmntListEntry Length="2" RootTermCovItemId="C1">
<MapEntry BoolAssgnmnt="00" Value="8"/>
<MapEntry BoolAssgnmnt="01" Value="1"/>
</AssgnmntListEntry>
</AssgnmntPrefix>
</AssgnmntList>
<ObjMetaDataList/>
<MetaDataList/>
</TestCase>
<TestCase Comment="" Date="1706707434644" Name="randoop.RandoopTest0:test485">
<CovList>
<CovPrefix CovItemPrefix="counter_esempio.Counter.java">
<Cov CovItemId="B1" Value="1"/>
<Cov CovItemId="B2" Value="5"/>
<Cov CovItemId="S1" Value="1"/>
<Cov CovItemId="S2" Value="10"/>
<Cov CovItemId="S3" Value="6"/>
<Cov CovItemId="S4" Value="1"/>
<Cov CovItemId="S5" Value="5"/>
</CovPrefix>
</CovList>
<AssgnmntList>
<AssgnmntPrefix RootTermCovItemPrefix="counter_esempio.Counter.java">
<AssgnmntListEntry Length="2" RootTermCovItemId="C1">
<MapEntry BoolAssgnmnt="00" Value="5"/>
<MapEntry BoolAssgnmnt="01" Value="1"/>
</AssgnmntListEntry>
</AssgnmntPrefix>
</AssgnmntList>
<ObjMetaDataList/>
<MetaDataList/>
</TestCase>
<TestCase Comment="" Date="1706707434644" Name="randoop.RandoopTest0:test486">
<CovList>
<CovPrefix CovItemPrefix="counter_esempio.Counter.java">
<Cov CovItemId="B1" Value="1"/>
<Cov CovItemId="B2" Value="8"/>
<Cov CovItemId="S1" Value="1"/>
<Cov CovItemId="S2" Value="2"/>
<Cov CovItemId="S3" Value="9"/>
<Cov CovItemId="S4" Value="1"/>
<Cov CovItemId="S5" Value="8"/>
</CovPrefix>
</CovList>
<AssgnmntList>
<AssgnmntPrefix RootTermCovItemPrefix="counter_esempio.Counter.java">
<AssgnmntListEntry Length="2" RootTermCovItemId="C1">
<MapEntry BoolAssgnmnt="00" Value="8"/>
<MapEntry BoolAssgnmnt="01" Value="1"/>
</AssgnmntListEntry>
</AssgnmntPrefix>
</AssgnmntList>
<ObjMetaDataList/>
<MetaDataList/>
</TestCase>
<TestCase Comment="" Date="1706707434644" Name="randoop.RandoopTest0:test487">
<CovList>
<CovPrefix CovItemPrefix="counter_esempio.Counter.java">
<Cov CovItemId="B1" Value="1"/>
<Cov CovItemId="B2" Value="7"/>
<Cov CovItemId="S1" Value="1"/>
<Cov CovItemId="S2" Value="7"/>
<Cov CovItemId="S3" Value="8"/>
<Cov CovItemId="S4" Value="1"/>
<Cov CovItemId="S5" Value="7"/>
</CovPrefix>
</CovList>
<AssgnmntList>
<AssgnmntPrefix RootTermCovItemPrefix="counter_esempio.Counter.java">
<AssgnmntListEntry Length="2" RootTermCovItemId="C1">
<MapEntry BoolAssgnmnt="00" Value="7"/>
<MapEntry BoolAssgnmnt="01" Value="1"/>
</AssgnmntListEntry>
</AssgnmntPrefix>
</AssgnmntList>
<ObjMetaDataList/>
<MetaDataList/>
</TestCase>
<TestCase Comment="" Date="1706707434644" Name="randoop.RandoopTest0:test488">
<CovList>
<CovPrefix CovItemPrefix="counter_esempio.Counter.java">
<Cov CovItemId="B1" Value="1"/>
<Cov CovItemId="B2" Value="10"/>
<Cov CovItemId="S1" Value="1"/>
<Cov CovItemId="S2" Value="8"/>
<Cov CovItemId="S3" Value="11"/>
<Cov CovItemId="S4" Value="1"/>
<Cov CovItemId="S5" Value="10"/>
</CovPrefix>
</CovList>
<AssgnmntList>
<AssgnmntPrefix RootTermCovItemPrefix="counter_esempio.Counter.java">
<AssgnmntListEntry Length="2" RootTermCovItemId="C1">
<MapEntry BoolAssgnmnt="00" Value="10"/>
<MapEntry BoolAssgnmnt="01" Value="1"/>
</AssgnmntListEntry>
</AssgnmntPrefix>
</AssgnmntList>
<ObjMetaDataList/>
<MetaDataList/>
</TestCase>
<TestCase Comment="" Date="1706707434644" Name="randoop.RandoopTest0:test489">
<CovList>
<CovPrefix CovItemPrefix="counter_esempio.Counter.java">
<Cov CovItemId="B1" Value="1"/>
<Cov CovItemId="B2" Value="10"/>
<Cov CovItemId="S1" Value="1"/>
<Cov CovItemId="S2" Value="7"/>
<Cov CovItemId="S3" Value="11"/>
<Cov CovItemId="S4" Value="1"/>
<Cov CovItemId="S5" Value="10"/>
</CovPrefix>
</CovList>
<AssgnmntList>
<AssgnmntPrefix RootTermCovItemPrefix="counter_esempio.Counter.java">
<AssgnmntListEntry Length="2" RootTermCovItemId="C1">
<MapEntry BoolAssgnmnt="00" Value="10"/>
<MapEntry BoolAssgnmnt="01" Value="1"/>
</AssgnmntListEntry>
</AssgnmntPrefix>
</AssgnmntList>
<ObjMetaDataList/>
<MetaDataList/>
</TestCase>
<TestCase Comment="" Date="1706707434644" Name="randoop.RandoopTest0:test490">
<CovList>
<CovPrefix CovItemPrefix="counter_esempio.Counter.java">
<Cov CovItemId="B1" Value="1"/>
<Cov CovItemId="B2" Value="5"/>
<Cov CovItemId="S1" Value="1"/>
<Cov CovItemId="S2" Value="7"/>
<Cov CovItemId="S3" Value="6"/>
<Cov CovItemId="S4" Value="1"/>
<Cov CovItemId="S5" Value="5"/>
</CovPrefix>
</CovList>
<AssgnmntList>
<AssgnmntPrefix RootTermCovItemPrefix="counter_esempio.Counter.java">
<AssgnmntListEntry Length="2" RootTermCovItemId="C1">
<MapEntry BoolAssgnmnt="00" Value="5"/>
<MapEntry BoolAssgnmnt="01" Value="1"/>
</AssgnmntListEntry>
</AssgnmntPrefix>
</AssgnmntList>
<ObjMetaDataList/>
<MetaDataList/>
</TestCase>
<TestCase Comment="" Date="1706707434644" Name="randoop.RandoopTest0:test491">
<CovList>
<CovPrefix CovItemPrefix="counter_esempio.Counter.java">
<Cov CovItemId="B1" Value="1"/>
<Cov CovItemId="B2" Value="7"/>
<Cov CovItemId="S1" Value="1"/>
<Cov CovItemId="S2" Value="10"/>
<Cov CovItemId="S3" Value="8"/>
<Cov CovItemId="S4" Value="1"/>
<Cov CovItemId="S5" Value="7"/>
</CovPrefix>
</CovList>
<AssgnmntList>
<AssgnmntPrefix RootTermCovItemPrefix="counter_esempio.Counter.java">
<AssgnmntListEntry Length="2" RootTermCovItemId="C1">
<MapEntry BoolAssgnmnt="00" Value="7"/>
<MapEntry BoolAssgnmnt="01" Value="1"/>
</AssgnmntListEntry>
</AssgnmntPrefix>
</AssgnmntList>
<ObjMetaDataList/>
<MetaDataList/>
</TestCase>
<TestCase Comment="" Date="1706707434644" Name="randoop.RandoopTest0:test492">
<CovList>
<CovPrefix CovItemPrefix="counter_esempio.Counter.java">
<Cov CovItemId="B1" Value="1"/>
<Cov CovItemId="B2" Value="9"/>
<Cov CovItemId="S1" Value="1"/>
<Cov CovItemId="S2" Value="8"/>
<Cov CovItemId="S3" Value="10"/>
<Cov CovItemId="S4" Value="1"/>
<Cov CovItemId="S5" Value="9"/>
</CovPrefix>
</CovList>
<AssgnmntList>
<AssgnmntPrefix RootTermCovItemPrefix="counter_esempio.Counter.java">
<AssgnmntListEntry Length="2" RootTermCovItemId="C1">
<MapEntry BoolAssgnmnt="00" Value="9"/>
<MapEntry BoolAssgnmnt="01" Value="1"/>
</AssgnmntListEntry>
</AssgnmntPrefix>
</AssgnmntList>
<ObjMetaDataList/>
<MetaDataList/>
</TestCase>
<TestCase Comment="" Date="1706707434644" Name="randoop.RandoopTest0:test493">
<CovList>
<CovPrefix CovItemPrefix="counter_esempio.Counter.java">
<Cov CovItemId="B1" Value="1"/>
<Cov CovItemId="B2" Value="6"/>
<Cov CovItemId="S1" Value="1"/>
<Cov CovItemId="S2" Value="7"/>
<Cov CovItemId="S3" Value="7"/>
<Cov CovItemId="S4" Value="1"/>
<Cov CovItemId="S5" Value="6"/>
</CovPrefix>
</CovList>
<AssgnmntList>
<AssgnmntPrefix RootTermCovItemPrefix="counter_esempio.Counter.java">
<AssgnmntListEntry Length="2" RootTermCovItemId="C1">
<MapEntry BoolAssgnmnt="00" Value="6"/>
<MapEntry BoolAssgnmnt="01" Value="1"/>
</AssgnmntListEntry>
</AssgnmntPrefix>
</AssgnmntList>
<ObjMetaDataList/>
<MetaDataList/>
</TestCase>
<TestCase Comment="" Date="1706707434644" Name="randoop.RandoopTest0:test494">
<CovList>
<CovPrefix CovItemPrefix="counter_esempio.Counter.java">
<Cov CovItemId="B1" Value="1"/>
<Cov CovItemId="B2" Value="6"/>
<Cov CovItemId="S1" Value="1"/>
<Cov CovItemId="S2" Value="10"/>
<Cov CovItemId="S3" Value="7"/>
<Cov CovItemId="S4" Value="1"/>
<Cov CovItemId="S5" Value="6"/>
</CovPrefix>
</CovList>
<AssgnmntList>
<AssgnmntPrefix RootTermCovItemPrefix="counter_esempio.Counter.java">
<AssgnmntListEntry Length="2" RootTermCovItemId="C1">
<MapEntry BoolAssgnmnt="00" Value="6"/>
<MapEntry BoolAssgnmnt="01" Value="1"/>
</AssgnmntListEntry>
</AssgnmntPrefix>
</AssgnmntList>
<ObjMetaDataList/>
<MetaDataList/>
</TestCase>
<TestCase Comment="" Date="1706707434644" Name="randoop.RandoopTest0:test495">
<CovList>
<CovPrefix CovItemPrefix="counter_esempio.Counter.java">
<Cov CovItemId="B1" Value="1"/>
<Cov CovItemId="B2" Value="6"/>
<Cov CovItemId="S1" Value="1"/>
<Cov CovItemId="S2" Value="6"/>
<Cov CovItemId="S3" Value="7"/>
<Cov CovItemId="S4" Value="1"/>
<Cov CovItemId="S5" Value="6"/>
</CovPrefix>
</CovList>
<AssgnmntList>
<AssgnmntPrefix RootTermCovItemPrefix="counter_esempio.Counter.java">
<AssgnmntListEntry Length="2" RootTermCovItemId="C1">
<MapEntry BoolAssgnmnt="00" Value="6"/>
<MapEntry BoolAssgnmnt="01" Value="1"/>
</AssgnmntListEntry>
</AssgnmntPrefix>
</AssgnmntList>
<ObjMetaDataList/>
<MetaDataList/>
</TestCase>
<TestCase Comment="" Date="1706707434644" Name="randoop.RandoopTest0:test496">
<CovList>
<CovPrefix CovItemPrefix="counter_esempio.Counter.java">
<Cov CovItemId="B1" Value="1"/>
<Cov CovItemId="B2" Value="4"/>
<Cov CovItemId="S1" Value="1"/>
<Cov CovItemId="S2" Value="11"/>
<Cov CovItemId="S3" Value="5"/>
<Cov CovItemId="S4" Value="1"/>
<Cov CovItemId="S5" Value="4"/>
</CovPrefix>
</CovList>
<AssgnmntList>
<AssgnmntPrefix RootTermCovItemPrefix="counter_esempio.Counter.java">
<AssgnmntListEntry Length="2" RootTermCovItemId="C1">
<MapEntry BoolAssgnmnt="00" Value="4"/>
<MapEntry BoolAssgnmnt="01" Value="1"/>
</AssgnmntListEntry>
</AssgnmntPrefix>
</AssgnmntList>
<ObjMetaDataList/>
<MetaDataList/>
</TestCase>
<TestCase Comment="" Date="1706707434644" Name="randoop.RandoopTest0:test497">
<CovList>
<CovPrefix CovItemPrefix="counter_esempio.Counter.java">
<Cov CovItemId="B1" Value="1"/>
<Cov CovItemId="B2" Value="7"/>
<Cov CovItemId="S1" Value="1"/>
<Cov CovItemId="S2" Value="9"/>
<Cov CovItemId="S3" Value="8"/>
<Cov CovItemId="S4" Value="1"/>
<Cov CovItemId="S5" Value="7"/>
</CovPrefix>
</CovList>
<AssgnmntList>
<AssgnmntPrefix RootTermCovItemPrefix="counter_esempio.Counter.java">
<AssgnmntListEntry Length="2" RootTermCovItemId="C1">
<MapEntry BoolAssgnmnt="00" Value="7"/>
<MapEntry BoolAssgnmnt="01" Value="1"/>
</AssgnmntListEntry>
</AssgnmntPrefix>
</AssgnmntList>
<ObjMetaDataList/>
<MetaDataList/>
</TestCase>
<TestCase Comment="" Date="1706707434644" Name="randoop.RandoopTest0:test498">
<CovList>
<CovPrefix CovItemPrefix="counter_esempio.Counter.java">
<Cov CovItemId="B1" Value="1"/>
<Cov CovItemId="B2" Value="6"/>
<Cov CovItemId="S1" Value="1"/>
<Cov CovItemId="S2" Value="8"/>
<Cov CovItemId="S3" Value="7"/>
<Cov CovItemId="S4" Value="1"/>
<Cov CovItemId="S5" Value="6"/>
</CovPrefix>
</CovList>
<AssgnmntList>
<AssgnmntPrefix RootTermCovItemPrefix="counter_esempio.Counter.java">
<AssgnmntListEntry Length="2" RootTermCovItemId="C1">
<MapEntry BoolAssgnmnt="00" Value="6"/>
<MapEntry BoolAssgnmnt="01" Value="1"/>
</AssgnmntListEntry>
</AssgnmntPrefix>
</AssgnmntList>
<ObjMetaDataList/>
<MetaDataList/>
</TestCase>
<TestCase Comment="" Date="1706707434644" Name="randoop.RandoopTest0:test499">
<CovList>
<CovPrefix CovItemPrefix="counter_esempio.Counter.java">
<Cov CovItemId="B1" Value="1"/>
<Cov CovItemId="B2" Value="9"/>
<Cov CovItemId="S1" Value="1"/>
<Cov CovItemId="S2" Value="7"/>
<Cov CovItemId="S3" Value="10"/>
<Cov CovItemId="S4" Value="1"/>
<Cov CovItemId="S5" Value="9"/>
</CovPrefix>
</CovList>
<AssgnmntList>
<AssgnmntPrefix RootTermCovItemPrefix="counter_esempio.Counter.java">
<AssgnmntListEntry Length="2" RootTermCovItemId="C1">
<MapEntry BoolAssgnmnt="00" Value="9"/>
<MapEntry BoolAssgnmnt="01" Value="1"/>
</AssgnmntListEntry>
</AssgnmntPrefix>
</AssgnmntList>
<ObjMetaDataList/>
<MetaDataList/>
</TestCase>
<TestCase Comment="" Date="1706707434644" Name="randoop.RandoopTest0:test500">
<CovList>
<CovPrefix CovItemPrefix="counter_esempio.Counter.java">
<Cov CovItemId="B1" Value="1"/>
<Cov CovItemId="B2" Value="9"/>
<Cov CovItemId="S1" Value="1"/>
<Cov CovItemId="S2" Value="7"/>
<Cov CovItemId="S3" Value="10"/>
<Cov CovItemId="S4" Value="1"/>
<Cov CovItemId="S5" Value="9"/>
</CovPrefix>
</CovList>
<AssgnmntList>
<AssgnmntPrefix RootTermCovItemPrefix="counter_esempio.Counter.java">
<AssgnmntListEntry Length="2" RootTermCovItemId="C1">
<MapEntry BoolAssgnmnt="00" Value="9"/>
<MapEntry BoolAssgnmnt="01" Value="1"/>
</AssgnmntListEntry>
</AssgnmntPrefix>
</AssgnmntList>
<ObjMetaDataList/>
<MetaDataList/>
</TestCase>
<TestCase Comment="" Date="1706707434644" Name="randoop.RandoopTest0:test10">
<CovList>
<CovPrefix CovItemPrefix="counter_esempio.Counter.java">
<Cov CovItemId="B1" Value="1"/>
<Cov CovItemId="B2" Value="8"/>
<Cov CovItemId="S1" Value="1"/>
<Cov CovItemId="S2" Value="8"/>
<Cov CovItemId="S3" Value="9"/>
<Cov CovItemId="S4" Value="1"/>
<Cov CovItemId="S5" Value="8"/>
</CovPrefix>
</CovList>
<AssgnmntList>
<AssgnmntPrefix RootTermCovItemPrefix="counter_esempio.Counter.java">
<AssgnmntListEntry Length="2" RootTermCovItemId="C1">
<MapEntry BoolAssgnmnt="00" Value="8"/>
<MapEntry BoolAssgnmnt="01" Value="1"/>
</AssgnmntListEntry>
</AssgnmntPrefix>
</AssgnmntList>
<ObjMetaDataList/>
<MetaDataList/>
</TestCase>
<TestCase Comment="" Date="1706707434644" Name="randoop.RandoopTest0:test11">
<CovList>
<CovPrefix CovItemPrefix="counter_esempio.Counter.java">
<Cov CovItemId="B1" Value="1"/>
<Cov CovItemId="B2" Value="6"/>
<Cov CovItemId="S1" Value="1"/>
<Cov CovItemId="S2" Value="8"/>
<Cov CovItemId="S3" Value="7"/>
<Cov CovItemId="S4" Value="1"/>
<Cov CovItemId="S5" Value="6"/>
</CovPrefix>
</CovList>
<AssgnmntList>
<AssgnmntPrefix RootTermCovItemPrefix="counter_esempio.Counter.java">
<AssgnmntListEntry Length="2" RootTermCovItemId="C1">
<MapEntry BoolAssgnmnt="00" Value="6"/>
<MapEntry BoolAssgnmnt="01" Value="1"/>
</AssgnmntListEntry>
</AssgnmntPrefix>
</AssgnmntList>
<ObjMetaDataList/>
<MetaDataList/>
</TestCase>
<TestCase Comment="" Date="1706707434644" Name="randoop.RandoopTest0:test12">
<CovList>
<CovPrefix CovItemPrefix="counter_esempio.Counter.java">
<Cov CovItemId="B1" Value="1"/>
<Cov CovItemId="B2" Value="11"/>
<Cov CovItemId="S1" Value="1"/>
<Cov CovItemId="S2" Value="4"/>
<Cov CovItemId="S3" Value="12"/>
<Cov CovItemId="S4" Value="1"/>
<Cov CovItemId="S5" Value="11"/>
</CovPrefix>
</CovList>
<AssgnmntList>
<AssgnmntPrefix RootTermCovItemPrefix="counter_esempio.Counter.java">
<AssgnmntListEntry Length="2" RootTermCovItemId="C1">
<MapEntry BoolAssgnmnt="00" Value="11"/>
<MapEntry BoolAssgnmnt="01" Value="1"/>
</AssgnmntListEntry>
</AssgnmntPrefix>
</AssgnmntList>
<ObjMetaDataList/>
<MetaDataList/>
</TestCase>
<TestCase Comment="" Date="1706707434644" Name="randoop.RandoopTest0:test13">
<CovList>
<CovPrefix CovItemPrefix="counter_esempio.Counter.java">
<Cov CovItemId="B1" Value="1"/>
<Cov CovItemId="B2" Value="4"/>
<Cov CovItemId="S1" Value="1"/>
<Cov CovItemId="S2" Value="4"/>
<Cov CovItemId="S3" Value="5"/>
<Cov CovItemId="S4" Value="1"/>
<Cov CovItemId="S5" Value="4"/>
</CovPrefix>
</CovList>
<AssgnmntList>
<AssgnmntPrefix RootTermCovItemPrefix="counter_esempio.Counter.java">
<AssgnmntListEntry Length="2" RootTermCovItemId="C1">
<MapEntry BoolAssgnmnt="00" Value="4"/>
<MapEntry BoolAssgnmnt="01" Value="1"/>
</AssgnmntListEntry>
</AssgnmntPrefix>
</AssgnmntList>
<ObjMetaDataList/>
<MetaDataList/>
</TestCase>
<TestCase Comment="" Date="1706707434644" Name="randoop.RandoopTest0:test14">
<CovList>
<CovPrefix CovItemPrefix="counter_esempio.Counter.java">
<Cov CovItemId="B1" Value="1"/>
<Cov CovItemId="B2" Value="7"/>
<Cov CovItemId="S1" Value="1"/>
<Cov CovItemId="S2" Value="6"/>
<Cov CovItemId="S3" Value="8"/>
<Cov CovItemId="S4" Value="1"/>
<Cov CovItemId="S5" Value="7"/>
</CovPrefix>
</CovList>
<AssgnmntList>
<AssgnmntPrefix RootTermCovItemPrefix="counter_esempio.Counter.java">
<AssgnmntListEntry Length="2" RootTermCovItemId="C1">
<MapEntry BoolAssgnmnt="00" Value="7"/>
<MapEntry BoolAssgnmnt="01" Value="1"/>
</AssgnmntListEntry>
</AssgnmntPrefix>
</AssgnmntList>
<ObjMetaDataList/>
<MetaDataList/>
</TestCase>
<TestCase Comment="" Date="1706707434644" Name="randoop.RandoopTest0:test15">
<CovList>
<CovPrefix CovItemPrefix="counter_esempio.Counter.java">
<Cov CovItemId="B1" Value="1"/>
<Cov CovItemId="B2" Value="8"/>
<Cov CovItemId="S1" Value="1"/>
<Cov CovItemId="S2" Value="5"/>
<Cov CovItemId="S3" Value="9"/>
<Cov CovItemId="S4" Value="1"/>
<Cov CovItemId="S5" Value="8"/>
</CovPrefix>
</CovList>
<AssgnmntList>
<AssgnmntPrefix RootTermCovItemPrefix="counter_esempio.Counter.java">
<AssgnmntListEntry Length="2" RootTermCovItemId="C1">
<MapEntry BoolAssgnmnt="00" Value="8"/>
<MapEntry BoolAssgnmnt="01" Value="1"/>
</AssgnmntListEntry>
</AssgnmntPrefix>
</AssgnmntList>
<ObjMetaDataList/>
<MetaDataList/>
</TestCase>
<TestCase Comment="" Date="1706707434644" Name="randoop.RandoopTest0:test16">
<CovList>
<CovPrefix CovItemPrefix="counter_esempio.Counter.java">
<Cov CovItemId="B1" Value="1"/>
<Cov CovItemId="B2" Value="6"/>
<Cov CovItemId="S1" Value="1"/>
<Cov CovItemId="S2" Value="8"/>
<Cov CovItemId="S3" Value="7"/>
<Cov CovItemId="S4" Value="1"/>
<Cov CovItemId="S5" Value="6"/>
</CovPrefix>
</CovList>
<AssgnmntList>
<AssgnmntPrefix RootTermCovItemPrefix="counter_esempio.Counter.java">
<AssgnmntListEntry Length="2" RootTermCovItemId="C1">
<MapEntry BoolAssgnmnt="00" Value="6"/>
<MapEntry BoolAssgnmnt="01" Value="1"/>
</AssgnmntListEntry>
</AssgnmntPrefix>
</AssgnmntList>
<ObjMetaDataList/>
<MetaDataList/>
</TestCase>
<TestCase Comment="" Date="1706707434644" Name="randoop.RandoopTest0:test17">
<CovList>
<CovPrefix CovItemPrefix="counter_esempio.Counter.java">
<Cov CovItemId="B1" Value="1"/>
<Cov CovItemId="B2" Value="8"/>
<Cov CovItemId="S1" Value="1"/>
<Cov CovItemId="S2" Value="3"/>
<Cov CovItemId="S3" Value="9"/>
<Cov CovItemId="S4" Value="1"/>
<Cov CovItemId="S5" Value="8"/>
</CovPrefix>
</CovList>
<AssgnmntList>
<AssgnmntPrefix RootTermCovItemPrefix="counter_esempio.Counter.java">
<AssgnmntListEntry Length="2" RootTermCovItemId="C1">
<MapEntry BoolAssgnmnt="00" Value="8"/>
<MapEntry BoolAssgnmnt="01" Value="1"/>
</AssgnmntListEntry>
</AssgnmntPrefix>
</AssgnmntList>
<ObjMetaDataList/>
<MetaDataList/>
</TestCase>
<TestCase Comment="" Date="1706707434644" Name="randoop.RandoopTest0:test18">
<CovList>
<CovPrefix CovItemPrefix="counter_esempio.Counter.java">
<Cov CovItemId="B1" Value="1"/>
<Cov CovItemId="B2" Value="8"/>
<Cov CovItemId="S1" Value="1"/>
<Cov CovItemId="S2" Value="7"/>
<Cov CovItemId="S3" Value="9"/>
<Cov CovItemId="S4" Value="1"/>
<Cov CovItemId="S5" Value="8"/>
</CovPrefix>
</CovList>
<AssgnmntList>
<AssgnmntPrefix RootTermCovItemPrefix="counter_esempio.Counter.java">
<AssgnmntListEntry Length="2" RootTermCovItemId="C1">
<MapEntry BoolAssgnmnt="00" Value="8"/>
<MapEntry BoolAssgnmnt="01" Value="1"/>
</AssgnmntListEntry>
</AssgnmntPrefix>
</AssgnmntList>
<ObjMetaDataList/>
<MetaDataList/>
</TestCase>
<TestCase Comment="" Date="1706707434644" Name="randoop.RandoopTest0:test19">
<CovList>
<CovPrefix CovItemPrefix="counter_esempio.Counter.java">
<Cov CovItemId="B1" Value="1"/>
<Cov CovItemId="B2" Value="5"/>
<Cov CovItemId="S1" Value="1"/>
<Cov CovItemId="S2" Value="6"/>
<Cov CovItemId="S3" Value="6"/>
<Cov CovItemId="S4" Value="1"/>
<Cov CovItemId="S5" Value="5"/>
</CovPrefix>
</CovList>
<AssgnmntList>
<AssgnmntPrefix RootTermCovItemPrefix="counter_esempio.Counter.java">
<AssgnmntListEntry Length="2" RootTermCovItemId="C1">
<MapEntry BoolAssgnmnt="00" Value="5"/>
<MapEntry BoolAssgnmnt="01" Value="1"/>
</AssgnmntListEntry>
</AssgnmntPrefix>
</AssgnmntList>
<ObjMetaDataList/>
<MetaDataList/>
</TestCase>
<TestCase Comment="" Date="1706707434644" Name="randoop.RandoopTest0:test20">
<CovList>
<CovPrefix CovItemPrefix="counter_esempio.Counter.java">
<Cov CovItemId="B1" Value="1"/>
<Cov CovItemId="B2" Value="4"/>
<Cov CovItemId="S1" Value="1"/>
<Cov CovItemId="S2" Value="4"/>
<Cov CovItemId="S3" Value="5"/>
<Cov CovItemId="S4" Value="1"/>
<Cov CovItemId="S5" Value="4"/>
</CovPrefix>
</CovList>
<AssgnmntList>
<AssgnmntPrefix RootTermCovItemPrefix="counter_esempio.Counter.java">
<AssgnmntListEntry Length="2" RootTermCovItemId="C1">
<MapEntry BoolAssgnmnt="00" Value="4"/>
<MapEntry BoolAssgnmnt="01" Value="1"/>
</AssgnmntListEntry>
</AssgnmntPrefix>
</AssgnmntList>
<ObjMetaDataList/>
<MetaDataList/>
</TestCase>
<TestCase Comment="" Date="1706707434644" Name="randoop.RandoopTest0:test21">
<CovList>
<CovPrefix CovItemPrefix="counter_esempio.Counter.java">
<Cov CovItemId="B1" Value="1"/>
<Cov CovItemId="B2" Value="4"/>
<Cov CovItemId="S1" Value="1"/>
<Cov CovItemId="S2" Value="10"/>
<Cov CovItemId="S3" Value="5"/>
<Cov CovItemId="S4" Value="1"/>
<Cov CovItemId="S5" Value="4"/>
</CovPrefix>
</CovList>
<AssgnmntList>
<AssgnmntPrefix RootTermCovItemPrefix="counter_esempio.Counter.java">
<AssgnmntListEntry Length="2" RootTermCovItemId="C1">
<MapEntry BoolAssgnmnt="00" Value="4"/>
<MapEntry BoolAssgnmnt="01" Value="1"/>
</AssgnmntListEntry>
</AssgnmntPrefix>
</AssgnmntList>
<ObjMetaDataList/>
<MetaDataList/>
</TestCase>
<TestCase Comment="" Date="1706707434644" Name="randoop.RandoopTest0:test22">
<CovList>
<CovPrefix CovItemPrefix="counter_esempio.Counter.java">
<Cov CovItemId="B1" Value="1"/>
<Cov CovItemId="B2" Value="5"/>
<Cov CovItemId="S1" Value="1"/>
<Cov CovItemId="S2" Value="9"/>
<Cov CovItemId="S3" Value="6"/>
<Cov CovItemId="S4" Value="1"/>
<Cov CovItemId="S5" Value="5"/>
</CovPrefix>
</CovList>
<AssgnmntList>
<AssgnmntPrefix RootTermCovItemPrefix="counter_esempio.Counter.java">
<AssgnmntListEntry Length="2" RootTermCovItemId="C1">
<MapEntry BoolAssgnmnt="00" Value="5"/>
<MapEntry BoolAssgnmnt="01" Value="1"/>
</AssgnmntListEntry>
</AssgnmntPrefix>
</AssgnmntList>
<ObjMetaDataList/>
<MetaDataList/>
</TestCase>
<TestCase Comment="" Date="1706707434644" Name="randoop.RandoopTest0:test23">
<CovList>
<CovPrefix CovItemPrefix="counter_esempio.Counter.java">
<Cov CovItemId="B1" Value="1"/>
<Cov CovItemId="B2" Value="2"/>
<Cov CovItemId="S1" Value="1"/>
<Cov CovItemId="S2" Value="11"/>
<Cov CovItemId="S3" Value="3"/>
<Cov CovItemId="S4" Value="1"/>
<Cov CovItemId="S5" Value="2"/>
</CovPrefix>
</CovList>
<AssgnmntList>
<AssgnmntPrefix RootTermCovItemPrefix="counter_esempio.Counter.java">
<AssgnmntListEntry Length="2" RootTermCovItemId="C1">
<MapEntry BoolAssgnmnt="00" Value="2"/>
<MapEntry BoolAssgnmnt="01" Value="1"/>
</AssgnmntListEntry>
</AssgnmntPrefix>
</AssgnmntList>
<ObjMetaDataList/>
<MetaDataList/>
</TestCase>
<TestCase Comment="" Date="1706707434644" Name="randoop.RandoopTest0:test24">
<CovList>
<CovPrefix CovItemPrefix="counter_esempio.Counter.java">
<Cov CovItemId="B1" Value="1"/>
<Cov CovItemId="B2" Value="6"/>
<Cov CovItemId="S1" Value="1"/>
<Cov CovItemId="S2" Value="8"/>
<Cov CovItemId="S3" Value="7"/>
<Cov CovItemId="S4" Value="1"/>
<Cov CovItemId="S5" Value="6"/>
</CovPrefix>
</CovList>
<AssgnmntList>
<AssgnmntPrefix RootTermCovItemPrefix="counter_esempio.Counter.java">
<AssgnmntListEntry Length="2" RootTermCovItemId="C1">
<MapEntry BoolAssgnmnt="00" Value="6"/>
<MapEntry BoolAssgnmnt="01" Value="1"/>
</AssgnmntListEntry>
</AssgnmntPrefix>
</AssgnmntList>
<ObjMetaDataList/>
<MetaDataList/>
</TestCase>
<TestCase Comment="" Date="1706707434644" Name="randoop.RandoopTest0:test25">
<CovList>
<CovPrefix CovItemPrefix="counter_esempio.Counter.java">
<Cov CovItemId="B1" Value="1"/>
<Cov CovItemId="B2" Value="8"/>
<Cov CovItemId="S1" Value="1"/>
<Cov CovItemId="S2" Value="7"/>
<Cov CovItemId="S3" Value="9"/>
<Cov CovItemId="S4" Value="1"/>
<Cov CovItemId="S5" Value="8"/>
</CovPrefix>
</CovList>
<AssgnmntList>
<AssgnmntPrefix RootTermCovItemPrefix="counter_esempio.Counter.java">
<AssgnmntListEntry Length="2" RootTermCovItemId="C1">
<MapEntry BoolAssgnmnt="00" Value="8"/>
<MapEntry BoolAssgnmnt="01" Value="1"/>
</AssgnmntListEntry>
</AssgnmntPrefix>
</AssgnmntList>
<ObjMetaDataList/>
<MetaDataList/>
</TestCase>
<TestCase Comment="" Date="1706707434644" Name="randoop.RandoopTest0:test26">
<CovList>
<CovPrefix CovItemPrefix="counter_esempio.Counter.java">
<Cov CovItemId="B1" Value="1"/>
<Cov CovItemId="B2" Value="7"/>
<Cov CovItemId="S1" Value="1"/>
<Cov CovItemId="S2" Value="3"/>
<Cov CovItemId="S3" Value="8"/>
<Cov CovItemId="S4" Value="1"/>
<Cov CovItemId="S5" Value="7"/>
</CovPrefix>
</CovList>
<AssgnmntList>
<AssgnmntPrefix RootTermCovItemPrefix="counter_esempio.Counter.java">
<AssgnmntListEntry Length="2" RootTermCovItemId="C1">
<MapEntry BoolAssgnmnt="00" Value="7"/>
<MapEntry BoolAssgnmnt="01" Value="1"/>
</AssgnmntListEntry>
</AssgnmntPrefix>
</AssgnmntList>
<ObjMetaDataList/>
<MetaDataList/>
</TestCase>
<TestCase Comment="" Date="1706707434644" Name="randoop.RandoopTest0:test27">
<CovList>
<CovPrefix CovItemPrefix="counter_esempio.Counter.java">
<Cov CovItemId="B1" Value="1"/>
<Cov CovItemId="B2" Value="6"/>
<Cov CovItemId="S1" Value="1"/>
<Cov CovItemId="S2" Value="6"/>
<Cov CovItemId="S3" Value="7"/>
<Cov CovItemId="S4" Value="1"/>
<Cov CovItemId="S5" Value="6"/>
</CovPrefix>
</CovList>
<AssgnmntList>
<AssgnmntPrefix RootTermCovItemPrefix="counter_esempio.Counter.java">
<AssgnmntListEntry Length="2" RootTermCovItemId="C1">
<MapEntry BoolAssgnmnt="00" Value="6"/>
<MapEntry BoolAssgnmnt="01" Value="1"/>
</AssgnmntListEntry>
</AssgnmntPrefix>
</AssgnmntList>
<ObjMetaDataList/>
<MetaDataList/>
</TestCase>
<TestCase Comment="" Date="1706707434644" Name="randoop.RandoopTest0:test28">
<CovList>
<CovPrefix CovItemPrefix="counter_esempio.Counter.java">
<Cov CovItemId="B1" Value="1"/>
<Cov CovItemId="B2" Value="12"/>
<Cov CovItemId="S1" Value="1"/>
<Cov CovItemId="S2" Value="4"/>
<Cov CovItemId="S3" Value="13"/>
<Cov CovItemId="S4" Value="1"/>
<Cov CovItemId="S5" Value="12"/>
</CovPrefix>
</CovList>
<AssgnmntList>
<AssgnmntPrefix RootTermCovItemPrefix="counter_esempio.Counter.java">
<AssgnmntListEntry Length="2" RootTermCovItemId="C1">
<MapEntry BoolAssgnmnt="00" Value="12"/>
<MapEntry BoolAssgnmnt="01" Value="1"/>
</AssgnmntListEntry>
</AssgnmntPrefix>
</AssgnmntList>
<ObjMetaDataList/>
<MetaDataList/>
</TestCase>
<TestCase Comment="" Date="1706707434644" Name="randoop.RandoopTest0:test29">
<CovList>
<CovPrefix CovItemPrefix="counter_esempio.Counter.java">
<Cov CovItemId="B1" Value="1"/>
<Cov CovItemId="B2" Value="3"/>
<Cov CovItemId="S1" Value="1"/>
<Cov CovItemId="S2" Value="5"/>
<Cov CovItemId="S3" Value="4"/>
<Cov CovItemId="S4" Value="1"/>
<Cov CovItemId="S5" Value="3"/>
</CovPrefix>
</CovList>
<AssgnmntList>
<AssgnmntPrefix RootTermCovItemPrefix="counter_esempio.Counter.java">
<AssgnmntListEntry Length="2" RootTermCovItemId="C1">
<MapEntry BoolAssgnmnt="00" Value="3"/>
<MapEntry BoolAssgnmnt="01" Value="1"/>
</AssgnmntListEntry>
</AssgnmntPrefix>
</AssgnmntList>
<ObjMetaDataList/>
<MetaDataList/>
</TestCase>
<TestCase Comment="" Date="1706707434660" Name="randoop.RandoopTest0:test30">
<CovList>
<CovPrefix CovItemPrefix="counter_esempio.Counter.java">
<Cov CovItemId="B1" Value="1"/>
<Cov CovItemId="B2" Value="2"/>
<Cov CovItemId="S1" Value="1"/>
<Cov CovItemId="S2" Value="6"/>
<Cov CovItemId="S3" Value="3"/>
<Cov CovItemId="S4" Value="1"/>
<Cov CovItemId="S5" Value="2"/>
</CovPrefix>
</CovList>
<AssgnmntList>
<AssgnmntPrefix RootTermCovItemPrefix="counter_esempio.Counter.java">
<AssgnmntListEntry Length="2" RootTermCovItemId="C1">
<MapEntry BoolAssgnmnt="00" Value="2"/>
<MapEntry BoolAssgnmnt="01" Value="1"/>
</AssgnmntListEntry>
</AssgnmntPrefix>
</AssgnmntList>
<ObjMetaDataList/>
<MetaDataList/>
</TestCase>
<TestCase Comment="" Date="1706707434660" Name="randoop.RandoopTest0:test31">
<CovList>
<CovPrefix CovItemPrefix="counter_esempio.Counter.java">
<Cov CovItemId="B1" Value="1"/>
<Cov CovItemId="B2" Value="5"/>
<Cov CovItemId="S1" Value="1"/>
<Cov CovItemId="S2" Value="8"/>
<Cov CovItemId="S3" Value="6"/>
<Cov CovItemId="S4" Value="1"/>
<Cov CovItemId="S5" Value="5"/>
</CovPrefix>
</CovList>
<AssgnmntList>
<AssgnmntPrefix RootTermCovItemPrefix="counter_esempio.Counter.java">
<AssgnmntListEntry Length="2" RootTermCovItemId="C1">
<MapEntry BoolAssgnmnt="00" Value="5"/>
<MapEntry BoolAssgnmnt="01" Value="1"/>
</AssgnmntListEntry>
</AssgnmntPrefix>
</AssgnmntList>
<ObjMetaDataList/>
<MetaDataList/>
</TestCase>
<TestCase Comment="" Date="1706707434660" Name="randoop.RandoopTest0:test32">
<CovList>
<CovPrefix CovItemPrefix="counter_esempio.Counter.java">
<Cov CovItemId="B1" Value="1"/>
<Cov CovItemId="B2" Value="6"/>
<Cov CovItemId="S1" Value="1"/>
<Cov CovItemId="S2" Value="9"/>
<Cov CovItemId="S3" Value="7"/>
<Cov CovItemId="S4" Value="1"/>
<Cov CovItemId="S5" Value="6"/>
</CovPrefix>
</CovList>
<AssgnmntList>
<AssgnmntPrefix RootTermCovItemPrefix="counter_esempio.Counter.java">
<AssgnmntListEntry Length="2" RootTermCovItemId="C1">
<MapEntry BoolAssgnmnt="00" Value="6"/>
<MapEntry BoolAssgnmnt="01" Value="1"/>
</AssgnmntListEntry>
</AssgnmntPrefix>
</AssgnmntList>
<ObjMetaDataList/>
<MetaDataList/>
</TestCase>
<TestCase Comment="" Date="1706707434660" Name="randoop.RandoopTest0:test33">
<CovList>
<CovPrefix CovItemPrefix="counter_esempio.Counter.java">
<Cov CovItemId="B1" Value="1"/>
<Cov CovItemId="B2" Value="7"/>
<Cov CovItemId="S1" Value="1"/>
<Cov CovItemId="S2" Value="5"/>
<Cov CovItemId="S3" Value="8"/>
<Cov CovItemId="S4" Value="1"/>
<Cov CovItemId="S5" Value="7"/>
</CovPrefix>
</CovList>
<AssgnmntList>
<AssgnmntPrefix RootTermCovItemPrefix="counter_esempio.Counter.java">
<AssgnmntListEntry Length="2" RootTermCovItemId="C1">
<MapEntry BoolAssgnmnt="00" Value="7"/>
<MapEntry BoolAssgnmnt="01" Value="1"/>
</AssgnmntListEntry>
</AssgnmntPrefix>
</AssgnmntList>
<ObjMetaDataList/>
<MetaDataList/>
</TestCase>
<TestCase Comment="" Date="1706707434660" Name="randoop.RandoopTest0:test34">
<CovList>
<CovPrefix CovItemPrefix="counter_esempio.Counter.java">
<Cov CovItemId="B1" Value="1"/>
<Cov CovItemId="B2" Value="3"/>
<Cov CovItemId="S1" Value="1"/>
<Cov CovItemId="S2" Value="9"/>
<Cov CovItemId="S3" Value="4"/>
<Cov CovItemId="S4" Value="1"/>
<Cov CovItemId="S5" Value="3"/>
</CovPrefix>
</CovList>
<AssgnmntList>
<AssgnmntPrefix RootTermCovItemPrefix="counter_esempio.Counter.java">
<AssgnmntListEntry Length="2" RootTermCovItemId="C1">
<MapEntry BoolAssgnmnt="00" Value="3"/>
<MapEntry BoolAssgnmnt="01" Value="1"/>
</AssgnmntListEntry>
</AssgnmntPrefix>
</AssgnmntList>
<ObjMetaDataList/>
<MetaDataList/>
</TestCase>
<TestCase Comment="" Date="1706707434660" Name="randoop.RandoopTest0:test35">
<CovList>
<CovPrefix CovItemPrefix="counter_esempio.Counter.java">
<Cov CovItemId="B1" Value="1"/>
<Cov CovItemId="B2" Value="7"/>
<Cov CovItemId="S1" Value="1"/>
<Cov CovItemId="S2" Value="6"/>
<Cov CovItemId="S3" Value="8"/>
<Cov CovItemId="S4" Value="1"/>
<Cov CovItemId="S5" Value="7"/>
</CovPrefix>
</CovList>
<AssgnmntList>
<AssgnmntPrefix RootTermCovItemPrefix="counter_esempio.Counter.java">
<AssgnmntListEntry Length="2" RootTermCovItemId="C1">
<MapEntry BoolAssgnmnt="00" Value="7"/>
<MapEntry BoolAssgnmnt="01" Value="1"/>
</AssgnmntListEntry>
</AssgnmntPrefix>
</AssgnmntList>
<ObjMetaDataList/>
<MetaDataList/>
</TestCase>
<TestCase Comment="" Date="1706707434660" Name="randoop.RandoopTest0:test36">
<CovList>
<CovPrefix CovItemPrefix="counter_esempio.Counter.java">
<Cov CovItemId="B1" Value="1"/>
<Cov CovItemId="B2" Value="6"/>
<Cov CovItemId="S1" Value="1"/>
<Cov CovItemId="S2" Value="6"/>
<Cov CovItemId="S3" Value="7"/>
<Cov CovItemId="S4" Value="1"/>
<Cov CovItemId="S5" Value="6"/>
</CovPrefix>
</CovList>
<AssgnmntList>
<AssgnmntPrefix RootTermCovItemPrefix="counter_esempio.Counter.java">
<AssgnmntListEntry Length="2" RootTermCovItemId="C1">
<MapEntry BoolAssgnmnt="00" Value="6"/>
<MapEntry BoolAssgnmnt="01" Value="1"/>
</AssgnmntListEntry>
</AssgnmntPrefix>
</AssgnmntList>
<ObjMetaDataList/>
<MetaDataList/>
</TestCase>
<TestCase Comment="" Date="1706707434660" Name="randoop.RandoopTest0:test37">
<CovList>
<CovPrefix CovItemPrefix="counter_esempio.Counter.java">
<Cov CovItemId="B1" Value="1"/>
<Cov CovItemId="B2" Value="4"/>
<Cov CovItemId="S1" Value="1"/>
<Cov CovItemId="S2" Value="6"/>
<Cov CovItemId="S3" Value="5"/>
<Cov CovItemId="S4" Value="1"/>
<Cov CovItemId="S5" Value="4"/>
</CovPrefix>
</CovList>
<AssgnmntList>
<AssgnmntPrefix RootTermCovItemPrefix="counter_esempio.Counter.java">
<AssgnmntListEntry Length="2" RootTermCovItemId="C1">
<MapEntry BoolAssgnmnt="00" Value="4"/>
<MapEntry BoolAssgnmnt="01" Value="1"/>
</AssgnmntListEntry>
</AssgnmntPrefix>
</AssgnmntList>
<ObjMetaDataList/>
<MetaDataList/>
</TestCase>
<TestCase Comment="" Date="1706707434660" Name="randoop.RandoopTest0:test38">
<CovList>
<CovPrefix CovItemPrefix="counter_esempio.Counter.java">
<Cov CovItemId="B1" Value="1"/>
<Cov CovItemId="B2" Value="5"/>
<Cov CovItemId="S1" Value="1"/>
<Cov CovItemId="S2" Value="3"/>
<Cov CovItemId="S3" Value="6"/>
<Cov CovItemId="S4" Value="1"/>
<Cov CovItemId="S5" Value="5"/>
</CovPrefix>
</CovList>
<AssgnmntList>
<AssgnmntPrefix RootTermCovItemPrefix="counter_esempio.Counter.java">
<AssgnmntListEntry Length="2" RootTermCovItemId="C1">
<MapEntry BoolAssgnmnt="00" Value="5"/>
<MapEntry BoolAssgnmnt="01" Value="1"/>
</AssgnmntListEntry>
</AssgnmntPrefix>
</AssgnmntList>
<ObjMetaDataList/>
<MetaDataList/>
</TestCase>
<TestCase Comment="" Date="1706707434660" Name="randoop.RandoopTest0:test39">
<CovList>
<CovPrefix CovItemPrefix="counter_esempio.Counter.java">
<Cov CovItemId="B1" Value="1"/>
<Cov CovItemId="B2" Value="12"/>
<Cov CovItemId="S1" Value="1"/>
<Cov CovItemId="S2" Value="3"/>
<Cov CovItemId="S3" Value="13"/>
<Cov CovItemId="S4" Value="1"/>
<Cov CovItemId="S5" Value="12"/>
</CovPrefix>
</CovList>
<AssgnmntList>
<AssgnmntPrefix RootTermCovItemPrefix="counter_esempio.Counter.java">
<AssgnmntListEntry Length="2" RootTermCovItemId="C1">
<MapEntry BoolAssgnmnt="00" Value="12"/>
<MapEntry BoolAssgnmnt="01" Value="1"/>
</AssgnmntListEntry>
</AssgnmntPrefix>
</AssgnmntList>
<ObjMetaDataList/>
<MetaDataList/>
</TestCase>
<TestCase Comment="" Date="1706707434660" Name="randoop.RandoopTest0:test40">
<CovList>
<CovPrefix CovItemPrefix="counter_esempio.Counter.java">
<Cov CovItemId="B1" Value="1"/>
<Cov CovItemId="B2" Value="6"/>
<Cov CovItemId="S1" Value="1"/>
<Cov CovItemId="S2" Value="7"/>
<Cov CovItemId="S3" Value="7"/>
<Cov CovItemId="S4" Value="1"/>
<Cov CovItemId="S5" Value="6"/>
</CovPrefix>
</CovList>
<AssgnmntList>
<AssgnmntPrefix RootTermCovItemPrefix="counter_esempio.Counter.java">
<AssgnmntListEntry Length="2" RootTermCovItemId="C1">
<MapEntry BoolAssgnmnt="00" Value="6"/>
<MapEntry BoolAssgnmnt="01" Value="1"/>
</AssgnmntListEntry>
</AssgnmntPrefix>
</AssgnmntList>
<ObjMetaDataList/>
<MetaDataList/>
</TestCase>
<TestCase Comment="" Date="1706707434660" Name="randoop.RandoopTest0:test41">
<CovList>
<CovPrefix CovItemPrefix="counter_esempio.Counter.java">
<Cov CovItemId="B1" Value="1"/>
<Cov CovItemId="B2" Value="9"/>
<Cov CovItemId="S1" Value="1"/>
<Cov CovItemId="S2" Value="5"/>
<Cov CovItemId="S3" Value="10"/>
<Cov CovItemId="S4" Value="1"/>
<Cov CovItemId="S5" Value="9"/>
</CovPrefix>
</CovList>
<AssgnmntList>
<AssgnmntPrefix RootTermCovItemPrefix="counter_esempio.Counter.java">
<AssgnmntListEntry Length="2" RootTermCovItemId="C1">
<MapEntry BoolAssgnmnt="00" Value="9"/>
<MapEntry BoolAssgnmnt="01" Value="1"/>
</AssgnmntListEntry>
</AssgnmntPrefix>
</AssgnmntList>
<ObjMetaDataList/>
<MetaDataList/>
</TestCase>
<TestCase Comment="" Date="1706707434660" Name="randoop.RandoopTest0:test42">
<CovList>
<CovPrefix CovItemPrefix="counter_esempio.Counter.java">
<Cov CovItemId="B1" Value="1"/>
<Cov CovItemId="B2" Value="11"/>
<Cov CovItemId="S1" Value="1"/>
<Cov CovItemId="S2" Value="4"/>
<Cov CovItemId="S3" Value="12"/>
<Cov CovItemId="S4" Value="1"/>
<Cov CovItemId="S5" Value="11"/>
</CovPrefix>
</CovList>
<AssgnmntList>
<AssgnmntPrefix RootTermCovItemPrefix="counter_esempio.Counter.java">
<AssgnmntListEntry Length="2" RootTermCovItemId="C1">
<MapEntry BoolAssgnmnt="00" Value="11"/>
<MapEntry BoolAssgnmnt="01" Value="1"/>
</AssgnmntListEntry>
</AssgnmntPrefix>
</AssgnmntList>
<ObjMetaDataList/>
<MetaDataList/>
</TestCase>
<TestCase Comment="" Date="1706707434660" Name="randoop.RandoopTest0:test43">
<CovList>
<CovPrefix CovItemPrefix="counter_esempio.Counter.java">
<Cov CovItemId="B1" Value="1"/>
<Cov CovItemId="B2" Value="4"/>
<Cov CovItemId="S1" Value="1"/>
<Cov CovItemId="S2" Value="7"/>
<Cov CovItemId="S3" Value="5"/>
<Cov CovItemId="S4" Value="1"/>
<Cov CovItemId="S5" Value="4"/>
</CovPrefix>
</CovList>
<AssgnmntList>
<AssgnmntPrefix RootTermCovItemPrefix="counter_esempio.Counter.java">
<AssgnmntListEntry Length="2" RootTermCovItemId="C1">
<MapEntry BoolAssgnmnt="00" Value="4"/>
<MapEntry BoolAssgnmnt="01" Value="1"/>
</AssgnmntListEntry>
</AssgnmntPrefix>
</AssgnmntList>
<ObjMetaDataList/>
<MetaDataList/>
</TestCase>
<TestCase Comment="" Date="1706707434660" Name="randoop.RandoopTest0:test44">
<CovList>
<CovPrefix CovItemPrefix="counter_esempio.Counter.java">
<Cov CovItemId="B2" Value="2"/>
<Cov CovItemId="S1" Value="1"/>
<Cov CovItemId="S2" Value="7"/>
<Cov CovItemId="S3" Value="2"/>
<Cov CovItemId="S5" Value="2"/>
</CovPrefix>
</CovList>
<AssgnmntList>
<AssgnmntPrefix RootTermCovItemPrefix="counter_esempio.Counter.java">
<AssgnmntListEntry Length="2" RootTermCovItemId="C1">
<MapEntry BoolAssgnmnt="00" Value="2"/>
</AssgnmntListEntry>
</AssgnmntPrefix>
</AssgnmntList>
<ObjMetaDataList/>
<MetaDataList/>
</TestCase>
<TestCase Comment="" Date="1706707434660" Name="randoop.RandoopTest0:test45">
<CovList>
<CovPrefix CovItemPrefix="counter_esempio.Counter.java">
<Cov CovItemId="B1" Value="1"/>
<Cov CovItemId="B2" Value="8"/>
<Cov CovItemId="S1" Value="1"/>
<Cov CovItemId="S2" Value="5"/>
<Cov CovItemId="S3" Value="9"/>
<Cov CovItemId="S4" Value="1"/>
<Cov CovItemId="S5" Value="8"/>
</CovPrefix>
</CovList>
<AssgnmntList>
<AssgnmntPrefix RootTermCovItemPrefix="counter_esempio.Counter.java">
<AssgnmntListEntry Length="2" RootTermCovItemId="C1">
<MapEntry BoolAssgnmnt="00" Value="8"/>
<MapEntry BoolAssgnmnt="01" Value="1"/>
</AssgnmntListEntry>
</AssgnmntPrefix>
</AssgnmntList>
<ObjMetaDataList/>
<MetaDataList/>
</TestCase>
<TestCase Comment="" Date="1706707434660" Name="randoop.RandoopTest0:test46">
<CovList>
<CovPrefix CovItemPrefix="counter_esempio.Counter.java">
<Cov CovItemId="B1" Value="1"/>
<Cov CovItemId="B2" Value="6"/>
<Cov CovItemId="S1" Value="1"/>
<Cov CovItemId="S2" Value="4"/>
<Cov CovItemId="S3" Value="7"/>
<Cov CovItemId="S4" Value="1"/>
<Cov CovItemId="S5" Value="6"/>
</CovPrefix>
</CovList>
<AssgnmntList>
<AssgnmntPrefix RootTermCovItemPrefix="counter_esempio.Counter.java">
<AssgnmntListEntry Length="2" RootTermCovItemId="C1">
<MapEntry BoolAssgnmnt="00" Value="6"/>
<MapEntry BoolAssgnmnt="01" Value="1"/>
</AssgnmntListEntry>
</AssgnmntPrefix>
</AssgnmntList>
<ObjMetaDataList/>
<MetaDataList/>
</TestCase>
<TestCase Comment="" Date="1706707434660" Name="randoop.RandoopTest0:test47">
<CovList>
<CovPrefix CovItemPrefix="counter_esempio.Counter.java">
<Cov CovItemId="B1" Value="1"/>
<Cov CovItemId="B2" Value="8"/>
<Cov CovItemId="S1" Value="1"/>
<Cov CovItemId="S2" Value="4"/>
<Cov CovItemId="S3" Value="9"/>
<Cov CovItemId="S4" Value="1"/>
<Cov CovItemId="S5" Value="8"/>
</CovPrefix>
</CovList>
<AssgnmntList>
<AssgnmntPrefix RootTermCovItemPrefix="counter_esempio.Counter.java">
<AssgnmntListEntry Length="2" RootTermCovItemId="C1">
<MapEntry BoolAssgnmnt="00" Value="8"/>
<MapEntry BoolAssgnmnt="01" Value="1"/>
</AssgnmntListEntry>
</AssgnmntPrefix>
</AssgnmntList>
<ObjMetaDataList/>
<MetaDataList/>
</TestCase>
<TestCase Comment="" Date="1706707434660" Name="randoop.RandoopTest0:test48">
<CovList>
<CovPrefix CovItemPrefix="counter_esempio.Counter.java">
<Cov CovItemId="B1" Value="1"/>
<Cov CovItemId="B2" Value="5"/>
<Cov CovItemId="S1" Value="1"/>
<Cov CovItemId="S2" Value="7"/>
<Cov CovItemId="S3" Value="6"/>
<Cov CovItemId="S4" Value="1"/>
<Cov CovItemId="S5" Value="5"/>
</CovPrefix>
</CovList>
<AssgnmntList>
<AssgnmntPrefix RootTermCovItemPrefix="counter_esempio.Counter.java">
<AssgnmntListEntry Length="2" RootTermCovItemId="C1">
<MapEntry BoolAssgnmnt="00" Value="5"/>
<MapEntry BoolAssgnmnt="01" Value="1"/>
</AssgnmntListEntry>
</AssgnmntPrefix>
</AssgnmntList>
<ObjMetaDataList/>
<MetaDataList/>
</TestCase>
<TestCase Comment="" Date="1706707434660" Name="randoop.RandoopTest0:test49">
<CovList>
<CovPrefix CovItemPrefix="counter_esempio.Counter.java">
<Cov CovItemId="B1" Value="1"/>
<Cov CovItemId="B2" Value="11"/>
<Cov CovItemId="S1" Value="1"/>
<Cov CovItemId="S2" Value="4"/>
<Cov CovItemId="S3" Value="12"/>
<Cov CovItemId="S4" Value="1"/>
<Cov CovItemId="S5" Value="11"/>
</CovPrefix>
</CovList>
<AssgnmntList>
<AssgnmntPrefix RootTermCovItemPrefix="counter_esempio.Counter.java">
<AssgnmntListEntry Length="2" RootTermCovItemId="C1">
<MapEntry BoolAssgnmnt="00" Value="11"/>
<MapEntry BoolAssgnmnt="01" Value="1"/>
</AssgnmntListEntry>
</AssgnmntPrefix>
</AssgnmntList>
<ObjMetaDataList/>
<MetaDataList/>
</TestCase>
<TestCase Comment="" Date="1706707434660" Name="randoop.RandoopTest0:test50">
<CovList>
<CovPrefix CovItemPrefix="counter_esempio.Counter.java">
<Cov CovItemId="B1" Value="1"/>
<Cov CovItemId="B2" Value="6"/>
<Cov CovItemId="S1" Value="1"/>
<Cov CovItemId="S2" Value="9"/>
<Cov CovItemId="S3" Value="7"/>
<Cov CovItemId="S4" Value="1"/>
<Cov CovItemId="S5" Value="6"/>
</CovPrefix>
</CovList>
<AssgnmntList>
<AssgnmntPrefix RootTermCovItemPrefix="counter_esempio.Counter.java">
<AssgnmntListEntry Length="2" RootTermCovItemId="C1">
<MapEntry BoolAssgnmnt="00" Value="6"/>
<MapEntry BoolAssgnmnt="01" Value="1"/>
</AssgnmntListEntry>
</AssgnmntPrefix>
</AssgnmntList>
<ObjMetaDataList/>
<MetaDataList/>
</TestCase>
<TestCase Comment="" Date="1706707434660" Name="randoop.RandoopTest0:test51">
<CovList>
<CovPrefix CovItemPrefix="counter_esempio.Counter.java">
<Cov CovItemId="B1" Value="1"/>
<Cov CovItemId="B2" Value="9"/>
<Cov CovItemId="S1" Value="1"/>
<Cov CovItemId="S2" Value="4"/>
<Cov CovItemId="S3" Value="10"/>
<Cov CovItemId="S4" Value="1"/>
<Cov CovItemId="S5" Value="9"/>
</CovPrefix>
</CovList>
<AssgnmntList>
<AssgnmntPrefix RootTermCovItemPrefix="counter_esempio.Counter.java">
<AssgnmntListEntry Length="2" RootTermCovItemId="C1">
<MapEntry BoolAssgnmnt="00" Value="9"/>
<MapEntry BoolAssgnmnt="01" Value="1"/>
</AssgnmntListEntry>
</AssgnmntPrefix>
</AssgnmntList>
<ObjMetaDataList/>
<MetaDataList/>
</TestCase>
<TestCase Comment="" Date="1706707434660" Name="randoop.RandoopTest0:test52">
<CovList>
<CovPrefix CovItemPrefix="counter_esempio.Counter.java">
<Cov CovItemId="B1" Value="1"/>
<Cov CovItemId="B2" Value="8"/>
<Cov CovItemId="S1" Value="1"/>
<Cov CovItemId="S2" Value="9"/>
<Cov CovItemId="S3" Value="9"/>
<Cov CovItemId="S4" Value="1"/>
<Cov CovItemId="S5" Value="8"/>
</CovPrefix>
</CovList>
<AssgnmntList>
<AssgnmntPrefix RootTermCovItemPrefix="counter_esempio.Counter.java">
<AssgnmntListEntry Length="2" RootTermCovItemId="C1">
<MapEntry BoolAssgnmnt="00" Value="8"/>
<MapEntry BoolAssgnmnt="01" Value="1"/>
</AssgnmntListEntry>
</AssgnmntPrefix>
</AssgnmntList>
<ObjMetaDataList/>
<MetaDataList/>
</TestCase>
<TestCase Comment="" Date="1706707434660" Name="randoop.RandoopTest0:test53">
<CovList>
<CovPrefix CovItemPrefix="counter_esempio.Counter.java">
<Cov CovItemId="B1" Value="1"/>
<Cov CovItemId="B2" Value="6"/>
<Cov CovItemId="S1" Value="1"/>
<Cov CovItemId="S2" Value="8"/>
<Cov CovItemId="S3" Value="7"/>
<Cov CovItemId="S4" Value="1"/>
<Cov CovItemId="S5" Value="6"/>
</CovPrefix>
</CovList>
<AssgnmntList>
<AssgnmntPrefix RootTermCovItemPrefix="counter_esempio.Counter.java">
<AssgnmntListEntry Length="2" RootTermCovItemId="C1">
<MapEntry BoolAssgnmnt="00" Value="6"/>
<MapEntry BoolAssgnmnt="01" Value="1"/>
</AssgnmntListEntry>
</AssgnmntPrefix>
</AssgnmntList>
<ObjMetaDataList/>
<MetaDataList/>
</TestCase>
<TestCase Comment="" Date="1706707434660" Name="randoop.RandoopTest0:test54">
<CovList>
<CovPrefix CovItemPrefix="counter_esempio.Counter.java">
<Cov CovItemId="B1" Value="1"/>
<Cov CovItemId="B2" Value="10"/>
<Cov CovItemId="S1" Value="1"/>
<Cov CovItemId="S2" Value="9"/>
<Cov CovItemId="S3" Value="11"/>
<Cov CovItemId="S4" Value="1"/>
<Cov CovItemId="S5" Value="10"/>
</CovPrefix>
</CovList>
<AssgnmntList>
<AssgnmntPrefix RootTermCovItemPrefix="counter_esempio.Counter.java">
<AssgnmntListEntry Length="2" RootTermCovItemId="C1">
<MapEntry BoolAssgnmnt="00" Value="10"/>
<MapEntry BoolAssgnmnt="01" Value="1"/>
</AssgnmntListEntry>
</AssgnmntPrefix>
</AssgnmntList>
<ObjMetaDataList/>
<MetaDataList/>
</TestCase>
<TestCase Comment="" Date="1706707434660" Name="randoop.RandoopTest0:test55">
<CovList>
<CovPrefix CovItemPrefix="counter_esempio.Counter.java">
<Cov CovItemId="B1" Value="1"/>
<Cov CovItemId="B2" Value="4"/>
<Cov CovItemId="S1" Value="1"/>
<Cov CovItemId="S2" Value="5"/>
<Cov CovItemId="S3" Value="5"/>
<Cov CovItemId="S4" Value="1"/>
<Cov CovItemId="S5" Value="4"/>
</CovPrefix>
</CovList>
<AssgnmntList>
<AssgnmntPrefix RootTermCovItemPrefix="counter_esempio.Counter.java">
<AssgnmntListEntry Length="2" RootTermCovItemId="C1">
<MapEntry BoolAssgnmnt="00" Value="4"/>
<MapEntry BoolAssgnmnt="01" Value="1"/>
</AssgnmntListEntry>
</AssgnmntPrefix>
</AssgnmntList>
<ObjMetaDataList/>
<MetaDataList/>
</TestCase>
<TestCase Comment="" Date="1706707434660" Name="randoop.RandoopTest0:test56">
<CovList>
<CovPrefix CovItemPrefix="counter_esempio.Counter.java">
<Cov CovItemId="B1" Value="1"/>
<Cov CovItemId="B2" Value="2"/>
<Cov CovItemId="S1" Value="1"/>
<Cov CovItemId="S2" Value="5"/>
<Cov CovItemId="S3" Value="3"/>
<Cov CovItemId="S4" Value="1"/>
<Cov CovItemId="S5" Value="2"/>
</CovPrefix>
</CovList>
<AssgnmntList>
<AssgnmntPrefix RootTermCovItemPrefix="counter_esempio.Counter.java">
<AssgnmntListEntry Length="2" RootTermCovItemId="C1">
<MapEntry BoolAssgnmnt="00" Value="2"/>
<MapEntry BoolAssgnmnt="01" Value="1"/>
</AssgnmntListEntry>
</AssgnmntPrefix>
</AssgnmntList>
<ObjMetaDataList/>
<MetaDataList/>
</TestCase>
<TestCase Comment="" Date="1706707434660" Name="randoop.RandoopTest0:test57">
<CovList>
<CovPrefix CovItemPrefix="counter_esempio.Counter.java">
<Cov CovItemId="B1" Value="1"/>
<Cov CovItemId="B2" Value="11"/>
<Cov CovItemId="S1" Value="1"/>
<Cov CovItemId="S2" Value="9"/>
<Cov CovItemId="S3" Value="12"/>
<Cov CovItemId="S4" Value="1"/>
<Cov CovItemId="S5" Value="11"/>
</CovPrefix>
</CovList>
<AssgnmntList>
<AssgnmntPrefix RootTermCovItemPrefix="counter_esempio.Counter.java">
<AssgnmntListEntry Length="2" RootTermCovItemId="C1">
<MapEntry BoolAssgnmnt="00" Value="11"/>
<MapEntry BoolAssgnmnt="01" Value="1"/>
</AssgnmntListEntry>
</AssgnmntPrefix>
</AssgnmntList>
<ObjMetaDataList/>
<MetaDataList/>
</TestCase>
<TestCase Comment="" Date="1706707434660" Name="randoop.RandoopTest0:test58">
<CovList>
<CovPrefix CovItemPrefix="counter_esempio.Counter.java">
<Cov CovItemId="B1" Value="1"/>
<Cov CovItemId="B2" Value="4"/>
<Cov CovItemId="S1" Value="1"/>
<Cov CovItemId="S2" Value="10"/>
<Cov CovItemId="S3" Value="5"/>
<Cov CovItemId="S4" Value="1"/>
<Cov CovItemId="S5" Value="4"/>
</CovPrefix>
</CovList>
<AssgnmntList>
<AssgnmntPrefix RootTermCovItemPrefix="counter_esempio.Counter.java">
<AssgnmntListEntry Length="2" RootTermCovItemId="C1">
<MapEntry BoolAssgnmnt="00" Value="4"/>
<MapEntry BoolAssgnmnt="01" Value="1"/>
</AssgnmntListEntry>
</AssgnmntPrefix>
</AssgnmntList>
<ObjMetaDataList/>
<MetaDataList/>
</TestCase>
<TestCase Comment="" Date="1706707434660" Name="randoop.RandoopTest0:test59">
<CovList>
<CovPrefix CovItemPrefix="counter_esempio.Counter.java">
<Cov CovItemId="B1" Value="1"/>
<Cov CovItemId="B2" Value="4"/>
<Cov CovItemId="S1" Value="1"/>
<Cov CovItemId="S2" Value="5"/>
<Cov CovItemId="S3" Value="5"/>
<Cov CovItemId="S4" Value="1"/>
<Cov CovItemId="S5" Value="4"/>
</CovPrefix>
</CovList>
<AssgnmntList>
<AssgnmntPrefix RootTermCovItemPrefix="counter_esempio.Counter.java">
<AssgnmntListEntry Length="2" RootTermCovItemId="C1">
<MapEntry BoolAssgnmnt="00" Value="4"/>
<MapEntry BoolAssgnmnt="01" Value="1"/>
</AssgnmntListEntry>
</AssgnmntPrefix>
</AssgnmntList>
<ObjMetaDataList/>
<MetaDataList/>
</TestCase>
<TestCase Comment="" Date="1706707434660" Name="randoop.RandoopTest0:test60">
<CovList>
<CovPrefix CovItemPrefix="counter_esempio.Counter.java">
<Cov CovItemId="B1" Value="1"/>
<Cov CovItemId="B2" Value="7"/>
<Cov CovItemId="S1" Value="1"/>
<Cov CovItemId="S2" Value="5"/>
<Cov CovItemId="S3" Value="8"/>
<Cov CovItemId="S4" Value="1"/>
<Cov CovItemId="S5" Value="7"/>
</CovPrefix>
</CovList>
<AssgnmntList>
<AssgnmntPrefix RootTermCovItemPrefix="counter_esempio.Counter.java">
<AssgnmntListEntry Length="2" RootTermCovItemId="C1">
<MapEntry BoolAssgnmnt="00" Value="7"/>
<MapEntry BoolAssgnmnt="01" Value="1"/>
</AssgnmntListEntry>
</AssgnmntPrefix>
</AssgnmntList>
<ObjMetaDataList/>
<MetaDataList/>
</TestCase>
<TestCase Comment="" Date="1706707434660" Name="randoop.RandoopTest0:test61">
<CovList>
<CovPrefix CovItemPrefix="counter_esempio.Counter.java">
<Cov CovItemId="B1" Value="1"/>
<Cov CovItemId="B2" Value="7"/>
<Cov CovItemId="S1" Value="1"/>
<Cov CovItemId="S2" Value="2"/>
<Cov CovItemId="S3" Value="8"/>
<Cov CovItemId="S4" Value="1"/>
<Cov CovItemId="S5" Value="7"/>
</CovPrefix>
</CovList>
<AssgnmntList>
<AssgnmntPrefix RootTermCovItemPrefix="counter_esempio.Counter.java">
<AssgnmntListEntry Length="2" RootTermCovItemId="C1">
<MapEntry BoolAssgnmnt="00" Value="7"/>
<MapEntry BoolAssgnmnt="01" Value="1"/>
</AssgnmntListEntry>
</AssgnmntPrefix>
</AssgnmntList>
<ObjMetaDataList/>
<MetaDataList/>
</TestCase>
<TestCase Comment="" Date="1706707434660" Name="randoop.RandoopTest0:test62">
<CovList>
<CovPrefix CovItemPrefix="counter_esempio.Counter.java">
<Cov CovItemId="B1" Value="1"/>
<Cov CovItemId="B2" Value="7"/>
<Cov CovItemId="S1" Value="1"/>
<Cov CovItemId="S2" Value="4"/>
<Cov CovItemId="S3" Value="8"/>
<Cov CovItemId="S4" Value="1"/>
<Cov CovItemId="S5" Value="7"/>
</CovPrefix>
</CovList>
<AssgnmntList>
<AssgnmntPrefix RootTermCovItemPrefix="counter_esempio.Counter.java">
<AssgnmntListEntry Length="2" RootTermCovItemId="C1">
<MapEntry BoolAssgnmnt="00" Value="7"/>
<MapEntry BoolAssgnmnt="01" Value="1"/>
</AssgnmntListEntry>
</AssgnmntPrefix>
</AssgnmntList>
<ObjMetaDataList/>
<MetaDataList/>
</TestCase>
<TestCase Comment="" Date="1706707434660" Name="randoop.RandoopTest0:test63">
<CovList>
<CovPrefix CovItemPrefix="counter_esempio.Counter.java">
<Cov CovItemId="S1" Value="1"/>
<Cov CovItemId="S2" Value="7"/>
</CovPrefix>
</CovList>
<AssgnmntList/>
<ObjMetaDataList/>
<MetaDataList/>
</TestCase>
<TestCase Comment="" Date="1706707434660" Name="randoop.RandoopTest0:test64">
<CovList>
<CovPrefix CovItemPrefix="counter_esempio.Counter.java">
<Cov CovItemId="B1" Value="1"/>
<Cov CovItemId="B2" Value="8"/>
<Cov CovItemId="S1" Value="1"/>
<Cov CovItemId="S2" Value="8"/>
<Cov CovItemId="S3" Value="9"/>
<Cov CovItemId="S4" Value="1"/>
<Cov CovItemId="S5" Value="8"/>
</CovPrefix>
</CovList>
<AssgnmntList>
<AssgnmntPrefix RootTermCovItemPrefix="counter_esempio.Counter.java">
<AssgnmntListEntry Length="2" RootTermCovItemId="C1">
<MapEntry BoolAssgnmnt="00" Value="8"/>
<MapEntry BoolAssgnmnt="01" Value="1"/>
</AssgnmntListEntry>
</AssgnmntPrefix>
</AssgnmntList>
<ObjMetaDataList/>
<MetaDataList/>
</TestCase>
<TestCase Comment="" Date="1706707434660" Name="randoop.RandoopTest0:test65">
<CovList>
<CovPrefix CovItemPrefix="counter_esempio.Counter.java">
<Cov CovItemId="B1" Value="1"/>
<Cov CovItemId="B2" Value="2"/>
<Cov CovItemId="S1" Value="1"/>
<Cov CovItemId="S2" Value="6"/>
<Cov CovItemId="S3" Value="3"/>
<Cov CovItemId="S4" Value="1"/>
<Cov CovItemId="S5" Value="2"/>
</CovPrefix>
</CovList>
<AssgnmntList>
<AssgnmntPrefix RootTermCovItemPrefix="counter_esempio.Counter.java">
<AssgnmntListEntry Length="2" RootTermCovItemId="C1">
<MapEntry BoolAssgnmnt="00" Value="2"/>
<MapEntry BoolAssgnmnt="01" Value="1"/>
</AssgnmntListEntry>
</AssgnmntPrefix>
</AssgnmntList>
<ObjMetaDataList/>
<MetaDataList/>
</TestCase>
<TestCase Comment="" Date="1706707434660" Name="randoop.RandoopTest0:test66">
<CovList>
<CovPrefix CovItemPrefix="counter_esempio.Counter.java">
<Cov CovItemId="B1" Value="1"/>
<Cov CovItemId="B2" Value="2"/>
<Cov CovItemId="S1" Value="1"/>
<Cov CovItemId="S2" Value="5"/>
<Cov CovItemId="S3" Value="3"/>
<Cov CovItemId="S4" Value="1"/>
<Cov CovItemId="S5" Value="2"/>
</CovPrefix>
</CovList>
<AssgnmntList>
<AssgnmntPrefix RootTermCovItemPrefix="counter_esempio.Counter.java">
<AssgnmntListEntry Length="2" RootTermCovItemId="C1">
<MapEntry BoolAssgnmnt="00" Value="2"/>
<MapEntry BoolAssgnmnt="01" Value="1"/>
</AssgnmntListEntry>
</AssgnmntPrefix>
</AssgnmntList>
<ObjMetaDataList/>
<MetaDataList/>
</TestCase>
<TestCase Comment="" Date="1706707434660" Name="randoop.RandoopTest0:test67">
<CovList>
<CovPrefix CovItemPrefix="counter_esempio.Counter.java">
<Cov CovItemId="B1" Value="1"/>
<Cov CovItemId="B2" Value="10"/>
<Cov CovItemId="S1" Value="1"/>
<Cov CovItemId="S2" Value="4"/>
<Cov CovItemId="S3" Value="11"/>
<Cov CovItemId="S4" Value="1"/>
<Cov CovItemId="S5" Value="10"/>
</CovPrefix>
</CovList>
<AssgnmntList>
<AssgnmntPrefix RootTermCovItemPrefix="counter_esempio.Counter.java">
<AssgnmntListEntry Length="2" RootTermCovItemId="C1">
<MapEntry BoolAssgnmnt="00" Value="10"/>
<MapEntry BoolAssgnmnt="01" Value="1"/>
</AssgnmntListEntry>
</AssgnmntPrefix>
</AssgnmntList>
<ObjMetaDataList/>
<MetaDataList/>
</TestCase>
<TestCase Comment="" Date="1706707434660" Name="randoop.RandoopTest0:test68">
<CovList>
<CovPrefix CovItemPrefix="counter_esempio.Counter.java">
<Cov CovItemId="B1" Value="1"/>
<Cov CovItemId="B2" Value="4"/>
<Cov CovItemId="S1" Value="1"/>
<Cov CovItemId="S2" Value="4"/>
<Cov CovItemId="S3" Value="5"/>
<Cov CovItemId="S4" Value="1"/>
<Cov CovItemId="S5" Value="4"/>
</CovPrefix>
</CovList>
<AssgnmntList>
<AssgnmntPrefix RootTermCovItemPrefix="counter_esempio.Counter.java">
<AssgnmntListEntry Length="2" RootTermCovItemId="C1">
<MapEntry BoolAssgnmnt="00" Value="4"/>
<MapEntry BoolAssgnmnt="01" Value="1"/>
</AssgnmntListEntry>
</AssgnmntPrefix>
</AssgnmntList>
<ObjMetaDataList/>
<MetaDataList/>
</TestCase>
<TestCase Comment="" Date="1706707434660" Name="randoop.RandoopTest0:test69">
<CovList>
<CovPrefix CovItemPrefix="counter_esempio.Counter.java">
<Cov CovItemId="B1" Value="1"/>
<Cov CovItemId="B2" Value="3"/>
<Cov CovItemId="S1" Value="1"/>
<Cov CovItemId="S2" Value="8"/>
<Cov CovItemId="S3" Value="4"/>
<Cov CovItemId="S4" Value="1"/>
<Cov CovItemId="S5" Value="3"/>
</CovPrefix>
</CovList>
<AssgnmntList>
<AssgnmntPrefix RootTermCovItemPrefix="counter_esempio.Counter.java">
<AssgnmntListEntry Length="2" RootTermCovItemId="C1">
<MapEntry BoolAssgnmnt="00" Value="3"/>
<MapEntry BoolAssgnmnt="01" Value="1"/>
</AssgnmntListEntry>
</AssgnmntPrefix>
</AssgnmntList>
<ObjMetaDataList/>
<MetaDataList/>
</TestCase>
<TestCase Comment="" Date="1706707434660" Name="randoop.RandoopTest0:test70">
<CovList>
<CovPrefix CovItemPrefix="counter_esempio.Counter.java">
<Cov CovItemId="B1" Value="1"/>
<Cov CovItemId="B2" Value="9"/>
<Cov CovItemId="S1" Value="1"/>
<Cov CovItemId="S2" Value="5"/>
<Cov CovItemId="S3" Value="10"/>
<Cov CovItemId="S4" Value="1"/>
<Cov CovItemId="S5" Value="9"/>
</CovPrefix>
</CovList>
<AssgnmntList>
<AssgnmntPrefix RootTermCovItemPrefix="counter_esempio.Counter.java">
<AssgnmntListEntry Length="2" RootTermCovItemId="C1">
<MapEntry BoolAssgnmnt="00" Value="9"/>
<MapEntry BoolAssgnmnt="01" Value="1"/>
</AssgnmntListEntry>
</AssgnmntPrefix>
</AssgnmntList>
<ObjMetaDataList/>
<MetaDataList/>
</TestCase>
<TestCase Comment="" Date="1706707434660" Name="randoop.RandoopTest0:test71">
<CovList>
<CovPrefix CovItemPrefix="counter_esempio.Counter.java">
<Cov CovItemId="B1" Value="1"/>
<Cov CovItemId="B2" Value="7"/>
<Cov CovItemId="S1" Value="1"/>
<Cov CovItemId="S2" Value="5"/>
<Cov CovItemId="S3" Value="8"/>
<Cov CovItemId="S4" Value="1"/>
<Cov CovItemId="S5" Value="7"/>
</CovPrefix>
</CovList>
<AssgnmntList>
<AssgnmntPrefix RootTermCovItemPrefix="counter_esempio.Counter.java">
<AssgnmntListEntry Length="2" RootTermCovItemId="C1">
<MapEntry BoolAssgnmnt="00" Value="7"/>
<MapEntry BoolAssgnmnt="01" Value="1"/>
</AssgnmntListEntry>
</AssgnmntPrefix>
</AssgnmntList>
<ObjMetaDataList/>
<MetaDataList/>
</TestCase>
<TestCase Comment="" Date="1706707434660" Name="randoop.RandoopTest0:test72">
<CovList>
<CovPrefix CovItemPrefix="counter_esempio.Counter.java">
<Cov CovItemId="B1" Value="1"/>
<Cov CovItemId="B2" Value="7"/>
<Cov CovItemId="S1" Value="1"/>
<Cov CovItemId="S2" Value="6"/>
<Cov CovItemId="S3" Value="8"/>
<Cov CovItemId="S4" Value="1"/>
<Cov CovItemId="S5" Value="7"/>
</CovPrefix>
</CovList>
<AssgnmntList>
<AssgnmntPrefix RootTermCovItemPrefix="counter_esempio.Counter.java">
<AssgnmntListEntry Length="2" RootTermCovItemId="C1">
<MapEntry BoolAssgnmnt="00" Value="7"/>
<MapEntry BoolAssgnmnt="01" Value="1"/>
</AssgnmntListEntry>
</AssgnmntPrefix>
</AssgnmntList>
<ObjMetaDataList/>
<MetaDataList/>
</TestCase>
<TestCase Comment="" Date="1706707434660" Name="randoop.RandoopTest0:test73">
<CovList>
<CovPrefix CovItemPrefix="counter_esempio.Counter.java">
<Cov CovItemId="B1" Value="1"/>
<Cov CovItemId="B2" Value="9"/>
<Cov CovItemId="S1" Value="1"/>
<Cov CovItemId="S2" Value="11"/>
<Cov CovItemId="S3" Value="10"/>
<Cov CovItemId="S4" Value="1"/>
<Cov CovItemId="S5" Value="9"/>
</CovPrefix>
</CovList>
<AssgnmntList>
<AssgnmntPrefix RootTermCovItemPrefix="counter_esempio.Counter.java">
<AssgnmntListEntry Length="2" RootTermCovItemId="C1">
<MapEntry BoolAssgnmnt="00" Value="9"/>
<MapEntry BoolAssgnmnt="01" Value="1"/>
</AssgnmntListEntry>
</AssgnmntPrefix>
</AssgnmntList>
<ObjMetaDataList/>
<MetaDataList/>
</TestCase>
<TestCase Comment="" Date="1706707434660" Name="randoop.RandoopTest0:test74">
<CovList>
<CovPrefix CovItemPrefix="counter_esempio.Counter.java">
<Cov CovItemId="B1" Value="1"/>
<Cov CovItemId="B2" Value="5"/>
<Cov CovItemId="S1" Value="1"/>
<Cov CovItemId="S2" Value="4"/>
<Cov CovItemId="S3" Value="6"/>
<Cov CovItemId="S4" Value="1"/>
<Cov CovItemId="S5" Value="5"/>
</CovPrefix>
</CovList>
<AssgnmntList>
<AssgnmntPrefix RootTermCovItemPrefix="counter_esempio.Counter.java">
<AssgnmntListEntry Length="2" RootTermCovItemId="C1">
<MapEntry BoolAssgnmnt="00" Value="5"/>
<MapEntry BoolAssgnmnt="01" Value="1"/>
</AssgnmntListEntry>
</AssgnmntPrefix>
</AssgnmntList>
<ObjMetaDataList/>
<MetaDataList/>
</TestCase>
<TestCase Comment="" Date="1706707434660" Name="randoop.RandoopTest0:test75">
<CovList>
<CovPrefix CovItemPrefix="counter_esempio.Counter.java">
<Cov CovItemId="B1" Value="1"/>
<Cov CovItemId="B2" Value="4"/>
<Cov CovItemId="S1" Value="1"/>
<Cov CovItemId="S2" Value="7"/>
<Cov CovItemId="S3" Value="5"/>
<Cov CovItemId="S4" Value="1"/>
<Cov CovItemId="S5" Value="4"/>
</CovPrefix>
</CovList>
<AssgnmntList>
<AssgnmntPrefix RootTermCovItemPrefix="counter_esempio.Counter.java">
<AssgnmntListEntry Length="2" RootTermCovItemId="C1">
<MapEntry BoolAssgnmnt="00" Value="4"/>
<MapEntry BoolAssgnmnt="01" Value="1"/>
</AssgnmntListEntry>
</AssgnmntPrefix>
</AssgnmntList>
<ObjMetaDataList/>
<MetaDataList/>
</TestCase>
<TestCase Comment="" Date="1706707434660" Name="randoop.RandoopTest0:test76">
<CovList>
<CovPrefix CovItemPrefix="counter_esempio.Counter.java">
<Cov CovItemId="B1" Value="1"/>
<Cov CovItemId="B2" Value="7"/>
<Cov CovItemId="S1" Value="1"/>
<Cov CovItemId="S2" Value="5"/>
<Cov CovItemId="S3" Value="8"/>
<Cov CovItemId="S4" Value="1"/>
<Cov CovItemId="S5" Value="7"/>
</CovPrefix>
</CovList>
<AssgnmntList>
<AssgnmntPrefix RootTermCovItemPrefix="counter_esempio.Counter.java">
<AssgnmntListEntry Length="2" RootTermCovItemId="C1">
<MapEntry BoolAssgnmnt="00" Value="7"/>
<MapEntry BoolAssgnmnt="01" Value="1"/>
</AssgnmntListEntry>
</AssgnmntPrefix>
</AssgnmntList>
<ObjMetaDataList/>
<MetaDataList/>
</TestCase>
<TestCase Comment="" Date="1706707434660" Name="randoop.RandoopTest0:test77">
<CovList>
<CovPrefix CovItemPrefix="counter_esempio.Counter.java">
<Cov CovItemId="B1" Value="1"/>
<Cov CovItemId="B2" Value="5"/>
<Cov CovItemId="S1" Value="1"/>
<Cov CovItemId="S2" Value="7"/>
<Cov CovItemId="S3" Value="6"/>
<Cov CovItemId="S4" Value="1"/>
<Cov CovItemId="S5" Value="5"/>
</CovPrefix>
</CovList>
<AssgnmntList>
<AssgnmntPrefix RootTermCovItemPrefix="counter_esempio.Counter.java">
<AssgnmntListEntry Length="2" RootTermCovItemId="C1">
<MapEntry BoolAssgnmnt="00" Value="5"/>
<MapEntry BoolAssgnmnt="01" Value="1"/>
</AssgnmntListEntry>
</AssgnmntPrefix>
</AssgnmntList>
<ObjMetaDataList/>
<MetaDataList/>
</TestCase>
<TestCase Comment="" Date="1706707434660" Name="randoop.RandoopTest0:test78">
<CovList>
<CovPrefix CovItemPrefix="counter_esempio.Counter.java">
<Cov CovItemId="B1" Value="1"/>
<Cov CovItemId="B2" Value="7"/>
<Cov CovItemId="S1" Value="1"/>
<Cov CovItemId="S2" Value="4"/>
<Cov CovItemId="S3" Value="8"/>
<Cov CovItemId="S4" Value="1"/>
<Cov CovItemId="S5" Value="7"/>
</CovPrefix>
</CovList>
<AssgnmntList>
<AssgnmntPrefix RootTermCovItemPrefix="counter_esempio.Counter.java">
<AssgnmntListEntry Length="2" RootTermCovItemId="C1">
<MapEntry BoolAssgnmnt="00" Value="7"/>
<MapEntry BoolAssgnmnt="01" Value="1"/>
</AssgnmntListEntry>
</AssgnmntPrefix>
</AssgnmntList>
<ObjMetaDataList/>
<MetaDataList/>
</TestCase>
<TestCase Comment="" Date="1706707434660" Name="randoop.RandoopTest0:test79">
<CovList>
<CovPrefix CovItemPrefix="counter_esempio.Counter.java">
<Cov CovItemId="B1" Value="1"/>
<Cov CovItemId="B2" Value="8"/>
<Cov CovItemId="S1" Value="1"/>
<Cov CovItemId="S3" Value="9"/>
<Cov CovItemId="S4" Value="1"/>
<Cov CovItemId="S5" Value="8"/>
</CovPrefix>
</CovList>
<AssgnmntList>
<AssgnmntPrefix RootTermCovItemPrefix="counter_esempio.Counter.java">
<AssgnmntListEntry Length="2" RootTermCovItemId="C1">
<MapEntry BoolAssgnmnt="00" Value="8"/>
<MapEntry BoolAssgnmnt="01" Value="1"/>
</AssgnmntListEntry>
</AssgnmntPrefix>
</AssgnmntList>
<ObjMetaDataList/>
<MetaDataList/>
</TestCase>
<TestCase Comment="" Date="1706707434660" Name="randoop.RandoopTest0:test80">
<CovList>
<CovPrefix CovItemPrefix="counter_esempio.Counter.java">
<Cov CovItemId="B1" Value="1"/>
<Cov CovItemId="B2" Value="4"/>
<Cov CovItemId="S1" Value="1"/>
<Cov CovItemId="S2" Value="7"/>
<Cov CovItemId="S3" Value="5"/>
<Cov CovItemId="S4" Value="1"/>
<Cov CovItemId="S5" Value="4"/>
</CovPrefix>
</CovList>
<AssgnmntList>
<AssgnmntPrefix RootTermCovItemPrefix="counter_esempio.Counter.java">
<AssgnmntListEntry Length="2" RootTermCovItemId="C1">
<MapEntry BoolAssgnmnt="00" Value="4"/>
<MapEntry BoolAssgnmnt="01" Value="1"/>
</AssgnmntListEntry>
</AssgnmntPrefix>
</AssgnmntList>
<ObjMetaDataList/>
<MetaDataList/>
</TestCase>
<TestCase Comment="" Date="1706707434660" Name="randoop.RandoopTest0:test81">
<CovList>
<CovPrefix CovItemPrefix="counter_esempio.Counter.java">
<Cov CovItemId="B1" Value="1"/>
<Cov CovItemId="B2" Value="7"/>
<Cov CovItemId="S1" Value="1"/>
<Cov CovItemId="S2" Value="2"/>
<Cov CovItemId="S3" Value="8"/>
<Cov CovItemId="S4" Value="1"/>
<Cov CovItemId="S5" Value="7"/>
</CovPrefix>
</CovList>
<AssgnmntList>
<AssgnmntPrefix RootTermCovItemPrefix="counter_esempio.Counter.java">
<AssgnmntListEntry Length="2" RootTermCovItemId="C1">
<MapEntry BoolAssgnmnt="00" Value="7"/>
<MapEntry BoolAssgnmnt="01" Value="1"/>
</AssgnmntListEntry>
</AssgnmntPrefix>
</AssgnmntList>
<ObjMetaDataList/>
<MetaDataList/>
</TestCase>
<TestCase Comment="" Date="1706707434678" Name="randoop.RandoopTest0:test82">
<CovList>
<CovPrefix CovItemPrefix="counter_esempio.Counter.java">
<Cov CovItemId="B1" Value="1"/>
<Cov CovItemId="B2" Value="3"/>
<Cov CovItemId="S1" Value="1"/>
<Cov CovItemId="S2" Value="10"/>
<Cov CovItemId="S3" Value="4"/>
<Cov CovItemId="S4" Value="1"/>
<Cov CovItemId="S5" Value="3"/>
</CovPrefix>
</CovList>
<AssgnmntList>
<AssgnmntPrefix RootTermCovItemPrefix="counter_esempio.Counter.java">
<AssgnmntListEntry Length="2" RootTermCovItemId="C1">
<MapEntry BoolAssgnmnt="00" Value="3"/>
<MapEntry BoolAssgnmnt="01" Value="1"/>
</AssgnmntListEntry>
</AssgnmntPrefix>
</AssgnmntList>
<ObjMetaDataList/>
<MetaDataList/>
</TestCase>
<TestCase Comment="" Date="1706707434678" Name="randoop.RandoopTest0:test83">
<CovList>
<CovPrefix CovItemPrefix="counter_esempio.Counter.java">
<Cov CovItemId="B1" Value="1"/>
<Cov CovItemId="B2" Value="8"/>
<Cov CovItemId="S1" Value="1"/>
<Cov CovItemId="S2" Value="4"/>
<Cov CovItemId="S3" Value="9"/>
<Cov CovItemId="S4" Value="1"/>
<Cov CovItemId="S5" Value="8"/>
</CovPrefix>
</CovList>
<AssgnmntList>
<AssgnmntPrefix RootTermCovItemPrefix="counter_esempio.Counter.java">
<AssgnmntListEntry Length="2" RootTermCovItemId="C1">
<MapEntry BoolAssgnmnt="00" Value="8"/>
<MapEntry BoolAssgnmnt="01" Value="1"/>
</AssgnmntListEntry>
</AssgnmntPrefix>
</AssgnmntList>
<ObjMetaDataList/>
<MetaDataList/>
</TestCase>
<TestCase Comment="" Date="1706707434678" Name="randoop.RandoopTest0:test84">
<CovList>
<CovPrefix CovItemPrefix="counter_esempio.Counter.java">
<Cov CovItemId="B1" Value="1"/>
<Cov CovItemId="B2" Value="2"/>
<Cov CovItemId="S1" Value="1"/>
<Cov CovItemId="S2" Value="7"/>
<Cov CovItemId="S3" Value="3"/>
<Cov CovItemId="S4" Value="1"/>
<Cov CovItemId="S5" Value="2"/>
</CovPrefix>
</CovList>
<AssgnmntList>
<AssgnmntPrefix RootTermCovItemPrefix="counter_esempio.Counter.java">
<AssgnmntListEntry Length="2" RootTermCovItemId="C1">
<MapEntry BoolAssgnmnt="00" Value="2"/>
<MapEntry BoolAssgnmnt="01" Value="1"/>
</AssgnmntListEntry>
</AssgnmntPrefix>
</AssgnmntList>
<ObjMetaDataList/>
<MetaDataList/>
</TestCase>
<TestCase Comment="" Date="1706707434678" Name="randoop.RandoopTest0:test85">
<CovList>
<CovPrefix CovItemPrefix="counter_esempio.Counter.java">
<Cov CovItemId="B1" Value="1"/>
<Cov CovItemId="B2" Value="2"/>
<Cov CovItemId="S1" Value="1"/>
<Cov CovItemId="S2" Value="5"/>
<Cov CovItemId="S3" Value="3"/>
<Cov CovItemId="S4" Value="1"/>
<Cov CovItemId="S5" Value="2"/>
</CovPrefix>
</CovList>
<AssgnmntList>
<AssgnmntPrefix RootTermCovItemPrefix="counter_esempio.Counter.java">
<AssgnmntListEntry Length="2" RootTermCovItemId="C1">
<MapEntry BoolAssgnmnt="00" Value="2"/>
<MapEntry BoolAssgnmnt="01" Value="1"/>
</AssgnmntListEntry>
</AssgnmntPrefix>
</AssgnmntList>
<ObjMetaDataList/>
<MetaDataList/>
</TestCase>
<TestCase Comment="" Date="1706707434678" Name="randoop.RandoopTest0:test86">
<CovList>
<CovPrefix CovItemPrefix="counter_esempio.Counter.java">
<Cov CovItemId="B1" Value="1"/>
<Cov CovItemId="B2" Value="4"/>
<Cov CovItemId="S1" Value="1"/>
<Cov CovItemId="S2" Value="10"/>
<Cov CovItemId="S3" Value="5"/>
<Cov CovItemId="S4" Value="1"/>
<Cov CovItemId="S5" Value="4"/>
</CovPrefix>
</CovList>
<AssgnmntList>
<AssgnmntPrefix RootTermCovItemPrefix="counter_esempio.Counter.java">
<AssgnmntListEntry Length="2" RootTermCovItemId="C1">
<MapEntry BoolAssgnmnt="00" Value="4"/>
<MapEntry BoolAssgnmnt="01" Value="1"/>
</AssgnmntListEntry>
</AssgnmntPrefix>
</AssgnmntList>
<ObjMetaDataList/>
<MetaDataList/>
</TestCase>
<TestCase Comment="" Date="1706707434678" Name="randoop.RandoopTest0:test87">
<CovList>
<CovPrefix CovItemPrefix="counter_esempio.Counter.java">
<Cov CovItemId="B1" Value="1"/>
<Cov CovItemId="B2" Value="9"/>
<Cov CovItemId="S1" Value="1"/>
<Cov CovItemId="S2" Value="6"/>
<Cov CovItemId="S3" Value="10"/>
<Cov CovItemId="S4" Value="1"/>
<Cov CovItemId="S5" Value="9"/>
</CovPrefix>
</CovList>
<AssgnmntList>
<AssgnmntPrefix RootTermCovItemPrefix="counter_esempio.Counter.java">
<AssgnmntListEntry Length="2" RootTermCovItemId="C1">
<MapEntry BoolAssgnmnt="00" Value="9"/>
<MapEntry BoolAssgnmnt="01" Value="1"/>
</AssgnmntListEntry>
</AssgnmntPrefix>
</AssgnmntList>
<ObjMetaDataList/>
<MetaDataList/>
</TestCase>
<TestCase Comment="" Date="1706707434678" Name="randoop.RandoopTest0:test88">
<CovList>
<CovPrefix CovItemPrefix="counter_esempio.Counter.java">
<Cov CovItemId="B1" Value="1"/>
<Cov CovItemId="B2" Value="4"/>
<Cov CovItemId="S1" Value="1"/>
<Cov CovItemId="S2" Value="7"/>
<Cov CovItemId="S3" Value="5"/>
<Cov CovItemId="S4" Value="1"/>
<Cov CovItemId="S5" Value="4"/>
</CovPrefix>
</CovList>
<AssgnmntList>
<AssgnmntPrefix RootTermCovItemPrefix="counter_esempio.Counter.java">
<AssgnmntListEntry Length="2" RootTermCovItemId="C1">
<MapEntry BoolAssgnmnt="00" Value="4"/>
<MapEntry BoolAssgnmnt="01" Value="1"/>
</AssgnmntListEntry>
</AssgnmntPrefix>
</AssgnmntList>
<ObjMetaDataList/>
<MetaDataList/>
</TestCase>
<TestCase Comment="" Date="1706707434678" Name="randoop.RandoopTest0:test89">
<CovList>
<CovPrefix CovItemPrefix="counter_esempio.Counter.java">
<Cov CovItemId="B1" Value="1"/>
<Cov CovItemId="B2" Value="5"/>
<Cov CovItemId="S1" Value="1"/>
<Cov CovItemId="S2" Value="10"/>
<Cov CovItemId="S3" Value="6"/>
<Cov CovItemId="S4" Value="1"/>
<Cov CovItemId="S5" Value="5"/>
</CovPrefix>
</CovList>
<AssgnmntList>
<AssgnmntPrefix RootTermCovItemPrefix="counter_esempio.Counter.java">
<AssgnmntListEntry Length="2" RootTermCovItemId="C1">
<MapEntry BoolAssgnmnt="00" Value="5"/>
<MapEntry BoolAssgnmnt="01" Value="1"/>
</AssgnmntListEntry>
</AssgnmntPrefix>
</AssgnmntList>
<ObjMetaDataList/>
<MetaDataList/>
</TestCase>
<TestCase Comment="" Date="1706707434678" Name="randoop.RandoopTest0:test90">
<CovList>
<CovPrefix CovItemPrefix="counter_esempio.Counter.java">
<Cov CovItemId="B1" Value="1"/>
<Cov CovItemId="B2" Value="7"/>
<Cov CovItemId="S1" Value="1"/>
<Cov CovItemId="S2" Value="6"/>
<Cov CovItemId="S3" Value="8"/>
<Cov CovItemId="S4" Value="1"/>
<Cov CovItemId="S5" Value="7"/>
</CovPrefix>
</CovList>
<AssgnmntList>
<AssgnmntPrefix RootTermCovItemPrefix="counter_esempio.Counter.java">
<AssgnmntListEntry Length="2" RootTermCovItemId="C1">
<MapEntry BoolAssgnmnt="00" Value="7"/>
<MapEntry BoolAssgnmnt="01" Value="1"/>
</AssgnmntListEntry>
</AssgnmntPrefix>
</AssgnmntList>
<ObjMetaDataList/>
<MetaDataList/>
</TestCase>
<TestCase Comment="" Date="1706707434678" Name="randoop.RandoopTest0:test91">
<CovList>
<CovPrefix CovItemPrefix="counter_esempio.Counter.java">
<Cov CovItemId="B1" Value="1"/>
<Cov CovItemId="B2" Value="4"/>
<Cov CovItemId="S1" Value="1"/>
<Cov CovItemId="S2" Value="10"/>
<Cov CovItemId="S3" Value="5"/>
<Cov CovItemId="S4" Value="1"/>
<Cov CovItemId="S5" Value="4"/>
</CovPrefix>
</CovList>
<AssgnmntList>
<AssgnmntPrefix RootTermCovItemPrefix="counter_esempio.Counter.java">
<AssgnmntListEntry Length="2" RootTermCovItemId="C1">
<MapEntry BoolAssgnmnt="00" Value="4"/>
<MapEntry BoolAssgnmnt="01" Value="1"/>
</AssgnmntListEntry>
</AssgnmntPrefix>
</AssgnmntList>
<ObjMetaDataList/>
<MetaDataList/>
</TestCase>
<TestCase Comment="" Date="1706707434678" Name="randoop.RandoopTest0:test92">
<CovList>
<CovPrefix CovItemPrefix="counter_esempio.Counter.java">
<Cov CovItemId="B2" Value="2"/>
<Cov CovItemId="S1" Value="1"/>
<Cov CovItemId="S2" Value="4"/>
<Cov CovItemId="S3" Value="2"/>
<Cov CovItemId="S5" Value="2"/>
</CovPrefix>
</CovList>
<AssgnmntList>
<AssgnmntPrefix RootTermCovItemPrefix="counter_esempio.Counter.java">
<AssgnmntListEntry Length="2" RootTermCovItemId="C1">
<MapEntry BoolAssgnmnt="00" Value="2"/>
</AssgnmntListEntry>
</AssgnmntPrefix>
</AssgnmntList>
<ObjMetaDataList/>
<MetaDataList/>
</TestCase>
<TestCase Comment="" Date="1706707434678" Name="randoop.RandoopTest0:test93">
<CovList>
<CovPrefix CovItemPrefix="counter_esempio.Counter.java">
<Cov CovItemId="B1" Value="1"/>
<Cov CovItemId="B2" Value="11"/>
<Cov CovItemId="S1" Value="1"/>
<Cov CovItemId="S2" Value="5"/>
<Cov CovItemId="S3" Value="12"/>
<Cov CovItemId="S4" Value="1"/>
<Cov CovItemId="S5" Value="11"/>
</CovPrefix>
</CovList>
<AssgnmntList>
<AssgnmntPrefix RootTermCovItemPrefix="counter_esempio.Counter.java">
<AssgnmntListEntry Length="2" RootTermCovItemId="C1">
<MapEntry BoolAssgnmnt="00" Value="11"/>
<MapEntry BoolAssgnmnt="01" Value="1"/>
</AssgnmntListEntry>
</AssgnmntPrefix>
</AssgnmntList>
<ObjMetaDataList/>
<MetaDataList/>
</TestCase>
<TestCase Comment="" Date="1706707434678" Name="randoop.RandoopTest0:test94">
<CovList>
<CovPrefix CovItemPrefix="counter_esempio.Counter.java">
<Cov CovItemId="B1" Value="1"/>
<Cov CovItemId="B2" Value="9"/>
<Cov CovItemId="S1" Value="1"/>
<Cov CovItemId="S2" Value="4"/>
<Cov CovItemId="S3" Value="10"/>
<Cov CovItemId="S4" Value="1"/>
<Cov CovItemId="S5" Value="9"/>
</CovPrefix>
</CovList>
<AssgnmntList>
<AssgnmntPrefix RootTermCovItemPrefix="counter_esempio.Counter.java">
<AssgnmntListEntry Length="2" RootTermCovItemId="C1">
<MapEntry BoolAssgnmnt="00" Value="9"/>
<MapEntry BoolAssgnmnt="01" Value="1"/>
</AssgnmntListEntry>
</AssgnmntPrefix>
</AssgnmntList>
<ObjMetaDataList/>
<MetaDataList/>
</TestCase>
<TestCase Comment="" Date="1706707434678" Name="randoop.RandoopTest0:test95">
<CovList>
<CovPrefix CovItemPrefix="counter_esempio.Counter.java">
<Cov CovItemId="B1" Value="1"/>
<Cov CovItemId="B2" Value="9"/>
<Cov CovItemId="S1" Value="1"/>
<Cov CovItemId="S2" Value="9"/>
<Cov CovItemId="S3" Value="10"/>
<Cov CovItemId="S4" Value="1"/>
<Cov CovItemId="S5" Value="9"/>
</CovPrefix>
</CovList>
<AssgnmntList>
<AssgnmntPrefix RootTermCovItemPrefix="counter_esempio.Counter.java">
<AssgnmntListEntry Length="2" RootTermCovItemId="C1">
<MapEntry BoolAssgnmnt="00" Value="9"/>
<MapEntry BoolAssgnmnt="01" Value="1"/>
</AssgnmntListEntry>
</AssgnmntPrefix>
</AssgnmntList>
<ObjMetaDataList/>
<MetaDataList/>
</TestCase>
<TestCase Comment="" Date="1706707434678" Name="randoop.RandoopTest0:test96">
<CovList>
<CovPrefix CovItemPrefix="counter_esempio.Counter.java">
<Cov CovItemId="B1" Value="1"/>
<Cov CovItemId="B2" Value="7"/>
<Cov CovItemId="S1" Value="1"/>
<Cov CovItemId="S2" Value="4"/>
<Cov CovItemId="S3" Value="8"/>
<Cov CovItemId="S4" Value="1"/>
<Cov CovItemId="S5" Value="7"/>
</CovPrefix>
</CovList>
<AssgnmntList>
<AssgnmntPrefix RootTermCovItemPrefix="counter_esempio.Counter.java">
<AssgnmntListEntry Length="2" RootTermCovItemId="C1">
<MapEntry BoolAssgnmnt="00" Value="7"/>
<MapEntry BoolAssgnmnt="01" Value="1"/>
</AssgnmntListEntry>
</AssgnmntPrefix>
</AssgnmntList>
<ObjMetaDataList/>
<MetaDataList/>
</TestCase>
<TestCase Comment="" Date="1706707434678" Name="randoop.RandoopTest0:test97">
<CovList>
<CovPrefix CovItemPrefix="counter_esempio.Counter.java">
<Cov CovItemId="B1" Value="1"/>
<Cov CovItemId="B2" Value="9"/>
<Cov CovItemId="S1" Value="1"/>
<Cov CovItemId="S2" Value="6"/>
<Cov CovItemId="S3" Value="10"/>
<Cov CovItemId="S4" Value="1"/>
<Cov CovItemId="S5" Value="9"/>
</CovPrefix>
</CovList>
<AssgnmntList>
<AssgnmntPrefix RootTermCovItemPrefix="counter_esempio.Counter.java">
<AssgnmntListEntry Length="2" RootTermCovItemId="C1">
<MapEntry BoolAssgnmnt="00" Value="9"/>
<MapEntry BoolAssgnmnt="01" Value="1"/>
</AssgnmntListEntry>
</AssgnmntPrefix>
</AssgnmntList>
<ObjMetaDataList/>
<MetaDataList/>
</TestCase>
<TestCase Comment="" Date="1706707434678" Name="randoop.RandoopTest0:test98">
<CovList>
<CovPrefix CovItemPrefix="counter_esempio.Counter.java">
<Cov CovItemId="B1" Value="1"/>
<Cov CovItemId="B2" Value="8"/>
<Cov CovItemId="S1" Value="1"/>
<Cov CovItemId="S2" Value="9"/>
<Cov CovItemId="S3" Value="9"/>
<Cov CovItemId="S4" Value="1"/>
<Cov CovItemId="S5" Value="8"/>
</CovPrefix>
</CovList>
<AssgnmntList>
<AssgnmntPrefix RootTermCovItemPrefix="counter_esempio.Counter.java">
<AssgnmntListEntry Length="2" RootTermCovItemId="C1">
<MapEntry BoolAssgnmnt="00" Value="8"/>
<MapEntry BoolAssgnmnt="01" Value="1"/>
</AssgnmntListEntry>
</AssgnmntPrefix>
</AssgnmntList>
<ObjMetaDataList/>
<MetaDataList/>
</TestCase>
<TestCase Comment="" Date="1706707434678" Name="randoop.RandoopTest0:test99">
<CovList>
<CovPrefix CovItemPrefix="counter_esempio.Counter.java">
<Cov CovItemId="B1" Value="1"/>
<Cov CovItemId="B2" Value="7"/>
<Cov CovItemId="S1" Value="1"/>
<Cov CovItemId="S2" Value="8"/>
<Cov CovItemId="S3" Value="8"/>
<Cov CovItemId="S4" Value="1"/>
<Cov CovItemId="S5" Value="7"/>
</CovPrefix>
</CovList>
<AssgnmntList>
<AssgnmntPrefix RootTermCovItemPrefix="counter_esempio.Counter.java">
<AssgnmntListEntry Length="2" RootTermCovItemId="C1">
<MapEntry BoolAssgnmnt="00" Value="7"/>
<MapEntry BoolAssgnmnt="01" Value="1"/>
</AssgnmntListEntry>
</AssgnmntPrefix>
</AssgnmntList>
<ObjMetaDataList/>
<MetaDataList/>
</TestCase>
<TestCase Comment="" Date="1706707434678" Name="randoop.RandoopTest0:test1">
<CovList>
<CovPrefix CovItemPrefix="counter_esempio.Counter.java">
<Cov CovItemId="B1" Value="1"/>
<Cov CovItemId="B2" Value="6"/>
<Cov CovItemId="S1" Value="1"/>
<Cov CovItemId="S2" Value="3"/>
<Cov CovItemId="S3" Value="7"/>
<Cov CovItemId="S4" Value="1"/>
<Cov CovItemId="S5" Value="6"/>
</CovPrefix>
</CovList>
<AssgnmntList>
<AssgnmntPrefix RootTermCovItemPrefix="counter_esempio.Counter.java">
<AssgnmntListEntry Length="2" RootTermCovItemId="C1">
<MapEntry BoolAssgnmnt="00" Value="6"/>
<MapEntry BoolAssgnmnt="01" Value="1"/>
</AssgnmntListEntry>
</AssgnmntPrefix>
</AssgnmntList>
<ObjMetaDataList/>
<MetaDataList/>
</TestCase>
<TestCase Comment="" Date="1706707434678" Name="randoop.RandoopTest0:test2">
<CovList>
<CovPrefix CovItemPrefix="counter_esempio.Counter.java">
<Cov CovItemId="B1" Value="1"/>
<Cov CovItemId="B2" Value="3"/>
<Cov CovItemId="S1" Value="1"/>
<Cov CovItemId="S2" Value="4"/>
<Cov CovItemId="S3" Value="4"/>
<Cov CovItemId="S4" Value="1"/>
<Cov CovItemId="S5" Value="3"/>
</CovPrefix>
</CovList>
<AssgnmntList>
<AssgnmntPrefix RootTermCovItemPrefix="counter_esempio.Counter.java">
<AssgnmntListEntry Length="2" RootTermCovItemId="C1">
<MapEntry BoolAssgnmnt="00" Value="3"/>
<MapEntry BoolAssgnmnt="01" Value="1"/>
</AssgnmntListEntry>
</AssgnmntPrefix>
</AssgnmntList>
<ObjMetaDataList/>
<MetaDataList/>
</TestCase>
<TestCase Comment="" Date="1706707434678" Name="randoop.RandoopTest0:test3">
<CovList>
<CovPrefix CovItemPrefix="counter_esempio.Counter.java">
<Cov CovItemId="B1" Value="1"/>
<Cov CovItemId="B2" Value="4"/>
<Cov CovItemId="S1" Value="1"/>
<Cov CovItemId="S2" Value="2"/>
<Cov CovItemId="S3" Value="5"/>
<Cov CovItemId="S4" Value="1"/>
<Cov CovItemId="S5" Value="4"/>
</CovPrefix>
</CovList>
<AssgnmntList>
<AssgnmntPrefix RootTermCovItemPrefix="counter_esempio.Counter.java">
<AssgnmntListEntry Length="2" RootTermCovItemId="C1">
<MapEntry BoolAssgnmnt="00" Value="4"/>
<MapEntry BoolAssgnmnt="01" Value="1"/>
</AssgnmntListEntry>
</AssgnmntPrefix>
</AssgnmntList>
<ObjMetaDataList/>
<MetaDataList/>
</TestCase>
<TestCase Comment="" Date="1706707434678" Name="randoop.RandoopTest0:test4">
<CovList>
<CovPrefix CovItemPrefix="counter_esempio.Counter.java">
<Cov CovItemId="B1" Value="1"/>
<Cov CovItemId="B2" Value="5"/>
<Cov CovItemId="S1" Value="1"/>
<Cov CovItemId="S2" Value="5"/>
<Cov CovItemId="S3" Value="6"/>
<Cov CovItemId="S4" Value="1"/>
<Cov CovItemId="S5" Value="5"/>
</CovPrefix>
</CovList>
<AssgnmntList>
<AssgnmntPrefix RootTermCovItemPrefix="counter_esempio.Counter.java">
<AssgnmntListEntry Length="2" RootTermCovItemId="C1">
<MapEntry BoolAssgnmnt="00" Value="5"/>
<MapEntry BoolAssgnmnt="01" Value="1"/>
</AssgnmntListEntry>
</AssgnmntPrefix>
</AssgnmntList>
<ObjMetaDataList/>
<MetaDataList/>
</TestCase>
<TestCase Comment="" Date="1706707434678" Name="randoop.RandoopTest0:test5">
<CovList>
<CovPrefix CovItemPrefix="counter_esempio.Counter.java">
<Cov CovItemId="B1" Value="1"/>
<Cov CovItemId="B2" Value="4"/>
<Cov CovItemId="S1" Value="1"/>
<Cov CovItemId="S2" Value="6"/>
<Cov CovItemId="S3" Value="5"/>
<Cov CovItemId="S4" Value="1"/>
<Cov CovItemId="S5" Value="4"/>
</CovPrefix>
</CovList>
<AssgnmntList>
<AssgnmntPrefix RootTermCovItemPrefix="counter_esempio.Counter.java">
<AssgnmntListEntry Length="2" RootTermCovItemId="C1">
<MapEntry BoolAssgnmnt="00" Value="4"/>
<MapEntry BoolAssgnmnt="01" Value="1"/>
</AssgnmntListEntry>
</AssgnmntPrefix>
</AssgnmntList>
<ObjMetaDataList/>
<MetaDataList/>
</TestCase>
<TestCase Comment="" Date="1706707434678" Name="randoop.RandoopTest0:test6">
<CovList>
<CovPrefix CovItemPrefix="counter_esempio.Counter.java">
<Cov CovItemId="B1" Value="1"/>
<Cov CovItemId="B2" Value="4"/>
<Cov CovItemId="S1" Value="1"/>
<Cov CovItemId="S2" Value="6"/>
<Cov CovItemId="S3" Value="5"/>
<Cov CovItemId="S4" Value="1"/>
<Cov CovItemId="S5" Value="4"/>
</CovPrefix>
</CovList>
<AssgnmntList>
<AssgnmntPrefix RootTermCovItemPrefix="counter_esempio.Counter.java">
<AssgnmntListEntry Length="2" RootTermCovItemId="C1">
<MapEntry BoolAssgnmnt="00" Value="4"/>
<MapEntry BoolAssgnmnt="01" Value="1"/>
</AssgnmntListEntry>
</AssgnmntPrefix>
</AssgnmntList>
<ObjMetaDataList/>
<MetaDataList/>
</TestCase>
<TestCase Comment="" Date="1706707434678" Name="randoop.RandoopTest0:test7">
<CovList>
<CovPrefix CovItemPrefix="counter_esempio.Counter.java">
<Cov CovItemId="B1" Value="1"/>
<Cov CovItemId="B2" Value="3"/>
<Cov CovItemId="S1" Value="1"/>
<Cov CovItemId="S2" Value="6"/>
<Cov CovItemId="S3" Value="4"/>
<Cov CovItemId="S4" Value="1"/>
<Cov CovItemId="S5" Value="3"/>
</CovPrefix>
</CovList>
<AssgnmntList>
<AssgnmntPrefix RootTermCovItemPrefix="counter_esempio.Counter.java">
<AssgnmntListEntry Length="2" RootTermCovItemId="C1">
<MapEntry BoolAssgnmnt="00" Value="3"/>
<MapEntry BoolAssgnmnt="01" Value="1"/>
</AssgnmntListEntry>
</AssgnmntPrefix>
</AssgnmntList>
<ObjMetaDataList/>
<MetaDataList/>
</TestCase>
<TestCase Comment="" Date="1706707434678" Name="randoop.RandoopTest0:test8">
<CovList>
<CovPrefix CovItemPrefix="counter_esempio.Counter.java">
<Cov CovItemId="B1" Value="1"/>
<Cov CovItemId="B2" Value="6"/>
<Cov CovItemId="S1" Value="1"/>
<Cov CovItemId="S2" Value="1"/>
<Cov CovItemId="S3" Value="7"/>
<Cov CovItemId="S4" Value="1"/>
<Cov CovItemId="S5" Value="6"/>
</CovPrefix>
</CovList>
<AssgnmntList>
<AssgnmntPrefix RootTermCovItemPrefix="counter_esempio.Counter.java">
<AssgnmntListEntry Length="2" RootTermCovItemId="C1">
<MapEntry BoolAssgnmnt="00" Value="6"/>
<MapEntry BoolAssgnmnt="01" Value="1"/>
</AssgnmntListEntry>
</AssgnmntPrefix>
</AssgnmntList>
<ObjMetaDataList/>
<MetaDataList/>
</TestCase>
<TestCase Comment="" Date="1706707434678" Name="randoop.RandoopTest0:test9">
<CovList>
<CovPrefix CovItemPrefix="counter_esempio.Counter.java">
<Cov CovItemId="B1" Value="1"/>
<Cov CovItemId="B2" Value="3"/>
<Cov CovItemId="S1" Value="1"/>
<Cov CovItemId="S2" Value="8"/>
<Cov CovItemId="S3" Value="4"/>
<Cov CovItemId="S4" Value="1"/>
<Cov CovItemId="S5" Value="3"/>
</CovPrefix>
</CovList>
<AssgnmntList>
<AssgnmntPrefix RootTermCovItemPrefix="counter_esempio.Counter.java">
<AssgnmntListEntry Length="2" RootTermCovItemId="C1">
<MapEntry BoolAssgnmnt="00" Value="3"/>
<MapEntry BoolAssgnmnt="01" Value="1"/>
</AssgnmntListEntry>
</AssgnmntPrefix>
</AssgnmntList>
<ObjMetaDataList/>
<MetaDataList/>
</TestCase>
<TestCase Comment="" Date="1706707434678" Name="randoop.RandoopTest1:test100">
<CovList>
<CovPrefix CovItemPrefix="counter_esempio.Counter.java">
<Cov CovItemId="B1" Value="1"/>
<Cov CovItemId="B2" Value="7"/>
<Cov CovItemId="S1" Value="1"/>
<Cov CovItemId="S2" Value="5"/>
<Cov CovItemId="S3" Value="8"/>
<Cov CovItemId="S4" Value="1"/>
<Cov CovItemId="S5" Value="7"/>
</CovPrefix>
</CovList>
<AssgnmntList>
<AssgnmntPrefix RootTermCovItemPrefix="counter_esempio.Counter.java">
<AssgnmntListEntry Length="2" RootTermCovItemId="C1">
<MapEntry BoolAssgnmnt="00" Value="7"/>
<MapEntry BoolAssgnmnt="01" Value="1"/>
</AssgnmntListEntry>
</AssgnmntPrefix>
</AssgnmntList>
<ObjMetaDataList/>
<MetaDataList/>
</TestCase>
<TestCase Comment="" Date="1706707434678" Name="randoop.RandoopTest1:test101">
<CovList>
<CovPrefix CovItemPrefix="counter_esempio.Counter.java">
<Cov CovItemId="B1" Value="1"/>
<Cov CovItemId="B2" Value="6"/>
<Cov CovItemId="S1" Value="1"/>
<Cov CovItemId="S2" Value="11"/>
<Cov CovItemId="S3" Value="7"/>
<Cov CovItemId="S4" Value="1"/>
<Cov CovItemId="S5" Value="6"/>
</CovPrefix>
</CovList>
<AssgnmntList>
<AssgnmntPrefix RootTermCovItemPrefix="counter_esempio.Counter.java">
<AssgnmntListEntry Length="2" RootTermCovItemId="C1">
<MapEntry BoolAssgnmnt="00" Value="6"/>
<MapEntry BoolAssgnmnt="01" Value="1"/>
</AssgnmntListEntry>
</AssgnmntPrefix>
</AssgnmntList>
<ObjMetaDataList/>
<MetaDataList/>
</TestCase>
<TestCase Comment="" Date="1706707434678" Name="randoop.RandoopTest1:test102">
<CovList>
<CovPrefix CovItemPrefix="counter_esempio.Counter.java">
<Cov CovItemId="B1" Value="1"/>
<Cov CovItemId="B2" Value="10"/>
<Cov CovItemId="S1" Value="1"/>
<Cov CovItemId="S2" Value="6"/>
<Cov CovItemId="S3" Value="11"/>
<Cov CovItemId="S4" Value="1"/>
<Cov CovItemId="S5" Value="10"/>
</CovPrefix>
</CovList>
<AssgnmntList>
<AssgnmntPrefix RootTermCovItemPrefix="counter_esempio.Counter.java">
<AssgnmntListEntry Length="2" RootTermCovItemId="C1">
<MapEntry BoolAssgnmnt="00" Value="10"/>
<MapEntry BoolAssgnmnt="01" Value="1"/>
</AssgnmntListEntry>
</AssgnmntPrefix>
</AssgnmntList>
<ObjMetaDataList/>
<MetaDataList/>
</TestCase>
<TestCase Comment="" Date="1706707434678" Name="randoop.RandoopTest1:test103">
<CovList>
<CovPrefix CovItemPrefix="counter_esempio.Counter.java">
<Cov CovItemId="B1" Value="1"/>
<Cov CovItemId="B2" Value="6"/>
<Cov CovItemId="S1" Value="1"/>
<Cov CovItemId="S2" Value="9"/>
<Cov CovItemId="S3" Value="7"/>
<Cov CovItemId="S4" Value="1"/>
<Cov CovItemId="S5" Value="6"/>
</CovPrefix>
</CovList>
<AssgnmntList>
<AssgnmntPrefix RootTermCovItemPrefix="counter_esempio.Counter.java">
<AssgnmntListEntry Length="2" RootTermCovItemId="C1">
<MapEntry BoolAssgnmnt="00" Value="6"/>
<MapEntry BoolAssgnmnt="01" Value="1"/>
</AssgnmntListEntry>
</AssgnmntPrefix>
</AssgnmntList>
<ObjMetaDataList/>
<MetaDataList/>
</TestCase>
<TestCase Comment="" Date="1706707434678" Name="randoop.RandoopTest1:test104">
<CovList>
<CovPrefix CovItemPrefix="counter_esempio.Counter.java">
<Cov CovItemId="B1" Value="1"/>
<Cov CovItemId="B2" Value="9"/>
<Cov CovItemId="S1" Value="1"/>
<Cov CovItemId="S2" Value="4"/>
<Cov CovItemId="S3" Value="10"/>
<Cov CovItemId="S4" Value="1"/>
<Cov CovItemId="S5" Value="9"/>
</CovPrefix>
</CovList>
<AssgnmntList>
<AssgnmntPrefix RootTermCovItemPrefix="counter_esempio.Counter.java">
<AssgnmntListEntry Length="2" RootTermCovItemId="C1">
<MapEntry BoolAssgnmnt="00" Value="9"/>
<MapEntry BoolAssgnmnt="01" Value="1"/>
</AssgnmntListEntry>
</AssgnmntPrefix>
</AssgnmntList>
<ObjMetaDataList/>
<MetaDataList/>
</TestCase>
<TestCase Comment="" Date="1706707434678" Name="randoop.RandoopTest1:test105">
<CovList>
<CovPrefix CovItemPrefix="counter_esempio.Counter.java">
<Cov CovItemId="B1" Value="1"/>
<Cov CovItemId="B2" Value="9"/>
<Cov CovItemId="S1" Value="1"/>
<Cov CovItemId="S2" Value="5"/>
<Cov CovItemId="S3" Value="10"/>
<Cov CovItemId="S4" Value="1"/>
<Cov CovItemId="S5" Value="9"/>
</CovPrefix>
</CovList>
<AssgnmntList>
<AssgnmntPrefix RootTermCovItemPrefix="counter_esempio.Counter.java">
<AssgnmntListEntry Length="2" RootTermCovItemId="C1">
<MapEntry BoolAssgnmnt="00" Value="9"/>
<MapEntry BoolAssgnmnt="01" Value="1"/>
</AssgnmntListEntry>
</AssgnmntPrefix>
</AssgnmntList>
<ObjMetaDataList/>
<MetaDataList/>
</TestCase>
<TestCase Comment="" Date="1706707434678" Name="randoop.RandoopTest1:test106">
<CovList>
<CovPrefix CovItemPrefix="counter_esempio.Counter.java">
<Cov CovItemId="B1" Value="1"/>
<Cov CovItemId="B2" Value="4"/>
<Cov CovItemId="S1" Value="1"/>
<Cov CovItemId="S2" Value="10"/>
<Cov CovItemId="S3" Value="5"/>
<Cov CovItemId="S4" Value="1"/>
<Cov CovItemId="S5" Value="4"/>
</CovPrefix>
</CovList>
<AssgnmntList>
<AssgnmntPrefix RootTermCovItemPrefix="counter_esempio.Counter.java">
<AssgnmntListEntry Length="2" RootTermCovItemId="C1">
<MapEntry BoolAssgnmnt="00" Value="4"/>
<MapEntry BoolAssgnmnt="01" Value="1"/>
</AssgnmntListEntry>
</AssgnmntPrefix>
</AssgnmntList>
<ObjMetaDataList/>
<MetaDataList/>
</TestCase>
<TestCase Comment="" Date="1706707434678" Name="randoop.RandoopTest1:test107">
<CovList>
<CovPrefix CovItemPrefix="counter_esempio.Counter.java">
<Cov CovItemId="B1" Value="1"/>
<Cov CovItemId="B2" Value="9"/>
<Cov CovItemId="S1" Value="1"/>
<Cov CovItemId="S2" Value="4"/>
<Cov CovItemId="S3" Value="10"/>
<Cov CovItemId="S4" Value="1"/>
<Cov CovItemId="S5" Value="9"/>
</CovPrefix>
</CovList>
<AssgnmntList>
<AssgnmntPrefix RootTermCovItemPrefix="counter_esempio.Counter.java">
<AssgnmntListEntry Length="2" RootTermCovItemId="C1">
<MapEntry BoolAssgnmnt="00" Value="9"/>
<MapEntry BoolAssgnmnt="01" Value="1"/>
</AssgnmntListEntry>
</AssgnmntPrefix>
</AssgnmntList>
<ObjMetaDataList/>
<MetaDataList/>
</TestCase>
<TestCase Comment="" Date="1706707434678" Name="randoop.RandoopTest1:test108">
<CovList>
<CovPrefix CovItemPrefix="counter_esempio.Counter.java">
<Cov CovItemId="B1" Value="1"/>
<Cov CovItemId="B2" Value="7"/>
<Cov CovItemId="S1" Value="1"/>
<Cov CovItemId="S2" Value="9"/>
<Cov CovItemId="S3" Value="8"/>
<Cov CovItemId="S4" Value="1"/>
<Cov CovItemId="S5" Value="7"/>
</CovPrefix>
</CovList>
<AssgnmntList>
<AssgnmntPrefix RootTermCovItemPrefix="counter_esempio.Counter.java">
<AssgnmntListEntry Length="2" RootTermCovItemId="C1">
<MapEntry BoolAssgnmnt="00" Value="7"/>
<MapEntry BoolAssgnmnt="01" Value="1"/>
</AssgnmntListEntry>
</AssgnmntPrefix>
</AssgnmntList>
<ObjMetaDataList/>
<MetaDataList/>
</TestCase>
<TestCase Comment="" Date="1706707434691" Name="randoop.RandoopTest1:test109">
<CovList>
<CovPrefix CovItemPrefix="counter_esempio.Counter.java">
<Cov CovItemId="B1" Value="1"/>
<Cov CovItemId="B2" Value="9"/>
<Cov CovItemId="S1" Value="1"/>
<Cov CovItemId="S2" Value="10"/>
<Cov CovItemId="S3" Value="10"/>
<Cov CovItemId="S4" Value="1"/>
<Cov CovItemId="S5" Value="9"/>
</CovPrefix>
</CovList>
<AssgnmntList>
<AssgnmntPrefix RootTermCovItemPrefix="counter_esempio.Counter.java">
<AssgnmntListEntry Length="2" RootTermCovItemId="C1">
<MapEntry BoolAssgnmnt="00" Value="9"/>
<MapEntry BoolAssgnmnt="01" Value="1"/>
</AssgnmntListEntry>
</AssgnmntPrefix>
</AssgnmntList>
<ObjMetaDataList/>
<MetaDataList/>
</TestCase>
<TestCase Comment="" Date="1706707434691" Name="randoop.RandoopTest1:test110">
<CovList>
<CovPrefix CovItemPrefix="counter_esempio.Counter.java">
<Cov CovItemId="B1" Value="1"/>
<Cov CovItemId="B2" Value="9"/>
<Cov CovItemId="S1" Value="1"/>
<Cov CovItemId="S2" Value="6"/>
<Cov CovItemId="S3" Value="10"/>
<Cov CovItemId="S4" Value="1"/>
<Cov CovItemId="S5" Value="9"/>
</CovPrefix>
</CovList>
<AssgnmntList>
<AssgnmntPrefix RootTermCovItemPrefix="counter_esempio.Counter.java">
<AssgnmntListEntry Length="2" RootTermCovItemId="C1">
<MapEntry BoolAssgnmnt="00" Value="9"/>
<MapEntry BoolAssgnmnt="01" Value="1"/>
</AssgnmntListEntry>
</AssgnmntPrefix>
</AssgnmntList>
<ObjMetaDataList/>
<MetaDataList/>
</TestCase>
<TestCase Comment="" Date="1706707434691" Name="randoop.RandoopTest1:test111">
<CovList>
<CovPrefix CovItemPrefix="counter_esempio.Counter.java">
<Cov CovItemId="B1" Value="1"/>
<Cov CovItemId="B2" Value="4"/>
<Cov CovItemId="S1" Value="1"/>
<Cov CovItemId="S2" Value="9"/>
<Cov CovItemId="S3" Value="5"/>
<Cov CovItemId="S4" Value="1"/>
<Cov CovItemId="S5" Value="4"/>
</CovPrefix>
</CovList>
<AssgnmntList>
<AssgnmntPrefix RootTermCovItemPrefix="counter_esempio.Counter.java">
<AssgnmntListEntry Length="2" RootTermCovItemId="C1">
<MapEntry BoolAssgnmnt="00" Value="4"/>
<MapEntry BoolAssgnmnt="01" Value="1"/>
</AssgnmntListEntry>
</AssgnmntPrefix>
</AssgnmntList>
<ObjMetaDataList/>
<MetaDataList/>
</TestCase>
<TestCase Comment="" Date="1706707434691" Name="randoop.RandoopTest1:test112">
<CovList>
<CovPrefix CovItemPrefix="counter_esempio.Counter.java">
<Cov CovItemId="B1" Value="1"/>
<Cov CovItemId="B2" Value="6"/>
<Cov CovItemId="S1" Value="1"/>
<Cov CovItemId="S2" Value="8"/>
<Cov CovItemId="S3" Value="7"/>
<Cov CovItemId="S4" Value="1"/>
<Cov CovItemId="S5" Value="6"/>
</CovPrefix>
</CovList>
<AssgnmntList>
<AssgnmntPrefix RootTermCovItemPrefix="counter_esempio.Counter.java">
<AssgnmntListEntry Length="2" RootTermCovItemId="C1">
<MapEntry BoolAssgnmnt="00" Value="6"/>
<MapEntry BoolAssgnmnt="01" Value="1"/>
</AssgnmntListEntry>
</AssgnmntPrefix>
</AssgnmntList>
<ObjMetaDataList/>
<MetaDataList/>
</TestCase>
<TestCase Comment="" Date="1706707434691" Name="randoop.RandoopTest1:test113">
<CovList>
<CovPrefix CovItemPrefix="counter_esempio.Counter.java">
<Cov CovItemId="B1" Value="1"/>
<Cov CovItemId="B2" Value="7"/>
<Cov CovItemId="S1" Value="1"/>
<Cov CovItemId="S2" Value="4"/>
<Cov CovItemId="S3" Value="8"/>
<Cov CovItemId="S4" Value="1"/>
<Cov CovItemId="S5" Value="7"/>
</CovPrefix>
</CovList>
<AssgnmntList>
<AssgnmntPrefix RootTermCovItemPrefix="counter_esempio.Counter.java">
<AssgnmntListEntry Length="2" RootTermCovItemId="C1">
<MapEntry BoolAssgnmnt="00" Value="7"/>
<MapEntry BoolAssgnmnt="01" Value="1"/>
</AssgnmntListEntry>
</AssgnmntPrefix>
</AssgnmntList>
<ObjMetaDataList/>
<MetaDataList/>
</TestCase>
<TestCase Comment="" Date="1706707434691" Name="randoop.RandoopTest1:test114">
<CovList>
<CovPrefix CovItemPrefix="counter_esempio.Counter.java">
<Cov CovItemId="B1" Value="1"/>
<Cov CovItemId="B2" Value="3"/>
<Cov CovItemId="S1" Value="1"/>
<Cov CovItemId="S2" Value="10"/>
<Cov CovItemId="S3" Value="4"/>
<Cov CovItemId="S4" Value="1"/>
<Cov CovItemId="S5" Value="3"/>
</CovPrefix>
</CovList>
<AssgnmntList>
<AssgnmntPrefix RootTermCovItemPrefix="counter_esempio.Counter.java">
<AssgnmntListEntry Length="2" RootTermCovItemId="C1">
<MapEntry BoolAssgnmnt="00" Value="3"/>
<MapEntry BoolAssgnmnt="01" Value="1"/>
</AssgnmntListEntry>
</AssgnmntPrefix>
</AssgnmntList>
<ObjMetaDataList/>
<MetaDataList/>
</TestCase>
<TestCase Comment="" Date="1706707434691" Name="randoop.RandoopTest1:test115">
<CovList>
<CovPrefix CovItemPrefix="counter_esempio.Counter.java">
<Cov CovItemId="B1" Value="1"/>
<Cov CovItemId="B2" Value="6"/>
<Cov CovItemId="S1" Value="1"/>
<Cov CovItemId="S2" Value="7"/>
<Cov CovItemId="S3" Value="7"/>
<Cov CovItemId="S4" Value="1"/>
<Cov CovItemId="S5" Value="6"/>
</CovPrefix>
</CovList>
<AssgnmntList>
<AssgnmntPrefix RootTermCovItemPrefix="counter_esempio.Counter.java">
<AssgnmntListEntry Length="2" RootTermCovItemId="C1">
<MapEntry BoolAssgnmnt="00" Value="6"/>
<MapEntry BoolAssgnmnt="01" Value="1"/>
</AssgnmntListEntry>
</AssgnmntPrefix>
</AssgnmntList>
<ObjMetaDataList/>
<MetaDataList/>
</TestCase>
<TestCase Comment="" Date="1706707434691" Name="randoop.RandoopTest1:test116">
<CovList>
<CovPrefix CovItemPrefix="counter_esempio.Counter.java">
<Cov CovItemId="B1" Value="1"/>
<Cov CovItemId="B2" Value="10"/>
<Cov CovItemId="S1" Value="1"/>
<Cov CovItemId="S2" Value="5"/>
<Cov CovItemId="S3" Value="11"/>
<Cov CovItemId="S4" Value="1"/>
<Cov CovItemId="S5" Value="10"/>
</CovPrefix>
</CovList>
<AssgnmntList>
<AssgnmntPrefix RootTermCovItemPrefix="counter_esempio.Counter.java">
<AssgnmntListEntry Length="2" RootTermCovItemId="C1">
<MapEntry BoolAssgnmnt="00" Value="10"/>
<MapEntry BoolAssgnmnt="01" Value="1"/>
</AssgnmntListEntry>
</AssgnmntPrefix>
</AssgnmntList>
<ObjMetaDataList/>
<MetaDataList/>
</TestCase>
<TestCase Comment="" Date="1706707434691" Name="randoop.RandoopTest1:test117">
<CovList>
<CovPrefix CovItemPrefix="counter_esempio.Counter.java">
<Cov CovItemId="B1" Value="1"/>
<Cov CovItemId="B2" Value="6"/>
<Cov CovItemId="S1" Value="1"/>
<Cov CovItemId="S2" Value="7"/>
<Cov CovItemId="S3" Value="7"/>
<Cov CovItemId="S4" Value="1"/>
<Cov CovItemId="S5" Value="6"/>
</CovPrefix>
</CovList>
<AssgnmntList>
<AssgnmntPrefix RootTermCovItemPrefix="counter_esempio.Counter.java">
<AssgnmntListEntry Length="2" RootTermCovItemId="C1">
<MapEntry BoolAssgnmnt="00" Value="6"/>
<MapEntry BoolAssgnmnt="01" Value="1"/>
</AssgnmntListEntry>
</AssgnmntPrefix>
</AssgnmntList>
<ObjMetaDataList/>
<MetaDataList/>
</TestCase>
<TestCase Comment="" Date="1706707434691" Name="randoop.RandoopTest1:test118">
<CovList>
<CovPrefix CovItemPrefix="counter_esempio.Counter.java">
<Cov CovItemId="B1" Value="1"/>
<Cov CovItemId="B2" Value="7"/>
<Cov CovItemId="S1" Value="1"/>
<Cov CovItemId="S2" Value="5"/>
<Cov CovItemId="S3" Value="8"/>
<Cov CovItemId="S4" Value="1"/>
<Cov CovItemId="S5" Value="7"/>
</CovPrefix>
</CovList>
<AssgnmntList>
<AssgnmntPrefix RootTermCovItemPrefix="counter_esempio.Counter.java">
<AssgnmntListEntry Length="2" RootTermCovItemId="C1">
<MapEntry BoolAssgnmnt="00" Value="7"/>
<MapEntry BoolAssgnmnt="01" Value="1"/>
</AssgnmntListEntry>
</AssgnmntPrefix>
</AssgnmntList>
<ObjMetaDataList/>
<MetaDataList/>
</TestCase>
<TestCase Comment="" Date="1706707434691" Name="randoop.RandoopTest1:test119">
<CovList>
<CovPrefix CovItemPrefix="counter_esempio.Counter.java">
<Cov CovItemId="B1" Value="1"/>
<Cov CovItemId="B2" Value="9"/>
<Cov CovItemId="S1" Value="1"/>
<Cov CovItemId="S2" Value="10"/>
<Cov CovItemId="S3" Value="10"/>
<Cov CovItemId="S4" Value="1"/>
<Cov CovItemId="S5" Value="9"/>
</CovPrefix>
</CovList>
<AssgnmntList>
<AssgnmntPrefix RootTermCovItemPrefix="counter_esempio.Counter.java">
<AssgnmntListEntry Length="2" RootTermCovItemId="C1">
<MapEntry BoolAssgnmnt="00" Value="9"/>
<MapEntry BoolAssgnmnt="01" Value="1"/>
</AssgnmntListEntry>
</AssgnmntPrefix>
</AssgnmntList>
<ObjMetaDataList/>
<MetaDataList/>
</TestCase>
<TestCase Comment="" Date="1706707434691" Name="randoop.RandoopTest1:test120">
<CovList>
<CovPrefix CovItemPrefix="counter_esempio.Counter.java">
<Cov CovItemId="B1" Value="1"/>
<Cov CovItemId="B2" Value="3"/>
<Cov CovItemId="S1" Value="1"/>
<Cov CovItemId="S2" Value="12"/>
<Cov CovItemId="S3" Value="4"/>
<Cov CovItemId="S4" Value="1"/>
<Cov CovItemId="S5" Value="3"/>
</CovPrefix>
</CovList>
<AssgnmntList>
<AssgnmntPrefix RootTermCovItemPrefix="counter_esempio.Counter.java">
<AssgnmntListEntry Length="2" RootTermCovItemId="C1">
<MapEntry BoolAssgnmnt="00" Value="3"/>
<MapEntry BoolAssgnmnt="01" Value="1"/>
</AssgnmntListEntry>
</AssgnmntPrefix>
</AssgnmntList>
<ObjMetaDataList/>
<MetaDataList/>
</TestCase>
<TestCase Comment="" Date="1706707434691" Name="randoop.RandoopTest1:test121">
<CovList>
<CovPrefix CovItemPrefix="counter_esempio.Counter.java">
<Cov CovItemId="B1" Value="1"/>
<Cov CovItemId="B2" Value="3"/>
<Cov CovItemId="S1" Value="1"/>
<Cov CovItemId="S2" Value="5"/>
<Cov CovItemId="S3" Value="4"/>
<Cov CovItemId="S4" Value="1"/>
<Cov CovItemId="S5" Value="3"/>
</CovPrefix>
</CovList>
<AssgnmntList>
<AssgnmntPrefix RootTermCovItemPrefix="counter_esempio.Counter.java">
<AssgnmntListEntry Length="2" RootTermCovItemId="C1">
<MapEntry BoolAssgnmnt="00" Value="3"/>
<MapEntry BoolAssgnmnt="01" Value="1"/>
</AssgnmntListEntry>
</AssgnmntPrefix>
</AssgnmntList>
<ObjMetaDataList/>
<MetaDataList/>
</TestCase>
<TestCase Comment="" Date="1706707434691" Name="randoop.RandoopTest1:test122">
<CovList>
<CovPrefix CovItemPrefix="counter_esempio.Counter.java">
<Cov CovItemId="B1" Value="1"/>
<Cov CovItemId="B2" Value="6"/>
<Cov CovItemId="S1" Value="1"/>
<Cov CovItemId="S2" Value="11"/>
<Cov CovItemId="S3" Value="7"/>
<Cov CovItemId="S4" Value="1"/>
<Cov CovItemId="S5" Value="6"/>
</CovPrefix>
</CovList>
<AssgnmntList>
<AssgnmntPrefix RootTermCovItemPrefix="counter_esempio.Counter.java">
<AssgnmntListEntry Length="2" RootTermCovItemId="C1">
<MapEntry BoolAssgnmnt="00" Value="6"/>
<MapEntry BoolAssgnmnt="01" Value="1"/>
</AssgnmntListEntry>
</AssgnmntPrefix>
</AssgnmntList>
<ObjMetaDataList/>
<MetaDataList/>
</TestCase>
<TestCase Comment="" Date="1706707434691" Name="randoop.RandoopTest1:test123">
<CovList>
<CovPrefix CovItemPrefix="counter_esempio.Counter.java">
<Cov CovItemId="B1" Value="1"/>
<Cov CovItemId="B2" Value="8"/>
<Cov CovItemId="S1" Value="1"/>
<Cov CovItemId="S2" Value="6"/>
<Cov CovItemId="S3" Value="9"/>
<Cov CovItemId="S4" Value="1"/>
<Cov CovItemId="S5" Value="8"/>
</CovPrefix>
</CovList>
<AssgnmntList>
<AssgnmntPrefix RootTermCovItemPrefix="counter_esempio.Counter.java">
<AssgnmntListEntry Length="2" RootTermCovItemId="C1">
<MapEntry BoolAssgnmnt="00" Value="8"/>
<MapEntry BoolAssgnmnt="01" Value="1"/>
</AssgnmntListEntry>
</AssgnmntPrefix>
</AssgnmntList>
<ObjMetaDataList/>
<MetaDataList/>
</TestCase>
<TestCase Comment="" Date="1706707434691" Name="randoop.RandoopTest1:test124">
<CovList>
<CovPrefix CovItemPrefix="counter_esempio.Counter.java">
<Cov CovItemId="B1" Value="1"/>
<Cov CovItemId="B2" Value="3"/>
<Cov CovItemId="S1" Value="1"/>
<Cov CovItemId="S2" Value="8"/>
<Cov CovItemId="S3" Value="4"/>
<Cov CovItemId="S4" Value="1"/>
<Cov CovItemId="S5" Value="3"/>
</CovPrefix>
</CovList>
<AssgnmntList>
<AssgnmntPrefix RootTermCovItemPrefix="counter_esempio.Counter.java">
<AssgnmntListEntry Length="2" RootTermCovItemId="C1">
<MapEntry BoolAssgnmnt="00" Value="3"/>
<MapEntry BoolAssgnmnt="01" Value="1"/>
</AssgnmntListEntry>
</AssgnmntPrefix>
</AssgnmntList>
<ObjMetaDataList/>
<MetaDataList/>
</TestCase>
<TestCase Comment="" Date="1706707434691" Name="randoop.RandoopTest1:test125">
<CovList>
<CovPrefix CovItemPrefix="counter_esempio.Counter.java">
<Cov CovItemId="B1" Value="1"/>
<Cov CovItemId="B2" Value="6"/>
<Cov CovItemId="S1" Value="1"/>
<Cov CovItemId="S2" Value="14"/>
<Cov CovItemId="S3" Value="7"/>
<Cov CovItemId="S4" Value="1"/>
<Cov CovItemId="S5" Value="6"/>
</CovPrefix>
</CovList>
<AssgnmntList>
<AssgnmntPrefix RootTermCovItemPrefix="counter_esempio.Counter.java">
<AssgnmntListEntry Length="2" RootTermCovItemId="C1">
<MapEntry BoolAssgnmnt="00" Value="6"/>
<MapEntry BoolAssgnmnt="01" Value="1"/>
</AssgnmntListEntry>
</AssgnmntPrefix>
</AssgnmntList>
<ObjMetaDataList/>
<MetaDataList/>
</TestCase>
<TestCase Comment="" Date="1706707434691" Name="randoop.RandoopTest1:test126">
<CovList>
<CovPrefix CovItemPrefix="counter_esempio.Counter.java">
<Cov CovItemId="B1" Value="1"/>
<Cov CovItemId="B2" Value="3"/>
<Cov CovItemId="S1" Value="1"/>
<Cov CovItemId="S2" Value="5"/>
<Cov CovItemId="S3" Value="4"/>
<Cov CovItemId="S4" Value="1"/>
<Cov CovItemId="S5" Value="3"/>
</CovPrefix>
</CovList>
<AssgnmntList>
<AssgnmntPrefix RootTermCovItemPrefix="counter_esempio.Counter.java">
<AssgnmntListEntry Length="2" RootTermCovItemId="C1">
<MapEntry BoolAssgnmnt="00" Value="3"/>
<MapEntry BoolAssgnmnt="01" Value="1"/>
</AssgnmntListEntry>
</AssgnmntPrefix>
</AssgnmntList>
<ObjMetaDataList/>
<MetaDataList/>
</TestCase>
<TestCase Comment="" Date="1706707434691" Name="randoop.RandoopTest1:test127">
<CovList>
<CovPrefix CovItemPrefix="counter_esempio.Counter.java">
<Cov CovItemId="B1" Value="1"/>
<Cov CovItemId="B2" Value="7"/>
<Cov CovItemId="S1" Value="1"/>
<Cov CovItemId="S2" Value="7"/>
<Cov CovItemId="S3" Value="8"/>
<Cov CovItemId="S4" Value="1"/>
<Cov CovItemId="S5" Value="7"/>
</CovPrefix>
</CovList>
<AssgnmntList>
<AssgnmntPrefix RootTermCovItemPrefix="counter_esempio.Counter.java">
<AssgnmntListEntry Length="2" RootTermCovItemId="C1">
<MapEntry BoolAssgnmnt="00" Value="7"/>
<MapEntry BoolAssgnmnt="01" Value="1"/>
</AssgnmntListEntry>
</AssgnmntPrefix>
</AssgnmntList>
<ObjMetaDataList/>
<MetaDataList/>
</TestCase>
<TestCase Comment="" Date="1706707434691" Name="randoop.RandoopTest1:test128">
<CovList>
<CovPrefix CovItemPrefix="counter_esempio.Counter.java">
<Cov CovItemId="B1" Value="1"/>
<Cov CovItemId="B2" Value="4"/>
<Cov CovItemId="S1" Value="1"/>
<Cov CovItemId="S2" Value="7"/>
<Cov CovItemId="S3" Value="5"/>
<Cov CovItemId="S4" Value="1"/>
<Cov CovItemId="S5" Value="4"/>
</CovPrefix>
</CovList>
<AssgnmntList>
<AssgnmntPrefix RootTermCovItemPrefix="counter_esempio.Counter.java">
<AssgnmntListEntry Length="2" RootTermCovItemId="C1">
<MapEntry BoolAssgnmnt="00" Value="4"/>
<MapEntry BoolAssgnmnt="01" Value="1"/>
</AssgnmntListEntry>
</AssgnmntPrefix>
</AssgnmntList>
<ObjMetaDataList/>
<MetaDataList/>
</TestCase>
<TestCase Comment="" Date="1706707434691" Name="randoop.RandoopTest1:test129">
<CovList>
<CovPrefix CovItemPrefix="counter_esempio.Counter.java">
<Cov CovItemId="B1" Value="1"/>
<Cov CovItemId="B2" Value="8"/>
<Cov CovItemId="S1" Value="1"/>
<Cov CovItemId="S2" Value="4"/>
<Cov CovItemId="S3" Value="9"/>
<Cov CovItemId="S4" Value="1"/>
<Cov CovItemId="S5" Value="8"/>
</CovPrefix>
</CovList>
<AssgnmntList>
<AssgnmntPrefix RootTermCovItemPrefix="counter_esempio.Counter.java">
<AssgnmntListEntry Length="2" RootTermCovItemId="C1">
<MapEntry BoolAssgnmnt="00" Value="8"/>
<MapEntry BoolAssgnmnt="01" Value="1"/>
</AssgnmntListEntry>
</AssgnmntPrefix>
</AssgnmntList>
<ObjMetaDataList/>
<MetaDataList/>
</TestCase>
<TestCase Comment="" Date="1706707434691" Name="randoop.RandoopTest1:test130">
<CovList>
<CovPrefix CovItemPrefix="counter_esempio.Counter.java">
<Cov CovItemId="B1" Value="1"/>
<Cov CovItemId="B2" Value="8"/>
<Cov CovItemId="S1" Value="1"/>
<Cov CovItemId="S2" Value="6"/>
<Cov CovItemId="S3" Value="9"/>
<Cov CovItemId="S4" Value="1"/>
<Cov CovItemId="S5" Value="8"/>
</CovPrefix>
</CovList>
<AssgnmntList>
<AssgnmntPrefix RootTermCovItemPrefix="counter_esempio.Counter.java">
<AssgnmntListEntry Length="2" RootTermCovItemId="C1">
<MapEntry BoolAssgnmnt="00" Value="8"/>
<MapEntry BoolAssgnmnt="01" Value="1"/>
</AssgnmntListEntry>
</AssgnmntPrefix>
</AssgnmntList>
<ObjMetaDataList/>
<MetaDataList/>
</TestCase>
<TestCase Comment="" Date="1706707434691" Name="randoop.RandoopTest1:test131">
<CovList>
<CovPrefix CovItemPrefix="counter_esempio.Counter.java">
<Cov CovItemId="B1" Value="1"/>
<Cov CovItemId="B2" Value="9"/>
<Cov CovItemId="S1" Value="1"/>
<Cov CovItemId="S2" Value="7"/>
<Cov CovItemId="S3" Value="10"/>
<Cov CovItemId="S4" Value="1"/>
<Cov CovItemId="S5" Value="9"/>
</CovPrefix>
</CovList>
<AssgnmntList>
<AssgnmntPrefix RootTermCovItemPrefix="counter_esempio.Counter.java">
<AssgnmntListEntry Length="2" RootTermCovItemId="C1">
<MapEntry BoolAssgnmnt="00" Value="9"/>
<MapEntry BoolAssgnmnt="01" Value="1"/>
</AssgnmntListEntry>
</AssgnmntPrefix>
</AssgnmntList>
<ObjMetaDataList/>
<MetaDataList/>
</TestCase>
<TestCase Comment="" Date="1706707434691" Name="randoop.RandoopTest1:test132">
<CovList>
<CovPrefix CovItemPrefix="counter_esempio.Counter.java">
<Cov CovItemId="B1" Value="1"/>
<Cov CovItemId="B2" Value="13"/>
<Cov CovItemId="S1" Value="1"/>
<Cov CovItemId="S2" Value="5"/>
<Cov CovItemId="S3" Value="14"/>
<Cov CovItemId="S4" Value="1"/>
<Cov CovItemId="S5" Value="13"/>
</CovPrefix>
</CovList>
<AssgnmntList>
<AssgnmntPrefix RootTermCovItemPrefix="counter_esempio.Counter.java">
<AssgnmntListEntry Length="2" RootTermCovItemId="C1">
<MapEntry BoolAssgnmnt="00" Value="13"/>
<MapEntry BoolAssgnmnt="01" Value="1"/>
</AssgnmntListEntry>
</AssgnmntPrefix>
</AssgnmntList>
<ObjMetaDataList/>
<MetaDataList/>
</TestCase>
<TestCase Comment="" Date="1706707434708" Name="randoop.RandoopTest1:test133">
<CovList>
<CovPrefix CovItemPrefix="counter_esempio.Counter.java">
<Cov CovItemId="B1" Value="1"/>
<Cov CovItemId="B2" Value="7"/>
<Cov CovItemId="S1" Value="1"/>
<Cov CovItemId="S2" Value="9"/>
<Cov CovItemId="S3" Value="8"/>
<Cov CovItemId="S4" Value="1"/>
<Cov CovItemId="S5" Value="7"/>
</CovPrefix>
</CovList>
<AssgnmntList>
<AssgnmntPrefix RootTermCovItemPrefix="counter_esempio.Counter.java">
<AssgnmntListEntry Length="2" RootTermCovItemId="C1">
<MapEntry BoolAssgnmnt="00" Value="7"/>
<MapEntry BoolAssgnmnt="01" Value="1"/>
</AssgnmntListEntry>
</AssgnmntPrefix>
</AssgnmntList>
<ObjMetaDataList/>
<MetaDataList/>
</TestCase>
<TestCase Comment="" Date="1706707434708" Name="randoop.RandoopTest1:test134">
<CovList>
<CovPrefix CovItemPrefix="counter_esempio.Counter.java">
<Cov CovItemId="B1" Value="1"/>
<Cov CovItemId="B2" Value="5"/>
<Cov CovItemId="S1" Value="1"/>
<Cov CovItemId="S2" Value="8"/>
<Cov CovItemId="S3" Value="6"/>
<Cov CovItemId="S4" Value="1"/>
<Cov CovItemId="S5" Value="5"/>
</CovPrefix>
</CovList>
<AssgnmntList>
<AssgnmntPrefix RootTermCovItemPrefix="counter_esempio.Counter.java">
<AssgnmntListEntry Length="2" RootTermCovItemId="C1">
<MapEntry BoolAssgnmnt="00" Value="5"/>
<MapEntry BoolAssgnmnt="01" Value="1"/>
</AssgnmntListEntry>
</AssgnmntPrefix>
</AssgnmntList>
<ObjMetaDataList/>
<MetaDataList/>
</TestCase>
<TestCase Comment="" Date="1706707434708" Name="randoop.RandoopTest1:test135">
<CovList>
<CovPrefix CovItemPrefix="counter_esempio.Counter.java">
<Cov CovItemId="B1" Value="1"/>
<Cov CovItemId="B2" Value="8"/>
<Cov CovItemId="S1" Value="1"/>
<Cov CovItemId="S2" Value="4"/>
<Cov CovItemId="S3" Value="9"/>
<Cov CovItemId="S4" Value="1"/>
<Cov CovItemId="S5" Value="8"/>
</CovPrefix>
</CovList>
<AssgnmntList>
<AssgnmntPrefix RootTermCovItemPrefix="counter_esempio.Counter.java">
<AssgnmntListEntry Length="2" RootTermCovItemId="C1">
<MapEntry BoolAssgnmnt="00" Value="8"/>
<MapEntry BoolAssgnmnt="01" Value="1"/>
</AssgnmntListEntry>
</AssgnmntPrefix>
</AssgnmntList>
<ObjMetaDataList/>
<MetaDataList/>
</TestCase>
<TestCase Comment="" Date="1706707434708" Name="randoop.RandoopTest1:test136">
<CovList>
<CovPrefix CovItemPrefix="counter_esempio.Counter.java">
<Cov CovItemId="B1" Value="1"/>
<Cov CovItemId="B2" Value="4"/>
<Cov CovItemId="S1" Value="1"/>
<Cov CovItemId="S2" Value="5"/>
<Cov CovItemId="S3" Value="5"/>
<Cov CovItemId="S4" Value="1"/>
<Cov CovItemId="S5" Value="4"/>
</CovPrefix>
</CovList>
<AssgnmntList>
<AssgnmntPrefix RootTermCovItemPrefix="counter_esempio.Counter.java">
<AssgnmntListEntry Length="2" RootTermCovItemId="C1">
<MapEntry BoolAssgnmnt="00" Value="4"/>
<MapEntry BoolAssgnmnt="01" Value="1"/>
</AssgnmntListEntry>
</AssgnmntPrefix>
</AssgnmntList>
<ObjMetaDataList/>
<MetaDataList/>
</TestCase>
<TestCase Comment="" Date="1706707434708" Name="randoop.RandoopTest1:test137">
<CovList>
<CovPrefix CovItemPrefix="counter_esempio.Counter.java">
<Cov CovItemId="B1" Value="1"/>
<Cov CovItemId="B2" Value="7"/>
<Cov CovItemId="S1" Value="1"/>
<Cov CovItemId="S2" Value="7"/>
<Cov CovItemId="S3" Value="8"/>
<Cov CovItemId="S4" Value="1"/>
<Cov CovItemId="S5" Value="7"/>
</CovPrefix>
</CovList>
<AssgnmntList>
<AssgnmntPrefix RootTermCovItemPrefix="counter_esempio.Counter.java">
<AssgnmntListEntry Length="2" RootTermCovItemId="C1">
<MapEntry BoolAssgnmnt="00" Value="7"/>
<MapEntry BoolAssgnmnt="01" Value="1"/>
</AssgnmntListEntry>
</AssgnmntPrefix>
</AssgnmntList>
<ObjMetaDataList/>
<MetaDataList/>
</TestCase>
<TestCase Comment="" Date="1706707434708" Name="randoop.RandoopTest1:test138">
<CovList>
<CovPrefix CovItemPrefix="counter_esempio.Counter.java">
<Cov CovItemId="B1" Value="1"/>
<Cov CovItemId="B2" Value="9"/>
<Cov CovItemId="S1" Value="1"/>
<Cov CovItemId="S2" Value="9"/>
<Cov CovItemId="S3" Value="10"/>
<Cov CovItemId="S4" Value="1"/>
<Cov CovItemId="S5" Value="9"/>
</CovPrefix>
</CovList>
<AssgnmntList>
<AssgnmntPrefix RootTermCovItemPrefix="counter_esempio.Counter.java">
<AssgnmntListEntry Length="2" RootTermCovItemId="C1">
<MapEntry BoolAssgnmnt="00" Value="9"/>
<MapEntry BoolAssgnmnt="01" Value="1"/>
</AssgnmntListEntry>
</AssgnmntPrefix>
</AssgnmntList>
<ObjMetaDataList/>
<MetaDataList/>
</TestCase>
<TestCase Comment="" Date="1706707434708" Name="randoop.RandoopTest1:test139">
<CovList>
<CovPrefix CovItemPrefix="counter_esempio.Counter.java">
<Cov CovItemId="B1" Value="1"/>
<Cov CovItemId="B2" Value="4"/>
<Cov CovItemId="S1" Value="1"/>
<Cov CovItemId="S2" Value="7"/>
<Cov CovItemId="S3" Value="5"/>
<Cov CovItemId="S4" Value="1"/>
<Cov CovItemId="S5" Value="4"/>
</CovPrefix>
</CovList>
<AssgnmntList>
<AssgnmntPrefix RootTermCovItemPrefix="counter_esempio.Counter.java">
<AssgnmntListEntry Length="2" RootTermCovItemId="C1">
<MapEntry BoolAssgnmnt="00" Value="4"/>
<MapEntry BoolAssgnmnt="01" Value="1"/>
</AssgnmntListEntry>
</AssgnmntPrefix>
</AssgnmntList>
<ObjMetaDataList/>
<MetaDataList/>
</TestCase>
<TestCase Comment="" Date="1706707434708" Name="randoop.RandoopTest1:test140">
<CovList>
<CovPrefix CovItemPrefix="counter_esempio.Counter.java">
<Cov CovItemId="B1" Value="1"/>
<Cov CovItemId="B2" Value="6"/>
<Cov CovItemId="S1" Value="1"/>
<Cov CovItemId="S2" Value="10"/>
<Cov CovItemId="S3" Value="7"/>
<Cov CovItemId="S4" Value="1"/>
<Cov CovItemId="S5" Value="6"/>
</CovPrefix>
</CovList>
<AssgnmntList>
<AssgnmntPrefix RootTermCovItemPrefix="counter_esempio.Counter.java">
<AssgnmntListEntry Length="2" RootTermCovItemId="C1">
<MapEntry BoolAssgnmnt="00" Value="6"/>
<MapEntry BoolAssgnmnt="01" Value="1"/>
</AssgnmntListEntry>
</AssgnmntPrefix>
</AssgnmntList>
<ObjMetaDataList/>
<MetaDataList/>
</TestCase>
<TestCase Comment="" Date="1706707434708" Name="randoop.RandoopTest1:test141">
<CovList>
<CovPrefix CovItemPrefix="counter_esempio.Counter.java">
<Cov CovItemId="B1" Value="1"/>
<Cov CovItemId="B2" Value="8"/>
<Cov CovItemId="S1" Value="1"/>
<Cov CovItemId="S2" Value="11"/>
<Cov CovItemId="S3" Value="9"/>
<Cov CovItemId="S4" Value="1"/>
<Cov CovItemId="S5" Value="8"/>
</CovPrefix>
</CovList>
<AssgnmntList>
<AssgnmntPrefix RootTermCovItemPrefix="counter_esempio.Counter.java">
<AssgnmntListEntry Length="2" RootTermCovItemId="C1">
<MapEntry BoolAssgnmnt="00" Value="8"/>
<MapEntry BoolAssgnmnt="01" Value="1"/>
</AssgnmntListEntry>
</AssgnmntPrefix>
</AssgnmntList>
<ObjMetaDataList/>
<MetaDataList/>
</TestCase>
<TestCase Comment="" Date="1706707434708" Name="randoop.RandoopTest1:test142">
<CovList>
<CovPrefix CovItemPrefix="counter_esempio.Counter.java">
<Cov CovItemId="B1" Value="1"/>
<Cov CovItemId="B2" Value="3"/>
<Cov CovItemId="S1" Value="1"/>
<Cov CovItemId="S2" Value="5"/>
<Cov CovItemId="S3" Value="4"/>
<Cov CovItemId="S4" Value="1"/>
<Cov CovItemId="S5" Value="3"/>
</CovPrefix>
</CovList>
<AssgnmntList>
<AssgnmntPrefix RootTermCovItemPrefix="counter_esempio.Counter.java">
<AssgnmntListEntry Length="2" RootTermCovItemId="C1">
<MapEntry BoolAssgnmnt="00" Value="3"/>
<MapEntry BoolAssgnmnt="01" Value="1"/>
</AssgnmntListEntry>
</AssgnmntPrefix>
</AssgnmntList>
<ObjMetaDataList/>
<MetaDataList/>
</TestCase>
<TestCase Comment="" Date="1706707434708" Name="randoop.RandoopTest1:test143">
<CovList>
<CovPrefix CovItemPrefix="counter_esempio.Counter.java">
<Cov CovItemId="B1" Value="1"/>
<Cov CovItemId="B2" Value="7"/>
<Cov CovItemId="S1" Value="1"/>
<Cov CovItemId="S2" Value="6"/>
<Cov CovItemId="S3" Value="8"/>
<Cov CovItemId="S4" Value="1"/>
<Cov CovItemId="S5" Value="7"/>
</CovPrefix>
</CovList>
<AssgnmntList>
<AssgnmntPrefix RootTermCovItemPrefix="counter_esempio.Counter.java">
<AssgnmntListEntry Length="2" RootTermCovItemId="C1">
<MapEntry BoolAssgnmnt="00" Value="7"/>
<MapEntry BoolAssgnmnt="01" Value="1"/>
</AssgnmntListEntry>
</AssgnmntPrefix>
</AssgnmntList>
<ObjMetaDataList/>
<MetaDataList/>
</TestCase>
<TestCase Comment="" Date="1706707434708" Name="randoop.RandoopTest1:test144">
<CovList>
<CovPrefix CovItemPrefix="counter_esempio.Counter.java">
<Cov CovItemId="B1" Value="1"/>
<Cov CovItemId="B2" Value="10"/>
<Cov CovItemId="S1" Value="1"/>
<Cov CovItemId="S2" Value="4"/>
<Cov CovItemId="S3" Value="11"/>
<Cov CovItemId="S4" Value="1"/>
<Cov CovItemId="S5" Value="10"/>
</CovPrefix>
</CovList>
<AssgnmntList>
<AssgnmntPrefix RootTermCovItemPrefix="counter_esempio.Counter.java">
<AssgnmntListEntry Length="2" RootTermCovItemId="C1">
<MapEntry BoolAssgnmnt="00" Value="10"/>
<MapEntry BoolAssgnmnt="01" Value="1"/>
</AssgnmntListEntry>
</AssgnmntPrefix>
</AssgnmntList>
<ObjMetaDataList/>
<MetaDataList/>
</TestCase>
<TestCase Comment="" Date="1706707434708" Name="randoop.RandoopTest1:test145">
<CovList>
<CovPrefix CovItemPrefix="counter_esempio.Counter.java">
<Cov CovItemId="B1" Value="1"/>
<Cov CovItemId="B2" Value="5"/>
<Cov CovItemId="S1" Value="1"/>
<Cov CovItemId="S2" Value="6"/>
<Cov CovItemId="S3" Value="6"/>
<Cov CovItemId="S4" Value="1"/>
<Cov CovItemId="S5" Value="5"/>
</CovPrefix>
</CovList>
<AssgnmntList>
<AssgnmntPrefix RootTermCovItemPrefix="counter_esempio.Counter.java">
<AssgnmntListEntry Length="2" RootTermCovItemId="C1">
<MapEntry BoolAssgnmnt="00" Value="5"/>
<MapEntry BoolAssgnmnt="01" Value="1"/>
</AssgnmntListEntry>
</AssgnmntPrefix>
</AssgnmntList>
<ObjMetaDataList/>
<MetaDataList/>
</TestCase>
<TestCase Comment="" Date="1706707434708" Name="randoop.RandoopTest1:test146">
<CovList>
<CovPrefix CovItemPrefix="counter_esempio.Counter.java">
<Cov CovItemId="B1" Value="1"/>
<Cov CovItemId="B2" Value="8"/>
<Cov CovItemId="S1" Value="1"/>
<Cov CovItemId="S2" Value="13"/>
<Cov CovItemId="S3" Value="9"/>
<Cov CovItemId="S4" Value="1"/>
<Cov CovItemId="S5" Value="8"/>
</CovPrefix>
</CovList>
<AssgnmntList>
<AssgnmntPrefix RootTermCovItemPrefix="counter_esempio.Counter.java">
<AssgnmntListEntry Length="2" RootTermCovItemId="C1">
<MapEntry BoolAssgnmnt="00" Value="8"/>
<MapEntry BoolAssgnmnt="01" Value="1"/>
</AssgnmntListEntry>
</AssgnmntPrefix>
</AssgnmntList>
<ObjMetaDataList/>
<MetaDataList/>
</TestCase>
<TestCase Comment="" Date="1706707434708" Name="randoop.RandoopTest1:test147">
<CovList>
<CovPrefix CovItemPrefix="counter_esempio.Counter.java">
<Cov CovItemId="B1" Value="1"/>
<Cov CovItemId="B2" Value="5"/>
<Cov CovItemId="S1" Value="1"/>
<Cov CovItemId="S2" Value="7"/>
<Cov CovItemId="S3" Value="6"/>
<Cov CovItemId="S4" Value="1"/>
<Cov CovItemId="S5" Value="5"/>
</CovPrefix>
</CovList>
<AssgnmntList>
<AssgnmntPrefix RootTermCovItemPrefix="counter_esempio.Counter.java">
<AssgnmntListEntry Length="2" RootTermCovItemId="C1">
<MapEntry BoolAssgnmnt="00" Value="5"/>
<MapEntry BoolAssgnmnt="01" Value="1"/>
</AssgnmntListEntry>
</AssgnmntPrefix>
</AssgnmntList>
<ObjMetaDataList/>
<MetaDataList/>
</TestCase>
<TestCase Comment="" Date="1706707434708" Name="randoop.RandoopTest1:test148">
<CovList>
<CovPrefix CovItemPrefix="counter_esempio.Counter.java">
<Cov CovItemId="B1" Value="1"/>
<Cov CovItemId="B2" Value="4"/>
<Cov CovItemId="S1" Value="1"/>
<Cov CovItemId="S2" Value="6"/>
<Cov CovItemId="S3" Value="5"/>
<Cov CovItemId="S4" Value="1"/>
<Cov CovItemId="S5" Value="4"/>
</CovPrefix>
</CovList>
<AssgnmntList>
<AssgnmntPrefix RootTermCovItemPrefix="counter_esempio.Counter.java">
<AssgnmntListEntry Length="2" RootTermCovItemId="C1">
<MapEntry BoolAssgnmnt="00" Value="4"/>
<MapEntry BoolAssgnmnt="01" Value="1"/>
</AssgnmntListEntry>
</AssgnmntPrefix>
</AssgnmntList>
<ObjMetaDataList/>
<MetaDataList/>
</TestCase>
<TestCase Comment="" Date="1706707434708" Name="randoop.RandoopTest1:test149">
<CovList>
<CovPrefix CovItemPrefix="counter_esempio.Counter.java">
<Cov CovItemId="B1" Value="1"/>
<Cov CovItemId="B2" Value="7"/>
<Cov CovItemId="S1" Value="1"/>
<Cov CovItemId="S2" Value="8"/>
<Cov CovItemId="S3" Value="8"/>
<Cov CovItemId="S4" Value="1"/>
<Cov CovItemId="S5" Value="7"/>
</CovPrefix>
</CovList>
<AssgnmntList>
<AssgnmntPrefix RootTermCovItemPrefix="counter_esempio.Counter.java">
<AssgnmntListEntry Length="2" RootTermCovItemId="C1">
<MapEntry BoolAssgnmnt="00" Value="7"/>
<MapEntry BoolAssgnmnt="01" Value="1"/>
</AssgnmntListEntry>
</AssgnmntPrefix>
</AssgnmntList>
<ObjMetaDataList/>
<MetaDataList/>
</TestCase>
<TestCase Comment="" Date="1706707434708" Name="randoop.RandoopTest1:test150">
<CovList>
<CovPrefix CovItemPrefix="counter_esempio.Counter.java">
<Cov CovItemId="B1" Value="1"/>
<Cov CovItemId="B2" Value="3"/>
<Cov CovItemId="S1" Value="1"/>
<Cov CovItemId="S2" Value="4"/>
<Cov CovItemId="S3" Value="4"/>
<Cov CovItemId="S4" Value="1"/>
<Cov CovItemId="S5" Value="3"/>
</CovPrefix>
</CovList>
<AssgnmntList>
<AssgnmntPrefix RootTermCovItemPrefix="counter_esempio.Counter.java">
<AssgnmntListEntry Length="2" RootTermCovItemId="C1">
<MapEntry BoolAssgnmnt="00" Value="3"/>
<MapEntry BoolAssgnmnt="01" Value="1"/>
</AssgnmntListEntry>
</AssgnmntPrefix>
</AssgnmntList>
<ObjMetaDataList/>
<MetaDataList/>
</TestCase>
<TestCase Comment="" Date="1706707434708" Name="randoop.RandoopTest1:test151">
<CovList>
<CovPrefix CovItemPrefix="counter_esempio.Counter.java">
<Cov CovItemId="B1" Value="1"/>
<Cov CovItemId="B2" Value="12"/>
<Cov CovItemId="S1" Value="1"/>
<Cov CovItemId="S2" Value="7"/>
<Cov CovItemId="S3" Value="13"/>
<Cov CovItemId="S4" Value="1"/>
<Cov CovItemId="S5" Value="12"/>
</CovPrefix>
</CovList>
<AssgnmntList>
<AssgnmntPrefix RootTermCovItemPrefix="counter_esempio.Counter.java">
<AssgnmntListEntry Length="2" RootTermCovItemId="C1">
<MapEntry BoolAssgnmnt="00" Value="12"/>
<MapEntry BoolAssgnmnt="01" Value="1"/>
</AssgnmntListEntry>
</AssgnmntPrefix>
</AssgnmntList>
<ObjMetaDataList/>
<MetaDataList/>
</TestCase>
<TestCase Comment="" Date="1706707434708" Name="randoop.RandoopTest1:test152">
<CovList>
<CovPrefix CovItemPrefix="counter_esempio.Counter.java">
<Cov CovItemId="B1" Value="1"/>
<Cov CovItemId="B2" Value="3"/>
<Cov CovItemId="S1" Value="1"/>
<Cov CovItemId="S2" Value="3"/>
<Cov CovItemId="S3" Value="4"/>
<Cov CovItemId="S4" Value="1"/>
<Cov CovItemId="S5" Value="3"/>
</CovPrefix>
</CovList>
<AssgnmntList>
<AssgnmntPrefix RootTermCovItemPrefix="counter_esempio.Counter.java">
<AssgnmntListEntry Length="2" RootTermCovItemId="C1">
<MapEntry BoolAssgnmnt="00" Value="3"/>
<MapEntry BoolAssgnmnt="01" Value="1"/>
</AssgnmntListEntry>
</AssgnmntPrefix>
</AssgnmntList>
<ObjMetaDataList/>
<MetaDataList/>
</TestCase>
<TestCase Comment="" Date="1706707434708" Name="randoop.RandoopTest1:test153">
<CovList>
<CovPrefix CovItemPrefix="counter_esempio.Counter.java">
<Cov CovItemId="B1" Value="1"/>
<Cov CovItemId="B2" Value="9"/>
<Cov CovItemId="S1" Value="1"/>
<Cov CovItemId="S2" Value="7"/>
<Cov CovItemId="S3" Value="10"/>
<Cov CovItemId="S4" Value="1"/>
<Cov CovItemId="S5" Value="9"/>
</CovPrefix>
</CovList>
<AssgnmntList>
<AssgnmntPrefix RootTermCovItemPrefix="counter_esempio.Counter.java">
<AssgnmntListEntry Length="2" RootTermCovItemId="C1">
<MapEntry BoolAssgnmnt="00" Value="9"/>
<MapEntry BoolAssgnmnt="01" Value="1"/>
</AssgnmntListEntry>
</AssgnmntPrefix>
</AssgnmntList>
<ObjMetaDataList/>
<MetaDataList/>
</TestCase>
<TestCase Comment="" Date="1706707434708" Name="randoop.RandoopTest1:test154">
<CovList>
<CovPrefix CovItemPrefix="counter_esempio.Counter.java">
<Cov CovItemId="B1" Value="1"/>
<Cov CovItemId="B2" Value="8"/>
<Cov CovItemId="S1" Value="1"/>
<Cov CovItemId="S2" Value="6"/>
<Cov CovItemId="S3" Value="9"/>
<Cov CovItemId="S4" Value="1"/>
<Cov CovItemId="S5" Value="8"/>
</CovPrefix>
</CovList>
<AssgnmntList>
<AssgnmntPrefix RootTermCovItemPrefix="counter_esempio.Counter.java">
<AssgnmntListEntry Length="2" RootTermCovItemId="C1">
<MapEntry BoolAssgnmnt="00" Value="8"/>
<MapEntry BoolAssgnmnt="01" Value="1"/>
</AssgnmntListEntry>
</AssgnmntPrefix>
</AssgnmntList>
<ObjMetaDataList/>
<MetaDataList/>
</TestCase>
<TestCase Comment="" Date="1706707434708" Name="randoop.RandoopTest1:test155">
<CovList>
<CovPrefix CovItemPrefix="counter_esempio.Counter.java">
<Cov CovItemId="B1" Value="1"/>
<Cov CovItemId="B2" Value="7"/>
<Cov CovItemId="S1" Value="1"/>
<Cov CovItemId="S2" Value="7"/>
<Cov CovItemId="S3" Value="8"/>
<Cov CovItemId="S4" Value="1"/>
<Cov CovItemId="S5" Value="7"/>
</CovPrefix>
</CovList>
<AssgnmntList>
<AssgnmntPrefix RootTermCovItemPrefix="counter_esempio.Counter.java">
<AssgnmntListEntry Length="2" RootTermCovItemId="C1">
<MapEntry BoolAssgnmnt="00" Value="7"/>
<MapEntry BoolAssgnmnt="01" Value="1"/>
</AssgnmntListEntry>
</AssgnmntPrefix>
</AssgnmntList>
<ObjMetaDataList/>
<MetaDataList/>
</TestCase>
<TestCase Comment="" Date="1706707434708" Name="randoop.RandoopTest1:test156">
<CovList>
<CovPrefix CovItemPrefix="counter_esempio.Counter.java">
<Cov CovItemId="B1" Value="1"/>
<Cov CovItemId="B2" Value="7"/>
<Cov CovItemId="S1" Value="1"/>
<Cov CovItemId="S2" Value="7"/>
<Cov CovItemId="S3" Value="8"/>
<Cov CovItemId="S4" Value="1"/>
<Cov CovItemId="S5" Value="7"/>
</CovPrefix>
</CovList>
<AssgnmntList>
<AssgnmntPrefix RootTermCovItemPrefix="counter_esempio.Counter.java">
<AssgnmntListEntry Length="2" RootTermCovItemId="C1">
<MapEntry BoolAssgnmnt="00" Value="7"/>
<MapEntry BoolAssgnmnt="01" Value="1"/>
</AssgnmntListEntry>
</AssgnmntPrefix>
</AssgnmntList>
<ObjMetaDataList/>
<MetaDataList/>
</TestCase>
<TestCase Comment="" Date="1706707434708" Name="randoop.RandoopTest1:test157">
<CovList>
<CovPrefix CovItemPrefix="counter_esempio.Counter.java">
<Cov CovItemId="B1" Value="1"/>
<Cov CovItemId="B2" Value="7"/>
<Cov CovItemId="S1" Value="1"/>
<Cov CovItemId="S2" Value="5"/>
<Cov CovItemId="S3" Value="8"/>
<Cov CovItemId="S4" Value="1"/>
<Cov CovItemId="S5" Value="7"/>
</CovPrefix>
</CovList>
<AssgnmntList>
<AssgnmntPrefix RootTermCovItemPrefix="counter_esempio.Counter.java">
<AssgnmntListEntry Length="2" RootTermCovItemId="C1">
<MapEntry BoolAssgnmnt="00" Value="7"/>
<MapEntry BoolAssgnmnt="01" Value="1"/>
</AssgnmntListEntry>
</AssgnmntPrefix>
</AssgnmntList>
<ObjMetaDataList/>
<MetaDataList/>
</TestCase>
<TestCase Comment="" Date="1706707434708" Name="randoop.RandoopTest1:test158">
<CovList>
<CovPrefix CovItemPrefix="counter_esempio.Counter.java">
<Cov CovItemId="B1" Value="1"/>
<Cov CovItemId="B2" Value="4"/>
<Cov CovItemId="S1" Value="1"/>
<Cov CovItemId="S2" Value="3"/>
<Cov CovItemId="S3" Value="5"/>
<Cov CovItemId="S4" Value="1"/>
<Cov CovItemId="S5" Value="4"/>
</CovPrefix>
</CovList>
<AssgnmntList>
<AssgnmntPrefix RootTermCovItemPrefix="counter_esempio.Counter.java">
<AssgnmntListEntry Length="2" RootTermCovItemId="C1">
<MapEntry BoolAssgnmnt="00" Value="4"/>
<MapEntry BoolAssgnmnt="01" Value="1"/>
</AssgnmntListEntry>
</AssgnmntPrefix>
</AssgnmntList>
<ObjMetaDataList/>
<MetaDataList/>
</TestCase>
<TestCase Comment="" Date="1706707434708" Name="randoop.RandoopTest1:test159">
<CovList>
<CovPrefix CovItemPrefix="counter_esempio.Counter.java">
<Cov CovItemId="B1" Value="1"/>
<Cov CovItemId="B2" Value="4"/>
<Cov CovItemId="S1" Value="1"/>
<Cov CovItemId="S2" Value="4"/>
<Cov CovItemId="S3" Value="5"/>
<Cov CovItemId="S4" Value="1"/>
<Cov CovItemId="S5" Value="4"/>
</CovPrefix>
</CovList>
<AssgnmntList>
<AssgnmntPrefix RootTermCovItemPrefix="counter_esempio.Counter.java">
<AssgnmntListEntry Length="2" RootTermCovItemId="C1">
<MapEntry BoolAssgnmnt="00" Value="4"/>
<MapEntry BoolAssgnmnt="01" Value="1"/>
</AssgnmntListEntry>
</AssgnmntPrefix>
</AssgnmntList>
<ObjMetaDataList/>
<MetaDataList/>
</TestCase>
<TestCase Comment="" Date="1706707434708" Name="randoop.RandoopTest1:test160">
<CovList>
<CovPrefix CovItemPrefix="counter_esempio.Counter.java">
<Cov CovItemId="B1" Value="1"/>
<Cov CovItemId="B2" Value="5"/>
<Cov CovItemId="S1" Value="1"/>
<Cov CovItemId="S2" Value="6"/>
<Cov CovItemId="S3" Value="6"/>
<Cov CovItemId="S4" Value="1"/>
<Cov CovItemId="S5" Value="5"/>
</CovPrefix>
</CovList>
<AssgnmntList>
<AssgnmntPrefix RootTermCovItemPrefix="counter_esempio.Counter.java">
<AssgnmntListEntry Length="2" RootTermCovItemId="C1">
<MapEntry BoolAssgnmnt="00" Value="5"/>
<MapEntry BoolAssgnmnt="01" Value="1"/>
</AssgnmntListEntry>
</AssgnmntPrefix>
</AssgnmntList>
<ObjMetaDataList/>
<MetaDataList/>
</TestCase>
<TestCase Comment="" Date="1706707434708" Name="randoop.RandoopTest1:test161">
<CovList>
<CovPrefix CovItemPrefix="counter_esempio.Counter.java">
<Cov CovItemId="B1" Value="1"/>
<Cov CovItemId="B2" Value="7"/>
<Cov CovItemId="S1" Value="1"/>
<Cov CovItemId="S2" Value="9"/>
<Cov CovItemId="S3" Value="8"/>
<Cov CovItemId="S4" Value="1"/>
<Cov CovItemId="S5" Value="7"/>
</CovPrefix>
</CovList>
<AssgnmntList>
<AssgnmntPrefix RootTermCovItemPrefix="counter_esempio.Counter.java">
<AssgnmntListEntry Length="2" RootTermCovItemId="C1">
<MapEntry BoolAssgnmnt="00" Value="7"/>
<MapEntry BoolAssgnmnt="01" Value="1"/>
</AssgnmntListEntry>
</AssgnmntPrefix>
</AssgnmntList>
<ObjMetaDataList/>
<MetaDataList/>
</TestCase>
<TestCase Comment="" Date="1706707434708" Name="randoop.RandoopTest1:test162">
<CovList>
<CovPrefix CovItemPrefix="counter_esempio.Counter.java">
<Cov CovItemId="B1" Value="1"/>
<Cov CovItemId="B2" Value="2"/>
<Cov CovItemId="S1" Value="1"/>
<Cov CovItemId="S2" Value="9"/>
<Cov CovItemId="S3" Value="3"/>
<Cov CovItemId="S4" Value="1"/>
<Cov CovItemId="S5" Value="2"/>
</CovPrefix>
</CovList>
<AssgnmntList>
<AssgnmntPrefix RootTermCovItemPrefix="counter_esempio.Counter.java">
<AssgnmntListEntry Length="2" RootTermCovItemId="C1">
<MapEntry BoolAssgnmnt="00" Value="2"/>
<MapEntry BoolAssgnmnt="01" Value="1"/>
</AssgnmntListEntry>
</AssgnmntPrefix>
</AssgnmntList>
<ObjMetaDataList/>
<MetaDataList/>
</TestCase>
<TestCase Comment="" Date="1706707434708" Name="randoop.RandoopTest1:test163">
<CovList>
<CovPrefix CovItemPrefix="counter_esempio.Counter.java">
<Cov CovItemId="B1" Value="1"/>
<Cov CovItemId="B2" Value="5"/>
<Cov CovItemId="S1" Value="1"/>
<Cov CovItemId="S2" Value="4"/>
<Cov CovItemId="S3" Value="6"/>
<Cov CovItemId="S4" Value="1"/>
<Cov CovItemId="S5" Value="5"/>
</CovPrefix>
</CovList>
<AssgnmntList>
<AssgnmntPrefix RootTermCovItemPrefix="counter_esempio.Counter.java">
<AssgnmntListEntry Length="2" RootTermCovItemId="C1">
<MapEntry BoolAssgnmnt="00" Value="5"/>
<MapEntry BoolAssgnmnt="01" Value="1"/>
</AssgnmntListEntry>
</AssgnmntPrefix>
</AssgnmntList>
<ObjMetaDataList/>
<MetaDataList/>
</TestCase>
<TestCase Comment="" Date="1706707434708" Name="randoop.RandoopTest1:test164">
<CovList>
<CovPrefix CovItemPrefix="counter_esempio.Counter.java">
<Cov CovItemId="B1" Value="1"/>
<Cov CovItemId="B2" Value="9"/>
<Cov CovItemId="S1" Value="1"/>
<Cov CovItemId="S2" Value="7"/>
<Cov CovItemId="S3" Value="10"/>
<Cov CovItemId="S4" Value="1"/>
<Cov CovItemId="S5" Value="9"/>
</CovPrefix>
</CovList>
<AssgnmntList>
<AssgnmntPrefix RootTermCovItemPrefix="counter_esempio.Counter.java">
<AssgnmntListEntry Length="2" RootTermCovItemId="C1">
<MapEntry BoolAssgnmnt="00" Value="9"/>
<MapEntry BoolAssgnmnt="01" Value="1"/>
</AssgnmntListEntry>
</AssgnmntPrefix>
</AssgnmntList>
<ObjMetaDataList/>
<MetaDataList/>
</TestCase>
<TestCase Comment="" Date="1706707434708" Name="randoop.RandoopTest1:test165">
<CovList>
<CovPrefix CovItemPrefix="counter_esempio.Counter.java">
<Cov CovItemId="B1" Value="1"/>
<Cov CovItemId="B2" Value="10"/>
<Cov CovItemId="S1" Value="1"/>
<Cov CovItemId="S2" Value="2"/>
<Cov CovItemId="S3" Value="11"/>
<Cov CovItemId="S4" Value="1"/>
<Cov CovItemId="S5" Value="10"/>
</CovPrefix>
</CovList>
<AssgnmntList>
<AssgnmntPrefix RootTermCovItemPrefix="counter_esempio.Counter.java">
<AssgnmntListEntry Length="2" RootTermCovItemId="C1">
<MapEntry BoolAssgnmnt="00" Value="10"/>
<MapEntry BoolAssgnmnt="01" Value="1"/>
</AssgnmntListEntry>
</AssgnmntPrefix>
</AssgnmntList>
<ObjMetaDataList/>
<MetaDataList/>
</TestCase>
<TestCase Comment="" Date="1706707434708" Name="randoop.RandoopTest1:test166">
<CovList>
<CovPrefix CovItemPrefix="counter_esempio.Counter.java">
<Cov CovItemId="B1" Value="1"/>
<Cov CovItemId="B2" Value="5"/>
<Cov CovItemId="S1" Value="1"/>
<Cov CovItemId="S2" Value="6"/>
<Cov CovItemId="S3" Value="6"/>
<Cov CovItemId="S4" Value="1"/>
<Cov CovItemId="S5" Value="5"/>
</CovPrefix>
</CovList>
<AssgnmntList>
<AssgnmntPrefix RootTermCovItemPrefix="counter_esempio.Counter.java">
<AssgnmntListEntry Length="2" RootTermCovItemId="C1">
<MapEntry BoolAssgnmnt="00" Value="5"/>
<MapEntry BoolAssgnmnt="01" Value="1"/>
</AssgnmntListEntry>
</AssgnmntPrefix>
</AssgnmntList>
<ObjMetaDataList/>
<MetaDataList/>
</TestCase>
<TestCase Comment="" Date="1706707434708" Name="randoop.RandoopTest1:test167">
<CovList>
<CovPrefix CovItemPrefix="counter_esempio.Counter.java">
<Cov CovItemId="B1" Value="1"/>
<Cov CovItemId="B2" Value="6"/>
<Cov CovItemId="S1" Value="1"/>
<Cov CovItemId="S2" Value="4"/>
<Cov CovItemId="S3" Value="7"/>
<Cov CovItemId="S4" Value="1"/>
<Cov CovItemId="S5" Value="6"/>
</CovPrefix>
</CovList>
<AssgnmntList>
<AssgnmntPrefix RootTermCovItemPrefix="counter_esempio.Counter.java">
<AssgnmntListEntry Length="2" RootTermCovItemId="C1">
<MapEntry BoolAssgnmnt="00" Value="6"/>
<MapEntry BoolAssgnmnt="01" Value="1"/>
</AssgnmntListEntry>
</AssgnmntPrefix>
</AssgnmntList>
<ObjMetaDataList/>
<MetaDataList/>
</TestCase>
<TestCase Comment="" Date="1706707434708" Name="randoop.RandoopTest1:test168">
<CovList>
<CovPrefix CovItemPrefix="counter_esempio.Counter.java">
<Cov CovItemId="B1" Value="1"/>
<Cov CovItemId="B2" Value="2"/>
<Cov CovItemId="S1" Value="1"/>
<Cov CovItemId="S2" Value="5"/>
<Cov CovItemId="S3" Value="3"/>
<Cov CovItemId="S4" Value="1"/>
<Cov CovItemId="S5" Value="2"/>
</CovPrefix>
</CovList>
<AssgnmntList>
<AssgnmntPrefix RootTermCovItemPrefix="counter_esempio.Counter.java">
<AssgnmntListEntry Length="2" RootTermCovItemId="C1">
<MapEntry BoolAssgnmnt="00" Value="2"/>
<MapEntry BoolAssgnmnt="01" Value="1"/>
</AssgnmntListEntry>
</AssgnmntPrefix>
</AssgnmntList>
<ObjMetaDataList/>
<MetaDataList/>
</TestCase>
<TestCase Comment="" Date="1706707434708" Name="randoop.RandoopTest1:test169">
<CovList>
<CovPrefix CovItemPrefix="counter_esempio.Counter.java">
<Cov CovItemId="B1" Value="1"/>
<Cov CovItemId="B2" Value="8"/>
<Cov CovItemId="S1" Value="1"/>
<Cov CovItemId="S2" Value="5"/>
<Cov CovItemId="S3" Value="9"/>
<Cov CovItemId="S4" Value="1"/>
<Cov CovItemId="S5" Value="8"/>
</CovPrefix>
</CovList>
<AssgnmntList>
<AssgnmntPrefix RootTermCovItemPrefix="counter_esempio.Counter.java">
<AssgnmntListEntry Length="2" RootTermCovItemId="C1">
<MapEntry BoolAssgnmnt="00" Value="8"/>
<MapEntry BoolAssgnmnt="01" Value="1"/>
</AssgnmntListEntry>
</AssgnmntPrefix>
</AssgnmntList>
<ObjMetaDataList/>
<MetaDataList/>
</TestCase>
<TestCase Comment="" Date="1706707434708" Name="randoop.RandoopTest1:test170">
<CovList>
<CovPrefix CovItemPrefix="counter_esempio.Counter.java">
<Cov CovItemId="B1" Value="1"/>
<Cov CovItemId="B2" Value="6"/>
<Cov CovItemId="S1" Value="1"/>
<Cov CovItemId="S2" Value="9"/>
<Cov CovItemId="S3" Value="7"/>
<Cov CovItemId="S4" Value="1"/>
<Cov CovItemId="S5" Value="6"/>
</CovPrefix>
</CovList>
<AssgnmntList>
<AssgnmntPrefix RootTermCovItemPrefix="counter_esempio.Counter.java">
<AssgnmntListEntry Length="2" RootTermCovItemId="C1">
<MapEntry BoolAssgnmnt="00" Value="6"/>
<MapEntry BoolAssgnmnt="01" Value="1"/>
</AssgnmntListEntry>
</AssgnmntPrefix>
</AssgnmntList>
<ObjMetaDataList/>
<MetaDataList/>
</TestCase>
<TestCase Comment="" Date="1706707434708" Name="randoop.RandoopTest1:test171">
<CovList>
<CovPrefix CovItemPrefix="counter_esempio.Counter.java">
<Cov CovItemId="B1" Value="1"/>
<Cov CovItemId="B2" Value="5"/>
<Cov CovItemId="S1" Value="1"/>
<Cov CovItemId="S2" Value="5"/>
<Cov CovItemId="S3" Value="6"/>
<Cov CovItemId="S4" Value="1"/>
<Cov CovItemId="S5" Value="5"/>
</CovPrefix>
</CovList>
<AssgnmntList>
<AssgnmntPrefix RootTermCovItemPrefix="counter_esempio.Counter.java">
<AssgnmntListEntry Length="2" RootTermCovItemId="C1">
<MapEntry BoolAssgnmnt="00" Value="5"/>
<MapEntry BoolAssgnmnt="01" Value="1"/>
</AssgnmntListEntry>
</AssgnmntPrefix>
</AssgnmntList>
<ObjMetaDataList/>
<MetaDataList/>
</TestCase>
<TestCase Comment="" Date="1706707434708" Name="randoop.RandoopTest1:test172">
<CovList>
<CovPrefix CovItemPrefix="counter_esempio.Counter.java">
<Cov CovItemId="B1" Value="1"/>
<Cov CovItemId="B2" Value="9"/>
<Cov CovItemId="S1" Value="1"/>
<Cov CovItemId="S2" Value="8"/>
<Cov CovItemId="S3" Value="10"/>
<Cov CovItemId="S4" Value="1"/>
<Cov CovItemId="S5" Value="9"/>
</CovPrefix>
</CovList>
<AssgnmntList>
<AssgnmntPrefix RootTermCovItemPrefix="counter_esempio.Counter.java">
<AssgnmntListEntry Length="2" RootTermCovItemId="C1">
<MapEntry BoolAssgnmnt="00" Value="9"/>
<MapEntry BoolAssgnmnt="01" Value="1"/>
</AssgnmntListEntry>
</AssgnmntPrefix>
</AssgnmntList>
<ObjMetaDataList/>
<MetaDataList/>
</TestCase>
<TestCase Comment="" Date="1706707434708" Name="randoop.RandoopTest1:test173">
<CovList>
<CovPrefix CovItemPrefix="counter_esempio.Counter.java">
<Cov CovItemId="B1" Value="1"/>
<Cov CovItemId="B2" Value="7"/>
<Cov CovItemId="S1" Value="1"/>
<Cov CovItemId="S2" Value="5"/>
<Cov CovItemId="S3" Value="8"/>
<Cov CovItemId="S4" Value="1"/>
<Cov CovItemId="S5" Value="7"/>
</CovPrefix>
</CovList>
<AssgnmntList>
<AssgnmntPrefix RootTermCovItemPrefix="counter_esempio.Counter.java">
<AssgnmntListEntry Length="2" RootTermCovItemId="C1">
<MapEntry BoolAssgnmnt="00" Value="7"/>
<MapEntry BoolAssgnmnt="01" Value="1"/>
</AssgnmntListEntry>
</AssgnmntPrefix>
</AssgnmntList>
<ObjMetaDataList/>
<MetaDataList/>
</TestCase>
<TestCase Comment="" Date="1706707434708" Name="randoop.RandoopTest1:test174">
<CovList>
<CovPrefix CovItemPrefix="counter_esempio.Counter.java">
<Cov CovItemId="B1" Value="1"/>
<Cov CovItemId="B2" Value="8"/>
<Cov CovItemId="S1" Value="1"/>
<Cov CovItemId="S2" Value="7"/>
<Cov CovItemId="S3" Value="9"/>
<Cov CovItemId="S4" Value="1"/>
<Cov CovItemId="S5" Value="8"/>
</CovPrefix>
</CovList>
<AssgnmntList>
<AssgnmntPrefix RootTermCovItemPrefix="counter_esempio.Counter.java">
<AssgnmntListEntry Length="2" RootTermCovItemId="C1">
<MapEntry BoolAssgnmnt="00" Value="8"/>
<MapEntry BoolAssgnmnt="01" Value="1"/>
</AssgnmntListEntry>
</AssgnmntPrefix>
</AssgnmntList>
<ObjMetaDataList/>
<MetaDataList/>
</TestCase>
<TestCase Comment="" Date="1706707434708" Name="randoop.RandoopTest1:test175">
<CovList>
<CovPrefix CovItemPrefix="counter_esempio.Counter.java">
<Cov CovItemId="B1" Value="1"/>
<Cov CovItemId="B2" Value="8"/>
<Cov CovItemId="S1" Value="1"/>
<Cov CovItemId="S2" Value="6"/>
<Cov CovItemId="S3" Value="9"/>
<Cov CovItemId="S4" Value="1"/>
<Cov CovItemId="S5" Value="8"/>
</CovPrefix>
</CovList>
<AssgnmntList>
<AssgnmntPrefix RootTermCovItemPrefix="counter_esempio.Counter.java">
<AssgnmntListEntry Length="2" RootTermCovItemId="C1">
<MapEntry BoolAssgnmnt="00" Value="8"/>
<MapEntry BoolAssgnmnt="01" Value="1"/>
</AssgnmntListEntry>
</AssgnmntPrefix>
</AssgnmntList>
<ObjMetaDataList/>
<MetaDataList/>
</TestCase>
<TestCase Comment="" Date="1706707434708" Name="randoop.RandoopTest1:test176">
<CovList>
<CovPrefix CovItemPrefix="counter_esempio.Counter.java">
<Cov CovItemId="B1" Value="1"/>
<Cov CovItemId="B2" Value="6"/>
<Cov CovItemId="S1" Value="1"/>
<Cov CovItemId="S2" Value="8"/>
<Cov CovItemId="S3" Value="7"/>
<Cov CovItemId="S4" Value="1"/>
<Cov CovItemId="S5" Value="6"/>
</CovPrefix>
</CovList>
<AssgnmntList>
<AssgnmntPrefix RootTermCovItemPrefix="counter_esempio.Counter.java">
<AssgnmntListEntry Length="2" RootTermCovItemId="C1">
<MapEntry BoolAssgnmnt="00" Value="6"/>
<MapEntry BoolAssgnmnt="01" Value="1"/>
</AssgnmntListEntry>
</AssgnmntPrefix>
</AssgnmntList>
<ObjMetaDataList/>
<MetaDataList/>
</TestCase>
<TestCase Comment="" Date="1706707434708" Name="randoop.RandoopTest1:test177">
<CovList>
<CovPrefix CovItemPrefix="counter_esempio.Counter.java">
<Cov CovItemId="B1" Value="1"/>
<Cov CovItemId="B2" Value="8"/>
<Cov CovItemId="S1" Value="1"/>
<Cov CovItemId="S2" Value="6"/>
<Cov CovItemId="S3" Value="9"/>
<Cov CovItemId="S4" Value="1"/>
<Cov CovItemId="S5" Value="8"/>
</CovPrefix>
</CovList>
<AssgnmntList>
<AssgnmntPrefix RootTermCovItemPrefix="counter_esempio.Counter.java">
<AssgnmntListEntry Length="2" RootTermCovItemId="C1">
<MapEntry BoolAssgnmnt="00" Value="8"/>
<MapEntry BoolAssgnmnt="01" Value="1"/>
</AssgnmntListEntry>
</AssgnmntPrefix>
</AssgnmntList>
<ObjMetaDataList/>
<MetaDataList/>
</TestCase>
<TestCase Comment="" Date="1706707434708" Name="randoop.RandoopTest1:test178">
<CovList>
<CovPrefix CovItemPrefix="counter_esempio.Counter.java">
<Cov CovItemId="B1" Value="1"/>
<Cov CovItemId="B2" Value="2"/>
<Cov CovItemId="S1" Value="1"/>
<Cov CovItemId="S2" Value="7"/>
<Cov CovItemId="S3" Value="3"/>
<Cov CovItemId="S4" Value="1"/>
<Cov CovItemId="S5" Value="2"/>
</CovPrefix>
</CovList>
<AssgnmntList>
<AssgnmntPrefix RootTermCovItemPrefix="counter_esempio.Counter.java">
<AssgnmntListEntry Length="2" RootTermCovItemId="C1">
<MapEntry BoolAssgnmnt="00" Value="2"/>
<MapEntry BoolAssgnmnt="01" Value="1"/>
</AssgnmntListEntry>
</AssgnmntPrefix>
</AssgnmntList>
<ObjMetaDataList/>
<MetaDataList/>
</TestCase>
<TestCase Comment="" Date="1706707434708" Name="randoop.RandoopTest1:test179">
<CovList>
<CovPrefix CovItemPrefix="counter_esempio.Counter.java">
<Cov CovItemId="B1" Value="1"/>
<Cov CovItemId="B2" Value="8"/>
<Cov CovItemId="S1" Value="1"/>
<Cov CovItemId="S2" Value="4"/>
<Cov CovItemId="S3" Value="9"/>
<Cov CovItemId="S4" Value="1"/>
<Cov CovItemId="S5" Value="8"/>
</CovPrefix>
</CovList>
<AssgnmntList>
<AssgnmntPrefix RootTermCovItemPrefix="counter_esempio.Counter.java">
<AssgnmntListEntry Length="2" RootTermCovItemId="C1">
<MapEntry BoolAssgnmnt="00" Value="8"/>
<MapEntry BoolAssgnmnt="01" Value="1"/>
</AssgnmntListEntry>
</AssgnmntPrefix>
</AssgnmntList>
<ObjMetaDataList/>
<MetaDataList/>
</TestCase>
<TestCase Comment="" Date="1706707434708" Name="randoop.RandoopTest1:test180">
<CovList>
<CovPrefix CovItemPrefix="counter_esempio.Counter.java">
<Cov CovItemId="B1" Value="1"/>
<Cov CovItemId="B2" Value="4"/>
<Cov CovItemId="S1" Value="1"/>
<Cov CovItemId="S2" Value="8"/>
<Cov CovItemId="S3" Value="5"/>
<Cov CovItemId="S4" Value="1"/>
<Cov CovItemId="S5" Value="4"/>
</CovPrefix>
</CovList>
<AssgnmntList>
<AssgnmntPrefix RootTermCovItemPrefix="counter_esempio.Counter.java">
<AssgnmntListEntry Length="2" RootTermCovItemId="C1">
<MapEntry BoolAssgnmnt="00" Value="4"/>
<MapEntry BoolAssgnmnt="01" Value="1"/>
</AssgnmntListEntry>
</AssgnmntPrefix>
</AssgnmntList>
<ObjMetaDataList/>
<MetaDataList/>
</TestCase>
<TestCase Comment="" Date="1706707434708" Name="randoop.RandoopTest1:test181">
<CovList>
<CovPrefix CovItemPrefix="counter_esempio.Counter.java">
<Cov CovItemId="B1" Value="1"/>
<Cov CovItemId="B2" Value="3"/>
<Cov CovItemId="S1" Value="1"/>
<Cov CovItemId="S2" Value="7"/>
<Cov CovItemId="S3" Value="4"/>
<Cov CovItemId="S4" Value="1"/>
<Cov CovItemId="S5" Value="3"/>
</CovPrefix>
</CovList>
<AssgnmntList>
<AssgnmntPrefix RootTermCovItemPrefix="counter_esempio.Counter.java">
<AssgnmntListEntry Length="2" RootTermCovItemId="C1">
<MapEntry BoolAssgnmnt="00" Value="3"/>
<MapEntry BoolAssgnmnt="01" Value="1"/>
</AssgnmntListEntry>
</AssgnmntPrefix>
</AssgnmntList>
<ObjMetaDataList/>
<MetaDataList/>
</TestCase>
<TestCase Comment="" Date="1706707434708" Name="randoop.RandoopTest1:test182">
<CovList>
<CovPrefix CovItemPrefix="counter_esempio.Counter.java">
<Cov CovItemId="B1" Value="1"/>
<Cov CovItemId="B2" Value="5"/>
<Cov CovItemId="S1" Value="1"/>
<Cov CovItemId="S2" Value="10"/>
<Cov CovItemId="S3" Value="6"/>
<Cov CovItemId="S4" Value="1"/>
<Cov CovItemId="S5" Value="5"/>
</CovPrefix>
</CovList>
<AssgnmntList>
<AssgnmntPrefix RootTermCovItemPrefix="counter_esempio.Counter.java">
<AssgnmntListEntry Length="2" RootTermCovItemId="C1">
<MapEntry BoolAssgnmnt="00" Value="5"/>
<MapEntry BoolAssgnmnt="01" Value="1"/>
</AssgnmntListEntry>
</AssgnmntPrefix>
</AssgnmntList>
<ObjMetaDataList/>
<MetaDataList/>
</TestCase>
<TestCase Comment="" Date="1706707434708" Name="randoop.RandoopTest1:test183">
<CovList>
<CovPrefix CovItemPrefix="counter_esempio.Counter.java">
<Cov CovItemId="B1" Value="1"/>
<Cov CovItemId="B2" Value="8"/>
<Cov CovItemId="S1" Value="1"/>
<Cov CovItemId="S2" Value="7"/>
<Cov CovItemId="S3" Value="9"/>
<Cov CovItemId="S4" Value="1"/>
<Cov CovItemId="S5" Value="8"/>
</CovPrefix>
</CovList>
<AssgnmntList>
<AssgnmntPrefix RootTermCovItemPrefix="counter_esempio.Counter.java">
<AssgnmntListEntry Length="2" RootTermCovItemId="C1">
<MapEntry BoolAssgnmnt="00" Value="8"/>
<MapEntry BoolAssgnmnt="01" Value="1"/>
</AssgnmntListEntry>
</AssgnmntPrefix>
</AssgnmntList>
<ObjMetaDataList/>
<MetaDataList/>
</TestCase>
<TestCase Comment="" Date="1706707434708" Name="randoop.RandoopTest1:test184">
<CovList>
<CovPrefix CovItemPrefix="counter_esempio.Counter.java">
<Cov CovItemId="B1" Value="1"/>
<Cov CovItemId="B2" Value="5"/>
<Cov CovItemId="S1" Value="1"/>
<Cov CovItemId="S2" Value="9"/>
<Cov CovItemId="S3" Value="6"/>
<Cov CovItemId="S4" Value="1"/>
<Cov CovItemId="S5" Value="5"/>
</CovPrefix>
</CovList>
<AssgnmntList>
<AssgnmntPrefix RootTermCovItemPrefix="counter_esempio.Counter.java">
<AssgnmntListEntry Length="2" RootTermCovItemId="C1">
<MapEntry BoolAssgnmnt="00" Value="5"/>
<MapEntry BoolAssgnmnt="01" Value="1"/>
</AssgnmntListEntry>
</AssgnmntPrefix>
</AssgnmntList>
<ObjMetaDataList/>
<MetaDataList/>
</TestCase>
<TestCase Comment="" Date="1706707434723" Name="randoop.RandoopTest1:test185">
<CovList>
<CovPrefix CovItemPrefix="counter_esempio.Counter.java">
<Cov CovItemId="B1" Value="1"/>
<Cov CovItemId="B2" Value="10"/>
<Cov CovItemId="S1" Value="1"/>
<Cov CovItemId="S2" Value="6"/>
<Cov CovItemId="S3" Value="11"/>
<Cov CovItemId="S4" Value="1"/>
<Cov CovItemId="S5" Value="10"/>
</CovPrefix>
</CovList>
<AssgnmntList>
<AssgnmntPrefix RootTermCovItemPrefix="counter_esempio.Counter.java">
<AssgnmntListEntry Length="2" RootTermCovItemId="C1">
<MapEntry BoolAssgnmnt="00" Value="10"/>
<MapEntry BoolAssgnmnt="01" Value="1"/>
</AssgnmntListEntry>
</AssgnmntPrefix>
</AssgnmntList>
<ObjMetaDataList/>
<MetaDataList/>
</TestCase>
<TestCase Comment="" Date="1706707434723" Name="randoop.RandoopTest1:test186">
<CovList>
<CovPrefix CovItemPrefix="counter_esempio.Counter.java">
<Cov CovItemId="B1" Value="1"/>
<Cov CovItemId="B2" Value="8"/>
<Cov CovItemId="S1" Value="1"/>
<Cov CovItemId="S2" Value="6"/>
<Cov CovItemId="S3" Value="9"/>
<Cov CovItemId="S4" Value="1"/>
<Cov CovItemId="S5" Value="8"/>
</CovPrefix>
</CovList>
<AssgnmntList>
<AssgnmntPrefix RootTermCovItemPrefix="counter_esempio.Counter.java">
<AssgnmntListEntry Length="2" RootTermCovItemId="C1">
<MapEntry BoolAssgnmnt="00" Value="8"/>
<MapEntry BoolAssgnmnt="01" Value="1"/>
</AssgnmntListEntry>
</AssgnmntPrefix>
</AssgnmntList>
<ObjMetaDataList/>
<MetaDataList/>
</TestCase>
<TestCase Comment="" Date="1706707434723" Name="randoop.RandoopTest1:test187">
<CovList>
<CovPrefix CovItemPrefix="counter_esempio.Counter.java">
<Cov CovItemId="B1" Value="1"/>
<Cov CovItemId="B2" Value="4"/>
<Cov CovItemId="S1" Value="1"/>
<Cov CovItemId="S2" Value="9"/>
<Cov CovItemId="S3" Value="5"/>
<Cov CovItemId="S4" Value="1"/>
<Cov CovItemId="S5" Value="4"/>
</CovPrefix>
</CovList>
<AssgnmntList>
<AssgnmntPrefix RootTermCovItemPrefix="counter_esempio.Counter.java">
<AssgnmntListEntry Length="2" RootTermCovItemId="C1">
<MapEntry BoolAssgnmnt="00" Value="4"/>
<MapEntry BoolAssgnmnt="01" Value="1"/>
</AssgnmntListEntry>
</AssgnmntPrefix>
</AssgnmntList>
<ObjMetaDataList/>
<MetaDataList/>
</TestCase>
<TestCase Comment="" Date="1706707434723" Name="randoop.RandoopTest1:test188">
<CovList>
<CovPrefix CovItemPrefix="counter_esempio.Counter.java">
<Cov CovItemId="B1" Value="1"/>
<Cov CovItemId="B2" Value="9"/>
<Cov CovItemId="S1" Value="1"/>
<Cov CovItemId="S2" Value="6"/>
<Cov CovItemId="S3" Value="10"/>
<Cov CovItemId="S4" Value="1"/>
<Cov CovItemId="S5" Value="9"/>
</CovPrefix>
</CovList>
<AssgnmntList>
<AssgnmntPrefix RootTermCovItemPrefix="counter_esempio.Counter.java">
<AssgnmntListEntry Length="2" RootTermCovItemId="C1">
<MapEntry BoolAssgnmnt="00" Value="9"/>
<MapEntry BoolAssgnmnt="01" Value="1"/>
</AssgnmntListEntry>
</AssgnmntPrefix>
</AssgnmntList>
<ObjMetaDataList/>
<MetaDataList/>
</TestCase>
<TestCase Comment="" Date="1706707434723" Name="randoop.RandoopTest1:test189">
<CovList>
<CovPrefix CovItemPrefix="counter_esempio.Counter.java">
<Cov CovItemId="B1" Value="1"/>
<Cov CovItemId="B2" Value="3"/>
<Cov CovItemId="S1" Value="1"/>
<Cov CovItemId="S2" Value="9"/>
<Cov CovItemId="S3" Value="4"/>
<Cov CovItemId="S4" Value="1"/>
<Cov CovItemId="S5" Value="3"/>
</CovPrefix>
</CovList>
<AssgnmntList>
<AssgnmntPrefix RootTermCovItemPrefix="counter_esempio.Counter.java">
<AssgnmntListEntry Length="2" RootTermCovItemId="C1">
<MapEntry BoolAssgnmnt="00" Value="3"/>
<MapEntry BoolAssgnmnt="01" Value="1"/>
</AssgnmntListEntry>
</AssgnmntPrefix>
</AssgnmntList>
<ObjMetaDataList/>
<MetaDataList/>
</TestCase>
<TestCase Comment="" Date="1706707434723" Name="randoop.RandoopTest1:test190">
<CovList>
<CovPrefix CovItemPrefix="counter_esempio.Counter.java">
<Cov CovItemId="B1" Value="1"/>
<Cov CovItemId="B2" Value="8"/>
<Cov CovItemId="S1" Value="1"/>
<Cov CovItemId="S2" Value="5"/>
<Cov CovItemId="S3" Value="9"/>
<Cov CovItemId="S4" Value="1"/>
<Cov CovItemId="S5" Value="8"/>
</CovPrefix>
</CovList>
<AssgnmntList>
<AssgnmntPrefix RootTermCovItemPrefix="counter_esempio.Counter.java">
<AssgnmntListEntry Length="2" RootTermCovItemId="C1">
<MapEntry BoolAssgnmnt="00" Value="8"/>
<MapEntry BoolAssgnmnt="01" Value="1"/>
</AssgnmntListEntry>
</AssgnmntPrefix>
</AssgnmntList>
<ObjMetaDataList/>
<MetaDataList/>
</TestCase>
<TestCase Comment="" Date="1706707434723" Name="randoop.RandoopTest1:test191">
<CovList>
<CovPrefix CovItemPrefix="counter_esempio.Counter.java">
<Cov CovItemId="B1" Value="1"/>
<Cov CovItemId="B2" Value="5"/>
<Cov CovItemId="S1" Value="1"/>
<Cov CovItemId="S2" Value="10"/>
<Cov CovItemId="S3" Value="6"/>
<Cov CovItemId="S4" Value="1"/>
<Cov CovItemId="S5" Value="5"/>
</CovPrefix>
</CovList>
<AssgnmntList>
<AssgnmntPrefix RootTermCovItemPrefix="counter_esempio.Counter.java">
<AssgnmntListEntry Length="2" RootTermCovItemId="C1">
<MapEntry BoolAssgnmnt="00" Value="5"/>
<MapEntry BoolAssgnmnt="01" Value="1"/>
</AssgnmntListEntry>
</AssgnmntPrefix>
</AssgnmntList>
<ObjMetaDataList/>
<MetaDataList/>
</TestCase>
<TestCase Comment="" Date="1706707434723" Name="randoop.RandoopTest1:test192">
<CovList>
<CovPrefix CovItemPrefix="counter_esempio.Counter.java">
<Cov CovItemId="B1" Value="1"/>
<Cov CovItemId="B2" Value="5"/>
<Cov CovItemId="S1" Value="1"/>
<Cov CovItemId="S2" Value="14"/>
<Cov CovItemId="S3" Value="6"/>
<Cov CovItemId="S4" Value="1"/>
<Cov CovItemId="S5" Value="5"/>
</CovPrefix>
</CovList>
<AssgnmntList>
<AssgnmntPrefix RootTermCovItemPrefix="counter_esempio.Counter.java">
<AssgnmntListEntry Length="2" RootTermCovItemId="C1">
<MapEntry BoolAssgnmnt="00" Value="5"/>
<MapEntry BoolAssgnmnt="01" Value="1"/>
</AssgnmntListEntry>
</AssgnmntPrefix>
</AssgnmntList>
<ObjMetaDataList/>
<MetaDataList/>
</TestCase>
<TestCase Comment="" Date="1706707434723" Name="randoop.RandoopTest1:test193">
<CovList>
<CovPrefix CovItemPrefix="counter_esempio.Counter.java">
<Cov CovItemId="B1" Value="1"/>
<Cov CovItemId="B2" Value="5"/>
<Cov CovItemId="S1" Value="1"/>
<Cov CovItemId="S2" Value="6"/>
<Cov CovItemId="S3" Value="6"/>
<Cov CovItemId="S4" Value="1"/>
<Cov CovItemId="S5" Value="5"/>
</CovPrefix>
</CovList>
<AssgnmntList>
<AssgnmntPrefix RootTermCovItemPrefix="counter_esempio.Counter.java">
<AssgnmntListEntry Length="2" RootTermCovItemId="C1">
<MapEntry BoolAssgnmnt="00" Value="5"/>
<MapEntry BoolAssgnmnt="01" Value="1"/>
</AssgnmntListEntry>
</AssgnmntPrefix>
</AssgnmntList>
<ObjMetaDataList/>
<MetaDataList/>
</TestCase>
<TestCase Comment="" Date="1706707434723" Name="randoop.RandoopTest1:test194">
<CovList>
<CovPrefix CovItemPrefix="counter_esempio.Counter.java">
<Cov CovItemId="B1" Value="1"/>
<Cov CovItemId="B2" Value="9"/>
<Cov CovItemId="S1" Value="1"/>
<Cov CovItemId="S2" Value="3"/>
<Cov CovItemId="S3" Value="10"/>
<Cov CovItemId="S4" Value="1"/>
<Cov CovItemId="S5" Value="9"/>
</CovPrefix>
</CovList>
<AssgnmntList>
<AssgnmntPrefix RootTermCovItemPrefix="counter_esempio.Counter.java">
<AssgnmntListEntry Length="2" RootTermCovItemId="C1">
<MapEntry BoolAssgnmnt="00" Value="9"/>
<MapEntry BoolAssgnmnt="01" Value="1"/>
</AssgnmntListEntry>
</AssgnmntPrefix>
</AssgnmntList>
<ObjMetaDataList/>
<MetaDataList/>
</TestCase>
<TestCase Comment="" Date="1706707434723" Name="randoop.RandoopTest1:test195">
<CovList>
<CovPrefix CovItemPrefix="counter_esempio.Counter.java">
<Cov CovItemId="B1" Value="1"/>
<Cov CovItemId="B2" Value="6"/>
<Cov CovItemId="S1" Value="1"/>
<Cov CovItemId="S2" Value="4"/>
<Cov CovItemId="S3" Value="7"/>
<Cov CovItemId="S4" Value="1"/>
<Cov CovItemId="S5" Value="6"/>
</CovPrefix>
</CovList>
<AssgnmntList>
<AssgnmntPrefix RootTermCovItemPrefix="counter_esempio.Counter.java">
<AssgnmntListEntry Length="2" RootTermCovItemId="C1">
<MapEntry BoolAssgnmnt="00" Value="6"/>
<MapEntry BoolAssgnmnt="01" Value="1"/>
</AssgnmntListEntry>
</AssgnmntPrefix>
</AssgnmntList>
<ObjMetaDataList/>
<MetaDataList/>
</TestCase>
<TestCase Comment="" Date="1706707434723" Name="randoop.RandoopTest1:test196">
<CovList>
<CovPrefix CovItemPrefix="counter_esempio.Counter.java">
<Cov CovItemId="B1" Value="1"/>
<Cov CovItemId="B2" Value="6"/>
<Cov CovItemId="S1" Value="1"/>
<Cov CovItemId="S2" Value="4"/>
<Cov CovItemId="S3" Value="7"/>
<Cov CovItemId="S4" Value="1"/>
<Cov CovItemId="S5" Value="6"/>
</CovPrefix>
</CovList>
<AssgnmntList>
<AssgnmntPrefix RootTermCovItemPrefix="counter_esempio.Counter.java">
<AssgnmntListEntry Length="2" RootTermCovItemId="C1">
<MapEntry BoolAssgnmnt="00" Value="6"/>
<MapEntry BoolAssgnmnt="01" Value="1"/>
</AssgnmntListEntry>
</AssgnmntPrefix>
</AssgnmntList>
<ObjMetaDataList/>
<MetaDataList/>
</TestCase>
<TestCase Comment="" Date="1706707434723" Name="randoop.RandoopTest1:test197">
<CovList>
<CovPrefix CovItemPrefix="counter_esempio.Counter.java">
<Cov CovItemId="B1" Value="1"/>
<Cov CovItemId="B2" Value="12"/>
<Cov CovItemId="S1" Value="1"/>
<Cov CovItemId="S2" Value="5"/>
<Cov CovItemId="S3" Value="13"/>
<Cov CovItemId="S4" Value="1"/>
<Cov CovItemId="S5" Value="12"/>
</CovPrefix>
</CovList>
<AssgnmntList>
<AssgnmntPrefix RootTermCovItemPrefix="counter_esempio.Counter.java">
<AssgnmntListEntry Length="2" RootTermCovItemId="C1">
<MapEntry BoolAssgnmnt="00" Value="12"/>
<MapEntry BoolAssgnmnt="01" Value="1"/>
</AssgnmntListEntry>
</AssgnmntPrefix>
</AssgnmntList>
<ObjMetaDataList/>
<MetaDataList/>
</TestCase>
<TestCase Comment="" Date="1706707434723" Name="randoop.RandoopTest1:test198">
<CovList>
<CovPrefix CovItemPrefix="counter_esempio.Counter.java">
<Cov CovItemId="B1" Value="1"/>
<Cov CovItemId="B2" Value="5"/>
<Cov CovItemId="S1" Value="1"/>
<Cov CovItemId="S2" Value="7"/>
<Cov CovItemId="S3" Value="6"/>
<Cov CovItemId="S4" Value="1"/>
<Cov CovItemId="S5" Value="5"/>
</CovPrefix>
</CovList>
<AssgnmntList>
<AssgnmntPrefix RootTermCovItemPrefix="counter_esempio.Counter.java">
<AssgnmntListEntry Length="2" RootTermCovItemId="C1">
<MapEntry BoolAssgnmnt="00" Value="5"/>
<MapEntry BoolAssgnmnt="01" Value="1"/>
</AssgnmntListEntry>
</AssgnmntPrefix>
</AssgnmntList>
<ObjMetaDataList/>
<MetaDataList/>
</TestCase>
<TestCase Comment="" Date="1706707434723" Name="randoop.RandoopTest1:test199">
<CovList>
<CovPrefix CovItemPrefix="counter_esempio.Counter.java">
<Cov CovItemId="B1" Value="1"/>
<Cov CovItemId="B2" Value="6"/>
<Cov CovItemId="S1" Value="1"/>
<Cov CovItemId="S2" Value="14"/>
<Cov CovItemId="S3" Value="7"/>
<Cov CovItemId="S4" Value="1"/>
<Cov CovItemId="S5" Value="6"/>
</CovPrefix>
</CovList>
<AssgnmntList>
<AssgnmntPrefix RootTermCovItemPrefix="counter_esempio.Counter.java">
<AssgnmntListEntry Length="2" RootTermCovItemId="C1">
<MapEntry BoolAssgnmnt="00" Value="6"/>
<MapEntry BoolAssgnmnt="01" Value="1"/>
</AssgnmntListEntry>
</AssgnmntPrefix>
</AssgnmntList>
<ObjMetaDataList/>
<MetaDataList/>
</TestCase>
<TestCase Comment="" Date="1706707434723" Name="randoop.RandoopTest1:test200">
<CovList>
<CovPrefix CovItemPrefix="counter_esempio.Counter.java">
<Cov CovItemId="B1" Value="1"/>
<Cov CovItemId="B2" Value="8"/>
<Cov CovItemId="S1" Value="1"/>
<Cov CovItemId="S2" Value="5"/>
<Cov CovItemId="S3" Value="9"/>
<Cov CovItemId="S4" Value="1"/>
<Cov CovItemId="S5" Value="8"/>
</CovPrefix>
</CovList>
<AssgnmntList>
<AssgnmntPrefix RootTermCovItemPrefix="counter_esempio.Counter.java">
<AssgnmntListEntry Length="2" RootTermCovItemId="C1">
<MapEntry BoolAssgnmnt="00" Value="8"/>
<MapEntry BoolAssgnmnt="01" Value="1"/>
</AssgnmntListEntry>
</AssgnmntPrefix>
</AssgnmntList>
<ObjMetaDataList/>
<MetaDataList/>
</TestCase>
<TestCase Comment="" Date="1706707434723" Name="randoop.RandoopTest1:test201">
<CovList>
<CovPrefix CovItemPrefix="counter_esempio.Counter.java">
<Cov CovItemId="B1" Value="1"/>
<Cov CovItemId="B2" Value="10"/>
<Cov CovItemId="S1" Value="1"/>
<Cov CovItemId="S2" Value="6"/>
<Cov CovItemId="S3" Value="11"/>
<Cov CovItemId="S4" Value="1"/>
<Cov CovItemId="S5" Value="10"/>
</CovPrefix>
</CovList>
<AssgnmntList>
<AssgnmntPrefix RootTermCovItemPrefix="counter_esempio.Counter.java">
<AssgnmntListEntry Length="2" RootTermCovItemId="C1">
<MapEntry BoolAssgnmnt="00" Value="10"/>
<MapEntry BoolAssgnmnt="01" Value="1"/>
</AssgnmntListEntry>
</AssgnmntPrefix>
</AssgnmntList>
<ObjMetaDataList/>
<MetaDataList/>
</TestCase>
<TestCase Comment="" Date="1706707434723" Name="randoop.RandoopTest1:test202">
<CovList>
<CovPrefix CovItemPrefix="counter_esempio.Counter.java">
<Cov CovItemId="B1" Value="1"/>
<Cov CovItemId="B2" Value="6"/>
<Cov CovItemId="S1" Value="1"/>
<Cov CovItemId="S2" Value="10"/>
<Cov CovItemId="S3" Value="7"/>
<Cov CovItemId="S4" Value="1"/>
<Cov CovItemId="S5" Value="6"/>
</CovPrefix>
</CovList>
<AssgnmntList>
<AssgnmntPrefix RootTermCovItemPrefix="counter_esempio.Counter.java">
<AssgnmntListEntry Length="2" RootTermCovItemId="C1">
<MapEntry BoolAssgnmnt="00" Value="6"/>
<MapEntry BoolAssgnmnt="01" Value="1"/>
</AssgnmntListEntry>
</AssgnmntPrefix>
</AssgnmntList>
<ObjMetaDataList/>
<MetaDataList/>
</TestCase>
<TestCase Comment="" Date="1706707434723" Name="randoop.RandoopTest1:test203">
<CovList>
<CovPrefix CovItemPrefix="counter_esempio.Counter.java">
<Cov CovItemId="B1" Value="1"/>
<Cov CovItemId="B2" Value="9"/>
<Cov CovItemId="S1" Value="1"/>
<Cov CovItemId="S2" Value="5"/>
<Cov CovItemId="S3" Value="10"/>
<Cov CovItemId="S4" Value="1"/>
<Cov CovItemId="S5" Value="9"/>
</CovPrefix>
</CovList>
<AssgnmntList>
<AssgnmntPrefix RootTermCovItemPrefix="counter_esempio.Counter.java">
<AssgnmntListEntry Length="2" RootTermCovItemId="C1">
<MapEntry BoolAssgnmnt="00" Value="9"/>
<MapEntry BoolAssgnmnt="01" Value="1"/>
</AssgnmntListEntry>
</AssgnmntPrefix>
</AssgnmntList>
<ObjMetaDataList/>
<MetaDataList/>
</TestCase>
<TestCase Comment="" Date="1706707434723" Name="randoop.RandoopTest1:test204">
<CovList>
<CovPrefix CovItemPrefix="counter_esempio.Counter.java">
<Cov CovItemId="B1" Value="1"/>
<Cov CovItemId="B2" Value="2"/>
<Cov CovItemId="S1" Value="1"/>
<Cov CovItemId="S2" Value="7"/>
<Cov CovItemId="S3" Value="3"/>
<Cov CovItemId="S4" Value="1"/>
<Cov CovItemId="S5" Value="2"/>
</CovPrefix>
</CovList>
<AssgnmntList>
<AssgnmntPrefix RootTermCovItemPrefix="counter_esempio.Counter.java">
<AssgnmntListEntry Length="2" RootTermCovItemId="C1">
<MapEntry BoolAssgnmnt="00" Value="2"/>
<MapEntry BoolAssgnmnt="01" Value="1"/>
</AssgnmntListEntry>
</AssgnmntPrefix>
</AssgnmntList>
<ObjMetaDataList/>
<MetaDataList/>
</TestCase>
<TestCase Comment="" Date="1706707434723" Name="randoop.RandoopTest1:test205">
<CovList>
<CovPrefix CovItemPrefix="counter_esempio.Counter.java">
<Cov CovItemId="B1" Value="1"/>
<Cov CovItemId="B2" Value="3"/>
<Cov CovItemId="S1" Value="1"/>
<Cov CovItemId="S2" Value="11"/>
<Cov CovItemId="S3" Value="4"/>
<Cov CovItemId="S4" Value="1"/>
<Cov CovItemId="S5" Value="3"/>
</CovPrefix>
</CovList>
<AssgnmntList>
<AssgnmntPrefix RootTermCovItemPrefix="counter_esempio.Counter.java">
<AssgnmntListEntry Length="2" RootTermCovItemId="C1">
<MapEntry BoolAssgnmnt="00" Value="3"/>
<MapEntry BoolAssgnmnt="01" Value="1"/>
</AssgnmntListEntry>
</AssgnmntPrefix>
</AssgnmntList>
<ObjMetaDataList/>
<MetaDataList/>
</TestCase>
<TestCase Comment="" Date="1706707434723" Name="randoop.RandoopTest1:test206">
<CovList>
<CovPrefix CovItemPrefix="counter_esempio.Counter.java">
<Cov CovItemId="B1" Value="1"/>
<Cov CovItemId="B2" Value="7"/>
<Cov CovItemId="S1" Value="1"/>
<Cov CovItemId="S2" Value="12"/>
<Cov CovItemId="S3" Value="8"/>
<Cov CovItemId="S4" Value="1"/>
<Cov CovItemId="S5" Value="7"/>
</CovPrefix>
</CovList>
<AssgnmntList>
<AssgnmntPrefix RootTermCovItemPrefix="counter_esempio.Counter.java">
<AssgnmntListEntry Length="2" RootTermCovItemId="C1">
<MapEntry BoolAssgnmnt="00" Value="7"/>
<MapEntry BoolAssgnmnt="01" Value="1"/>
</AssgnmntListEntry>
</AssgnmntPrefix>
</AssgnmntList>
<ObjMetaDataList/>
<MetaDataList/>
</TestCase>
<TestCase Comment="" Date="1706707434723" Name="randoop.RandoopTest1:test207">
<CovList>
<CovPrefix CovItemPrefix="counter_esempio.Counter.java">
<Cov CovItemId="B1" Value="1"/>
<Cov CovItemId="B2" Value="10"/>
<Cov CovItemId="S1" Value="1"/>
<Cov CovItemId="S2" Value="6"/>
<Cov CovItemId="S3" Value="11"/>
<Cov CovItemId="S4" Value="1"/>
<Cov CovItemId="S5" Value="10"/>
</CovPrefix>
</CovList>
<AssgnmntList>
<AssgnmntPrefix RootTermCovItemPrefix="counter_esempio.Counter.java">
<AssgnmntListEntry Length="2" RootTermCovItemId="C1">
<MapEntry BoolAssgnmnt="00" Value="10"/>
<MapEntry BoolAssgnmnt="01" Value="1"/>
</AssgnmntListEntry>
</AssgnmntPrefix>
</AssgnmntList>
<ObjMetaDataList/>
<MetaDataList/>
</TestCase>
<TestCase Comment="" Date="1706707434738" Name="randoop.RandoopTest1:test208">
<CovList>
<CovPrefix CovItemPrefix="counter_esempio.Counter.java">
<Cov CovItemId="B1" Value="1"/>
<Cov CovItemId="B2" Value="5"/>
<Cov CovItemId="S1" Value="1"/>
<Cov CovItemId="S2" Value="10"/>
<Cov CovItemId="S3" Value="6"/>
<Cov CovItemId="S4" Value="1"/>
<Cov CovItemId="S5" Value="5"/>
</CovPrefix>
</CovList>
<AssgnmntList>
<AssgnmntPrefix RootTermCovItemPrefix="counter_esempio.Counter.java">
<AssgnmntListEntry Length="2" RootTermCovItemId="C1">
<MapEntry BoolAssgnmnt="00" Value="5"/>
<MapEntry BoolAssgnmnt="01" Value="1"/>
</AssgnmntListEntry>
</AssgnmntPrefix>
</AssgnmntList>
<ObjMetaDataList/>
<MetaDataList/>
</TestCase>
<TestCase Comment="" Date="1706707434738" Name="randoop.RandoopTest1:test209">
<CovList>
<CovPrefix CovItemPrefix="counter_esempio.Counter.java">
<Cov CovItemId="B1" Value="1"/>
<Cov CovItemId="B2" Value="9"/>
<Cov CovItemId="S1" Value="1"/>
<Cov CovItemId="S2" Value="4"/>
<Cov CovItemId="S3" Value="10"/>
<Cov CovItemId="S4" Value="1"/>
<Cov CovItemId="S5" Value="9"/>
</CovPrefix>
</CovList>
<AssgnmntList>
<AssgnmntPrefix RootTermCovItemPrefix="counter_esempio.Counter.java">
<AssgnmntListEntry Length="2" RootTermCovItemId="C1">
<MapEntry BoolAssgnmnt="00" Value="9"/>
<MapEntry BoolAssgnmnt="01" Value="1"/>
</AssgnmntListEntry>
</AssgnmntPrefix>
</AssgnmntList>
<ObjMetaDataList/>
<MetaDataList/>
</TestCase>
<TestCase Comment="" Date="1706707434738" Name="randoop.RandoopTest1:test210">
<CovList>
<CovPrefix CovItemPrefix="counter_esempio.Counter.java">
<Cov CovItemId="B1" Value="1"/>
<Cov CovItemId="B2" Value="5"/>
<Cov CovItemId="S1" Value="1"/>
<Cov CovItemId="S2" Value="4"/>
<Cov CovItemId="S3" Value="6"/>
<Cov CovItemId="S4" Value="1"/>
<Cov CovItemId="S5" Value="5"/>
</CovPrefix>
</CovList>
<AssgnmntList>
<AssgnmntPrefix RootTermCovItemPrefix="counter_esempio.Counter.java">
<AssgnmntListEntry Length="2" RootTermCovItemId="C1">
<MapEntry BoolAssgnmnt="00" Value="5"/>
<MapEntry BoolAssgnmnt="01" Value="1"/>
</AssgnmntListEntry>
</AssgnmntPrefix>
</AssgnmntList>
<ObjMetaDataList/>
<MetaDataList/>
</TestCase>
<TestCase Comment="" Date="1706707434738" Name="randoop.RandoopTest1:test211">
<CovList>
<CovPrefix CovItemPrefix="counter_esempio.Counter.java">
<Cov CovItemId="B1" Value="1"/>
<Cov CovItemId="B2" Value="8"/>
<Cov CovItemId="S1" Value="1"/>
<Cov CovItemId="S2" Value="9"/>
<Cov CovItemId="S3" Value="9"/>
<Cov CovItemId="S4" Value="1"/>
<Cov CovItemId="S5" Value="8"/>
</CovPrefix>
</CovList>
<AssgnmntList>
<AssgnmntPrefix RootTermCovItemPrefix="counter_esempio.Counter.java">
<AssgnmntListEntry Length="2" RootTermCovItemId="C1">
<MapEntry BoolAssgnmnt="00" Value="8"/>
<MapEntry BoolAssgnmnt="01" Value="1"/>
</AssgnmntListEntry>
</AssgnmntPrefix>
</AssgnmntList>
<ObjMetaDataList/>
<MetaDataList/>
</TestCase>
<TestCase Comment="" Date="1706707434738" Name="randoop.RandoopTest1:test212">
<CovList>
<CovPrefix CovItemPrefix="counter_esempio.Counter.java">
<Cov CovItemId="B1" Value="1"/>
<Cov CovItemId="B2" Value="5"/>
<Cov CovItemId="S1" Value="1"/>
<Cov CovItemId="S2" Value="9"/>
<Cov CovItemId="S3" Value="6"/>
<Cov CovItemId="S4" Value="1"/>
<Cov CovItemId="S5" Value="5"/>
</CovPrefix>
</CovList>
<AssgnmntList>
<AssgnmntPrefix RootTermCovItemPrefix="counter_esempio.Counter.java">
<AssgnmntListEntry Length="2" RootTermCovItemId="C1">
<MapEntry BoolAssgnmnt="00" Value="5"/>
<MapEntry BoolAssgnmnt="01" Value="1"/>
</AssgnmntListEntry>
</AssgnmntPrefix>
</AssgnmntList>
<ObjMetaDataList/>
<MetaDataList/>
</TestCase>
<TestCase Comment="" Date="1706707434738" Name="randoop.RandoopTest1:test213">
<CovList>
<CovPrefix CovItemPrefix="counter_esempio.Counter.java">
<Cov CovItemId="B1" Value="1"/>
<Cov CovItemId="B2" Value="7"/>
<Cov CovItemId="S1" Value="1"/>
<Cov CovItemId="S2" Value="4"/>
<Cov CovItemId="S3" Value="8"/>
<Cov CovItemId="S4" Value="1"/>
<Cov CovItemId="S5" Value="7"/>
</CovPrefix>
</CovList>
<AssgnmntList>
<AssgnmntPrefix RootTermCovItemPrefix="counter_esempio.Counter.java">
<AssgnmntListEntry Length="2" RootTermCovItemId="C1">
<MapEntry BoolAssgnmnt="00" Value="7"/>
<MapEntry BoolAssgnmnt="01" Value="1"/>
</AssgnmntListEntry>
</AssgnmntPrefix>
</AssgnmntList>
<ObjMetaDataList/>
<MetaDataList/>
</TestCase>
<TestCase Comment="" Date="1706707434738" Name="randoop.RandoopTest1:test214">
<CovList>
<CovPrefix CovItemPrefix="counter_esempio.Counter.java">
<Cov CovItemId="B1" Value="1"/>
<Cov CovItemId="B2" Value="3"/>
<Cov CovItemId="S1" Value="1"/>
<Cov CovItemId="S2" Value="4"/>
<Cov CovItemId="S3" Value="4"/>
<Cov CovItemId="S4" Value="1"/>
<Cov CovItemId="S5" Value="3"/>
</CovPrefix>
</CovList>
<AssgnmntList>
<AssgnmntPrefix RootTermCovItemPrefix="counter_esempio.Counter.java">
<AssgnmntListEntry Length="2" RootTermCovItemId="C1">
<MapEntry BoolAssgnmnt="00" Value="3"/>
<MapEntry BoolAssgnmnt="01" Value="1"/>
</AssgnmntListEntry>
</AssgnmntPrefix>
</AssgnmntList>
<ObjMetaDataList/>
<MetaDataList/>
</TestCase>
<TestCase Comment="" Date="1706707434738" Name="randoop.RandoopTest1:test215">
<CovList>
<CovPrefix CovItemPrefix="counter_esempio.Counter.java">
<Cov CovItemId="B1" Value="1"/>
<Cov CovItemId="B2" Value="6"/>
<Cov CovItemId="S1" Value="1"/>
<Cov CovItemId="S2" Value="3"/>
<Cov CovItemId="S3" Value="7"/>
<Cov CovItemId="S4" Value="1"/>
<Cov CovItemId="S5" Value="6"/>
</CovPrefix>
</CovList>
<AssgnmntList>
<AssgnmntPrefix RootTermCovItemPrefix="counter_esempio.Counter.java">
<AssgnmntListEntry Length="2" RootTermCovItemId="C1">
<MapEntry BoolAssgnmnt="00" Value="6"/>
<MapEntry BoolAssgnmnt="01" Value="1"/>
</AssgnmntListEntry>
</AssgnmntPrefix>
</AssgnmntList>
<ObjMetaDataList/>
<MetaDataList/>
</TestCase>
<TestCase Comment="" Date="1706707434738" Name="randoop.RandoopTest1:test216">
<CovList>
<CovPrefix CovItemPrefix="counter_esempio.Counter.java">
<Cov CovItemId="B1" Value="1"/>
<Cov CovItemId="B2" Value="6"/>
<Cov CovItemId="S1" Value="1"/>
<Cov CovItemId="S2" Value="9"/>
<Cov CovItemId="S3" Value="7"/>
<Cov CovItemId="S4" Value="1"/>
<Cov CovItemId="S5" Value="6"/>
</CovPrefix>
</CovList>
<AssgnmntList>
<AssgnmntPrefix RootTermCovItemPrefix="counter_esempio.Counter.java">
<AssgnmntListEntry Length="2" RootTermCovItemId="C1">
<MapEntry BoolAssgnmnt="00" Value="6"/>
<MapEntry BoolAssgnmnt="01" Value="1"/>
</AssgnmntListEntry>
</AssgnmntPrefix>
</AssgnmntList>
<ObjMetaDataList/>
<MetaDataList/>
</TestCase>
<TestCase Comment="" Date="1706707434738" Name="randoop.RandoopTest1:test217">
<CovList>
<CovPrefix CovItemPrefix="counter_esempio.Counter.java">
<Cov CovItemId="B1" Value="1"/>
<Cov CovItemId="B2" Value="3"/>
<Cov CovItemId="S1" Value="1"/>
<Cov CovItemId="S2" Value="5"/>
<Cov CovItemId="S3" Value="4"/>
<Cov CovItemId="S4" Value="1"/>
<Cov CovItemId="S5" Value="3"/>
</CovPrefix>
</CovList>
<AssgnmntList>
<AssgnmntPrefix RootTermCovItemPrefix="counter_esempio.Counter.java">
<AssgnmntListEntry Length="2" RootTermCovItemId="C1">
<MapEntry BoolAssgnmnt="00" Value="3"/>
<MapEntry BoolAssgnmnt="01" Value="1"/>
</AssgnmntListEntry>
</AssgnmntPrefix>
</AssgnmntList>
<ObjMetaDataList/>
<MetaDataList/>
</TestCase>
<TestCase Comment="" Date="1706707434738" Name="randoop.RandoopTest1:test218">
<CovList>
<CovPrefix CovItemPrefix="counter_esempio.Counter.java">
<Cov CovItemId="B1" Value="1"/>
<Cov CovItemId="B2" Value="8"/>
<Cov CovItemId="S1" Value="1"/>
<Cov CovItemId="S2" Value="10"/>
<Cov CovItemId="S3" Value="9"/>
<Cov CovItemId="S4" Value="1"/>
<Cov CovItemId="S5" Value="8"/>
</CovPrefix>
</CovList>
<AssgnmntList>
<AssgnmntPrefix RootTermCovItemPrefix="counter_esempio.Counter.java">
<AssgnmntListEntry Length="2" RootTermCovItemId="C1">
<MapEntry BoolAssgnmnt="00" Value="8"/>
<MapEntry BoolAssgnmnt="01" Value="1"/>
</AssgnmntListEntry>
</AssgnmntPrefix>
</AssgnmntList>
<ObjMetaDataList/>
<MetaDataList/>
</TestCase>
<TestCase Comment="" Date="1706707434738" Name="randoop.RandoopTest1:test219">
<CovList>
<CovPrefix CovItemPrefix="counter_esempio.Counter.java">
<Cov CovItemId="B1" Value="1"/>
<Cov CovItemId="B2" Value="10"/>
<Cov CovItemId="S1" Value="1"/>
<Cov CovItemId="S2" Value="7"/>
<Cov CovItemId="S3" Value="11"/>
<Cov CovItemId="S4" Value="1"/>
<Cov CovItemId="S5" Value="10"/>
</CovPrefix>
</CovList>
<AssgnmntList>
<AssgnmntPrefix RootTermCovItemPrefix="counter_esempio.Counter.java">
<AssgnmntListEntry Length="2" RootTermCovItemId="C1">
<MapEntry BoolAssgnmnt="00" Value="10"/>
<MapEntry BoolAssgnmnt="01" Value="1"/>
</AssgnmntListEntry>
</AssgnmntPrefix>
</AssgnmntList>
<ObjMetaDataList/>
<MetaDataList/>
</TestCase>
<TestCase Comment="" Date="1706707434738" Name="randoop.RandoopTest1:test220">
<CovList>
<CovPrefix CovItemPrefix="counter_esempio.Counter.java">
<Cov CovItemId="B1" Value="1"/>
<Cov CovItemId="B2" Value="5"/>
<Cov CovItemId="S1" Value="1"/>
<Cov CovItemId="S2" Value="8"/>
<Cov CovItemId="S3" Value="6"/>
<Cov CovItemId="S4" Value="1"/>
<Cov CovItemId="S5" Value="5"/>
</CovPrefix>
</CovList>
<AssgnmntList>
<AssgnmntPrefix RootTermCovItemPrefix="counter_esempio.Counter.java">
<AssgnmntListEntry Length="2" RootTermCovItemId="C1">
<MapEntry BoolAssgnmnt="00" Value="5"/>
<MapEntry BoolAssgnmnt="01" Value="1"/>
</AssgnmntListEntry>
</AssgnmntPrefix>
</AssgnmntList>
<ObjMetaDataList/>
<MetaDataList/>
</TestCase>
<TestCase Comment="" Date="1706707434738" Name="randoop.RandoopTest1:test221">
<CovList>
<CovPrefix CovItemPrefix="counter_esempio.Counter.java">
<Cov CovItemId="B1" Value="1"/>
<Cov CovItemId="B2" Value="9"/>
<Cov CovItemId="S1" Value="1"/>
<Cov CovItemId="S2" Value="10"/>
<Cov CovItemId="S3" Value="10"/>
<Cov CovItemId="S4" Value="1"/>
<Cov CovItemId="S5" Value="9"/>
</CovPrefix>
</CovList>
<AssgnmntList>
<AssgnmntPrefix RootTermCovItemPrefix="counter_esempio.Counter.java">
<AssgnmntListEntry Length="2" RootTermCovItemId="C1">
<MapEntry BoolAssgnmnt="00" Value="9"/>
<MapEntry BoolAssgnmnt="01" Value="1"/>
</AssgnmntListEntry>
</AssgnmntPrefix>
</AssgnmntList>
<ObjMetaDataList/>
<MetaDataList/>
</TestCase>
<TestCase Comment="" Date="1706707434738" Name="randoop.RandoopTest1:test222">
<CovList>
<CovPrefix CovItemPrefix="counter_esempio.Counter.java">
<Cov CovItemId="B1" Value="1"/>
<Cov CovItemId="B2" Value="5"/>
<Cov CovItemId="S1" Value="1"/>
<Cov CovItemId="S2" Value="11"/>
<Cov CovItemId="S3" Value="6"/>
<Cov CovItemId="S4" Value="1"/>
<Cov CovItemId="S5" Value="5"/>
</CovPrefix>
</CovList>
<AssgnmntList>
<AssgnmntPrefix RootTermCovItemPrefix="counter_esempio.Counter.java">
<AssgnmntListEntry Length="2" RootTermCovItemId="C1">
<MapEntry BoolAssgnmnt="00" Value="5"/>
<MapEntry BoolAssgnmnt="01" Value="1"/>
</AssgnmntListEntry>
</AssgnmntPrefix>
</AssgnmntList>
<ObjMetaDataList/>
<MetaDataList/>
</TestCase>
<TestCase Comment="" Date="1706707434738" Name="randoop.RandoopTest1:test223">
<CovList>
<CovPrefix CovItemPrefix="counter_esempio.Counter.java">
<Cov CovItemId="B1" Value="1"/>
<Cov CovItemId="B2" Value="6"/>
<Cov CovItemId="S1" Value="1"/>
<Cov CovItemId="S2" Value="6"/>
<Cov CovItemId="S3" Value="7"/>
<Cov CovItemId="S4" Value="1"/>
<Cov CovItemId="S5" Value="6"/>
</CovPrefix>
</CovList>
<AssgnmntList>
<AssgnmntPrefix RootTermCovItemPrefix="counter_esempio.Counter.java">
<AssgnmntListEntry Length="2" RootTermCovItemId="C1">
<MapEntry BoolAssgnmnt="00" Value="6"/>
<MapEntry BoolAssgnmnt="01" Value="1"/>
</AssgnmntListEntry>
</AssgnmntPrefix>
</AssgnmntList>
<ObjMetaDataList/>
<MetaDataList/>
</TestCase>
<TestCase Comment="" Date="1706707434738" Name="randoop.RandoopTest1:test224">
<CovList>
<CovPrefix CovItemPrefix="counter_esempio.Counter.java">
<Cov CovItemId="B1" Value="1"/>
<Cov CovItemId="B2" Value="10"/>
<Cov CovItemId="S1" Value="1"/>
<Cov CovItemId="S2" Value="9"/>
<Cov CovItemId="S3" Value="11"/>
<Cov CovItemId="S4" Value="1"/>
<Cov CovItemId="S5" Value="10"/>
</CovPrefix>
</CovList>
<AssgnmntList>
<AssgnmntPrefix RootTermCovItemPrefix="counter_esempio.Counter.java">
<AssgnmntListEntry Length="2" RootTermCovItemId="C1">
<MapEntry BoolAssgnmnt="00" Value="10"/>
<MapEntry BoolAssgnmnt="01" Value="1"/>
</AssgnmntListEntry>
</AssgnmntPrefix>
</AssgnmntList>
<ObjMetaDataList/>
<MetaDataList/>
</TestCase>
<TestCase Comment="" Date="1706707434738" Name="randoop.RandoopTest1:test225">
<CovList>
<CovPrefix CovItemPrefix="counter_esempio.Counter.java">
<Cov CovItemId="B1" Value="1"/>
<Cov CovItemId="B2" Value="10"/>
<Cov CovItemId="S1" Value="1"/>
<Cov CovItemId="S2" Value="4"/>
<Cov CovItemId="S3" Value="11"/>
<Cov CovItemId="S4" Value="1"/>
<Cov CovItemId="S5" Value="10"/>
</CovPrefix>
</CovList>
<AssgnmntList>
<AssgnmntPrefix RootTermCovItemPrefix="counter_esempio.Counter.java">
<AssgnmntListEntry Length="2" RootTermCovItemId="C1">
<MapEntry BoolAssgnmnt="00" Value="10"/>
<MapEntry BoolAssgnmnt="01" Value="1"/>
</AssgnmntListEntry>
</AssgnmntPrefix>
</AssgnmntList>
<ObjMetaDataList/>
<MetaDataList/>
</TestCase>
<TestCase Comment="" Date="1706707434738" Name="randoop.RandoopTest1:test226">
<CovList>
<CovPrefix CovItemPrefix="counter_esempio.Counter.java">
<Cov CovItemId="B1" Value="1"/>
<Cov CovItemId="B2" Value="5"/>
<Cov CovItemId="S1" Value="1"/>
<Cov CovItemId="S2" Value="7"/>
<Cov CovItemId="S3" Value="6"/>
<Cov CovItemId="S4" Value="1"/>
<Cov CovItemId="S5" Value="5"/>
</CovPrefix>
</CovList>
<AssgnmntList>
<AssgnmntPrefix RootTermCovItemPrefix="counter_esempio.Counter.java">
<AssgnmntListEntry Length="2" RootTermCovItemId="C1">
<MapEntry BoolAssgnmnt="00" Value="5"/>
<MapEntry BoolAssgnmnt="01" Value="1"/>
</AssgnmntListEntry>
</AssgnmntPrefix>
</AssgnmntList>
<ObjMetaDataList/>
<MetaDataList/>
</TestCase>
<TestCase Comment="" Date="1706707434738" Name="randoop.RandoopTest1:test227">
<CovList>
<CovPrefix CovItemPrefix="counter_esempio.Counter.java">
<Cov CovItemId="B1" Value="1"/>
<Cov CovItemId="B2" Value="3"/>
<Cov CovItemId="S1" Value="1"/>
<Cov CovItemId="S2" Value="9"/>
<Cov CovItemId="S3" Value="4"/>
<Cov CovItemId="S4" Value="1"/>
<Cov CovItemId="S5" Value="3"/>
</CovPrefix>
</CovList>
<AssgnmntList>
<AssgnmntPrefix RootTermCovItemPrefix="counter_esempio.Counter.java">
<AssgnmntListEntry Length="2" RootTermCovItemId="C1">
<MapEntry BoolAssgnmnt="00" Value="3"/>
<MapEntry BoolAssgnmnt="01" Value="1"/>
</AssgnmntListEntry>
</AssgnmntPrefix>
</AssgnmntList>
<ObjMetaDataList/>
<MetaDataList/>
</TestCase>
<TestCase Comment="" Date="1706707434738" Name="randoop.RandoopTest1:test228">
<CovList>
<CovPrefix CovItemPrefix="counter_esempio.Counter.java">
<Cov CovItemId="B1" Value="1"/>
<Cov CovItemId="B2" Value="6"/>
<Cov CovItemId="S1" Value="1"/>
<Cov CovItemId="S2" Value="4"/>
<Cov CovItemId="S3" Value="7"/>
<Cov CovItemId="S4" Value="1"/>
<Cov CovItemId="S5" Value="6"/>
</CovPrefix>
</CovList>
<AssgnmntList>
<AssgnmntPrefix RootTermCovItemPrefix="counter_esempio.Counter.java">
<AssgnmntListEntry Length="2" RootTermCovItemId="C1">
<MapEntry BoolAssgnmnt="00" Value="6"/>
<MapEntry BoolAssgnmnt="01" Value="1"/>
</AssgnmntListEntry>
</AssgnmntPrefix>
</AssgnmntList>
<ObjMetaDataList/>
<MetaDataList/>
</TestCase>
<TestCase Comment="" Date="1706707434738" Name="randoop.RandoopTest1:test229">
<CovList>
<CovPrefix CovItemPrefix="counter_esempio.Counter.java">
<Cov CovItemId="B1" Value="1"/>
<Cov CovItemId="B2" Value="3"/>
<Cov CovItemId="S1" Value="1"/>
<Cov CovItemId="S2" Value="9"/>
<Cov CovItemId="S3" Value="4"/>
<Cov CovItemId="S4" Value="1"/>
<Cov CovItemId="S5" Value="3"/>
</CovPrefix>
</CovList>
<AssgnmntList>
<AssgnmntPrefix RootTermCovItemPrefix="counter_esempio.Counter.java">
<AssgnmntListEntry Length="2" RootTermCovItemId="C1">
<MapEntry BoolAssgnmnt="00" Value="3"/>
<MapEntry BoolAssgnmnt="01" Value="1"/>
</AssgnmntListEntry>
</AssgnmntPrefix>
</AssgnmntList>
<ObjMetaDataList/>
<MetaDataList/>
</TestCase>
<TestCase Comment="" Date="1706707434738" Name="randoop.RandoopTest1:test230">
<CovList>
<CovPrefix CovItemPrefix="counter_esempio.Counter.java">
<Cov CovItemId="B1" Value="1"/>
<Cov CovItemId="B2" Value="6"/>
<Cov CovItemId="S1" Value="1"/>
<Cov CovItemId="S2" Value="10"/>
<Cov CovItemId="S3" Value="7"/>
<Cov CovItemId="S4" Value="1"/>
<Cov CovItemId="S5" Value="6"/>
</CovPrefix>
</CovList>
<AssgnmntList>
<AssgnmntPrefix RootTermCovItemPrefix="counter_esempio.Counter.java">
<AssgnmntListEntry Length="2" RootTermCovItemId="C1">
<MapEntry BoolAssgnmnt="00" Value="6"/>
<MapEntry BoolAssgnmnt="01" Value="1"/>
</AssgnmntListEntry>
</AssgnmntPrefix>
</AssgnmntList>
<ObjMetaDataList/>
<MetaDataList/>
</TestCase>
<TestCase Comment="" Date="1706707434738" Name="randoop.RandoopTest1:test231">
<CovList>
<CovPrefix CovItemPrefix="counter_esempio.Counter.java">
<Cov CovItemId="B1" Value="1"/>
<Cov CovItemId="B2" Value="9"/>
<Cov CovItemId="S1" Value="1"/>
<Cov CovItemId="S2" Value="7"/>
<Cov CovItemId="S3" Value="10"/>
<Cov CovItemId="S4" Value="1"/>
<Cov CovItemId="S5" Value="9"/>
</CovPrefix>
</CovList>
<AssgnmntList>
<AssgnmntPrefix RootTermCovItemPrefix="counter_esempio.Counter.java">
<AssgnmntListEntry Length="2" RootTermCovItemId="C1">
<MapEntry BoolAssgnmnt="00" Value="9"/>
<MapEntry BoolAssgnmnt="01" Value="1"/>
</AssgnmntListEntry>
</AssgnmntPrefix>
</AssgnmntList>
<ObjMetaDataList/>
<MetaDataList/>
</TestCase>
<TestCase Comment="" Date="1706707434738" Name="randoop.RandoopTest1:test232">
<CovList>
<CovPrefix CovItemPrefix="counter_esempio.Counter.java">
<Cov CovItemId="B1" Value="1"/>
<Cov CovItemId="B2" Value="2"/>
<Cov CovItemId="S1" Value="1"/>
<Cov CovItemId="S2" Value="6"/>
<Cov CovItemId="S3" Value="3"/>
<Cov CovItemId="S4" Value="1"/>
<Cov CovItemId="S5" Value="2"/>
</CovPrefix>
</CovList>
<AssgnmntList>
<AssgnmntPrefix RootTermCovItemPrefix="counter_esempio.Counter.java">
<AssgnmntListEntry Length="2" RootTermCovItemId="C1">
<MapEntry BoolAssgnmnt="00" Value="2"/>
<MapEntry BoolAssgnmnt="01" Value="1"/>
</AssgnmntListEntry>
</AssgnmntPrefix>
</AssgnmntList>
<ObjMetaDataList/>
<MetaDataList/>
</TestCase>
<TestCase Comment="" Date="1706707434738" Name="randoop.RandoopTest1:test233">
<CovList>
<CovPrefix CovItemPrefix="counter_esempio.Counter.java">
<Cov CovItemId="B1" Value="1"/>
<Cov CovItemId="B2" Value="7"/>
<Cov CovItemId="S1" Value="1"/>
<Cov CovItemId="S2" Value="10"/>
<Cov CovItemId="S3" Value="8"/>
<Cov CovItemId="S4" Value="1"/>
<Cov CovItemId="S5" Value="7"/>
</CovPrefix>
</CovList>
<AssgnmntList>
<AssgnmntPrefix RootTermCovItemPrefix="counter_esempio.Counter.java">
<AssgnmntListEntry Length="2" RootTermCovItemId="C1">
<MapEntry BoolAssgnmnt="00" Value="7"/>
<MapEntry BoolAssgnmnt="01" Value="1"/>
</AssgnmntListEntry>
</AssgnmntPrefix>
</AssgnmntList>
<ObjMetaDataList/>
<MetaDataList/>
</TestCase>
<TestCase Comment="" Date="1706707434738" Name="randoop.RandoopTest1:test234">
<CovList>
<CovPrefix CovItemPrefix="counter_esempio.Counter.java">
<Cov CovItemId="B1" Value="1"/>
<Cov CovItemId="B2" Value="6"/>
<Cov CovItemId="S1" Value="1"/>
<Cov CovItemId="S2" Value="5"/>
<Cov CovItemId="S3" Value="7"/>
<Cov CovItemId="S4" Value="1"/>
<Cov CovItemId="S5" Value="6"/>
</CovPrefix>
</CovList>
<AssgnmntList>
<AssgnmntPrefix RootTermCovItemPrefix="counter_esempio.Counter.java">
<AssgnmntListEntry Length="2" RootTermCovItemId="C1">
<MapEntry BoolAssgnmnt="00" Value="6"/>
<MapEntry BoolAssgnmnt="01" Value="1"/>
</AssgnmntListEntry>
</AssgnmntPrefix>
</AssgnmntList>
<ObjMetaDataList/>
<MetaDataList/>
</TestCase>
<TestCase Comment="" Date="1706707434738" Name="randoop.RandoopTest1:test235">
<CovList>
<CovPrefix CovItemPrefix="counter_esempio.Counter.java">
<Cov CovItemId="B1" Value="1"/>
<Cov CovItemId="B2" Value="4"/>
<Cov CovItemId="S1" Value="1"/>
<Cov CovItemId="S2" Value="8"/>
<Cov CovItemId="S3" Value="5"/>
<Cov CovItemId="S4" Value="1"/>
<Cov CovItemId="S5" Value="4"/>
</CovPrefix>
</CovList>
<AssgnmntList>
<AssgnmntPrefix RootTermCovItemPrefix="counter_esempio.Counter.java">
<AssgnmntListEntry Length="2" RootTermCovItemId="C1">
<MapEntry BoolAssgnmnt="00" Value="4"/>
<MapEntry BoolAssgnmnt="01" Value="1"/>
</AssgnmntListEntry>
</AssgnmntPrefix>
</AssgnmntList>
<ObjMetaDataList/>
<MetaDataList/>
</TestCase>
<TestCase Comment="" Date="1706707434738" Name="randoop.RandoopTest1:test236">
<CovList>
<CovPrefix CovItemPrefix="counter_esempio.Counter.java">
<Cov CovItemId="B1" Value="1"/>
<Cov CovItemId="B2" Value="6"/>
<Cov CovItemId="S1" Value="1"/>
<Cov CovItemId="S2" Value="13"/>
<Cov CovItemId="S3" Value="7"/>
<Cov CovItemId="S4" Value="1"/>
<Cov CovItemId="S5" Value="6"/>
</CovPrefix>
</CovList>
<AssgnmntList>
<AssgnmntPrefix RootTermCovItemPrefix="counter_esempio.Counter.java">
<AssgnmntListEntry Length="2" RootTermCovItemId="C1">
<MapEntry BoolAssgnmnt="00" Value="6"/>
<MapEntry BoolAssgnmnt="01" Value="1"/>
</AssgnmntListEntry>
</AssgnmntPrefix>
</AssgnmntList>
<ObjMetaDataList/>
<MetaDataList/>
</TestCase>
<TestCase Comment="" Date="1706707434738" Name="randoop.RandoopTest1:test237">
<CovList>
<CovPrefix CovItemPrefix="counter_esempio.Counter.java">
<Cov CovItemId="B1" Value="1"/>
<Cov CovItemId="B2" Value="4"/>
<Cov CovItemId="S1" Value="1"/>
<Cov CovItemId="S2" Value="10"/>
<Cov CovItemId="S3" Value="5"/>
<Cov CovItemId="S4" Value="1"/>
<Cov CovItemId="S5" Value="4"/>
</CovPrefix>
</CovList>
<AssgnmntList>
<AssgnmntPrefix RootTermCovItemPrefix="counter_esempio.Counter.java">
<AssgnmntListEntry Length="2" RootTermCovItemId="C1">
<MapEntry BoolAssgnmnt="00" Value="4"/>
<MapEntry BoolAssgnmnt="01" Value="1"/>
</AssgnmntListEntry>
</AssgnmntPrefix>
</AssgnmntList>
<ObjMetaDataList/>
<MetaDataList/>
</TestCase>
<TestCase Comment="" Date="1706707434738" Name="randoop.RandoopTest1:test238">
<CovList>
<CovPrefix CovItemPrefix="counter_esempio.Counter.java">
<Cov CovItemId="B1" Value="1"/>
<Cov CovItemId="B2" Value="5"/>
<Cov CovItemId="S1" Value="1"/>
<Cov CovItemId="S2" Value="11"/>
<Cov CovItemId="S3" Value="6"/>
<Cov CovItemId="S4" Value="1"/>
<Cov CovItemId="S5" Value="5"/>
</CovPrefix>
</CovList>
<AssgnmntList>
<AssgnmntPrefix RootTermCovItemPrefix="counter_esempio.Counter.java">
<AssgnmntListEntry Length="2" RootTermCovItemId="C1">
<MapEntry BoolAssgnmnt="00" Value="5"/>
<MapEntry BoolAssgnmnt="01" Value="1"/>
</AssgnmntListEntry>
</AssgnmntPrefix>
</AssgnmntList>
<ObjMetaDataList/>
<MetaDataList/>
</TestCase>
<TestCase Comment="" Date="1706707434738" Name="randoop.RandoopTest1:test239">
<CovList>
<CovPrefix CovItemPrefix="counter_esempio.Counter.java">
<Cov CovItemId="B1" Value="1"/>
<Cov CovItemId="B2" Value="7"/>
<Cov CovItemId="S1" Value="1"/>
<Cov CovItemId="S2" Value="10"/>
<Cov CovItemId="S3" Value="8"/>
<Cov CovItemId="S4" Value="1"/>
<Cov CovItemId="S5" Value="7"/>
</CovPrefix>
</CovList>
<AssgnmntList>
<AssgnmntPrefix RootTermCovItemPrefix="counter_esempio.Counter.java">
<AssgnmntListEntry Length="2" RootTermCovItemId="C1">
<MapEntry BoolAssgnmnt="00" Value="7"/>
<MapEntry BoolAssgnmnt="01" Value="1"/>
</AssgnmntListEntry>
</AssgnmntPrefix>
</AssgnmntList>
<ObjMetaDataList/>
<MetaDataList/>
</TestCase>
<TestCase Comment="" Date="1706707434738" Name="randoop.RandoopTest1:test240">
<CovList>
<CovPrefix CovItemPrefix="counter_esempio.Counter.java">
<Cov CovItemId="B1" Value="1"/>
<Cov CovItemId="B2" Value="2"/>
<Cov CovItemId="S1" Value="1"/>
<Cov CovItemId="S2" Value="6"/>
<Cov CovItemId="S3" Value="3"/>
<Cov CovItemId="S4" Value="1"/>
<Cov CovItemId="S5" Value="2"/>
</CovPrefix>
</CovList>
<AssgnmntList>
<AssgnmntPrefix RootTermCovItemPrefix="counter_esempio.Counter.java">
<AssgnmntListEntry Length="2" RootTermCovItemId="C1">
<MapEntry BoolAssgnmnt="00" Value="2"/>
<MapEntry BoolAssgnmnt="01" Value="1"/>
</AssgnmntListEntry>
</AssgnmntPrefix>
</AssgnmntList>
<ObjMetaDataList/>
<MetaDataList/>
</TestCase>
<TestCase Comment="" Date="1706707434738" Name="randoop.RandoopTest1:test241">
<CovList>
<CovPrefix CovItemPrefix="counter_esempio.Counter.java">
<Cov CovItemId="B1" Value="1"/>
<Cov CovItemId="B2" Value="7"/>
<Cov CovItemId="S1" Value="1"/>
<Cov CovItemId="S2" Value="4"/>
<Cov CovItemId="S3" Value="8"/>
<Cov CovItemId="S4" Value="1"/>
<Cov CovItemId="S5" Value="7"/>
</CovPrefix>
</CovList>
<AssgnmntList>
<AssgnmntPrefix RootTermCovItemPrefix="counter_esempio.Counter.java">
<AssgnmntListEntry Length="2" RootTermCovItemId="C1">
<MapEntry BoolAssgnmnt="00" Value="7"/>
<MapEntry BoolAssgnmnt="01" Value="1"/>
</AssgnmntListEntry>
</AssgnmntPrefix>
</AssgnmntList>
<ObjMetaDataList/>
<MetaDataList/>
</TestCase>
<TestCase Comment="" Date="1706707434738" Name="randoop.RandoopTest1:test242">
<CovList>
<CovPrefix CovItemPrefix="counter_esempio.Counter.java">
<Cov CovItemId="B1" Value="1"/>
<Cov CovItemId="B2" Value="6"/>
<Cov CovItemId="S1" Value="1"/>
<Cov CovItemId="S2" Value="8"/>
<Cov CovItemId="S3" Value="7"/>
<Cov CovItemId="S4" Value="1"/>
<Cov CovItemId="S5" Value="6"/>
</CovPrefix>
</CovList>
<AssgnmntList>
<AssgnmntPrefix RootTermCovItemPrefix="counter_esempio.Counter.java">
<AssgnmntListEntry Length="2" RootTermCovItemId="C1">
<MapEntry BoolAssgnmnt="00" Value="6"/>
<MapEntry BoolAssgnmnt="01" Value="1"/>
</AssgnmntListEntry>
</AssgnmntPrefix>
</AssgnmntList>
<ObjMetaDataList/>
<MetaDataList/>
</TestCase>
<TestCase Comment="" Date="1706707434738" Name="randoop.RandoopTest1:test243">
<CovList>
<CovPrefix CovItemPrefix="counter_esempio.Counter.java">
<Cov CovItemId="B1" Value="1"/>
<Cov CovItemId="B2" Value="6"/>
<Cov CovItemId="S1" Value="1"/>
<Cov CovItemId="S2" Value="6"/>
<Cov CovItemId="S3" Value="7"/>
<Cov CovItemId="S4" Value="1"/>
<Cov CovItemId="S5" Value="6"/>
</CovPrefix>
</CovList>
<AssgnmntList>
<AssgnmntPrefix RootTermCovItemPrefix="counter_esempio.Counter.java">
<AssgnmntListEntry Length="2" RootTermCovItemId="C1">
<MapEntry BoolAssgnmnt="00" Value="6"/>
<MapEntry BoolAssgnmnt="01" Value="1"/>
</AssgnmntListEntry>
</AssgnmntPrefix>
</AssgnmntList>
<ObjMetaDataList/>
<MetaDataList/>
</TestCase>
<TestCase Comment="" Date="1706707434738" Name="randoop.RandoopTest1:test244">
<CovList>
<CovPrefix CovItemPrefix="counter_esempio.Counter.java">
<Cov CovItemId="B1" Value="1"/>
<Cov CovItemId="B2" Value="5"/>
<Cov CovItemId="S1" Value="1"/>
<Cov CovItemId="S2" Value="5"/>
<Cov CovItemId="S3" Value="6"/>
<Cov CovItemId="S4" Value="1"/>
<Cov CovItemId="S5" Value="5"/>
</CovPrefix>
</CovList>
<AssgnmntList>
<AssgnmntPrefix RootTermCovItemPrefix="counter_esempio.Counter.java">
<AssgnmntListEntry Length="2" RootTermCovItemId="C1">
<MapEntry BoolAssgnmnt="00" Value="5"/>
<MapEntry BoolAssgnmnt="01" Value="1"/>
</AssgnmntListEntry>
</AssgnmntPrefix>
</AssgnmntList>
<ObjMetaDataList/>
<MetaDataList/>
</TestCase>
<TestCase Comment="" Date="1706707434738" Name="randoop.RandoopTest1:test245">
<CovList>
<CovPrefix CovItemPrefix="counter_esempio.Counter.java">
<Cov CovItemId="B1" Value="1"/>
<Cov CovItemId="B2" Value="8"/>
<Cov CovItemId="S1" Value="1"/>
<Cov CovItemId="S2" Value="6"/>
<Cov CovItemId="S3" Value="9"/>
<Cov CovItemId="S4" Value="1"/>
<Cov CovItemId="S5" Value="8"/>
</CovPrefix>
</CovList>
<AssgnmntList>
<AssgnmntPrefix RootTermCovItemPrefix="counter_esempio.Counter.java">
<AssgnmntListEntry Length="2" RootTermCovItemId="C1">
<MapEntry BoolAssgnmnt="00" Value="8"/>
<MapEntry BoolAssgnmnt="01" Value="1"/>
</AssgnmntListEntry>
</AssgnmntPrefix>
</AssgnmntList>
<ObjMetaDataList/>
<MetaDataList/>
</TestCase>
<TestCase Comment="" Date="1706707434738" Name="randoop.RandoopTest1:test246">
<CovList>
<CovPrefix CovItemPrefix="counter_esempio.Counter.java">
<Cov CovItemId="B1" Value="1"/>
<Cov CovItemId="B2" Value="6"/>
<Cov CovItemId="S1" Value="1"/>
<Cov CovItemId="S2" Value="5"/>
<Cov CovItemId="S3" Value="7"/>
<Cov CovItemId="S4" Value="1"/>
<Cov CovItemId="S5" Value="6"/>
</CovPrefix>
</CovList>
<AssgnmntList>
<AssgnmntPrefix RootTermCovItemPrefix="counter_esempio.Counter.java">
<AssgnmntListEntry Length="2" RootTermCovItemId="C1">
<MapEntry BoolAssgnmnt="00" Value="6"/>
<MapEntry BoolAssgnmnt="01" Value="1"/>
</AssgnmntListEntry>
</AssgnmntPrefix>
</AssgnmntList>
<ObjMetaDataList/>
<MetaDataList/>
</TestCase>
<TestCase Comment="" Date="1706707434738" Name="randoop.RandoopTest1:test247">
<CovList>
<CovPrefix CovItemPrefix="counter_esempio.Counter.java">
<Cov CovItemId="B1" Value="1"/>
<Cov CovItemId="B2" Value="9"/>
<Cov CovItemId="S1" Value="1"/>
<Cov CovItemId="S2" Value="6"/>
<Cov CovItemId="S3" Value="10"/>
<Cov CovItemId="S4" Value="1"/>
<Cov CovItemId="S5" Value="9"/>
</CovPrefix>
</CovList>
<AssgnmntList>
<AssgnmntPrefix RootTermCovItemPrefix="counter_esempio.Counter.java">
<AssgnmntListEntry Length="2" RootTermCovItemId="C1">
<MapEntry BoolAssgnmnt="00" Value="9"/>
<MapEntry BoolAssgnmnt="01" Value="1"/>
</AssgnmntListEntry>
</AssgnmntPrefix>
</AssgnmntList>
<ObjMetaDataList/>
<MetaDataList/>
</TestCase>
<TestCase Comment="" Date="1706707434738" Name="randoop.RandoopTest1:test248">
<CovList>
<CovPrefix CovItemPrefix="counter_esempio.Counter.java">
<Cov CovItemId="B1" Value="1"/>
<Cov CovItemId="B2" Value="6"/>
<Cov CovItemId="S1" Value="1"/>
<Cov CovItemId="S2" Value="10"/>
<Cov CovItemId="S3" Value="7"/>
<Cov CovItemId="S4" Value="1"/>
<Cov CovItemId="S5" Value="6"/>
</CovPrefix>
</CovList>
<AssgnmntList>
<AssgnmntPrefix RootTermCovItemPrefix="counter_esempio.Counter.java">
<AssgnmntListEntry Length="2" RootTermCovItemId="C1">
<MapEntry BoolAssgnmnt="00" Value="6"/>
<MapEntry BoolAssgnmnt="01" Value="1"/>
</AssgnmntListEntry>
</AssgnmntPrefix>
</AssgnmntList>
<ObjMetaDataList/>
<MetaDataList/>
</TestCase>
<TestCase Comment="" Date="1706707434738" Name="randoop.RandoopTest1:test249">
<CovList>
<CovPrefix CovItemPrefix="counter_esempio.Counter.java">
<Cov CovItemId="B1" Value="1"/>
<Cov CovItemId="B2" Value="6"/>
<Cov CovItemId="S1" Value="1"/>
<Cov CovItemId="S2" Value="3"/>
<Cov CovItemId="S3" Value="7"/>
<Cov CovItemId="S4" Value="1"/>
<Cov CovItemId="S5" Value="6"/>
</CovPrefix>
</CovList>
<AssgnmntList>
<AssgnmntPrefix RootTermCovItemPrefix="counter_esempio.Counter.java">
<AssgnmntListEntry Length="2" RootTermCovItemId="C1">
<MapEntry BoolAssgnmnt="00" Value="6"/>
<MapEntry BoolAssgnmnt="01" Value="1"/>
</AssgnmntListEntry>
</AssgnmntPrefix>
</AssgnmntList>
<ObjMetaDataList/>
<MetaDataList/>
</TestCase>
<TestCase Comment="" Date="1706707434738" Name="randoop.RandoopTest1:test250">
<CovList>
<CovPrefix CovItemPrefix="counter_esempio.Counter.java">
<Cov CovItemId="B1" Value="1"/>
<Cov CovItemId="B2" Value="11"/>
<Cov CovItemId="S1" Value="1"/>
<Cov CovItemId="S2" Value="6"/>
<Cov CovItemId="S3" Value="12"/>
<Cov CovItemId="S4" Value="1"/>
<Cov CovItemId="S5" Value="11"/>
</CovPrefix>
</CovList>
<AssgnmntList>
<AssgnmntPrefix RootTermCovItemPrefix="counter_esempio.Counter.java">
<AssgnmntListEntry Length="2" RootTermCovItemId="C1">
<MapEntry BoolAssgnmnt="00" Value="11"/>
<MapEntry BoolAssgnmnt="01" Value="1"/>
</AssgnmntListEntry>
</AssgnmntPrefix>
</AssgnmntList>
<ObjMetaDataList/>
<MetaDataList/>
</TestCase>
<TestCase Comment="" Date="1706707434738" Name="randoop.RandoopTest1:test251">
<CovList>
<CovPrefix CovItemPrefix="counter_esempio.Counter.java">
<Cov CovItemId="B1" Value="1"/>
<Cov CovItemId="B2" Value="5"/>
<Cov CovItemId="S1" Value="1"/>
<Cov CovItemId="S2" Value="4"/>
<Cov CovItemId="S3" Value="6"/>
<Cov CovItemId="S4" Value="1"/>
<Cov CovItemId="S5" Value="5"/>
</CovPrefix>
</CovList>
<AssgnmntList>
<AssgnmntPrefix RootTermCovItemPrefix="counter_esempio.Counter.java">
<AssgnmntListEntry Length="2" RootTermCovItemId="C1">
<MapEntry BoolAssgnmnt="00" Value="5"/>
<MapEntry BoolAssgnmnt="01" Value="1"/>
</AssgnmntListEntry>
</AssgnmntPrefix>
</AssgnmntList>
<ObjMetaDataList/>
<MetaDataList/>
</TestCase>
<TestCase Comment="" Date="1706707434738" Name="randoop.RandoopTest1:test252">
<CovList>
<CovPrefix CovItemPrefix="counter_esempio.Counter.java">
<Cov CovItemId="B1" Value="1"/>
<Cov CovItemId="B2" Value="10"/>
<Cov CovItemId="S1" Value="1"/>
<Cov CovItemId="S2" Value="9"/>
<Cov CovItemId="S3" Value="11"/>
<Cov CovItemId="S4" Value="1"/>
<Cov CovItemId="S5" Value="10"/>
</CovPrefix>
</CovList>
<AssgnmntList>
<AssgnmntPrefix RootTermCovItemPrefix="counter_esempio.Counter.java">
<AssgnmntListEntry Length="2" RootTermCovItemId="C1">
<MapEntry BoolAssgnmnt="00" Value="10"/>
<MapEntry BoolAssgnmnt="01" Value="1"/>
</AssgnmntListEntry>
</AssgnmntPrefix>
</AssgnmntList>
<ObjMetaDataList/>
<MetaDataList/>
</TestCase>
<TestCase Comment="" Date="1706707434738" Name="randoop.RandoopTest1:test253">
<CovList>
<CovPrefix CovItemPrefix="counter_esempio.Counter.java">
<Cov CovItemId="B1" Value="1"/>
<Cov CovItemId="B2" Value="11"/>
<Cov CovItemId="S1" Value="1"/>
<Cov CovItemId="S2" Value="9"/>
<Cov CovItemId="S3" Value="12"/>
<Cov CovItemId="S4" Value="1"/>
<Cov CovItemId="S5" Value="11"/>
</CovPrefix>
</CovList>
<AssgnmntList>
<AssgnmntPrefix RootTermCovItemPrefix="counter_esempio.Counter.java">
<AssgnmntListEntry Length="2" RootTermCovItemId="C1">
<MapEntry BoolAssgnmnt="00" Value="11"/>
<MapEntry BoolAssgnmnt="01" Value="1"/>
</AssgnmntListEntry>
</AssgnmntPrefix>
</AssgnmntList>
<ObjMetaDataList/>
<MetaDataList/>
</TestCase>
<TestCase Comment="" Date="1706707434738" Name="randoop.RandoopTest1:test254">
<CovList>
<CovPrefix CovItemPrefix="counter_esempio.Counter.java">
<Cov CovItemId="B1" Value="1"/>
<Cov CovItemId="B2" Value="6"/>
<Cov CovItemId="S1" Value="1"/>
<Cov CovItemId="S2" Value="3"/>
<Cov CovItemId="S3" Value="7"/>
<Cov CovItemId="S4" Value="1"/>
<Cov CovItemId="S5" Value="6"/>
</CovPrefix>
</CovList>
<AssgnmntList>
<AssgnmntPrefix RootTermCovItemPrefix="counter_esempio.Counter.java">
<AssgnmntListEntry Length="2" RootTermCovItemId="C1">
<MapEntry BoolAssgnmnt="00" Value="6"/>
<MapEntry BoolAssgnmnt="01" Value="1"/>
</AssgnmntListEntry>
</AssgnmntPrefix>
</AssgnmntList>
<ObjMetaDataList/>
<MetaDataList/>
</TestCase>
<TestCase Comment="" Date="1706707434738" Name="randoop.RandoopTest1:test255">
<CovList>
<CovPrefix CovItemPrefix="counter_esempio.Counter.java">
<Cov CovItemId="B1" Value="1"/>
<Cov CovItemId="B2" Value="7"/>
<Cov CovItemId="S1" Value="1"/>
<Cov CovItemId="S2" Value="9"/>
<Cov CovItemId="S3" Value="8"/>
<Cov CovItemId="S4" Value="1"/>
<Cov CovItemId="S5" Value="7"/>
</CovPrefix>
</CovList>
<AssgnmntList>
<AssgnmntPrefix RootTermCovItemPrefix="counter_esempio.Counter.java">
<AssgnmntListEntry Length="2" RootTermCovItemId="C1">
<MapEntry BoolAssgnmnt="00" Value="7"/>
<MapEntry BoolAssgnmnt="01" Value="1"/>
</AssgnmntListEntry>
</AssgnmntPrefix>
</AssgnmntList>
<ObjMetaDataList/>
<MetaDataList/>
</TestCase>
<TestCase Comment="" Date="1706707434738" Name="randoop.RandoopTest1:test256">
<CovList>
<CovPrefix CovItemPrefix="counter_esempio.Counter.java">
<Cov CovItemId="B1" Value="1"/>
<Cov CovItemId="B2" Value="4"/>
<Cov CovItemId="S1" Value="1"/>
<Cov CovItemId="S2" Value="6"/>
<Cov CovItemId="S3" Value="5"/>
<Cov CovItemId="S4" Value="1"/>
<Cov CovItemId="S5" Value="4"/>
</CovPrefix>
</CovList>
<AssgnmntList>
<AssgnmntPrefix RootTermCovItemPrefix="counter_esempio.Counter.java">
<AssgnmntListEntry Length="2" RootTermCovItemId="C1">
<MapEntry BoolAssgnmnt="00" Value="4"/>
<MapEntry BoolAssgnmnt="01" Value="1"/>
</AssgnmntListEntry>
</AssgnmntPrefix>
</AssgnmntList>
<ObjMetaDataList/>
<MetaDataList/>
</TestCase>
<TestCase Comment="" Date="1706707434738" Name="randoop.RandoopTest1:test257">
<CovList>
<CovPrefix CovItemPrefix="counter_esempio.Counter.java">
<Cov CovItemId="B1" Value="1"/>
<Cov CovItemId="B2" Value="11"/>
<Cov CovItemId="S1" Value="1"/>
<Cov CovItemId="S2" Value="3"/>
<Cov CovItemId="S3" Value="12"/>
<Cov CovItemId="S4" Value="1"/>
<Cov CovItemId="S5" Value="11"/>
</CovPrefix>
</CovList>
<AssgnmntList>
<AssgnmntPrefix RootTermCovItemPrefix="counter_esempio.Counter.java">
<AssgnmntListEntry Length="2" RootTermCovItemId="C1">
<MapEntry BoolAssgnmnt="00" Value="11"/>
<MapEntry BoolAssgnmnt="01" Value="1"/>
</AssgnmntListEntry>
</AssgnmntPrefix>
</AssgnmntList>
<ObjMetaDataList/>
<MetaDataList/>
</TestCase>
<TestCase Comment="" Date="1706707434738" Name="randoop.RandoopTest1:test258">
<CovList>
<CovPrefix CovItemPrefix="counter_esempio.Counter.java">
<Cov CovItemId="B1" Value="1"/>
<Cov CovItemId="B2" Value="3"/>
<Cov CovItemId="S1" Value="1"/>
<Cov CovItemId="S2" Value="8"/>
<Cov CovItemId="S3" Value="4"/>
<Cov CovItemId="S4" Value="1"/>
<Cov CovItemId="S5" Value="3"/>
</CovPrefix>
</CovList>
<AssgnmntList>
<AssgnmntPrefix RootTermCovItemPrefix="counter_esempio.Counter.java">
<AssgnmntListEntry Length="2" RootTermCovItemId="C1">
<MapEntry BoolAssgnmnt="00" Value="3"/>
<MapEntry BoolAssgnmnt="01" Value="1"/>
</AssgnmntListEntry>
</AssgnmntPrefix>
</AssgnmntList>
<ObjMetaDataList/>
<MetaDataList/>
</TestCase>
<TestCase Comment="" Date="1706707434738" Name="randoop.RandoopTest1:test259">
<CovList>
<CovPrefix CovItemPrefix="counter_esempio.Counter.java">
<Cov CovItemId="B1" Value="1"/>
<Cov CovItemId="B2" Value="9"/>
<Cov CovItemId="S1" Value="1"/>
<Cov CovItemId="S2" Value="9"/>
<Cov CovItemId="S3" Value="10"/>
<Cov CovItemId="S4" Value="1"/>
<Cov CovItemId="S5" Value="9"/>
</CovPrefix>
</CovList>
<AssgnmntList>
<AssgnmntPrefix RootTermCovItemPrefix="counter_esempio.Counter.java">
<AssgnmntListEntry Length="2" RootTermCovItemId="C1">
<MapEntry BoolAssgnmnt="00" Value="9"/>
<MapEntry BoolAssgnmnt="01" Value="1"/>
</AssgnmntListEntry>
</AssgnmntPrefix>
</AssgnmntList>
<ObjMetaDataList/>
<MetaDataList/>
</TestCase>
<TestCase Comment="" Date="1706707434738" Name="randoop.RandoopTest1:test260">
<CovList>
<CovPrefix CovItemPrefix="counter_esempio.Counter.java">
<Cov CovItemId="B1" Value="1"/>
<Cov CovItemId="B2" Value="11"/>
<Cov CovItemId="S1" Value="1"/>
<Cov CovItemId="S2" Value="5"/>
<Cov CovItemId="S3" Value="12"/>
<Cov CovItemId="S4" Value="1"/>
<Cov CovItemId="S5" Value="11"/>
</CovPrefix>
</CovList>
<AssgnmntList>
<AssgnmntPrefix RootTermCovItemPrefix="counter_esempio.Counter.java">
<AssgnmntListEntry Length="2" RootTermCovItemId="C1">
<MapEntry BoolAssgnmnt="00" Value="11"/>
<MapEntry BoolAssgnmnt="01" Value="1"/>
</AssgnmntListEntry>
</AssgnmntPrefix>
</AssgnmntList>
<ObjMetaDataList/>
<MetaDataList/>
</TestCase>
<TestCase Comment="" Date="1706707434738" Name="randoop.RandoopTest1:test261">
<CovList>
<CovPrefix CovItemPrefix="counter_esempio.Counter.java">
<Cov CovItemId="B1" Value="1"/>
<Cov CovItemId="B2" Value="9"/>
<Cov CovItemId="S1" Value="1"/>
<Cov CovItemId="S2" Value="5"/>
<Cov CovItemId="S3" Value="10"/>
<Cov CovItemId="S4" Value="1"/>
<Cov CovItemId="S5" Value="9"/>
</CovPrefix>
</CovList>
<AssgnmntList>
<AssgnmntPrefix RootTermCovItemPrefix="counter_esempio.Counter.java">
<AssgnmntListEntry Length="2" RootTermCovItemId="C1">
<MapEntry BoolAssgnmnt="00" Value="9"/>
<MapEntry BoolAssgnmnt="01" Value="1"/>
</AssgnmntListEntry>
</AssgnmntPrefix>
</AssgnmntList>
<ObjMetaDataList/>
<MetaDataList/>
</TestCase>
<TestCase Comment="" Date="1706707434738" Name="randoop.RandoopTest1:test262">
<CovList>
<CovPrefix CovItemPrefix="counter_esempio.Counter.java">
<Cov CovItemId="B1" Value="1"/>
<Cov CovItemId="B2" Value="5"/>
<Cov CovItemId="S1" Value="1"/>
<Cov CovItemId="S2" Value="4"/>
<Cov CovItemId="S3" Value="6"/>
<Cov CovItemId="S4" Value="1"/>
<Cov CovItemId="S5" Value="5"/>
</CovPrefix>
</CovList>
<AssgnmntList>
<AssgnmntPrefix RootTermCovItemPrefix="counter_esempio.Counter.java">
<AssgnmntListEntry Length="2" RootTermCovItemId="C1">
<MapEntry BoolAssgnmnt="00" Value="5"/>
<MapEntry BoolAssgnmnt="01" Value="1"/>
</AssgnmntListEntry>
</AssgnmntPrefix>
</AssgnmntList>
<ObjMetaDataList/>
<MetaDataList/>
</TestCase>
<TestCase Comment="" Date="1706707434738" Name="randoop.RandoopTest1:test263">
<CovList>
<CovPrefix CovItemPrefix="counter_esempio.Counter.java">
<Cov CovItemId="B1" Value="1"/>
<Cov CovItemId="B2" Value="10"/>
<Cov CovItemId="S1" Value="1"/>
<Cov CovItemId="S2" Value="8"/>
<Cov CovItemId="S3" Value="11"/>
<Cov CovItemId="S4" Value="1"/>
<Cov CovItemId="S5" Value="10"/>
</CovPrefix>
</CovList>
<AssgnmntList>
<AssgnmntPrefix RootTermCovItemPrefix="counter_esempio.Counter.java">
<AssgnmntListEntry Length="2" RootTermCovItemId="C1">
<MapEntry BoolAssgnmnt="00" Value="10"/>
<MapEntry BoolAssgnmnt="01" Value="1"/>
</AssgnmntListEntry>
</AssgnmntPrefix>
</AssgnmntList>
<ObjMetaDataList/>
<MetaDataList/>
</TestCase>
<TestCase Comment="" Date="1706707434738" Name="randoop.RandoopTest1:test264">
<CovList>
<CovPrefix CovItemPrefix="counter_esempio.Counter.java">
<Cov CovItemId="B1" Value="1"/>
<Cov CovItemId="B2" Value="8"/>
<Cov CovItemId="S1" Value="1"/>
<Cov CovItemId="S2" Value="5"/>
<Cov CovItemId="S3" Value="9"/>
<Cov CovItemId="S4" Value="1"/>
<Cov CovItemId="S5" Value="8"/>
</CovPrefix>
</CovList>
<AssgnmntList>
<AssgnmntPrefix RootTermCovItemPrefix="counter_esempio.Counter.java">
<AssgnmntListEntry Length="2" RootTermCovItemId="C1">
<MapEntry BoolAssgnmnt="00" Value="8"/>
<MapEntry BoolAssgnmnt="01" Value="1"/>
</AssgnmntListEntry>
</AssgnmntPrefix>
</AssgnmntList>
<ObjMetaDataList/>
<MetaDataList/>
</TestCase>
<TestCase Comment="" Date="1706707434738" Name="randoop.RandoopTest1:test265">
<CovList>
<CovPrefix CovItemPrefix="counter_esempio.Counter.java">
<Cov CovItemId="B1" Value="1"/>
<Cov CovItemId="B2" Value="7"/>
<Cov CovItemId="S1" Value="1"/>
<Cov CovItemId="S2" Value="10"/>
<Cov CovItemId="S3" Value="8"/>
<Cov CovItemId="S4" Value="1"/>
<Cov CovItemId="S5" Value="7"/>
</CovPrefix>
</CovList>
<AssgnmntList>
<AssgnmntPrefix RootTermCovItemPrefix="counter_esempio.Counter.java">
<AssgnmntListEntry Length="2" RootTermCovItemId="C1">
<MapEntry BoolAssgnmnt="00" Value="7"/>
<MapEntry BoolAssgnmnt="01" Value="1"/>
</AssgnmntListEntry>
</AssgnmntPrefix>
</AssgnmntList>
<ObjMetaDataList/>
<MetaDataList/>
</TestCase>
<TestCase Comment="" Date="1706707434738" Name="randoop.RandoopTest1:test266">
<CovList>
<CovPrefix CovItemPrefix="counter_esempio.Counter.java">
<Cov CovItemId="B1" Value="1"/>
<Cov CovItemId="B2" Value="7"/>
<Cov CovItemId="S1" Value="1"/>
<Cov CovItemId="S2" Value="6"/>
<Cov CovItemId="S3" Value="8"/>
<Cov CovItemId="S4" Value="1"/>
<Cov CovItemId="S5" Value="7"/>
</CovPrefix>
</CovList>
<AssgnmntList>
<AssgnmntPrefix RootTermCovItemPrefix="counter_esempio.Counter.java">
<AssgnmntListEntry Length="2" RootTermCovItemId="C1">
<MapEntry BoolAssgnmnt="00" Value="7"/>
<MapEntry BoolAssgnmnt="01" Value="1"/>
</AssgnmntListEntry>
</AssgnmntPrefix>
</AssgnmntList>
<ObjMetaDataList/>
<MetaDataList/>
</TestCase>
<TestCase Comment="" Date="1706707434738" Name="randoop.RandoopTest1:test267">
<CovList>
<CovPrefix CovItemPrefix="counter_esempio.Counter.java">
<Cov CovItemId="B1" Value="1"/>
<Cov CovItemId="B2" Value="5"/>
<Cov CovItemId="S1" Value="1"/>
<Cov CovItemId="S2" Value="12"/>
<Cov CovItemId="S3" Value="6"/>
<Cov CovItemId="S4" Value="1"/>
<Cov CovItemId="S5" Value="5"/>
</CovPrefix>
</CovList>
<AssgnmntList>
<AssgnmntPrefix RootTermCovItemPrefix="counter_esempio.Counter.java">
<AssgnmntListEntry Length="2" RootTermCovItemId="C1">
<MapEntry BoolAssgnmnt="00" Value="5"/>
<MapEntry BoolAssgnmnt="01" Value="1"/>
</AssgnmntListEntry>
</AssgnmntPrefix>
</AssgnmntList>
<ObjMetaDataList/>
<MetaDataList/>
</TestCase>
<TestCase Comment="" Date="1706707434738" Name="randoop.RandoopTest1:test268">
<CovList>
<CovPrefix CovItemPrefix="counter_esempio.Counter.java">
<Cov CovItemId="B1" Value="1"/>
<Cov CovItemId="B2" Value="8"/>
<Cov CovItemId="S1" Value="1"/>
<Cov CovItemId="S2" Value="3"/>
<Cov CovItemId="S3" Value="9"/>
<Cov CovItemId="S4" Value="1"/>
<Cov CovItemId="S5" Value="8"/>
</CovPrefix>
</CovList>
<AssgnmntList>
<AssgnmntPrefix RootTermCovItemPrefix="counter_esempio.Counter.java">
<AssgnmntListEntry Length="2" RootTermCovItemId="C1">
<MapEntry BoolAssgnmnt="00" Value="8"/>
<MapEntry BoolAssgnmnt="01" Value="1"/>
</AssgnmntListEntry>
</AssgnmntPrefix>
</AssgnmntList>
<ObjMetaDataList/>
<MetaDataList/>
</TestCase>
<TestCase Comment="" Date="1706707434738" Name="randoop.RandoopTest1:test269">
<CovList>
<CovPrefix CovItemPrefix="counter_esempio.Counter.java">
<Cov CovItemId="B1" Value="1"/>
<Cov CovItemId="B2" Value="9"/>
<Cov CovItemId="S1" Value="1"/>
<Cov CovItemId="S2" Value="8"/>
<Cov CovItemId="S3" Value="10"/>
<Cov CovItemId="S4" Value="1"/>
<Cov CovItemId="S5" Value="9"/>
</CovPrefix>
</CovList>
<AssgnmntList>
<AssgnmntPrefix RootTermCovItemPrefix="counter_esempio.Counter.java">
<AssgnmntListEntry Length="2" RootTermCovItemId="C1">
<MapEntry BoolAssgnmnt="00" Value="9"/>
<MapEntry BoolAssgnmnt="01" Value="1"/>
</AssgnmntListEntry>
</AssgnmntPrefix>
</AssgnmntList>
<ObjMetaDataList/>
<MetaDataList/>
</TestCase>
<TestCase Comment="" Date="1706707434738" Name="randoop.RandoopTest1:test270">
<CovList>
<CovPrefix CovItemPrefix="counter_esempio.Counter.java">
<Cov CovItemId="B1" Value="1"/>
<Cov CovItemId="B2" Value="6"/>
<Cov CovItemId="S1" Value="1"/>
<Cov CovItemId="S2" Value="6"/>
<Cov CovItemId="S3" Value="7"/>
<Cov CovItemId="S4" Value="1"/>
<Cov CovItemId="S5" Value="6"/>
</CovPrefix>
</CovList>
<AssgnmntList>
<AssgnmntPrefix RootTermCovItemPrefix="counter_esempio.Counter.java">
<AssgnmntListEntry Length="2" RootTermCovItemId="C1">
<MapEntry BoolAssgnmnt="00" Value="6"/>
<MapEntry BoolAssgnmnt="01" Value="1"/>
</AssgnmntListEntry>
</AssgnmntPrefix>
</AssgnmntList>
<ObjMetaDataList/>
<MetaDataList/>
</TestCase>
<TestCase Comment="" Date="1706707434738" Name="randoop.RandoopTest1:test271">
<CovList>
<CovPrefix CovItemPrefix="counter_esempio.Counter.java">
<Cov CovItemId="B1" Value="1"/>
<Cov CovItemId="B2" Value="5"/>
<Cov CovItemId="S1" Value="1"/>
<Cov CovItemId="S2" Value="10"/>
<Cov CovItemId="S3" Value="6"/>
<Cov CovItemId="S4" Value="1"/>
<Cov CovItemId="S5" Value="5"/>
</CovPrefix>
</CovList>
<AssgnmntList>
<AssgnmntPrefix RootTermCovItemPrefix="counter_esempio.Counter.java">
<AssgnmntListEntry Length="2" RootTermCovItemId="C1">
<MapEntry BoolAssgnmnt="00" Value="5"/>
<MapEntry BoolAssgnmnt="01" Value="1"/>
</AssgnmntListEntry>
</AssgnmntPrefix>
</AssgnmntList>
<ObjMetaDataList/>
<MetaDataList/>
</TestCase>
<TestCase Comment="" Date="1706707434757" Name="randoop.RandoopTest1:test272">
<CovList>
<CovPrefix CovItemPrefix="counter_esempio.Counter.java">
<Cov CovItemId="B1" Value="1"/>
<Cov CovItemId="B2" Value="10"/>
<Cov CovItemId="S1" Value="1"/>
<Cov CovItemId="S2" Value="9"/>
<Cov CovItemId="S3" Value="11"/>
<Cov CovItemId="S4" Value="1"/>
<Cov CovItemId="S5" Value="10"/>
</CovPrefix>
</CovList>
<AssgnmntList>
<AssgnmntPrefix RootTermCovItemPrefix="counter_esempio.Counter.java">
<AssgnmntListEntry Length="2" RootTermCovItemId="C1">
<MapEntry BoolAssgnmnt="00" Value="10"/>
<MapEntry BoolAssgnmnt="01" Value="1"/>
</AssgnmntListEntry>
</AssgnmntPrefix>
</AssgnmntList>
<ObjMetaDataList/>
<MetaDataList/>
</TestCase>
<TestCase Comment="" Date="1706707434757" Name="randoop.RandoopTest1:test273">
<CovList>
<CovPrefix CovItemPrefix="counter_esempio.Counter.java">
<Cov CovItemId="B1" Value="1"/>
<Cov CovItemId="B2" Value="5"/>
<Cov CovItemId="S1" Value="1"/>
<Cov CovItemId="S2" Value="8"/>
<Cov CovItemId="S3" Value="6"/>
<Cov CovItemId="S4" Value="1"/>
<Cov CovItemId="S5" Value="5"/>
</CovPrefix>
</CovList>
<AssgnmntList>
<AssgnmntPrefix RootTermCovItemPrefix="counter_esempio.Counter.java">
<AssgnmntListEntry Length="2" RootTermCovItemId="C1">
<MapEntry BoolAssgnmnt="00" Value="5"/>
<MapEntry BoolAssgnmnt="01" Value="1"/>
</AssgnmntListEntry>
</AssgnmntPrefix>
</AssgnmntList>
<ObjMetaDataList/>
<MetaDataList/>
</TestCase>
<TestCase Comment="" Date="1706707434757" Name="randoop.RandoopTest1:test274">
<CovList>
<CovPrefix CovItemPrefix="counter_esempio.Counter.java">
<Cov CovItemId="B1" Value="1"/>
<Cov CovItemId="B2" Value="8"/>
<Cov CovItemId="S1" Value="1"/>
<Cov CovItemId="S2" Value="15"/>
<Cov CovItemId="S3" Value="9"/>
<Cov CovItemId="S4" Value="1"/>
<Cov CovItemId="S5" Value="8"/>
</CovPrefix>
</CovList>
<AssgnmntList>
<AssgnmntPrefix RootTermCovItemPrefix="counter_esempio.Counter.java">
<AssgnmntListEntry Length="2" RootTermCovItemId="C1">
<MapEntry BoolAssgnmnt="00" Value="8"/>
<MapEntry BoolAssgnmnt="01" Value="1"/>
</AssgnmntListEntry>
</AssgnmntPrefix>
</AssgnmntList>
<ObjMetaDataList/>
<MetaDataList/>
</TestCase>
<TestCase Comment="" Date="1706707434757" Name="randoop.RandoopTest1:test275">
<CovList>
<CovPrefix CovItemPrefix="counter_esempio.Counter.java">
<Cov CovItemId="B1" Value="1"/>
<Cov CovItemId="B2" Value="3"/>
<Cov CovItemId="S1" Value="1"/>
<Cov CovItemId="S2" Value="9"/>
<Cov CovItemId="S3" Value="4"/>
<Cov CovItemId="S4" Value="1"/>
<Cov CovItemId="S5" Value="3"/>
</CovPrefix>
</CovList>
<AssgnmntList>
<AssgnmntPrefix RootTermCovItemPrefix="counter_esempio.Counter.java">
<AssgnmntListEntry Length="2" RootTermCovItemId="C1">
<MapEntry BoolAssgnmnt="00" Value="3"/>
<MapEntry BoolAssgnmnt="01" Value="1"/>
</AssgnmntListEntry>
</AssgnmntPrefix>
</AssgnmntList>
<ObjMetaDataList/>
<MetaDataList/>
</TestCase>
<TestCase Comment="" Date="1706707434757" Name="randoop.RandoopTest1:test276">
<CovList>
<CovPrefix CovItemPrefix="counter_esempio.Counter.java">
<Cov CovItemId="B1" Value="1"/>
<Cov CovItemId="B2" Value="6"/>
<Cov CovItemId="S1" Value="1"/>
<Cov CovItemId="S2" Value="11"/>
<Cov CovItemId="S3" Value="7"/>
<Cov CovItemId="S4" Value="1"/>
<Cov CovItemId="S5" Value="6"/>
</CovPrefix>
</CovList>
<AssgnmntList>
<AssgnmntPrefix RootTermCovItemPrefix="counter_esempio.Counter.java">
<AssgnmntListEntry Length="2" RootTermCovItemId="C1">
<MapEntry BoolAssgnmnt="00" Value="6"/>
<MapEntry BoolAssgnmnt="01" Value="1"/>
</AssgnmntListEntry>
</AssgnmntPrefix>
</AssgnmntList>
<ObjMetaDataList/>
<MetaDataList/>
</TestCase>
<TestCase Comment="" Date="1706707434757" Name="randoop.RandoopTest1:test277">
<CovList>
<CovPrefix CovItemPrefix="counter_esempio.Counter.java">
<Cov CovItemId="B1" Value="1"/>
<Cov CovItemId="B2" Value="7"/>
<Cov CovItemId="S1" Value="1"/>
<Cov CovItemId="S2" Value="8"/>
<Cov CovItemId="S3" Value="8"/>
<Cov CovItemId="S4" Value="1"/>
<Cov CovItemId="S5" Value="7"/>
</CovPrefix>
</CovList>
<AssgnmntList>
<AssgnmntPrefix RootTermCovItemPrefix="counter_esempio.Counter.java">
<AssgnmntListEntry Length="2" RootTermCovItemId="C1">
<MapEntry BoolAssgnmnt="00" Value="7"/>
<MapEntry BoolAssgnmnt="01" Value="1"/>
</AssgnmntListEntry>
</AssgnmntPrefix>
</AssgnmntList>
<ObjMetaDataList/>
<MetaDataList/>
</TestCase>
<TestCase Comment="" Date="1706707434757" Name="randoop.RandoopTest1:test278">
<CovList>
<CovPrefix CovItemPrefix="counter_esempio.Counter.java">
<Cov CovItemId="B1" Value="1"/>
<Cov CovItemId="B2" Value="7"/>
<Cov CovItemId="S1" Value="1"/>
<Cov CovItemId="S2" Value="8"/>
<Cov CovItemId="S3" Value="8"/>
<Cov CovItemId="S4" Value="1"/>
<Cov CovItemId="S5" Value="7"/>
</CovPrefix>
</CovList>
<AssgnmntList>
<AssgnmntPrefix RootTermCovItemPrefix="counter_esempio.Counter.java">
<AssgnmntListEntry Length="2" RootTermCovItemId="C1">
<MapEntry BoolAssgnmnt="00" Value="7"/>
<MapEntry BoolAssgnmnt="01" Value="1"/>
</AssgnmntListEntry>
</AssgnmntPrefix>
</AssgnmntList>
<ObjMetaDataList/>
<MetaDataList/>
</TestCase>
<TestCase Comment="" Date="1706707434757" Name="randoop.RandoopTest1:test279">
<CovList>
<CovPrefix CovItemPrefix="counter_esempio.Counter.java">
<Cov CovItemId="B1" Value="1"/>
<Cov CovItemId="B2" Value="10"/>
<Cov CovItemId="S1" Value="1"/>
<Cov CovItemId="S2" Value="7"/>
<Cov CovItemId="S3" Value="11"/>
<Cov CovItemId="S4" Value="1"/>
<Cov CovItemId="S5" Value="10"/>
</CovPrefix>
</CovList>
<AssgnmntList>
<AssgnmntPrefix RootTermCovItemPrefix="counter_esempio.Counter.java">
<AssgnmntListEntry Length="2" RootTermCovItemId="C1">
<MapEntry BoolAssgnmnt="00" Value="10"/>
<MapEntry BoolAssgnmnt="01" Value="1"/>
</AssgnmntListEntry>
</AssgnmntPrefix>
</AssgnmntList>
<ObjMetaDataList/>
<MetaDataList/>
</TestCase>
<TestCase Comment="" Date="1706707434757" Name="randoop.RandoopTest1:test280">
<CovList>
<CovPrefix CovItemPrefix="counter_esempio.Counter.java">
<Cov CovItemId="B1" Value="1"/>
<Cov CovItemId="B2" Value="10"/>
<Cov CovItemId="S1" Value="1"/>
<Cov CovItemId="S2" Value="7"/>
<Cov CovItemId="S3" Value="11"/>
<Cov CovItemId="S4" Value="1"/>
<Cov CovItemId="S5" Value="10"/>
</CovPrefix>
</CovList>
<AssgnmntList>
<AssgnmntPrefix RootTermCovItemPrefix="counter_esempio.Counter.java">
<AssgnmntListEntry Length="2" RootTermCovItemId="C1">
<MapEntry BoolAssgnmnt="00" Value="10"/>
<MapEntry BoolAssgnmnt="01" Value="1"/>
</AssgnmntListEntry>
</AssgnmntPrefix>
</AssgnmntList>
<ObjMetaDataList/>
<MetaDataList/>
</TestCase>
<TestCase Comment="" Date="1706707434757" Name="randoop.RandoopTest1:test281">
<CovList>
<CovPrefix CovItemPrefix="counter_esempio.Counter.java">
<Cov CovItemId="B1" Value="1"/>
<Cov CovItemId="B2" Value="7"/>
<Cov CovItemId="S1" Value="1"/>
<Cov CovItemId="S2" Value="6"/>
<Cov CovItemId="S3" Value="8"/>
<Cov CovItemId="S4" Value="1"/>
<Cov CovItemId="S5" Value="7"/>
</CovPrefix>
</CovList>
<AssgnmntList>
<AssgnmntPrefix RootTermCovItemPrefix="counter_esempio.Counter.java">
<AssgnmntListEntry Length="2" RootTermCovItemId="C1">
<MapEntry BoolAssgnmnt="00" Value="7"/>
<MapEntry BoolAssgnmnt="01" Value="1"/>
</AssgnmntListEntry>
</AssgnmntPrefix>
</AssgnmntList>
<ObjMetaDataList/>
<MetaDataList/>
</TestCase>
<TestCase Comment="" Date="1706707434757" Name="randoop.RandoopTest1:test282">
<CovList>
<CovPrefix CovItemPrefix="counter_esempio.Counter.java">
<Cov CovItemId="B1" Value="1"/>
<Cov CovItemId="B2" Value="4"/>
<Cov CovItemId="S1" Value="1"/>
<Cov CovItemId="S2" Value="10"/>
<Cov CovItemId="S3" Value="5"/>
<Cov CovItemId="S4" Value="1"/>
<Cov CovItemId="S5" Value="4"/>
</CovPrefix>
</CovList>
<AssgnmntList>
<AssgnmntPrefix RootTermCovItemPrefix="counter_esempio.Counter.java">
<AssgnmntListEntry Length="2" RootTermCovItemId="C1">
<MapEntry BoolAssgnmnt="00" Value="4"/>
<MapEntry BoolAssgnmnt="01" Value="1"/>
</AssgnmntListEntry>
</AssgnmntPrefix>
</AssgnmntList>
<ObjMetaDataList/>
<MetaDataList/>
</TestCase>
<TestCase Comment="" Date="1706707434757" Name="randoop.RandoopTest1:test283">
<CovList>
<CovPrefix CovItemPrefix="counter_esempio.Counter.java">
<Cov CovItemId="B1" Value="1"/>
<Cov CovItemId="B2" Value="7"/>
<Cov CovItemId="S1" Value="1"/>
<Cov CovItemId="S2" Value="8"/>
<Cov CovItemId="S3" Value="8"/>
<Cov CovItemId="S4" Value="1"/>
<Cov CovItemId="S5" Value="7"/>
</CovPrefix>
</CovList>
<AssgnmntList>
<AssgnmntPrefix RootTermCovItemPrefix="counter_esempio.Counter.java">
<AssgnmntListEntry Length="2" RootTermCovItemId="C1">
<MapEntry BoolAssgnmnt="00" Value="7"/>
<MapEntry BoolAssgnmnt="01" Value="1"/>
</AssgnmntListEntry>
</AssgnmntPrefix>
</AssgnmntList>
<ObjMetaDataList/>
<MetaDataList/>
</TestCase>
<TestCase Comment="" Date="1706707434757" Name="randoop.RandoopTest1:test284">
<CovList>
<CovPrefix CovItemPrefix="counter_esempio.Counter.java">
<Cov CovItemId="B1" Value="1"/>
<Cov CovItemId="B2" Value="5"/>
<Cov CovItemId="S1" Value="1"/>
<Cov CovItemId="S2" Value="12"/>
<Cov CovItemId="S3" Value="6"/>
<Cov CovItemId="S4" Value="1"/>
<Cov CovItemId="S5" Value="5"/>
</CovPrefix>
</CovList>
<AssgnmntList>
<AssgnmntPrefix RootTermCovItemPrefix="counter_esempio.Counter.java">
<AssgnmntListEntry Length="2" RootTermCovItemId="C1">
<MapEntry BoolAssgnmnt="00" Value="5"/>
<MapEntry BoolAssgnmnt="01" Value="1"/>
</AssgnmntListEntry>
</AssgnmntPrefix>
</AssgnmntList>
<ObjMetaDataList/>
<MetaDataList/>
</TestCase>
<TestCase Comment="" Date="1706707434757" Name="randoop.RandoopTest1:test285">
<CovList>
<CovPrefix CovItemPrefix="counter_esempio.Counter.java">
<Cov CovItemId="B1" Value="1"/>
<Cov CovItemId="B2" Value="11"/>
<Cov CovItemId="S1" Value="1"/>
<Cov CovItemId="S2" Value="5"/>
<Cov CovItemId="S3" Value="12"/>
<Cov CovItemId="S4" Value="1"/>
<Cov CovItemId="S5" Value="11"/>
</CovPrefix>
</CovList>
<AssgnmntList>
<AssgnmntPrefix RootTermCovItemPrefix="counter_esempio.Counter.java">
<AssgnmntListEntry Length="2" RootTermCovItemId="C1">
<MapEntry BoolAssgnmnt="00" Value="11"/>
<MapEntry BoolAssgnmnt="01" Value="1"/>
</AssgnmntListEntry>
</AssgnmntPrefix>
</AssgnmntList>
<ObjMetaDataList/>
<MetaDataList/>
</TestCase>
<TestCase Comment="" Date="1706707434757" Name="randoop.RandoopTest1:test286">
<CovList>
<CovPrefix CovItemPrefix="counter_esempio.Counter.java">
<Cov CovItemId="B1" Value="1"/>
<Cov CovItemId="B2" Value="9"/>
<Cov CovItemId="S1" Value="1"/>
<Cov CovItemId="S2" Value="4"/>
<Cov CovItemId="S3" Value="10"/>
<Cov CovItemId="S4" Value="1"/>
<Cov CovItemId="S5" Value="9"/>
</CovPrefix>
</CovList>
<AssgnmntList>
<AssgnmntPrefix RootTermCovItemPrefix="counter_esempio.Counter.java">
<AssgnmntListEntry Length="2" RootTermCovItemId="C1">
<MapEntry BoolAssgnmnt="00" Value="9"/>
<MapEntry BoolAssgnmnt="01" Value="1"/>
</AssgnmntListEntry>
</AssgnmntPrefix>
</AssgnmntList>
<ObjMetaDataList/>
<MetaDataList/>
</TestCase>
<TestCase Comment="" Date="1706707434757" Name="randoop.RandoopTest1:test287">
<CovList>
<CovPrefix CovItemPrefix="counter_esempio.Counter.java">
<Cov CovItemId="B1" Value="1"/>
<Cov CovItemId="B2" Value="5"/>
<Cov CovItemId="S1" Value="1"/>
<Cov CovItemId="S2" Value="5"/>
<Cov CovItemId="S3" Value="6"/>
<Cov CovItemId="S4" Value="1"/>
<Cov CovItemId="S5" Value="5"/>
</CovPrefix>
</CovList>
<AssgnmntList>
<AssgnmntPrefix RootTermCovItemPrefix="counter_esempio.Counter.java">
<AssgnmntListEntry Length="2" RootTermCovItemId="C1">
<MapEntry BoolAssgnmnt="00" Value="5"/>
<MapEntry BoolAssgnmnt="01" Value="1"/>
</AssgnmntListEntry>
</AssgnmntPrefix>
</AssgnmntList>
<ObjMetaDataList/>
<MetaDataList/>
</TestCase>
<TestCase Comment="" Date="1706707434757" Name="randoop.RandoopTest1:test288">
<CovList>
<CovPrefix CovItemPrefix="counter_esempio.Counter.java">
<Cov CovItemId="B1" Value="1"/>
<Cov CovItemId="B2" Value="4"/>
<Cov CovItemId="S1" Value="1"/>
<Cov CovItemId="S2" Value="5"/>
<Cov CovItemId="S3" Value="5"/>
<Cov CovItemId="S4" Value="1"/>
<Cov CovItemId="S5" Value="4"/>
</CovPrefix>
</CovList>
<AssgnmntList>
<AssgnmntPrefix RootTermCovItemPrefix="counter_esempio.Counter.java">
<AssgnmntListEntry Length="2" RootTermCovItemId="C1">
<MapEntry BoolAssgnmnt="00" Value="4"/>
<MapEntry BoolAssgnmnt="01" Value="1"/>
</AssgnmntListEntry>
</AssgnmntPrefix>
</AssgnmntList>
<ObjMetaDataList/>
<MetaDataList/>
</TestCase>
<TestCase Comment="" Date="1706707434757" Name="randoop.RandoopTest1:test289">
<CovList>
<CovPrefix CovItemPrefix="counter_esempio.Counter.java">
<Cov CovItemId="B1" Value="1"/>
<Cov CovItemId="B2" Value="12"/>
<Cov CovItemId="S1" Value="1"/>
<Cov CovItemId="S2" Value="4"/>
<Cov CovItemId="S3" Value="13"/>
<Cov CovItemId="S4" Value="1"/>
<Cov CovItemId="S5" Value="12"/>
</CovPrefix>
</CovList>
<AssgnmntList>
<AssgnmntPrefix RootTermCovItemPrefix="counter_esempio.Counter.java">
<AssgnmntListEntry Length="2" RootTermCovItemId="C1">
<MapEntry BoolAssgnmnt="00" Value="12"/>
<MapEntry BoolAssgnmnt="01" Value="1"/>
</AssgnmntListEntry>
</AssgnmntPrefix>
</AssgnmntList>
<ObjMetaDataList/>
<MetaDataList/>
</TestCase>
<TestCase Comment="" Date="1706707434757" Name="randoop.RandoopTest1:test290">
<CovList>
<CovPrefix CovItemPrefix="counter_esempio.Counter.java">
<Cov CovItemId="B1" Value="1"/>
<Cov CovItemId="B2" Value="8"/>
<Cov CovItemId="S1" Value="1"/>
<Cov CovItemId="S2" Value="4"/>
<Cov CovItemId="S3" Value="9"/>
<Cov CovItemId="S4" Value="1"/>
<Cov CovItemId="S5" Value="8"/>
</CovPrefix>
</CovList>
<AssgnmntList>
<AssgnmntPrefix RootTermCovItemPrefix="counter_esempio.Counter.java">
<AssgnmntListEntry Length="2" RootTermCovItemId="C1">
<MapEntry BoolAssgnmnt="00" Value="8"/>
<MapEntry BoolAssgnmnt="01" Value="1"/>
</AssgnmntListEntry>
</AssgnmntPrefix>
</AssgnmntList>
<ObjMetaDataList/>
<MetaDataList/>
</TestCase>
<TestCase Comment="" Date="1706707434757" Name="randoop.RandoopTest1:test291">
<CovList>
<CovPrefix CovItemPrefix="counter_esempio.Counter.java">
<Cov CovItemId="B1" Value="1"/>
<Cov CovItemId="B2" Value="2"/>
<Cov CovItemId="S1" Value="1"/>
<Cov CovItemId="S2" Value="6"/>
<Cov CovItemId="S3" Value="3"/>
<Cov CovItemId="S4" Value="1"/>
<Cov CovItemId="S5" Value="2"/>
</CovPrefix>
</CovList>
<AssgnmntList>
<AssgnmntPrefix RootTermCovItemPrefix="counter_esempio.Counter.java">
<AssgnmntListEntry Length="2" RootTermCovItemId="C1">
<MapEntry BoolAssgnmnt="00" Value="2"/>
<MapEntry BoolAssgnmnt="01" Value="1"/>
</AssgnmntListEntry>
</AssgnmntPrefix>
</AssgnmntList>
<ObjMetaDataList/>
<MetaDataList/>
</TestCase>
<TestCase Comment="" Date="1706707434757" Name="randoop.RandoopTest1:test292">
<CovList>
<CovPrefix CovItemPrefix="counter_esempio.Counter.java">
<Cov CovItemId="B1" Value="1"/>
<Cov CovItemId="B2" Value="8"/>
<Cov CovItemId="S1" Value="1"/>
<Cov CovItemId="S2" Value="6"/>
<Cov CovItemId="S3" Value="9"/>
<Cov CovItemId="S4" Value="1"/>
<Cov CovItemId="S5" Value="8"/>
</CovPrefix>
</CovList>
<AssgnmntList>
<AssgnmntPrefix RootTermCovItemPrefix="counter_esempio.Counter.java">
<AssgnmntListEntry Length="2" RootTermCovItemId="C1">
<MapEntry BoolAssgnmnt="00" Value="8"/>
<MapEntry BoolAssgnmnt="01" Value="1"/>
</AssgnmntListEntry>
</AssgnmntPrefix>
</AssgnmntList>
<ObjMetaDataList/>
<MetaDataList/>
</TestCase>
<TestCase Comment="" Date="1706707434757" Name="randoop.RandoopTest1:test293">
<CovList>
<CovPrefix CovItemPrefix="counter_esempio.Counter.java">
<Cov CovItemId="B1" Value="1"/>
<Cov CovItemId="B2" Value="4"/>
<Cov CovItemId="S1" Value="1"/>
<Cov CovItemId="S2" Value="9"/>
<Cov CovItemId="S3" Value="5"/>
<Cov CovItemId="S4" Value="1"/>
<Cov CovItemId="S5" Value="4"/>
</CovPrefix>
</CovList>
<AssgnmntList>
<AssgnmntPrefix RootTermCovItemPrefix="counter_esempio.Counter.java">
<AssgnmntListEntry Length="2" RootTermCovItemId="C1">
<MapEntry BoolAssgnmnt="00" Value="4"/>
<MapEntry BoolAssgnmnt="01" Value="1"/>
</AssgnmntListEntry>
</AssgnmntPrefix>
</AssgnmntList>
<ObjMetaDataList/>
<MetaDataList/>
</TestCase>
<TestCase Comment="" Date="1706707434757" Name="randoop.RandoopTest1:test294">
<CovList>
<CovPrefix CovItemPrefix="counter_esempio.Counter.java">
<Cov CovItemId="B1" Value="1"/>
<Cov CovItemId="B2" Value="11"/>
<Cov CovItemId="S1" Value="1"/>
<Cov CovItemId="S2" Value="8"/>
<Cov CovItemId="S3" Value="12"/>
<Cov CovItemId="S4" Value="1"/>
<Cov CovItemId="S5" Value="11"/>
</CovPrefix>
</CovList>
<AssgnmntList>
<AssgnmntPrefix RootTermCovItemPrefix="counter_esempio.Counter.java">
<AssgnmntListEntry Length="2" RootTermCovItemId="C1">
<MapEntry BoolAssgnmnt="00" Value="11"/>
<MapEntry BoolAssgnmnt="01" Value="1"/>
</AssgnmntListEntry>
</AssgnmntPrefix>
</AssgnmntList>
<ObjMetaDataList/>
<MetaDataList/>
</TestCase>
<TestCase Comment="" Date="1706707434757" Name="randoop.RandoopTest1:test295">
<CovList>
<CovPrefix CovItemPrefix="counter_esempio.Counter.java">
<Cov CovItemId="B1" Value="1"/>
<Cov CovItemId="B2" Value="9"/>
<Cov CovItemId="S1" Value="1"/>
<Cov CovItemId="S2" Value="7"/>
<Cov CovItemId="S3" Value="10"/>
<Cov CovItemId="S4" Value="1"/>
<Cov CovItemId="S5" Value="9"/>
</CovPrefix>
</CovList>
<AssgnmntList>
<AssgnmntPrefix RootTermCovItemPrefix="counter_esempio.Counter.java">
<AssgnmntListEntry Length="2" RootTermCovItemId="C1">
<MapEntry BoolAssgnmnt="00" Value="9"/>
<MapEntry BoolAssgnmnt="01" Value="1"/>
</AssgnmntListEntry>
</AssgnmntPrefix>
</AssgnmntList>
<ObjMetaDataList/>
<MetaDataList/>
</TestCase>
<TestCase Comment="" Date="1706707434757" Name="randoop.RandoopTest1:test296">
<CovList>
<CovPrefix CovItemPrefix="counter_esempio.Counter.java">
<Cov CovItemId="B1" Value="1"/>
<Cov CovItemId="B2" Value="4"/>
<Cov CovItemId="S1" Value="1"/>
<Cov CovItemId="S2" Value="5"/>
<Cov CovItemId="S3" Value="5"/>
<Cov CovItemId="S4" Value="1"/>
<Cov CovItemId="S5" Value="4"/>
</CovPrefix>
</CovList>
<AssgnmntList>
<AssgnmntPrefix RootTermCovItemPrefix="counter_esempio.Counter.java">
<AssgnmntListEntry Length="2" RootTermCovItemId="C1">
<MapEntry BoolAssgnmnt="00" Value="4"/>
<MapEntry BoolAssgnmnt="01" Value="1"/>
</AssgnmntListEntry>
</AssgnmntPrefix>
</AssgnmntList>
<ObjMetaDataList/>
<MetaDataList/>
</TestCase>
<TestCase Comment="" Date="1706707434757" Name="randoop.RandoopTest1:test297">
<CovList>
<CovPrefix CovItemPrefix="counter_esempio.Counter.java">
<Cov CovItemId="B1" Value="1"/>
<Cov CovItemId="B2" Value="6"/>
<Cov CovItemId="S1" Value="1"/>
<Cov CovItemId="S2" Value="6"/>
<Cov CovItemId="S3" Value="7"/>
<Cov CovItemId="S4" Value="1"/>
<Cov CovItemId="S5" Value="6"/>
</CovPrefix>
</CovList>
<AssgnmntList>
<AssgnmntPrefix RootTermCovItemPrefix="counter_esempio.Counter.java">
<AssgnmntListEntry Length="2" RootTermCovItemId="C1">
<MapEntry BoolAssgnmnt="00" Value="6"/>
<MapEntry BoolAssgnmnt="01" Value="1"/>
</AssgnmntListEntry>
</AssgnmntPrefix>
</AssgnmntList>
<ObjMetaDataList/>
<MetaDataList/>
</TestCase>
<TestCase Comment="" Date="1706707434757" Name="randoop.RandoopTest1:test298">
<CovList>
<CovPrefix CovItemPrefix="counter_esempio.Counter.java">
<Cov CovItemId="B1" Value="1"/>
<Cov CovItemId="B2" Value="6"/>
<Cov CovItemId="S1" Value="1"/>
<Cov CovItemId="S2" Value="7"/>
<Cov CovItemId="S3" Value="7"/>
<Cov CovItemId="S4" Value="1"/>
<Cov CovItemId="S5" Value="6"/>
</CovPrefix>
</CovList>
<AssgnmntList>
<AssgnmntPrefix RootTermCovItemPrefix="counter_esempio.Counter.java">
<AssgnmntListEntry Length="2" RootTermCovItemId="C1">
<MapEntry BoolAssgnmnt="00" Value="6"/>
<MapEntry BoolAssgnmnt="01" Value="1"/>
</AssgnmntListEntry>
</AssgnmntPrefix>
</AssgnmntList>
<ObjMetaDataList/>
<MetaDataList/>
</TestCase>
<TestCase Comment="" Date="1706707434757" Name="randoop.RandoopTest1:test299">
<CovList>
<CovPrefix CovItemPrefix="counter_esempio.Counter.java">
<Cov CovItemId="B1" Value="1"/>
<Cov CovItemId="B2" Value="9"/>
<Cov CovItemId="S1" Value="1"/>
<Cov CovItemId="S2" Value="7"/>
<Cov CovItemId="S3" Value="10"/>
<Cov CovItemId="S4" Value="1"/>
<Cov CovItemId="S5" Value="9"/>
</CovPrefix>
</CovList>
<AssgnmntList>
<AssgnmntPrefix RootTermCovItemPrefix="counter_esempio.Counter.java">
<AssgnmntListEntry Length="2" RootTermCovItemId="C1">
<MapEntry BoolAssgnmnt="00" Value="9"/>
<MapEntry BoolAssgnmnt="01" Value="1"/>
</AssgnmntListEntry>
</AssgnmntPrefix>
</AssgnmntList>
<ObjMetaDataList/>
<MetaDataList/>
</TestCase>
<TestCase Comment="" Date="1706707434757" Name="randoop.RandoopTest1:test300">
<CovList>
<CovPrefix CovItemPrefix="counter_esempio.Counter.java">
<Cov CovItemId="B1" Value="1"/>
<Cov CovItemId="B2" Value="7"/>
<Cov CovItemId="S1" Value="1"/>
<Cov CovItemId="S2" Value="6"/>
<Cov CovItemId="S3" Value="8"/>
<Cov CovItemId="S4" Value="1"/>
<Cov CovItemId="S5" Value="7"/>
</CovPrefix>
</CovList>
<AssgnmntList>
<AssgnmntPrefix RootTermCovItemPrefix="counter_esempio.Counter.java">
<AssgnmntListEntry Length="2" RootTermCovItemId="C1">
<MapEntry BoolAssgnmnt="00" Value="7"/>
<MapEntry BoolAssgnmnt="01" Value="1"/>
</AssgnmntListEntry>
</AssgnmntPrefix>
</AssgnmntList>
<ObjMetaDataList/>
<MetaDataList/>
</TestCase>
<TestCase Comment="" Date="1706707434757" Name="randoop.RandoopTest1:test301">
<CovList>
<CovPrefix CovItemPrefix="counter_esempio.Counter.java">
<Cov CovItemId="B1" Value="1"/>
<Cov CovItemId="B2" Value="2"/>
<Cov CovItemId="S1" Value="1"/>
<Cov CovItemId="S2" Value="8"/>
<Cov CovItemId="S3" Value="3"/>
<Cov CovItemId="S4" Value="1"/>
<Cov CovItemId="S5" Value="2"/>
</CovPrefix>
</CovList>
<AssgnmntList>
<AssgnmntPrefix RootTermCovItemPrefix="counter_esempio.Counter.java">
<AssgnmntListEntry Length="2" RootTermCovItemId="C1">
<MapEntry BoolAssgnmnt="00" Value="2"/>
<MapEntry BoolAssgnmnt="01" Value="1"/>
</AssgnmntListEntry>
</AssgnmntPrefix>
</AssgnmntList>
<ObjMetaDataList/>
<MetaDataList/>
</TestCase>
<TestCase Comment="" Date="1706707434757" Name="randoop.RandoopTest1:test302">
<CovList>
<CovPrefix CovItemPrefix="counter_esempio.Counter.java">
<Cov CovItemId="B1" Value="1"/>
<Cov CovItemId="B2" Value="4"/>
<Cov CovItemId="S1" Value="1"/>
<Cov CovItemId="S2" Value="6"/>
<Cov CovItemId="S3" Value="5"/>
<Cov CovItemId="S4" Value="1"/>
<Cov CovItemId="S5" Value="4"/>
</CovPrefix>
</CovList>
<AssgnmntList>
<AssgnmntPrefix RootTermCovItemPrefix="counter_esempio.Counter.java">
<AssgnmntListEntry Length="2" RootTermCovItemId="C1">
<MapEntry BoolAssgnmnt="00" Value="4"/>
<MapEntry BoolAssgnmnt="01" Value="1"/>
</AssgnmntListEntry>
</AssgnmntPrefix>
</AssgnmntList>
<ObjMetaDataList/>
<MetaDataList/>
</TestCase>
<TestCase Comment="" Date="1706707434757" Name="randoop.RandoopTest1:test303">
<CovList>
<CovPrefix CovItemPrefix="counter_esempio.Counter.java">
<Cov CovItemId="B1" Value="1"/>
<Cov CovItemId="B2" Value="5"/>
<Cov CovItemId="S1" Value="1"/>
<Cov CovItemId="S2" Value="10"/>
<Cov CovItemId="S3" Value="6"/>
<Cov CovItemId="S4" Value="1"/>
<Cov CovItemId="S5" Value="5"/>
</CovPrefix>
</CovList>
<AssgnmntList>
<AssgnmntPrefix RootTermCovItemPrefix="counter_esempio.Counter.java">
<AssgnmntListEntry Length="2" RootTermCovItemId="C1">
<MapEntry BoolAssgnmnt="00" Value="5"/>
<MapEntry BoolAssgnmnt="01" Value="1"/>
</AssgnmntListEntry>
</AssgnmntPrefix>
</AssgnmntList>
<ObjMetaDataList/>
<MetaDataList/>
</TestCase>
<TestCase Comment="" Date="1706707434757" Name="randoop.RandoopTest1:test304">
<CovList>
<CovPrefix CovItemPrefix="counter_esempio.Counter.java">
<Cov CovItemId="B1" Value="1"/>
<Cov CovItemId="B2" Value="10"/>
<Cov CovItemId="S1" Value="1"/>
<Cov CovItemId="S2" Value="10"/>
<Cov CovItemId="S3" Value="11"/>
<Cov CovItemId="S4" Value="1"/>
<Cov CovItemId="S5" Value="10"/>
</CovPrefix>
</CovList>
<AssgnmntList>
<AssgnmntPrefix RootTermCovItemPrefix="counter_esempio.Counter.java">
<AssgnmntListEntry Length="2" RootTermCovItemId="C1">
<MapEntry BoolAssgnmnt="00" Value="10"/>
<MapEntry BoolAssgnmnt="01" Value="1"/>
</AssgnmntListEntry>
</AssgnmntPrefix>
</AssgnmntList>
<ObjMetaDataList/>
<MetaDataList/>
</TestCase>
<TestCase Comment="" Date="1706707434757" Name="randoop.RandoopTest1:test305">
<CovList>
<CovPrefix CovItemPrefix="counter_esempio.Counter.java">
<Cov CovItemId="B1" Value="1"/>
<Cov CovItemId="B2" Value="3"/>
<Cov CovItemId="S1" Value="1"/>
<Cov CovItemId="S2" Value="3"/>
<Cov CovItemId="S3" Value="4"/>
<Cov CovItemId="S4" Value="1"/>
<Cov CovItemId="S5" Value="3"/>
</CovPrefix>
</CovList>
<AssgnmntList>
<AssgnmntPrefix RootTermCovItemPrefix="counter_esempio.Counter.java">
<AssgnmntListEntry Length="2" RootTermCovItemId="C1">
<MapEntry BoolAssgnmnt="00" Value="3"/>
<MapEntry BoolAssgnmnt="01" Value="1"/>
</AssgnmntListEntry>
</AssgnmntPrefix>
</AssgnmntList>
<ObjMetaDataList/>
<MetaDataList/>
</TestCase>
<TestCase Comment="" Date="1706707434757" Name="randoop.RandoopTest1:test306">
<CovList>
<CovPrefix CovItemPrefix="counter_esempio.Counter.java">
<Cov CovItemId="B1" Value="1"/>
<Cov CovItemId="B2" Value="9"/>
<Cov CovItemId="S1" Value="1"/>
<Cov CovItemId="S2" Value="5"/>
<Cov CovItemId="S3" Value="10"/>
<Cov CovItemId="S4" Value="1"/>
<Cov CovItemId="S5" Value="9"/>
</CovPrefix>
</CovList>
<AssgnmntList>
<AssgnmntPrefix RootTermCovItemPrefix="counter_esempio.Counter.java">
<AssgnmntListEntry Length="2" RootTermCovItemId="C1">
<MapEntry BoolAssgnmnt="00" Value="9"/>
<MapEntry BoolAssgnmnt="01" Value="1"/>
</AssgnmntListEntry>
</AssgnmntPrefix>
</AssgnmntList>
<ObjMetaDataList/>
<MetaDataList/>
</TestCase>
<TestCase Comment="" Date="1706707434757" Name="randoop.RandoopTest1:test307">
<CovList>
<CovPrefix CovItemPrefix="counter_esempio.Counter.java">
<Cov CovItemId="B1" Value="1"/>
<Cov CovItemId="B2" Value="9"/>
<Cov CovItemId="S1" Value="1"/>
<Cov CovItemId="S2" Value="8"/>
<Cov CovItemId="S3" Value="10"/>
<Cov CovItemId="S4" Value="1"/>
<Cov CovItemId="S5" Value="9"/>
</CovPrefix>
</CovList>
<AssgnmntList>
<AssgnmntPrefix RootTermCovItemPrefix="counter_esempio.Counter.java">
<AssgnmntListEntry Length="2" RootTermCovItemId="C1">
<MapEntry BoolAssgnmnt="00" Value="9"/>
<MapEntry BoolAssgnmnt="01" Value="1"/>
</AssgnmntListEntry>
</AssgnmntPrefix>
</AssgnmntList>
<ObjMetaDataList/>
<MetaDataList/>
</TestCase>
<TestCase Comment="" Date="1706707434767" Name="randoop.RandoopTest1:test308">
<CovList>
<CovPrefix CovItemPrefix="counter_esempio.Counter.java">
<Cov CovItemId="B1" Value="1"/>
<Cov CovItemId="B2" Value="11"/>
<Cov CovItemId="S1" Value="1"/>
<Cov CovItemId="S2" Value="12"/>
<Cov CovItemId="S3" Value="12"/>
<Cov CovItemId="S4" Value="1"/>
<Cov CovItemId="S5" Value="11"/>
</CovPrefix>
</CovList>
<AssgnmntList>
<AssgnmntPrefix RootTermCovItemPrefix="counter_esempio.Counter.java">
<AssgnmntListEntry Length="2" RootTermCovItemId="C1">
<MapEntry BoolAssgnmnt="00" Value="11"/>
<MapEntry BoolAssgnmnt="01" Value="1"/>
</AssgnmntListEntry>
</AssgnmntPrefix>
</AssgnmntList>
<ObjMetaDataList/>
<MetaDataList/>
</TestCase>
<TestCase Comment="" Date="1706707434767" Name="randoop.RandoopTest1:test309">
<CovList>
<CovPrefix CovItemPrefix="counter_esempio.Counter.java">
<Cov CovItemId="B1" Value="1"/>
<Cov CovItemId="B2" Value="4"/>
<Cov CovItemId="S1" Value="1"/>
<Cov CovItemId="S2" Value="6"/>
<Cov CovItemId="S3" Value="5"/>
<Cov CovItemId="S4" Value="1"/>
<Cov CovItemId="S5" Value="4"/>
</CovPrefix>
</CovList>
<AssgnmntList>
<AssgnmntPrefix RootTermCovItemPrefix="counter_esempio.Counter.java">
<AssgnmntListEntry Length="2" RootTermCovItemId="C1">
<MapEntry BoolAssgnmnt="00" Value="4"/>
<MapEntry BoolAssgnmnt="01" Value="1"/>
</AssgnmntListEntry>
</AssgnmntPrefix>
</AssgnmntList>
<ObjMetaDataList/>
<MetaDataList/>
</TestCase>
<TestCase Comment="" Date="1706707434767" Name="randoop.RandoopTest1:test310">
<CovList>
<CovPrefix CovItemPrefix="counter_esempio.Counter.java">
<Cov CovItemId="B1" Value="1"/>
<Cov CovItemId="B2" Value="9"/>
<Cov CovItemId="S1" Value="1"/>
<Cov CovItemId="S2" Value="7"/>
<Cov CovItemId="S3" Value="10"/>
<Cov CovItemId="S4" Value="1"/>
<Cov CovItemId="S5" Value="9"/>
</CovPrefix>
</CovList>
<AssgnmntList>
<AssgnmntPrefix RootTermCovItemPrefix="counter_esempio.Counter.java">
<AssgnmntListEntry Length="2" RootTermCovItemId="C1">
<MapEntry BoolAssgnmnt="00" Value="9"/>
<MapEntry BoolAssgnmnt="01" Value="1"/>
</AssgnmntListEntry>
</AssgnmntPrefix>
</AssgnmntList>
<ObjMetaDataList/>
<MetaDataList/>
</TestCase>
<TestCase Comment="" Date="1706707434767" Name="randoop.RandoopTest1:test311">
<CovList>
<CovPrefix CovItemPrefix="counter_esempio.Counter.java">
<Cov CovItemId="B1" Value="1"/>
<Cov CovItemId="B2" Value="2"/>
<Cov CovItemId="S1" Value="1"/>
<Cov CovItemId="S2" Value="5"/>
<Cov CovItemId="S3" Value="3"/>
<Cov CovItemId="S4" Value="1"/>
<Cov CovItemId="S5" Value="2"/>
</CovPrefix>
</CovList>
<AssgnmntList>
<AssgnmntPrefix RootTermCovItemPrefix="counter_esempio.Counter.java">
<AssgnmntListEntry Length="2" RootTermCovItemId="C1">
<MapEntry BoolAssgnmnt="00" Value="2"/>
<MapEntry BoolAssgnmnt="01" Value="1"/>
</AssgnmntListEntry>
</AssgnmntPrefix>
</AssgnmntList>
<ObjMetaDataList/>
<MetaDataList/>
</TestCase>
<TestCase Comment="" Date="1706707434767" Name="randoop.RandoopTest1:test312">
<CovList>
<CovPrefix CovItemPrefix="counter_esempio.Counter.java">
<Cov CovItemId="B1" Value="1"/>
<Cov CovItemId="B2" Value="7"/>
<Cov CovItemId="S1" Value="1"/>
<Cov CovItemId="S2" Value="4"/>
<Cov CovItemId="S3" Value="8"/>
<Cov CovItemId="S4" Value="1"/>
<Cov CovItemId="S5" Value="7"/>
</CovPrefix>
</CovList>
<AssgnmntList>
<AssgnmntPrefix RootTermCovItemPrefix="counter_esempio.Counter.java">
<AssgnmntListEntry Length="2" RootTermCovItemId="C1">
<MapEntry BoolAssgnmnt="00" Value="7"/>
<MapEntry BoolAssgnmnt="01" Value="1"/>
</AssgnmntListEntry>
</AssgnmntPrefix>
</AssgnmntList>
<ObjMetaDataList/>
<MetaDataList/>
</TestCase>
<TestCase Comment="" Date="1706707434767" Name="randoop.RandoopTest1:test313">
<CovList>
<CovPrefix CovItemPrefix="counter_esempio.Counter.java">
<Cov CovItemId="B1" Value="1"/>
<Cov CovItemId="B2" Value="8"/>
<Cov CovItemId="S1" Value="1"/>
<Cov CovItemId="S2" Value="11"/>
<Cov CovItemId="S3" Value="9"/>
<Cov CovItemId="S4" Value="1"/>
<Cov CovItemId="S5" Value="8"/>
</CovPrefix>
</CovList>
<AssgnmntList>
<AssgnmntPrefix RootTermCovItemPrefix="counter_esempio.Counter.java">
<AssgnmntListEntry Length="2" RootTermCovItemId="C1">
<MapEntry BoolAssgnmnt="00" Value="8"/>
<MapEntry BoolAssgnmnt="01" Value="1"/>
</AssgnmntListEntry>
</AssgnmntPrefix>
</AssgnmntList>
<ObjMetaDataList/>
<MetaDataList/>
</TestCase>
<TestCase Comment="" Date="1706707434767" Name="randoop.RandoopTest1:test314">
<CovList>
<CovPrefix CovItemPrefix="counter_esempio.Counter.java">
<Cov CovItemId="B1" Value="1"/>
<Cov CovItemId="B2" Value="10"/>
<Cov CovItemId="S1" Value="1"/>
<Cov CovItemId="S2" Value="9"/>
<Cov CovItemId="S3" Value="11"/>
<Cov CovItemId="S4" Value="1"/>
<Cov CovItemId="S5" Value="10"/>
</CovPrefix>
</CovList>
<AssgnmntList>
<AssgnmntPrefix RootTermCovItemPrefix="counter_esempio.Counter.java">
<AssgnmntListEntry Length="2" RootTermCovItemId="C1">
<MapEntry BoolAssgnmnt="00" Value="10"/>
<MapEntry BoolAssgnmnt="01" Value="1"/>
</AssgnmntListEntry>
</AssgnmntPrefix>
</AssgnmntList>
<ObjMetaDataList/>
<MetaDataList/>
</TestCase>
<TestCase Comment="" Date="1706707434767" Name="randoop.RandoopTest1:test315">
<CovList>
<CovPrefix CovItemPrefix="counter_esempio.Counter.java">
<Cov CovItemId="B1" Value="1"/>
<Cov CovItemId="B2" Value="9"/>
<Cov CovItemId="S1" Value="1"/>
<Cov CovItemId="S2" Value="8"/>
<Cov CovItemId="S3" Value="10"/>
<Cov CovItemId="S4" Value="1"/>
<Cov CovItemId="S5" Value="9"/>
</CovPrefix>
</CovList>
<AssgnmntList>
<AssgnmntPrefix RootTermCovItemPrefix="counter_esempio.Counter.java">
<AssgnmntListEntry Length="2" RootTermCovItemId="C1">
<MapEntry BoolAssgnmnt="00" Value="9"/>
<MapEntry BoolAssgnmnt="01" Value="1"/>
</AssgnmntListEntry>
</AssgnmntPrefix>
</AssgnmntList>
<ObjMetaDataList/>
<MetaDataList/>
</TestCase>
<TestCase Comment="" Date="1706707434769" Name="randoop.RandoopTest1:test316">
<CovList>
<CovPrefix CovItemPrefix="counter_esempio.Counter.java">
<Cov CovItemId="B1" Value="1"/>
<Cov CovItemId="B2" Value="3"/>
<Cov CovItemId="S1" Value="1"/>
<Cov CovItemId="S2" Value="13"/>
<Cov CovItemId="S3" Value="4"/>
<Cov CovItemId="S4" Value="1"/>
<Cov CovItemId="S5" Value="3"/>
</CovPrefix>
</CovList>
<AssgnmntList>
<AssgnmntPrefix RootTermCovItemPrefix="counter_esempio.Counter.java">
<AssgnmntListEntry Length="2" RootTermCovItemId="C1">
<MapEntry BoolAssgnmnt="00" Value="3"/>
<MapEntry BoolAssgnmnt="01" Value="1"/>
</AssgnmntListEntry>
</AssgnmntPrefix>
</AssgnmntList>
<ObjMetaDataList/>
<MetaDataList/>
</TestCase>
<TestCase Comment="" Date="1706707434769" Name="randoop.RandoopTest1:test317">
<CovList>
<CovPrefix CovItemPrefix="counter_esempio.Counter.java">
<Cov CovItemId="B1" Value="1"/>
<Cov CovItemId="B2" Value="6"/>
<Cov CovItemId="S1" Value="1"/>
<Cov CovItemId="S2" Value="11"/>
<Cov CovItemId="S3" Value="7"/>
<Cov CovItemId="S4" Value="1"/>
<Cov CovItemId="S5" Value="6"/>
</CovPrefix>
</CovList>
<AssgnmntList>
<AssgnmntPrefix RootTermCovItemPrefix="counter_esempio.Counter.java">
<AssgnmntListEntry Length="2" RootTermCovItemId="C1">
<MapEntry BoolAssgnmnt="00" Value="6"/>
<MapEntry BoolAssgnmnt="01" Value="1"/>
</AssgnmntListEntry>
</AssgnmntPrefix>
</AssgnmntList>
<ObjMetaDataList/>
<MetaDataList/>
</TestCase>
<TestCase Comment="" Date="1706707434769" Name="randoop.RandoopTest1:test318">
<CovList>
<CovPrefix CovItemPrefix="counter_esempio.Counter.java">
<Cov CovItemId="B1" Value="1"/>
<Cov CovItemId="B2" Value="8"/>
<Cov CovItemId="S1" Value="1"/>
<Cov CovItemId="S2" Value="5"/>
<Cov CovItemId="S3" Value="9"/>
<Cov CovItemId="S4" Value="1"/>
<Cov CovItemId="S5" Value="8"/>
</CovPrefix>
</CovList>
<AssgnmntList>
<AssgnmntPrefix RootTermCovItemPrefix="counter_esempio.Counter.java">
<AssgnmntListEntry Length="2" RootTermCovItemId="C1">
<MapEntry BoolAssgnmnt="00" Value="8"/>
<MapEntry BoolAssgnmnt="01" Value="1"/>
</AssgnmntListEntry>
</AssgnmntPrefix>
</AssgnmntList>
<ObjMetaDataList/>
<MetaDataList/>
</TestCase>
<TestCase Comment="" Date="1706707434769" Name="randoop.RandoopTest1:test319">
<CovList>
<CovPrefix CovItemPrefix="counter_esempio.Counter.java">
<Cov CovItemId="B1" Value="1"/>
<Cov CovItemId="B2" Value="5"/>
<Cov CovItemId="S1" Value="1"/>
<Cov CovItemId="S2" Value="9"/>
<Cov CovItemId="S3" Value="6"/>
<Cov CovItemId="S4" Value="1"/>
<Cov CovItemId="S5" Value="5"/>
</CovPrefix>
</CovList>
<AssgnmntList>
<AssgnmntPrefix RootTermCovItemPrefix="counter_esempio.Counter.java">
<AssgnmntListEntry Length="2" RootTermCovItemId="C1">
<MapEntry BoolAssgnmnt="00" Value="5"/>
<MapEntry BoolAssgnmnt="01" Value="1"/>
</AssgnmntListEntry>
</AssgnmntPrefix>
</AssgnmntList>
<ObjMetaDataList/>
<MetaDataList/>
</TestCase>
<TestCase Comment="" Date="1706707434769" Name="randoop.RandoopTest1:test320">
<CovList>
<CovPrefix CovItemPrefix="counter_esempio.Counter.java">
<Cov CovItemId="B1" Value="1"/>
<Cov CovItemId="B2" Value="6"/>
<Cov CovItemId="S1" Value="1"/>
<Cov CovItemId="S2" Value="6"/>
<Cov CovItemId="S3" Value="7"/>
<Cov CovItemId="S4" Value="1"/>
<Cov CovItemId="S5" Value="6"/>
</CovPrefix>
</CovList>
<AssgnmntList>
<AssgnmntPrefix RootTermCovItemPrefix="counter_esempio.Counter.java">
<AssgnmntListEntry Length="2" RootTermCovItemId="C1">
<MapEntry BoolAssgnmnt="00" Value="6"/>
<MapEntry BoolAssgnmnt="01" Value="1"/>
</AssgnmntListEntry>
</AssgnmntPrefix>
</AssgnmntList>
<ObjMetaDataList/>
<MetaDataList/>
</TestCase>
<TestCase Comment="" Date="1706707434769" Name="randoop.RandoopTest1:test321">
<CovList>
<CovPrefix CovItemPrefix="counter_esempio.Counter.java">
<Cov CovItemId="B1" Value="1"/>
<Cov CovItemId="B2" Value="13"/>
<Cov CovItemId="S1" Value="1"/>
<Cov CovItemId="S2" Value="5"/>
<Cov CovItemId="S3" Value="14"/>
<Cov CovItemId="S4" Value="1"/>
<Cov CovItemId="S5" Value="13"/>
</CovPrefix>
</CovList>
<AssgnmntList>
<AssgnmntPrefix RootTermCovItemPrefix="counter_esempio.Counter.java">
<AssgnmntListEntry Length="2" RootTermCovItemId="C1">
<MapEntry BoolAssgnmnt="00" Value="13"/>
<MapEntry BoolAssgnmnt="01" Value="1"/>
</AssgnmntListEntry>
</AssgnmntPrefix>
</AssgnmntList>
<ObjMetaDataList/>
<MetaDataList/>
</TestCase>
<TestCase Comment="" Date="1706707434769" Name="randoop.RandoopTest1:test322">
<CovList>
<CovPrefix CovItemPrefix="counter_esempio.Counter.java">
<Cov CovItemId="B1" Value="1"/>
<Cov CovItemId="B2" Value="8"/>
<Cov CovItemId="S1" Value="1"/>
<Cov CovItemId="S2" Value="4"/>
<Cov CovItemId="S3" Value="9"/>
<Cov CovItemId="S4" Value="1"/>
<Cov CovItemId="S5" Value="8"/>
</CovPrefix>
</CovList>
<AssgnmntList>
<AssgnmntPrefix RootTermCovItemPrefix="counter_esempio.Counter.java">
<AssgnmntListEntry Length="2" RootTermCovItemId="C1">
<MapEntry BoolAssgnmnt="00" Value="8"/>
<MapEntry BoolAssgnmnt="01" Value="1"/>
</AssgnmntListEntry>
</AssgnmntPrefix>
</AssgnmntList>
<ObjMetaDataList/>
<MetaDataList/>
</TestCase>
<TestCase Comment="" Date="1706707434769" Name="randoop.RandoopTest1:test323">
<CovList>
<CovPrefix CovItemPrefix="counter_esempio.Counter.java">
<Cov CovItemId="B1" Value="1"/>
<Cov CovItemId="B2" Value="7"/>
<Cov CovItemId="S1" Value="1"/>
<Cov CovItemId="S2" Value="2"/>
<Cov CovItemId="S3" Value="8"/>
<Cov CovItemId="S4" Value="1"/>
<Cov CovItemId="S5" Value="7"/>
</CovPrefix>
</CovList>
<AssgnmntList>
<AssgnmntPrefix RootTermCovItemPrefix="counter_esempio.Counter.java">
<AssgnmntListEntry Length="2" RootTermCovItemId="C1">
<MapEntry BoolAssgnmnt="00" Value="7"/>
<MapEntry BoolAssgnmnt="01" Value="1"/>
</AssgnmntListEntry>
</AssgnmntPrefix>
</AssgnmntList>
<ObjMetaDataList/>
<MetaDataList/>
</TestCase>
<TestCase Comment="" Date="1706707434769" Name="randoop.RandoopTest1:test324">
<CovList>
<CovPrefix CovItemPrefix="counter_esempio.Counter.java">
<Cov CovItemId="B1" Value="1"/>
<Cov CovItemId="B2" Value="7"/>
<Cov CovItemId="S1" Value="1"/>
<Cov CovItemId="S2" Value="6"/>
<Cov CovItemId="S3" Value="8"/>
<Cov CovItemId="S4" Value="1"/>
<Cov CovItemId="S5" Value="7"/>
</CovPrefix>
</CovList>
<AssgnmntList>
<AssgnmntPrefix RootTermCovItemPrefix="counter_esempio.Counter.java">
<AssgnmntListEntry Length="2" RootTermCovItemId="C1">
<MapEntry BoolAssgnmnt="00" Value="7"/>
<MapEntry BoolAssgnmnt="01" Value="1"/>
</AssgnmntListEntry>
</AssgnmntPrefix>
</AssgnmntList>
<ObjMetaDataList/>
<MetaDataList/>
</TestCase>
<TestCase Comment="" Date="1706707434769" Name="randoop.RandoopTest1:test325">
<CovList>
<CovPrefix CovItemPrefix="counter_esempio.Counter.java">
<Cov CovItemId="B1" Value="1"/>
<Cov CovItemId="B2" Value="8"/>
<Cov CovItemId="S1" Value="1"/>
<Cov CovItemId="S2" Value="6"/>
<Cov CovItemId="S3" Value="9"/>
<Cov CovItemId="S4" Value="1"/>
<Cov CovItemId="S5" Value="8"/>
</CovPrefix>
</CovList>
<AssgnmntList>
<AssgnmntPrefix RootTermCovItemPrefix="counter_esempio.Counter.java">
<AssgnmntListEntry Length="2" RootTermCovItemId="C1">
<MapEntry BoolAssgnmnt="00" Value="8"/>
<MapEntry BoolAssgnmnt="01" Value="1"/>
</AssgnmntListEntry>
</AssgnmntPrefix>
</AssgnmntList>
<ObjMetaDataList/>
<MetaDataList/>
</TestCase>
<TestCase Comment="" Date="1706707434769" Name="randoop.RandoopTest1:test326">
<CovList>
<CovPrefix CovItemPrefix="counter_esempio.Counter.java">
<Cov CovItemId="B1" Value="1"/>
<Cov CovItemId="B2" Value="5"/>
<Cov CovItemId="S1" Value="1"/>
<Cov CovItemId="S2" Value="9"/>
<Cov CovItemId="S3" Value="6"/>
<Cov CovItemId="S4" Value="1"/>
<Cov CovItemId="S5" Value="5"/>
</CovPrefix>
</CovList>
<AssgnmntList>
<AssgnmntPrefix RootTermCovItemPrefix="counter_esempio.Counter.java">
<AssgnmntListEntry Length="2" RootTermCovItemId="C1">
<MapEntry BoolAssgnmnt="00" Value="5"/>
<MapEntry BoolAssgnmnt="01" Value="1"/>
</AssgnmntListEntry>
</AssgnmntPrefix>
</AssgnmntList>
<ObjMetaDataList/>
<MetaDataList/>
</TestCase>
<TestCase Comment="" Date="1706707434769" Name="randoop.RandoopTest1:test327">
<CovList>
<CovPrefix CovItemPrefix="counter_esempio.Counter.java">
<Cov CovItemId="B1" Value="1"/>
<Cov CovItemId="B2" Value="5"/>
<Cov CovItemId="S1" Value="1"/>
<Cov CovItemId="S2" Value="5"/>
<Cov CovItemId="S3" Value="6"/>
<Cov CovItemId="S4" Value="1"/>
<Cov CovItemId="S5" Value="5"/>
</CovPrefix>
</CovList>
<AssgnmntList>
<AssgnmntPrefix RootTermCovItemPrefix="counter_esempio.Counter.java">
<AssgnmntListEntry Length="2" RootTermCovItemId="C1">
<MapEntry BoolAssgnmnt="00" Value="5"/>
<MapEntry BoolAssgnmnt="01" Value="1"/>
</AssgnmntListEntry>
</AssgnmntPrefix>
</AssgnmntList>
<ObjMetaDataList/>
<MetaDataList/>
</TestCase>
<TestCase Comment="" Date="1706707434769" Name="randoop.RandoopTest1:test328">
<CovList>
<CovPrefix CovItemPrefix="counter_esempio.Counter.java">
<Cov CovItemId="B1" Value="1"/>
<Cov CovItemId="B2" Value="6"/>
<Cov CovItemId="S1" Value="1"/>
<Cov CovItemId="S2" Value="7"/>
<Cov CovItemId="S3" Value="7"/>
<Cov CovItemId="S4" Value="1"/>
<Cov CovItemId="S5" Value="6"/>
</CovPrefix>
</CovList>
<AssgnmntList>
<AssgnmntPrefix RootTermCovItemPrefix="counter_esempio.Counter.java">
<AssgnmntListEntry Length="2" RootTermCovItemId="C1">
<MapEntry BoolAssgnmnt="00" Value="6"/>
<MapEntry BoolAssgnmnt="01" Value="1"/>
</AssgnmntListEntry>
</AssgnmntPrefix>
</AssgnmntList>
<ObjMetaDataList/>
<MetaDataList/>
</TestCase>
<TestCase Comment="" Date="1706707434769" Name="randoop.RandoopTest1:test329">
<CovList>
<CovPrefix CovItemPrefix="counter_esempio.Counter.java">
<Cov CovItemId="B1" Value="1"/>
<Cov CovItemId="B2" Value="6"/>
<Cov CovItemId="S1" Value="1"/>
<Cov CovItemId="S2" Value="3"/>
<Cov CovItemId="S3" Value="7"/>
<Cov CovItemId="S4" Value="1"/>
<Cov CovItemId="S5" Value="6"/>
</CovPrefix>
</CovList>
<AssgnmntList>
<AssgnmntPrefix RootTermCovItemPrefix="counter_esempio.Counter.java">
<AssgnmntListEntry Length="2" RootTermCovItemId="C1">
<MapEntry BoolAssgnmnt="00" Value="6"/>
<MapEntry BoolAssgnmnt="01" Value="1"/>
</AssgnmntListEntry>
</AssgnmntPrefix>
</AssgnmntList>
<ObjMetaDataList/>
<MetaDataList/>
</TestCase>
<TestCase Comment="" Date="1706707434769" Name="randoop.RandoopTest1:test330">
<CovList>
<CovPrefix CovItemPrefix="counter_esempio.Counter.java">
<Cov CovItemId="B1" Value="1"/>
<Cov CovItemId="B2" Value="5"/>
<Cov CovItemId="S1" Value="1"/>
<Cov CovItemId="S2" Value="6"/>
<Cov CovItemId="S3" Value="6"/>
<Cov CovItemId="S4" Value="1"/>
<Cov CovItemId="S5" Value="5"/>
</CovPrefix>
</CovList>
<AssgnmntList>
<AssgnmntPrefix RootTermCovItemPrefix="counter_esempio.Counter.java">
<AssgnmntListEntry Length="2" RootTermCovItemId="C1">
<MapEntry BoolAssgnmnt="00" Value="5"/>
<MapEntry BoolAssgnmnt="01" Value="1"/>
</AssgnmntListEntry>
</AssgnmntPrefix>
</AssgnmntList>
<ObjMetaDataList/>
<MetaDataList/>
</TestCase>
<TestCase Comment="" Date="1706707434769" Name="randoop.RandoopTest1:test331">
<CovList>
<CovPrefix CovItemPrefix="counter_esempio.Counter.java">
<Cov CovItemId="B1" Value="1"/>
<Cov CovItemId="B2" Value="10"/>
<Cov CovItemId="S1" Value="1"/>
<Cov CovItemId="S2" Value="6"/>
<Cov CovItemId="S3" Value="11"/>
<Cov CovItemId="S4" Value="1"/>
<Cov CovItemId="S5" Value="10"/>
</CovPrefix>
</CovList>
<AssgnmntList>
<AssgnmntPrefix RootTermCovItemPrefix="counter_esempio.Counter.java">
<AssgnmntListEntry Length="2" RootTermCovItemId="C1">
<MapEntry BoolAssgnmnt="00" Value="10"/>
<MapEntry BoolAssgnmnt="01" Value="1"/>
</AssgnmntListEntry>
</AssgnmntPrefix>
</AssgnmntList>
<ObjMetaDataList/>
<MetaDataList/>
</TestCase>
<TestCase Comment="" Date="1706707434769" Name="randoop.RandoopTest1:test332">
<CovList>
<CovPrefix CovItemPrefix="counter_esempio.Counter.java">
<Cov CovItemId="B1" Value="1"/>
<Cov CovItemId="B2" Value="3"/>
<Cov CovItemId="S1" Value="1"/>
<Cov CovItemId="S2" Value="5"/>
<Cov CovItemId="S3" Value="4"/>
<Cov CovItemId="S4" Value="1"/>
<Cov CovItemId="S5" Value="3"/>
</CovPrefix>
</CovList>
<AssgnmntList>
<AssgnmntPrefix RootTermCovItemPrefix="counter_esempio.Counter.java">
<AssgnmntListEntry Length="2" RootTermCovItemId="C1">
<MapEntry BoolAssgnmnt="00" Value="3"/>
<MapEntry BoolAssgnmnt="01" Value="1"/>
</AssgnmntListEntry>
</AssgnmntPrefix>
</AssgnmntList>
<ObjMetaDataList/>
<MetaDataList/>
</TestCase>
<TestCase Comment="" Date="1706707434769" Name="randoop.RandoopTest1:test333">
<CovList>
<CovPrefix CovItemPrefix="counter_esempio.Counter.java">
<Cov CovItemId="B2" Value="2"/>
<Cov CovItemId="S1" Value="1"/>
<Cov CovItemId="S2" Value="7"/>
<Cov CovItemId="S3" Value="2"/>
<Cov CovItemId="S5" Value="2"/>
</CovPrefix>
</CovList>
<AssgnmntList>
<AssgnmntPrefix RootTermCovItemPrefix="counter_esempio.Counter.java">
<AssgnmntListEntry Length="2" RootTermCovItemId="C1">
<MapEntry BoolAssgnmnt="00" Value="2"/>
</AssgnmntListEntry>
</AssgnmntPrefix>
</AssgnmntList>
<ObjMetaDataList/>
<MetaDataList/>
</TestCase>
<TestCase Comment="" Date="1706707434769" Name="randoop.RandoopTest1:test334">
<CovList>
<CovPrefix CovItemPrefix="counter_esempio.Counter.java">
<Cov CovItemId="B1" Value="1"/>
<Cov CovItemId="B2" Value="11"/>
<Cov CovItemId="S1" Value="1"/>
<Cov CovItemId="S2" Value="6"/>
<Cov CovItemId="S3" Value="12"/>
<Cov CovItemId="S4" Value="1"/>
<Cov CovItemId="S5" Value="11"/>
</CovPrefix>
</CovList>
<AssgnmntList>
<AssgnmntPrefix RootTermCovItemPrefix="counter_esempio.Counter.java">
<AssgnmntListEntry Length="2" RootTermCovItemId="C1">
<MapEntry BoolAssgnmnt="00" Value="11"/>
<MapEntry BoolAssgnmnt="01" Value="1"/>
</AssgnmntListEntry>
</AssgnmntPrefix>
</AssgnmntList>
<ObjMetaDataList/>
<MetaDataList/>
</TestCase>
<TestCase Comment="" Date="1706707434769" Name="randoop.RandoopTest1:test335">
<CovList>
<CovPrefix CovItemPrefix="counter_esempio.Counter.java">
<Cov CovItemId="B1" Value="1"/>
<Cov CovItemId="B2" Value="8"/>
<Cov CovItemId="S1" Value="1"/>
<Cov CovItemId="S2" Value="6"/>
<Cov CovItemId="S3" Value="9"/>
<Cov CovItemId="S4" Value="1"/>
<Cov CovItemId="S5" Value="8"/>
</CovPrefix>
</CovList>
<AssgnmntList>
<AssgnmntPrefix RootTermCovItemPrefix="counter_esempio.Counter.java">
<AssgnmntListEntry Length="2" RootTermCovItemId="C1">
<MapEntry BoolAssgnmnt="00" Value="8"/>
<MapEntry BoolAssgnmnt="01" Value="1"/>
</AssgnmntListEntry>
</AssgnmntPrefix>
</AssgnmntList>
<ObjMetaDataList/>
<MetaDataList/>
</TestCase>
<TestCase Comment="" Date="1706707434769" Name="randoop.RandoopTest1:test336">
<CovList>
<CovPrefix CovItemPrefix="counter_esempio.Counter.java">
<Cov CovItemId="B1" Value="1"/>
<Cov CovItemId="B2" Value="8"/>
<Cov CovItemId="S1" Value="1"/>
<Cov CovItemId="S2" Value="8"/>
<Cov CovItemId="S3" Value="9"/>
<Cov CovItemId="S4" Value="1"/>
<Cov CovItemId="S5" Value="8"/>
</CovPrefix>
</CovList>
<AssgnmntList>
<AssgnmntPrefix RootTermCovItemPrefix="counter_esempio.Counter.java">
<AssgnmntListEntry Length="2" RootTermCovItemId="C1">
<MapEntry BoolAssgnmnt="00" Value="8"/>
<MapEntry BoolAssgnmnt="01" Value="1"/>
</AssgnmntListEntry>
</AssgnmntPrefix>
</AssgnmntList>
<ObjMetaDataList/>
<MetaDataList/>
</TestCase>
<TestCase Comment="" Date="1706707434769" Name="randoop.RandoopTest1:test337">
<CovList>
<CovPrefix CovItemPrefix="counter_esempio.Counter.java">
<Cov CovItemId="B1" Value="1"/>
<Cov CovItemId="B2" Value="5"/>
<Cov CovItemId="S1" Value="1"/>
<Cov CovItemId="S2" Value="12"/>
<Cov CovItemId="S3" Value="6"/>
<Cov CovItemId="S4" Value="1"/>
<Cov CovItemId="S5" Value="5"/>
</CovPrefix>
</CovList>
<AssgnmntList>
<AssgnmntPrefix RootTermCovItemPrefix="counter_esempio.Counter.java">
<AssgnmntListEntry Length="2" RootTermCovItemId="C1">
<MapEntry BoolAssgnmnt="00" Value="5"/>
<MapEntry BoolAssgnmnt="01" Value="1"/>
</AssgnmntListEntry>
</AssgnmntPrefix>
</AssgnmntList>
<ObjMetaDataList/>
<MetaDataList/>
</TestCase>
<TestCase Comment="" Date="1706707434769" Name="randoop.RandoopTest1:test338">
<CovList>
<CovPrefix CovItemPrefix="counter_esempio.Counter.java">
<Cov CovItemId="B1" Value="1"/>
<Cov CovItemId="B2" Value="5"/>
<Cov CovItemId="S1" Value="1"/>
<Cov CovItemId="S2" Value="6"/>
<Cov CovItemId="S3" Value="6"/>
<Cov CovItemId="S4" Value="1"/>
<Cov CovItemId="S5" Value="5"/>
</CovPrefix>
</CovList>
<AssgnmntList>
<AssgnmntPrefix RootTermCovItemPrefix="counter_esempio.Counter.java">
<AssgnmntListEntry Length="2" RootTermCovItemId="C1">
<MapEntry BoolAssgnmnt="00" Value="5"/>
<MapEntry BoolAssgnmnt="01" Value="1"/>
</AssgnmntListEntry>
</AssgnmntPrefix>
</AssgnmntList>
<ObjMetaDataList/>
<MetaDataList/>
</TestCase>
<TestCase Comment="" Date="1706707434769" Name="randoop.RandoopTest1:test339">
<CovList>
<CovPrefix CovItemPrefix="counter_esempio.Counter.java">
<Cov CovItemId="B1" Value="1"/>
<Cov CovItemId="B2" Value="7"/>
<Cov CovItemId="S1" Value="1"/>
<Cov CovItemId="S2" Value="10"/>
<Cov CovItemId="S3" Value="8"/>
<Cov CovItemId="S4" Value="1"/>
<Cov CovItemId="S5" Value="7"/>
</CovPrefix>
</CovList>
<AssgnmntList>
<AssgnmntPrefix RootTermCovItemPrefix="counter_esempio.Counter.java">
<AssgnmntListEntry Length="2" RootTermCovItemId="C1">
<MapEntry BoolAssgnmnt="00" Value="7"/>
<MapEntry BoolAssgnmnt="01" Value="1"/>
</AssgnmntListEntry>
</AssgnmntPrefix>
</AssgnmntList>
<ObjMetaDataList/>
<MetaDataList/>
</TestCase>
<TestCase Comment="" Date="1706707434769" Name="randoop.RandoopTest1:test340">
<CovList>
<CovPrefix CovItemPrefix="counter_esempio.Counter.java">
<Cov CovItemId="B1" Value="1"/>
<Cov CovItemId="B2" Value="11"/>
<Cov CovItemId="S1" Value="1"/>
<Cov CovItemId="S2" Value="7"/>
<Cov CovItemId="S3" Value="12"/>
<Cov CovItemId="S4" Value="1"/>
<Cov CovItemId="S5" Value="11"/>
</CovPrefix>
</CovList>
<AssgnmntList>
<AssgnmntPrefix RootTermCovItemPrefix="counter_esempio.Counter.java">
<AssgnmntListEntry Length="2" RootTermCovItemId="C1">
<MapEntry BoolAssgnmnt="00" Value="11"/>
<MapEntry BoolAssgnmnt="01" Value="1"/>
</AssgnmntListEntry>
</AssgnmntPrefix>
</AssgnmntList>
<ObjMetaDataList/>
<MetaDataList/>
</TestCase>
<TestCase Comment="" Date="1706707434769" Name="randoop.RandoopTest1:test341">
<CovList>
<CovPrefix CovItemPrefix="counter_esempio.Counter.java">
<Cov CovItemId="B1" Value="1"/>
<Cov CovItemId="B2" Value="6"/>
<Cov CovItemId="S1" Value="1"/>
<Cov CovItemId="S2" Value="10"/>
<Cov CovItemId="S3" Value="7"/>
<Cov CovItemId="S4" Value="1"/>
<Cov CovItemId="S5" Value="6"/>
</CovPrefix>
</CovList>
<AssgnmntList>
<AssgnmntPrefix RootTermCovItemPrefix="counter_esempio.Counter.java">
<AssgnmntListEntry Length="2" RootTermCovItemId="C1">
<MapEntry BoolAssgnmnt="00" Value="6"/>
<MapEntry BoolAssgnmnt="01" Value="1"/>
</AssgnmntListEntry>
</AssgnmntPrefix>
</AssgnmntList>
<ObjMetaDataList/>
<MetaDataList/>
</TestCase>
<TestCase Comment="" Date="1706707434769" Name="randoop.RandoopTest1:test342">
<CovList>
<CovPrefix CovItemPrefix="counter_esempio.Counter.java">
<Cov CovItemId="B1" Value="1"/>
<Cov CovItemId="B2" Value="7"/>
<Cov CovItemId="S1" Value="1"/>
<Cov CovItemId="S2" Value="9"/>
<Cov CovItemId="S3" Value="8"/>
<Cov CovItemId="S4" Value="1"/>
<Cov CovItemId="S5" Value="7"/>
</CovPrefix>
</CovList>
<AssgnmntList>
<AssgnmntPrefix RootTermCovItemPrefix="counter_esempio.Counter.java">
<AssgnmntListEntry Length="2" RootTermCovItemId="C1">
<MapEntry BoolAssgnmnt="00" Value="7"/>
<MapEntry BoolAssgnmnt="01" Value="1"/>
</AssgnmntListEntry>
</AssgnmntPrefix>
</AssgnmntList>
<ObjMetaDataList/>
<MetaDataList/>
</TestCase>
<TestCase Comment="" Date="1706707434769" Name="randoop.RandoopTest1:test343">
<CovList>
<CovPrefix CovItemPrefix="counter_esempio.Counter.java">
<Cov CovItemId="B1" Value="1"/>
<Cov CovItemId="B2" Value="3"/>
<Cov CovItemId="S1" Value="1"/>
<Cov CovItemId="S2" Value="6"/>
<Cov CovItemId="S3" Value="4"/>
<Cov CovItemId="S4" Value="1"/>
<Cov CovItemId="S5" Value="3"/>
</CovPrefix>
</CovList>
<AssgnmntList>
<AssgnmntPrefix RootTermCovItemPrefix="counter_esempio.Counter.java">
<AssgnmntListEntry Length="2" RootTermCovItemId="C1">
<MapEntry BoolAssgnmnt="00" Value="3"/>
<MapEntry BoolAssgnmnt="01" Value="1"/>
</AssgnmntListEntry>
</AssgnmntPrefix>
</AssgnmntList>
<ObjMetaDataList/>
<MetaDataList/>
</TestCase>
<TestCase Comment="" Date="1706707434769" Name="randoop.RandoopTest1:test344">
<CovList>
<CovPrefix CovItemPrefix="counter_esempio.Counter.java">
<Cov CovItemId="B1" Value="1"/>
<Cov CovItemId="B2" Value="6"/>
<Cov CovItemId="S1" Value="1"/>
<Cov CovItemId="S2" Value="7"/>
<Cov CovItemId="S3" Value="7"/>
<Cov CovItemId="S4" Value="1"/>
<Cov CovItemId="S5" Value="6"/>
</CovPrefix>
</CovList>
<AssgnmntList>
<AssgnmntPrefix RootTermCovItemPrefix="counter_esempio.Counter.java">
<AssgnmntListEntry Length="2" RootTermCovItemId="C1">
<MapEntry BoolAssgnmnt="00" Value="6"/>
<MapEntry BoolAssgnmnt="01" Value="1"/>
</AssgnmntListEntry>
</AssgnmntPrefix>
</AssgnmntList>
<ObjMetaDataList/>
<MetaDataList/>
</TestCase>
<TestCase Comment="" Date="1706707434769" Name="randoop.RandoopTest1:test345">
<CovList>
<CovPrefix CovItemPrefix="counter_esempio.Counter.java">
<Cov CovItemId="B1" Value="1"/>
<Cov CovItemId="B2" Value="7"/>
<Cov CovItemId="S1" Value="1"/>
<Cov CovItemId="S2" Value="4"/>
<Cov CovItemId="S3" Value="8"/>
<Cov CovItemId="S4" Value="1"/>
<Cov CovItemId="S5" Value="7"/>
</CovPrefix>
</CovList>
<AssgnmntList>
<AssgnmntPrefix RootTermCovItemPrefix="counter_esempio.Counter.java">
<AssgnmntListEntry Length="2" RootTermCovItemId="C1">
<MapEntry BoolAssgnmnt="00" Value="7"/>
<MapEntry BoolAssgnmnt="01" Value="1"/>
</AssgnmntListEntry>
</AssgnmntPrefix>
</AssgnmntList>
<ObjMetaDataList/>
<MetaDataList/>
</TestCase>
<TestCase Comment="" Date="1706707434769" Name="randoop.RandoopTest1:test346">
<CovList>
<CovPrefix CovItemPrefix="counter_esempio.Counter.java">
<Cov CovItemId="B1" Value="1"/>
<Cov CovItemId="B2" Value="3"/>
<Cov CovItemId="S1" Value="1"/>
<Cov CovItemId="S2" Value="13"/>
<Cov CovItemId="S3" Value="4"/>
<Cov CovItemId="S4" Value="1"/>
<Cov CovItemId="S5" Value="3"/>
</CovPrefix>
</CovList>
<AssgnmntList>
<AssgnmntPrefix RootTermCovItemPrefix="counter_esempio.Counter.java">
<AssgnmntListEntry Length="2" RootTermCovItemId="C1">
<MapEntry BoolAssgnmnt="00" Value="3"/>
<MapEntry BoolAssgnmnt="01" Value="1"/>
</AssgnmntListEntry>
</AssgnmntPrefix>
</AssgnmntList>
<ObjMetaDataList/>
<MetaDataList/>
</TestCase>
<TestCase Comment="" Date="1706707434769" Name="randoop.RandoopTest1:test347">
<CovList>
<CovPrefix CovItemPrefix="counter_esempio.Counter.java">
<Cov CovItemId="B1" Value="1"/>
<Cov CovItemId="B2" Value="7"/>
<Cov CovItemId="S1" Value="1"/>
<Cov CovItemId="S2" Value="4"/>
<Cov CovItemId="S3" Value="8"/>
<Cov CovItemId="S4" Value="1"/>
<Cov CovItemId="S5" Value="7"/>
</CovPrefix>
</CovList>
<AssgnmntList>
<AssgnmntPrefix RootTermCovItemPrefix="counter_esempio.Counter.java">
<AssgnmntListEntry Length="2" RootTermCovItemId="C1">
<MapEntry BoolAssgnmnt="00" Value="7"/>
<MapEntry BoolAssgnmnt="01" Value="1"/>
</AssgnmntListEntry>
</AssgnmntPrefix>
</AssgnmntList>
<ObjMetaDataList/>
<MetaDataList/>
</TestCase>
<TestCase Comment="" Date="1706707434769" Name="randoop.RandoopTest1:test348">
<CovList>
<CovPrefix CovItemPrefix="counter_esempio.Counter.java">
<Cov CovItemId="B1" Value="1"/>
<Cov CovItemId="B2" Value="8"/>
<Cov CovItemId="S1" Value="1"/>
<Cov CovItemId="S2" Value="9"/>
<Cov CovItemId="S3" Value="9"/>
<Cov CovItemId="S4" Value="1"/>
<Cov CovItemId="S5" Value="8"/>
</CovPrefix>
</CovList>
<AssgnmntList>
<AssgnmntPrefix RootTermCovItemPrefix="counter_esempio.Counter.java">
<AssgnmntListEntry Length="2" RootTermCovItemId="C1">
<MapEntry BoolAssgnmnt="00" Value="8"/>
<MapEntry BoolAssgnmnt="01" Value="1"/>
</AssgnmntListEntry>
</AssgnmntPrefix>
</AssgnmntList>
<ObjMetaDataList/>
<MetaDataList/>
</TestCase>
<TestCase Comment="" Date="1706707434769" Name="randoop.RandoopTest1:test349">
<CovList>
<CovPrefix CovItemPrefix="counter_esempio.Counter.java">
<Cov CovItemId="B1" Value="1"/>
<Cov CovItemId="B2" Value="9"/>
<Cov CovItemId="S1" Value="1"/>
<Cov CovItemId="S2" Value="10"/>
<Cov CovItemId="S3" Value="10"/>
<Cov CovItemId="S4" Value="1"/>
<Cov CovItemId="S5" Value="9"/>
</CovPrefix>
</CovList>
<AssgnmntList>
<AssgnmntPrefix RootTermCovItemPrefix="counter_esempio.Counter.java">
<AssgnmntListEntry Length="2" RootTermCovItemId="C1">
<MapEntry BoolAssgnmnt="00" Value="9"/>
<MapEntry BoolAssgnmnt="01" Value="1"/>
</AssgnmntListEntry>
</AssgnmntPrefix>
</AssgnmntList>
<ObjMetaDataList/>
<MetaDataList/>
</TestCase>
<TestCase Comment="" Date="1706707434769" Name="randoop.RandoopTest1:test350">
<CovList>
<CovPrefix CovItemPrefix="counter_esempio.Counter.java">
<Cov CovItemId="B1" Value="1"/>
<Cov CovItemId="B2" Value="9"/>
<Cov CovItemId="S1" Value="1"/>
<Cov CovItemId="S2" Value="3"/>
<Cov CovItemId="S3" Value="10"/>
<Cov CovItemId="S4" Value="1"/>
<Cov CovItemId="S5" Value="9"/>
</CovPrefix>
</CovList>
<AssgnmntList>
<AssgnmntPrefix RootTermCovItemPrefix="counter_esempio.Counter.java">
<AssgnmntListEntry Length="2" RootTermCovItemId="C1">
<MapEntry BoolAssgnmnt="00" Value="9"/>
<MapEntry BoolAssgnmnt="01" Value="1"/>
</AssgnmntListEntry>
</AssgnmntPrefix>
</AssgnmntList>
<ObjMetaDataList/>
<MetaDataList/>
</TestCase>
<TestCase Comment="" Date="1706707434769" Name="randoop.RandoopTest1:test351">
<CovList>
<CovPrefix CovItemPrefix="counter_esempio.Counter.java">
<Cov CovItemId="B1" Value="1"/>
<Cov CovItemId="B2" Value="6"/>
<Cov CovItemId="S1" Value="1"/>
<Cov CovItemId="S2" Value="6"/>
<Cov CovItemId="S3" Value="7"/>
<Cov CovItemId="S4" Value="1"/>
<Cov CovItemId="S5" Value="6"/>
</CovPrefix>
</CovList>
<AssgnmntList>
<AssgnmntPrefix RootTermCovItemPrefix="counter_esempio.Counter.java">
<AssgnmntListEntry Length="2" RootTermCovItemId="C1">
<MapEntry BoolAssgnmnt="00" Value="6"/>
<MapEntry BoolAssgnmnt="01" Value="1"/>
</AssgnmntListEntry>
</AssgnmntPrefix>
</AssgnmntList>
<ObjMetaDataList/>
<MetaDataList/>
</TestCase>
<TestCase Comment="" Date="1706707434769" Name="randoop.RandoopTest1:test352">
<CovList>
<CovPrefix CovItemPrefix="counter_esempio.Counter.java">
<Cov CovItemId="B1" Value="1"/>
<Cov CovItemId="B2" Value="4"/>
<Cov CovItemId="S1" Value="1"/>
<Cov CovItemId="S2" Value="13"/>
<Cov CovItemId="S3" Value="5"/>
<Cov CovItemId="S4" Value="1"/>
<Cov CovItemId="S5" Value="4"/>
</CovPrefix>
</CovList>
<AssgnmntList>
<AssgnmntPrefix RootTermCovItemPrefix="counter_esempio.Counter.java">
<AssgnmntListEntry Length="2" RootTermCovItemId="C1">
<MapEntry BoolAssgnmnt="00" Value="4"/>
<MapEntry BoolAssgnmnt="01" Value="1"/>
</AssgnmntListEntry>
</AssgnmntPrefix>
</AssgnmntList>
<ObjMetaDataList/>
<MetaDataList/>
</TestCase>
<TestCase Comment="" Date="1706707434769" Name="randoop.RandoopTest1:test353">
<CovList>
<CovPrefix CovItemPrefix="counter_esempio.Counter.java">
<Cov CovItemId="B2" Value="2"/>
<Cov CovItemId="S1" Value="1"/>
<Cov CovItemId="S2" Value="4"/>
<Cov CovItemId="S3" Value="2"/>
<Cov CovItemId="S5" Value="2"/>
</CovPrefix>
</CovList>
<AssgnmntList>
<AssgnmntPrefix RootTermCovItemPrefix="counter_esempio.Counter.java">
<AssgnmntListEntry Length="2" RootTermCovItemId="C1">
<MapEntry BoolAssgnmnt="00" Value="2"/>
</AssgnmntListEntry>
</AssgnmntPrefix>
</AssgnmntList>
<ObjMetaDataList/>
<MetaDataList/>
</TestCase>
<TestCase Comment="" Date="1706707434769" Name="randoop.RandoopTest1:test354">
<CovList>
<CovPrefix CovItemPrefix="counter_esempio.Counter.java">
<Cov CovItemId="B1" Value="1"/>
<Cov CovItemId="B2" Value="10"/>
<Cov CovItemId="S1" Value="1"/>
<Cov CovItemId="S2" Value="6"/>
<Cov CovItemId="S3" Value="11"/>
<Cov CovItemId="S4" Value="1"/>
<Cov CovItemId="S5" Value="10"/>
</CovPrefix>
</CovList>
<AssgnmntList>
<AssgnmntPrefix RootTermCovItemPrefix="counter_esempio.Counter.java">
<AssgnmntListEntry Length="2" RootTermCovItemId="C1">
<MapEntry BoolAssgnmnt="00" Value="10"/>
<MapEntry BoolAssgnmnt="01" Value="1"/>
</AssgnmntListEntry>
</AssgnmntPrefix>
</AssgnmntList>
<ObjMetaDataList/>
<MetaDataList/>
</TestCase>
<TestCase Comment="" Date="1706707434769" Name="randoop.RandoopTest1:test355">
<CovList>
<CovPrefix CovItemPrefix="counter_esempio.Counter.java">
<Cov CovItemId="B1" Value="1"/>
<Cov CovItemId="B2" Value="6"/>
<Cov CovItemId="S1" Value="1"/>
<Cov CovItemId="S2" Value="9"/>
<Cov CovItemId="S3" Value="7"/>
<Cov CovItemId="S4" Value="1"/>
<Cov CovItemId="S5" Value="6"/>
</CovPrefix>
</CovList>
<AssgnmntList>
<AssgnmntPrefix RootTermCovItemPrefix="counter_esempio.Counter.java">
<AssgnmntListEntry Length="2" RootTermCovItemId="C1">
<MapEntry BoolAssgnmnt="00" Value="6"/>
<MapEntry BoolAssgnmnt="01" Value="1"/>
</AssgnmntListEntry>
</AssgnmntPrefix>
</AssgnmntList>
<ObjMetaDataList/>
<MetaDataList/>
</TestCase>
<TestCase Comment="" Date="1706707434769" Name="randoop.RandoopTest1:test356">
<CovList>
<CovPrefix CovItemPrefix="counter_esempio.Counter.java">
<Cov CovItemId="B1" Value="1"/>
<Cov CovItemId="B2" Value="5"/>
<Cov CovItemId="S1" Value="1"/>
<Cov CovItemId="S2" Value="5"/>
<Cov CovItemId="S3" Value="6"/>
<Cov CovItemId="S4" Value="1"/>
<Cov CovItemId="S5" Value="5"/>
</CovPrefix>
</CovList>
<AssgnmntList>
<AssgnmntPrefix RootTermCovItemPrefix="counter_esempio.Counter.java">
<AssgnmntListEntry Length="2" RootTermCovItemId="C1">
<MapEntry BoolAssgnmnt="00" Value="5"/>
<MapEntry BoolAssgnmnt="01" Value="1"/>
</AssgnmntListEntry>
</AssgnmntPrefix>
</AssgnmntList>
<ObjMetaDataList/>
<MetaDataList/>
</TestCase>
<TestCase Comment="" Date="1706707434769" Name="randoop.RandoopTest1:test357">
<CovList>
<CovPrefix CovItemPrefix="counter_esempio.Counter.java">
<Cov CovItemId="B1" Value="1"/>
<Cov CovItemId="B2" Value="5"/>
<Cov CovItemId="S1" Value="1"/>
<Cov CovItemId="S2" Value="10"/>
<Cov CovItemId="S3" Value="6"/>
<Cov CovItemId="S4" Value="1"/>
<Cov CovItemId="S5" Value="5"/>
</CovPrefix>
</CovList>
<AssgnmntList>
<AssgnmntPrefix RootTermCovItemPrefix="counter_esempio.Counter.java">
<AssgnmntListEntry Length="2" RootTermCovItemId="C1">
<MapEntry BoolAssgnmnt="00" Value="5"/>
<MapEntry BoolAssgnmnt="01" Value="1"/>
</AssgnmntListEntry>
</AssgnmntPrefix>
</AssgnmntList>
<ObjMetaDataList/>
<MetaDataList/>
</TestCase>
<TestCase Comment="" Date="1706707434769" Name="randoop.RandoopTest1:test358">
<CovList>
<CovPrefix CovItemPrefix="counter_esempio.Counter.java">
<Cov CovItemId="B1" Value="1"/>
<Cov CovItemId="B2" Value="3"/>
<Cov CovItemId="S1" Value="1"/>
<Cov CovItemId="S2" Value="5"/>
<Cov CovItemId="S3" Value="4"/>
<Cov CovItemId="S4" Value="1"/>
<Cov CovItemId="S5" Value="3"/>
</CovPrefix>
</CovList>
<AssgnmntList>
<AssgnmntPrefix RootTermCovItemPrefix="counter_esempio.Counter.java">
<AssgnmntListEntry Length="2" RootTermCovItemId="C1">
<MapEntry BoolAssgnmnt="00" Value="3"/>
<MapEntry BoolAssgnmnt="01" Value="1"/>
</AssgnmntListEntry>
</AssgnmntPrefix>
</AssgnmntList>
<ObjMetaDataList/>
<MetaDataList/>
</TestCase>
<TestCase Comment="" Date="1706707434769" Name="randoop.RandoopTest1:test359">
<CovList>
<CovPrefix CovItemPrefix="counter_esempio.Counter.java">
<Cov CovItemId="B1" Value="1"/>
<Cov CovItemId="B2" Value="6"/>
<Cov CovItemId="S1" Value="1"/>
<Cov CovItemId="S2" Value="6"/>
<Cov CovItemId="S3" Value="7"/>
<Cov CovItemId="S4" Value="1"/>
<Cov CovItemId="S5" Value="6"/>
</CovPrefix>
</CovList>
<AssgnmntList>
<AssgnmntPrefix RootTermCovItemPrefix="counter_esempio.Counter.java">
<AssgnmntListEntry Length="2" RootTermCovItemId="C1">
<MapEntry BoolAssgnmnt="00" Value="6"/>
<MapEntry BoolAssgnmnt="01" Value="1"/>
</AssgnmntListEntry>
</AssgnmntPrefix>
</AssgnmntList>
<ObjMetaDataList/>
<MetaDataList/>
</TestCase>
<TestCase Comment="" Date="1706707434769" Name="randoop.RandoopTest1:test360">
<CovList>
<CovPrefix CovItemPrefix="counter_esempio.Counter.java">
<Cov CovItemId="B1" Value="1"/>
<Cov CovItemId="B2" Value="4"/>
<Cov CovItemId="S1" Value="1"/>
<Cov CovItemId="S2" Value="5"/>
<Cov CovItemId="S3" Value="5"/>
<Cov CovItemId="S4" Value="1"/>
<Cov CovItemId="S5" Value="4"/>
</CovPrefix>
</CovList>
<AssgnmntList>
<AssgnmntPrefix RootTermCovItemPrefix="counter_esempio.Counter.java">
<AssgnmntListEntry Length="2" RootTermCovItemId="C1">
<MapEntry BoolAssgnmnt="00" Value="4"/>
<MapEntry BoolAssgnmnt="01" Value="1"/>
</AssgnmntListEntry>
</AssgnmntPrefix>
</AssgnmntList>
<ObjMetaDataList/>
<MetaDataList/>
</TestCase>
<TestCase Comment="" Date="1706707434769" Name="randoop.RandoopTest1:test361">
<CovList>
<CovPrefix CovItemPrefix="counter_esempio.Counter.java">
<Cov CovItemId="B1" Value="1"/>
<Cov CovItemId="B2" Value="7"/>
<Cov CovItemId="S1" Value="1"/>
<Cov CovItemId="S2" Value="1"/>
<Cov CovItemId="S3" Value="8"/>
<Cov CovItemId="S4" Value="1"/>
<Cov CovItemId="S5" Value="7"/>
</CovPrefix>
</CovList>
<AssgnmntList>
<AssgnmntPrefix RootTermCovItemPrefix="counter_esempio.Counter.java">
<AssgnmntListEntry Length="2" RootTermCovItemId="C1">
<MapEntry BoolAssgnmnt="00" Value="7"/>
<MapEntry BoolAssgnmnt="01" Value="1"/>
</AssgnmntListEntry>
</AssgnmntPrefix>
</AssgnmntList>
<ObjMetaDataList/>
<MetaDataList/>
</TestCase>
<TestCase Comment="" Date="1706707434769" Name="randoop.RandoopTest1:test362">
<CovList>
<CovPrefix CovItemPrefix="counter_esempio.Counter.java">
<Cov CovItemId="B1" Value="1"/>
<Cov CovItemId="B2" Value="10"/>
<Cov CovItemId="S1" Value="1"/>
<Cov CovItemId="S2" Value="4"/>
<Cov CovItemId="S3" Value="11"/>
<Cov CovItemId="S4" Value="1"/>
<Cov CovItemId="S5" Value="10"/>
</CovPrefix>
</CovList>
<AssgnmntList>
<AssgnmntPrefix RootTermCovItemPrefix="counter_esempio.Counter.java">
<AssgnmntListEntry Length="2" RootTermCovItemId="C1">
<MapEntry BoolAssgnmnt="00" Value="10"/>
<MapEntry BoolAssgnmnt="01" Value="1"/>
</AssgnmntListEntry>
</AssgnmntPrefix>
</AssgnmntList>
<ObjMetaDataList/>
<MetaDataList/>
</TestCase>
<TestCase Comment="" Date="1706707434769" Name="randoop.RandoopTest1:test363">
<CovList>
<CovPrefix CovItemPrefix="counter_esempio.Counter.java">
<Cov CovItemId="B1" Value="1"/>
<Cov CovItemId="B2" Value="7"/>
<Cov CovItemId="S1" Value="1"/>
<Cov CovItemId="S2" Value="10"/>
<Cov CovItemId="S3" Value="8"/>
<Cov CovItemId="S4" Value="1"/>
<Cov CovItemId="S5" Value="7"/>
</CovPrefix>
</CovList>
<AssgnmntList>
<AssgnmntPrefix RootTermCovItemPrefix="counter_esempio.Counter.java">
<AssgnmntListEntry Length="2" RootTermCovItemId="C1">
<MapEntry BoolAssgnmnt="00" Value="7"/>
<MapEntry BoolAssgnmnt="01" Value="1"/>
</AssgnmntListEntry>
</AssgnmntPrefix>
</AssgnmntList>
<ObjMetaDataList/>
<MetaDataList/>
</TestCase>
<TestCase Comment="" Date="1706707434769" Name="randoop.RandoopTest1:test364">
<CovList>
<CovPrefix CovItemPrefix="counter_esempio.Counter.java">
<Cov CovItemId="B1" Value="1"/>
<Cov CovItemId="B2" Value="5"/>
<Cov CovItemId="S1" Value="1"/>
<Cov CovItemId="S2" Value="4"/>
<Cov CovItemId="S3" Value="6"/>
<Cov CovItemId="S4" Value="1"/>
<Cov CovItemId="S5" Value="5"/>
</CovPrefix>
</CovList>
<AssgnmntList>
<AssgnmntPrefix RootTermCovItemPrefix="counter_esempio.Counter.java">
<AssgnmntListEntry Length="2" RootTermCovItemId="C1">
<MapEntry BoolAssgnmnt="00" Value="5"/>
<MapEntry BoolAssgnmnt="01" Value="1"/>
</AssgnmntListEntry>
</AssgnmntPrefix>
</AssgnmntList>
<ObjMetaDataList/>
<MetaDataList/>
</TestCase>
<TestCase Comment="" Date="1706707434769" Name="randoop.RandoopTest1:test365">
<CovList>
<CovPrefix CovItemPrefix="counter_esempio.Counter.java">
<Cov CovItemId="B1" Value="1"/>
<Cov CovItemId="B2" Value="5"/>
<Cov CovItemId="S1" Value="1"/>
<Cov CovItemId="S2" Value="11"/>
<Cov CovItemId="S3" Value="6"/>
<Cov CovItemId="S4" Value="1"/>
<Cov CovItemId="S5" Value="5"/>
</CovPrefix>
</CovList>
<AssgnmntList>
<AssgnmntPrefix RootTermCovItemPrefix="counter_esempio.Counter.java">
<AssgnmntListEntry Length="2" RootTermCovItemId="C1">
<MapEntry BoolAssgnmnt="00" Value="5"/>
<MapEntry BoolAssgnmnt="01" Value="1"/>
</AssgnmntListEntry>
</AssgnmntPrefix>
</AssgnmntList>
<ObjMetaDataList/>
<MetaDataList/>
</TestCase>
<TestCase Comment="" Date="1706707434769" Name="randoop.RandoopTest1:test366">
<CovList>
<CovPrefix CovItemPrefix="counter_esempio.Counter.java">
<Cov CovItemId="B1" Value="1"/>
<Cov CovItemId="B2" Value="7"/>
<Cov CovItemId="S1" Value="1"/>
<Cov CovItemId="S2" Value="10"/>
<Cov CovItemId="S3" Value="8"/>
<Cov CovItemId="S4" Value="1"/>
<Cov CovItemId="S5" Value="7"/>
</CovPrefix>
</CovList>
<AssgnmntList>
<AssgnmntPrefix RootTermCovItemPrefix="counter_esempio.Counter.java">
<AssgnmntListEntry Length="2" RootTermCovItemId="C1">
<MapEntry BoolAssgnmnt="00" Value="7"/>
<MapEntry BoolAssgnmnt="01" Value="1"/>
</AssgnmntListEntry>
</AssgnmntPrefix>
</AssgnmntList>
<ObjMetaDataList/>
<MetaDataList/>
</TestCase>
<TestCase Comment="" Date="1706707434769" Name="randoop.RandoopTest1:test367">
<CovList>
<CovPrefix CovItemPrefix="counter_esempio.Counter.java">
<Cov CovItemId="B1" Value="1"/>
<Cov CovItemId="B2" Value="5"/>
<Cov CovItemId="S1" Value="1"/>
<Cov CovItemId="S2" Value="6"/>
<Cov CovItemId="S3" Value="6"/>
<Cov CovItemId="S4" Value="1"/>
<Cov CovItemId="S5" Value="5"/>
</CovPrefix>
</CovList>
<AssgnmntList>
<AssgnmntPrefix RootTermCovItemPrefix="counter_esempio.Counter.java">
<AssgnmntListEntry Length="2" RootTermCovItemId="C1">
<MapEntry BoolAssgnmnt="00" Value="5"/>
<MapEntry BoolAssgnmnt="01" Value="1"/>
</AssgnmntListEntry>
</AssgnmntPrefix>
</AssgnmntList>
<ObjMetaDataList/>
<MetaDataList/>
</TestCase>
<TestCase Comment="" Date="1706707434769" Name="randoop.RandoopTest1:test368">
<CovList>
<CovPrefix CovItemPrefix="counter_esempio.Counter.java">
<Cov CovItemId="B1" Value="1"/>
<Cov CovItemId="B2" Value="5"/>
<Cov CovItemId="S1" Value="1"/>
<Cov CovItemId="S2" Value="7"/>
<Cov CovItemId="S3" Value="6"/>
<Cov CovItemId="S4" Value="1"/>
<Cov CovItemId="S5" Value="5"/>
</CovPrefix>
</CovList>
<AssgnmntList>
<AssgnmntPrefix RootTermCovItemPrefix="counter_esempio.Counter.java">
<AssgnmntListEntry Length="2" RootTermCovItemId="C1">
<MapEntry BoolAssgnmnt="00" Value="5"/>
<MapEntry BoolAssgnmnt="01" Value="1"/>
</AssgnmntListEntry>
</AssgnmntPrefix>
</AssgnmntList>
<ObjMetaDataList/>
<MetaDataList/>
</TestCase>
<TestCase Comment="" Date="1706707434769" Name="randoop.RandoopTest1:test369">
<CovList>
<CovPrefix CovItemPrefix="counter_esempio.Counter.java">
<Cov CovItemId="B1" Value="1"/>
<Cov CovItemId="B2" Value="5"/>
<Cov CovItemId="S1" Value="1"/>
<Cov CovItemId="S2" Value="6"/>
<Cov CovItemId="S3" Value="6"/>
<Cov CovItemId="S4" Value="1"/>
<Cov CovItemId="S5" Value="5"/>
</CovPrefix>
</CovList>
<AssgnmntList>
<AssgnmntPrefix RootTermCovItemPrefix="counter_esempio.Counter.java">
<AssgnmntListEntry Length="2" RootTermCovItemId="C1">
<MapEntry BoolAssgnmnt="00" Value="5"/>
<MapEntry BoolAssgnmnt="01" Value="1"/>
</AssgnmntListEntry>
</AssgnmntPrefix>
</AssgnmntList>
<ObjMetaDataList/>
<MetaDataList/>
</TestCase>
<TestCase Comment="" Date="1706707434769" Name="randoop.RandoopTest1:test370">
<CovList>
<CovPrefix CovItemPrefix="counter_esempio.Counter.java">
<Cov CovItemId="B1" Value="1"/>
<Cov CovItemId="B2" Value="4"/>
<Cov CovItemId="S1" Value="1"/>
<Cov CovItemId="S2" Value="10"/>
<Cov CovItemId="S3" Value="5"/>
<Cov CovItemId="S4" Value="1"/>
<Cov CovItemId="S5" Value="4"/>
</CovPrefix>
</CovList>
<AssgnmntList>
<AssgnmntPrefix RootTermCovItemPrefix="counter_esempio.Counter.java">
<AssgnmntListEntry Length="2" RootTermCovItemId="C1">
<MapEntry BoolAssgnmnt="00" Value="4"/>
<MapEntry BoolAssgnmnt="01" Value="1"/>
</AssgnmntListEntry>
</AssgnmntPrefix>
</AssgnmntList>
<ObjMetaDataList/>
<MetaDataList/>
</TestCase>
<TestCase Comment="" Date="1706707434769" Name="randoop.RandoopTest1:test371">
<CovList>
<CovPrefix CovItemPrefix="counter_esempio.Counter.java">
<Cov CovItemId="B1" Value="1"/>
<Cov CovItemId="B2" Value="7"/>
<Cov CovItemId="S1" Value="1"/>
<Cov CovItemId="S2" Value="13"/>
<Cov CovItemId="S3" Value="8"/>
<Cov CovItemId="S4" Value="1"/>
<Cov CovItemId="S5" Value="7"/>
</CovPrefix>
</CovList>
<AssgnmntList>
<AssgnmntPrefix RootTermCovItemPrefix="counter_esempio.Counter.java">
<AssgnmntListEntry Length="2" RootTermCovItemId="C1">
<MapEntry BoolAssgnmnt="00" Value="7"/>
<MapEntry BoolAssgnmnt="01" Value="1"/>
</AssgnmntListEntry>
</AssgnmntPrefix>
</AssgnmntList>
<ObjMetaDataList/>
<MetaDataList/>
</TestCase>
<TestCase Comment="" Date="1706707434769" Name="randoop.RandoopTest1:test372">
<CovList>
<CovPrefix CovItemPrefix="counter_esempio.Counter.java">
<Cov CovItemId="B1" Value="1"/>
<Cov CovItemId="B2" Value="3"/>
<Cov CovItemId="S1" Value="1"/>
<Cov CovItemId="S2" Value="9"/>
<Cov CovItemId="S3" Value="4"/>
<Cov CovItemId="S4" Value="1"/>
<Cov CovItemId="S5" Value="3"/>
</CovPrefix>
</CovList>
<AssgnmntList>
<AssgnmntPrefix RootTermCovItemPrefix="counter_esempio.Counter.java">
<AssgnmntListEntry Length="2" RootTermCovItemId="C1">
<MapEntry BoolAssgnmnt="00" Value="3"/>
<MapEntry BoolAssgnmnt="01" Value="1"/>
</AssgnmntListEntry>
</AssgnmntPrefix>
</AssgnmntList>
<ObjMetaDataList/>
<MetaDataList/>
</TestCase>
<TestCase Comment="" Date="1706707434769" Name="randoop.RandoopTest1:test373">
<CovList>
<CovPrefix CovItemPrefix="counter_esempio.Counter.java">
<Cov CovItemId="B1" Value="1"/>
<Cov CovItemId="B2" Value="4"/>
<Cov CovItemId="S1" Value="1"/>
<Cov CovItemId="S2" Value="9"/>
<Cov CovItemId="S3" Value="5"/>
<Cov CovItemId="S4" Value="1"/>
<Cov CovItemId="S5" Value="4"/>
</CovPrefix>
</CovList>
<AssgnmntList>
<AssgnmntPrefix RootTermCovItemPrefix="counter_esempio.Counter.java">
<AssgnmntListEntry Length="2" RootTermCovItemId="C1">
<MapEntry BoolAssgnmnt="00" Value="4"/>
<MapEntry BoolAssgnmnt="01" Value="1"/>
</AssgnmntListEntry>
</AssgnmntPrefix>
</AssgnmntList>
<ObjMetaDataList/>
<MetaDataList/>
</TestCase>
<TestCase Comment="" Date="1706707434769" Name="randoop.RandoopTest1:test374">
<CovList>
<CovPrefix CovItemPrefix="counter_esempio.Counter.java">
<Cov CovItemId="B1" Value="1"/>
<Cov CovItemId="B2" Value="4"/>
<Cov CovItemId="S1" Value="1"/>
<Cov CovItemId="S2" Value="6"/>
<Cov CovItemId="S3" Value="5"/>
<Cov CovItemId="S4" Value="1"/>
<Cov CovItemId="S5" Value="4"/>
</CovPrefix>
</CovList>
<AssgnmntList>
<AssgnmntPrefix RootTermCovItemPrefix="counter_esempio.Counter.java">
<AssgnmntListEntry Length="2" RootTermCovItemId="C1">
<MapEntry BoolAssgnmnt="00" Value="4"/>
<MapEntry BoolAssgnmnt="01" Value="1"/>
</AssgnmntListEntry>
</AssgnmntPrefix>
</AssgnmntList>
<ObjMetaDataList/>
<MetaDataList/>
</TestCase>
<TestCase Comment="" Date="1706707434769" Name="randoop.RandoopTest1:test375">
<CovList>
<CovPrefix CovItemPrefix="counter_esempio.Counter.java">
<Cov CovItemId="B1" Value="1"/>
<Cov CovItemId="B2" Value="9"/>
<Cov CovItemId="S1" Value="1"/>
<Cov CovItemId="S2" Value="10"/>
<Cov CovItemId="S3" Value="10"/>
<Cov CovItemId="S4" Value="1"/>
<Cov CovItemId="S5" Value="9"/>
</CovPrefix>
</CovList>
<AssgnmntList>
<AssgnmntPrefix RootTermCovItemPrefix="counter_esempio.Counter.java">
<AssgnmntListEntry Length="2" RootTermCovItemId="C1">
<MapEntry BoolAssgnmnt="00" Value="9"/>
<MapEntry BoolAssgnmnt="01" Value="1"/>
</AssgnmntListEntry>
</AssgnmntPrefix>
</AssgnmntList>
<ObjMetaDataList/>
<MetaDataList/>
</TestCase>
<TestCase Comment="" Date="1706707434769" Name="randoop.RandoopTest1:test376">
<CovList>
<CovPrefix CovItemPrefix="counter_esempio.Counter.java">
<Cov CovItemId="B1" Value="1"/>
<Cov CovItemId="B2" Value="6"/>
<Cov CovItemId="S1" Value="1"/>
<Cov CovItemId="S2" Value="4"/>
<Cov CovItemId="S3" Value="7"/>
<Cov CovItemId="S4" Value="1"/>
<Cov CovItemId="S5" Value="6"/>
</CovPrefix>
</CovList>
<AssgnmntList>
<AssgnmntPrefix RootTermCovItemPrefix="counter_esempio.Counter.java">
<AssgnmntListEntry Length="2" RootTermCovItemId="C1">
<MapEntry BoolAssgnmnt="00" Value="6"/>
<MapEntry BoolAssgnmnt="01" Value="1"/>
</AssgnmntListEntry>
</AssgnmntPrefix>
</AssgnmntList>
<ObjMetaDataList/>
<MetaDataList/>
</TestCase>
<TestCase Comment="" Date="1706707434769" Name="randoop.RandoopTest1:test377">
<CovList>
<CovPrefix CovItemPrefix="counter_esempio.Counter.java">
<Cov CovItemId="B1" Value="1"/>
<Cov CovItemId="B2" Value="6"/>
<Cov CovItemId="S1" Value="1"/>
<Cov CovItemId="S2" Value="11"/>
<Cov CovItemId="S3" Value="7"/>
<Cov CovItemId="S4" Value="1"/>
<Cov CovItemId="S5" Value="6"/>
</CovPrefix>
</CovList>
<AssgnmntList>
<AssgnmntPrefix RootTermCovItemPrefix="counter_esempio.Counter.java">
<AssgnmntListEntry Length="2" RootTermCovItemId="C1">
<MapEntry BoolAssgnmnt="00" Value="6"/>
<MapEntry BoolAssgnmnt="01" Value="1"/>
</AssgnmntListEntry>
</AssgnmntPrefix>
</AssgnmntList>
<ObjMetaDataList/>
<MetaDataList/>
</TestCase>
<TestCase Comment="" Date="1706707434769" Name="randoop.RandoopTest1:test378">
<CovList>
<CovPrefix CovItemPrefix="counter_esempio.Counter.java">
<Cov CovItemId="B1" Value="1"/>
<Cov CovItemId="B2" Value="4"/>
<Cov CovItemId="S1" Value="1"/>
<Cov CovItemId="S2" Value="9"/>
<Cov CovItemId="S3" Value="5"/>
<Cov CovItemId="S4" Value="1"/>
<Cov CovItemId="S5" Value="4"/>
</CovPrefix>
</CovList>
<AssgnmntList>
<AssgnmntPrefix RootTermCovItemPrefix="counter_esempio.Counter.java">
<AssgnmntListEntry Length="2" RootTermCovItemId="C1">
<MapEntry BoolAssgnmnt="00" Value="4"/>
<MapEntry BoolAssgnmnt="01" Value="1"/>
</AssgnmntListEntry>
</AssgnmntPrefix>
</AssgnmntList>
<ObjMetaDataList/>
<MetaDataList/>
</TestCase>
<TestCase Comment="" Date="1706707434769" Name="randoop.RandoopTest1:test379">
<CovList>
<CovPrefix CovItemPrefix="counter_esempio.Counter.java">
<Cov CovItemId="B1" Value="1"/>
<Cov CovItemId="B2" Value="7"/>
<Cov CovItemId="S1" Value="1"/>
<Cov CovItemId="S2" Value="9"/>
<Cov CovItemId="S3" Value="8"/>
<Cov CovItemId="S4" Value="1"/>
<Cov CovItemId="S5" Value="7"/>
</CovPrefix>
</CovList>
<AssgnmntList>
<AssgnmntPrefix RootTermCovItemPrefix="counter_esempio.Counter.java">
<AssgnmntListEntry Length="2" RootTermCovItemId="C1">
<MapEntry BoolAssgnmnt="00" Value="7"/>
<MapEntry BoolAssgnmnt="01" Value="1"/>
</AssgnmntListEntry>
</AssgnmntPrefix>
</AssgnmntList>
<ObjMetaDataList/>
<MetaDataList/>
</TestCase>
<TestCase Comment="" Date="1706707434769" Name="randoop.RandoopTest1:test380">
<CovList>
<CovPrefix CovItemPrefix="counter_esempio.Counter.java">
<Cov CovItemId="B1" Value="1"/>
<Cov CovItemId="B2" Value="7"/>
<Cov CovItemId="S1" Value="1"/>
<Cov CovItemId="S2" Value="6"/>
<Cov CovItemId="S3" Value="8"/>
<Cov CovItemId="S4" Value="1"/>
<Cov CovItemId="S5" Value="7"/>
</CovPrefix>
</CovList>
<AssgnmntList>
<AssgnmntPrefix RootTermCovItemPrefix="counter_esempio.Counter.java">
<AssgnmntListEntry Length="2" RootTermCovItemId="C1">
<MapEntry BoolAssgnmnt="00" Value="7"/>
<MapEntry BoolAssgnmnt="01" Value="1"/>
</AssgnmntListEntry>
</AssgnmntPrefix>
</AssgnmntList>
<ObjMetaDataList/>
<MetaDataList/>
</TestCase>
<TestCase Comment="" Date="1706707434769" Name="randoop.RandoopTest1:test381">
<CovList>
<CovPrefix CovItemPrefix="counter_esempio.Counter.java">
<Cov CovItemId="B2" Value="2"/>
<Cov CovItemId="S1" Value="1"/>
<Cov CovItemId="S2" Value="10"/>
<Cov CovItemId="S3" Value="2"/>
<Cov CovItemId="S5" Value="2"/>
</CovPrefix>
</CovList>
<AssgnmntList>
<AssgnmntPrefix RootTermCovItemPrefix="counter_esempio.Counter.java">
<AssgnmntListEntry Length="2" RootTermCovItemId="C1">
<MapEntry BoolAssgnmnt="00" Value="2"/>
</AssgnmntListEntry>
</AssgnmntPrefix>
</AssgnmntList>
<ObjMetaDataList/>
<MetaDataList/>
</TestCase>
<TestCase Comment="" Date="1706707434769" Name="randoop.RandoopTest1:test382">
<CovList>
<CovPrefix CovItemPrefix="counter_esempio.Counter.java">
<Cov CovItemId="B1" Value="1"/>
<Cov CovItemId="B2" Value="6"/>
<Cov CovItemId="S1" Value="1"/>
<Cov CovItemId="S2" Value="4"/>
<Cov CovItemId="S3" Value="7"/>
<Cov CovItemId="S4" Value="1"/>
<Cov CovItemId="S5" Value="6"/>
</CovPrefix>
</CovList>
<AssgnmntList>
<AssgnmntPrefix RootTermCovItemPrefix="counter_esempio.Counter.java">
<AssgnmntListEntry Length="2" RootTermCovItemId="C1">
<MapEntry BoolAssgnmnt="00" Value="6"/>
<MapEntry BoolAssgnmnt="01" Value="1"/>
</AssgnmntListEntry>
</AssgnmntPrefix>
</AssgnmntList>
<ObjMetaDataList/>
<MetaDataList/>
</TestCase>
<TestCase Comment="" Date="1706707434769" Name="randoop.RandoopTest1:test383">
<CovList>
<CovPrefix CovItemPrefix="counter_esempio.Counter.java">
<Cov CovItemId="B1" Value="1"/>
<Cov CovItemId="B2" Value="11"/>
<Cov CovItemId="S1" Value="1"/>
<Cov CovItemId="S2" Value="3"/>
<Cov CovItemId="S3" Value="12"/>
<Cov CovItemId="S4" Value="1"/>
<Cov CovItemId="S5" Value="11"/>
</CovPrefix>
</CovList>
<AssgnmntList>
<AssgnmntPrefix RootTermCovItemPrefix="counter_esempio.Counter.java">
<AssgnmntListEntry Length="2" RootTermCovItemId="C1">
<MapEntry BoolAssgnmnt="00" Value="11"/>
<MapEntry BoolAssgnmnt="01" Value="1"/>
</AssgnmntListEntry>
</AssgnmntPrefix>
</AssgnmntList>
<ObjMetaDataList/>
<MetaDataList/>
</TestCase>
<TestCase Comment="" Date="1706707434769" Name="randoop.RandoopTest1:test384">
<CovList>
<CovPrefix CovItemPrefix="counter_esempio.Counter.java">
<Cov CovItemId="B1" Value="1"/>
<Cov CovItemId="B2" Value="5"/>
<Cov CovItemId="S1" Value="1"/>
<Cov CovItemId="S2" Value="9"/>
<Cov CovItemId="S3" Value="6"/>
<Cov CovItemId="S4" Value="1"/>
<Cov CovItemId="S5" Value="5"/>
</CovPrefix>
</CovList>
<AssgnmntList>
<AssgnmntPrefix RootTermCovItemPrefix="counter_esempio.Counter.java">
<AssgnmntListEntry Length="2" RootTermCovItemId="C1">
<MapEntry BoolAssgnmnt="00" Value="5"/>
<MapEntry BoolAssgnmnt="01" Value="1"/>
</AssgnmntListEntry>
</AssgnmntPrefix>
</AssgnmntList>
<ObjMetaDataList/>
<MetaDataList/>
</TestCase>
<TestCase Comment="" Date="1706707434785" Name="randoop.RandoopTest1:test385">
<CovList>
<CovPrefix CovItemPrefix="counter_esempio.Counter.java">
<Cov CovItemId="B1" Value="1"/>
<Cov CovItemId="B2" Value="6"/>
<Cov CovItemId="S1" Value="1"/>
<Cov CovItemId="S2" Value="5"/>
<Cov CovItemId="S3" Value="7"/>
<Cov CovItemId="S4" Value="1"/>
<Cov CovItemId="S5" Value="6"/>
</CovPrefix>
</CovList>
<AssgnmntList>
<AssgnmntPrefix RootTermCovItemPrefix="counter_esempio.Counter.java">
<AssgnmntListEntry Length="2" RootTermCovItemId="C1">
<MapEntry BoolAssgnmnt="00" Value="6"/>
<MapEntry BoolAssgnmnt="01" Value="1"/>
</AssgnmntListEntry>
</AssgnmntPrefix>
</AssgnmntList>
<ObjMetaDataList/>
<MetaDataList/>
</TestCase>
<TestCase Comment="" Date="1706707434785" Name="randoop.RandoopTest1:test386">
<CovList>
<CovPrefix CovItemPrefix="counter_esempio.Counter.java">
<Cov CovItemId="B1" Value="1"/>
<Cov CovItemId="B2" Value="6"/>
<Cov CovItemId="S1" Value="1"/>
<Cov CovItemId="S2" Value="7"/>
<Cov CovItemId="S3" Value="7"/>
<Cov CovItemId="S4" Value="1"/>
<Cov CovItemId="S5" Value="6"/>
</CovPrefix>
</CovList>
<AssgnmntList>
<AssgnmntPrefix RootTermCovItemPrefix="counter_esempio.Counter.java">
<AssgnmntListEntry Length="2" RootTermCovItemId="C1">
<MapEntry BoolAssgnmnt="00" Value="6"/>
<MapEntry BoolAssgnmnt="01" Value="1"/>
</AssgnmntListEntry>
</AssgnmntPrefix>
</AssgnmntList>
<ObjMetaDataList/>
<MetaDataList/>
</TestCase>
<TestCase Comment="" Date="1706707434785" Name="randoop.RandoopTest1:test387">
<CovList>
<CovPrefix CovItemPrefix="counter_esempio.Counter.java">
<Cov CovItemId="B1" Value="1"/>
<Cov CovItemId="B2" Value="10"/>
<Cov CovItemId="S1" Value="1"/>
<Cov CovItemId="S2" Value="5"/>
<Cov CovItemId="S3" Value="11"/>
<Cov CovItemId="S4" Value="1"/>
<Cov CovItemId="S5" Value="10"/>
</CovPrefix>
</CovList>
<AssgnmntList>
<AssgnmntPrefix RootTermCovItemPrefix="counter_esempio.Counter.java">
<AssgnmntListEntry Length="2" RootTermCovItemId="C1">
<MapEntry BoolAssgnmnt="00" Value="10"/>
<MapEntry BoolAssgnmnt="01" Value="1"/>
</AssgnmntListEntry>
</AssgnmntPrefix>
</AssgnmntList>
<ObjMetaDataList/>
<MetaDataList/>
</TestCase>
<TestCase Comment="" Date="1706707434785" Name="randoop.RandoopTest1:test388">
<CovList>
<CovPrefix CovItemPrefix="counter_esempio.Counter.java">
<Cov CovItemId="B1" Value="1"/>
<Cov CovItemId="B2" Value="10"/>
<Cov CovItemId="S1" Value="1"/>
<Cov CovItemId="S2" Value="6"/>
<Cov CovItemId="S3" Value="11"/>
<Cov CovItemId="S4" Value="1"/>
<Cov CovItemId="S5" Value="10"/>
</CovPrefix>
</CovList>
<AssgnmntList>
<AssgnmntPrefix RootTermCovItemPrefix="counter_esempio.Counter.java">
<AssgnmntListEntry Length="2" RootTermCovItemId="C1">
<MapEntry BoolAssgnmnt="00" Value="10"/>
<MapEntry BoolAssgnmnt="01" Value="1"/>
</AssgnmntListEntry>
</AssgnmntPrefix>
</AssgnmntList>
<ObjMetaDataList/>
<MetaDataList/>
</TestCase>
<TestCase Comment="" Date="1706707434785" Name="randoop.RandoopTest1:test389">
<CovList>
<CovPrefix CovItemPrefix="counter_esempio.Counter.java">
<Cov CovItemId="B1" Value="1"/>
<Cov CovItemId="B2" Value="7"/>
<Cov CovItemId="S1" Value="1"/>
<Cov CovItemId="S2" Value="7"/>
<Cov CovItemId="S3" Value="8"/>
<Cov CovItemId="S4" Value="1"/>
<Cov CovItemId="S5" Value="7"/>
</CovPrefix>
</CovList>
<AssgnmntList>
<AssgnmntPrefix RootTermCovItemPrefix="counter_esempio.Counter.java">
<AssgnmntListEntry Length="2" RootTermCovItemId="C1">
<MapEntry BoolAssgnmnt="00" Value="7"/>
<MapEntry BoolAssgnmnt="01" Value="1"/>
</AssgnmntListEntry>
</AssgnmntPrefix>
</AssgnmntList>
<ObjMetaDataList/>
<MetaDataList/>
</TestCase>
<TestCase Comment="" Date="1706707434785" Name="randoop.RandoopTest1:test390">
<CovList>
<CovPrefix CovItemPrefix="counter_esempio.Counter.java">
<Cov CovItemId="B1" Value="1"/>
<Cov CovItemId="B2" Value="8"/>
<Cov CovItemId="S1" Value="1"/>
<Cov CovItemId="S2" Value="5"/>
<Cov CovItemId="S3" Value="9"/>
<Cov CovItemId="S4" Value="1"/>
<Cov CovItemId="S5" Value="8"/>
</CovPrefix>
</CovList>
<AssgnmntList>
<AssgnmntPrefix RootTermCovItemPrefix="counter_esempio.Counter.java">
<AssgnmntListEntry Length="2" RootTermCovItemId="C1">
<MapEntry BoolAssgnmnt="00" Value="8"/>
<MapEntry BoolAssgnmnt="01" Value="1"/>
</AssgnmntListEntry>
</AssgnmntPrefix>
</AssgnmntList>
<ObjMetaDataList/>
<MetaDataList/>
</TestCase>
<TestCase Comment="" Date="1706707434785" Name="randoop.RandoopTest1:test391">
<CovList>
<CovPrefix CovItemPrefix="counter_esempio.Counter.java">
<Cov CovItemId="B1" Value="1"/>
<Cov CovItemId="B2" Value="7"/>
<Cov CovItemId="S1" Value="1"/>
<Cov CovItemId="S2" Value="7"/>
<Cov CovItemId="S3" Value="8"/>
<Cov CovItemId="S4" Value="1"/>
<Cov CovItemId="S5" Value="7"/>
</CovPrefix>
</CovList>
<AssgnmntList>
<AssgnmntPrefix RootTermCovItemPrefix="counter_esempio.Counter.java">
<AssgnmntListEntry Length="2" RootTermCovItemId="C1">
<MapEntry BoolAssgnmnt="00" Value="7"/>
<MapEntry BoolAssgnmnt="01" Value="1"/>
</AssgnmntListEntry>
</AssgnmntPrefix>
</AssgnmntList>
<ObjMetaDataList/>
<MetaDataList/>
</TestCase>
<TestCase Comment="" Date="1706707434785" Name="randoop.RandoopTest1:test392">
<CovList>
<CovPrefix CovItemPrefix="counter_esempio.Counter.java">
<Cov CovItemId="B1" Value="1"/>
<Cov CovItemId="B2" Value="10"/>
<Cov CovItemId="S1" Value="1"/>
<Cov CovItemId="S2" Value="8"/>
<Cov CovItemId="S3" Value="11"/>
<Cov CovItemId="S4" Value="1"/>
<Cov CovItemId="S5" Value="10"/>
</CovPrefix>
</CovList>
<AssgnmntList>
<AssgnmntPrefix RootTermCovItemPrefix="counter_esempio.Counter.java">
<AssgnmntListEntry Length="2" RootTermCovItemId="C1">
<MapEntry BoolAssgnmnt="00" Value="10"/>
<MapEntry BoolAssgnmnt="01" Value="1"/>
</AssgnmntListEntry>
</AssgnmntPrefix>
</AssgnmntList>
<ObjMetaDataList/>
<MetaDataList/>
</TestCase>
<TestCase Comment="" Date="1706707434785" Name="randoop.RandoopTest1:test393">
<CovList>
<CovPrefix CovItemPrefix="counter_esempio.Counter.java">
<Cov CovItemId="B1" Value="1"/>
<Cov CovItemId="B2" Value="4"/>
<Cov CovItemId="S1" Value="1"/>
<Cov CovItemId="S2" Value="9"/>
<Cov CovItemId="S3" Value="5"/>
<Cov CovItemId="S4" Value="1"/>
<Cov CovItemId="S5" Value="4"/>
</CovPrefix>
</CovList>
<AssgnmntList>
<AssgnmntPrefix RootTermCovItemPrefix="counter_esempio.Counter.java">
<AssgnmntListEntry Length="2" RootTermCovItemId="C1">
<MapEntry BoolAssgnmnt="00" Value="4"/>
<MapEntry BoolAssgnmnt="01" Value="1"/>
</AssgnmntListEntry>
</AssgnmntPrefix>
</AssgnmntList>
<ObjMetaDataList/>
<MetaDataList/>
</TestCase>
<TestCase Comment="" Date="1706707434785" Name="randoop.RandoopTest1:test394">
<CovList>
<CovPrefix CovItemPrefix="counter_esempio.Counter.java">
<Cov CovItemId="B1" Value="1"/>
<Cov CovItemId="B2" Value="4"/>
<Cov CovItemId="S1" Value="1"/>
<Cov CovItemId="S2" Value="11"/>
<Cov CovItemId="S3" Value="5"/>
<Cov CovItemId="S4" Value="1"/>
<Cov CovItemId="S5" Value="4"/>
</CovPrefix>
</CovList>
<AssgnmntList>
<AssgnmntPrefix RootTermCovItemPrefix="counter_esempio.Counter.java">
<AssgnmntListEntry Length="2" RootTermCovItemId="C1">
<MapEntry BoolAssgnmnt="00" Value="4"/>
<MapEntry BoolAssgnmnt="01" Value="1"/>
</AssgnmntListEntry>
</AssgnmntPrefix>
</AssgnmntList>
<ObjMetaDataList/>
<MetaDataList/>
</TestCase>
<TestCase Comment="" Date="1706707434785" Name="randoop.RandoopTest1:test395">
<CovList>
<CovPrefix CovItemPrefix="counter_esempio.Counter.java">
<Cov CovItemId="B1" Value="1"/>
<Cov CovItemId="B2" Value="8"/>
<Cov CovItemId="S1" Value="1"/>
<Cov CovItemId="S2" Value="10"/>
<Cov CovItemId="S3" Value="9"/>
<Cov CovItemId="S4" Value="1"/>
<Cov CovItemId="S5" Value="8"/>
</CovPrefix>
</CovList>
<AssgnmntList>
<AssgnmntPrefix RootTermCovItemPrefix="counter_esempio.Counter.java">
<AssgnmntListEntry Length="2" RootTermCovItemId="C1">
<MapEntry BoolAssgnmnt="00" Value="8"/>
<MapEntry BoolAssgnmnt="01" Value="1"/>
</AssgnmntListEntry>
</AssgnmntPrefix>
</AssgnmntList>
<ObjMetaDataList/>
<MetaDataList/>
</TestCase>
<TestCase Comment="" Date="1706707434785" Name="randoop.RandoopTest1:test396">
<CovList>
<CovPrefix CovItemPrefix="counter_esempio.Counter.java">
<Cov CovItemId="B1" Value="1"/>
<Cov CovItemId="B2" Value="7"/>
<Cov CovItemId="S1" Value="1"/>
<Cov CovItemId="S2" Value="10"/>
<Cov CovItemId="S3" Value="8"/>
<Cov CovItemId="S4" Value="1"/>
<Cov CovItemId="S5" Value="7"/>
</CovPrefix>
</CovList>
<AssgnmntList>
<AssgnmntPrefix RootTermCovItemPrefix="counter_esempio.Counter.java">
<AssgnmntListEntry Length="2" RootTermCovItemId="C1">
<MapEntry BoolAssgnmnt="00" Value="7"/>
<MapEntry BoolAssgnmnt="01" Value="1"/>
</AssgnmntListEntry>
</AssgnmntPrefix>
</AssgnmntList>
<ObjMetaDataList/>
<MetaDataList/>
</TestCase>
<TestCase Comment="" Date="1706707434785" Name="randoop.RandoopTest1:test397">
<CovList>
<CovPrefix CovItemPrefix="counter_esempio.Counter.java">
<Cov CovItemId="B1" Value="1"/>
<Cov CovItemId="B2" Value="10"/>
<Cov CovItemId="S1" Value="1"/>
<Cov CovItemId="S2" Value="9"/>
<Cov CovItemId="S3" Value="11"/>
<Cov CovItemId="S4" Value="1"/>
<Cov CovItemId="S5" Value="10"/>
</CovPrefix>
</CovList>
<AssgnmntList>
<AssgnmntPrefix RootTermCovItemPrefix="counter_esempio.Counter.java">
<AssgnmntListEntry Length="2" RootTermCovItemId="C1">
<MapEntry BoolAssgnmnt="00" Value="10"/>
<MapEntry BoolAssgnmnt="01" Value="1"/>
</AssgnmntListEntry>
</AssgnmntPrefix>
</AssgnmntList>
<ObjMetaDataList/>
<MetaDataList/>
</TestCase>
<TestCase Comment="" Date="1706707434785" Name="randoop.RandoopTest1:test398">
<CovList>
<CovPrefix CovItemPrefix="counter_esempio.Counter.java">
<Cov CovItemId="B1" Value="1"/>
<Cov CovItemId="B2" Value="9"/>
<Cov CovItemId="S1" Value="1"/>
<Cov CovItemId="S2" Value="7"/>
<Cov CovItemId="S3" Value="10"/>
<Cov CovItemId="S4" Value="1"/>
<Cov CovItemId="S5" Value="9"/>
</CovPrefix>
</CovList>
<AssgnmntList>
<AssgnmntPrefix RootTermCovItemPrefix="counter_esempio.Counter.java">
<AssgnmntListEntry Length="2" RootTermCovItemId="C1">
<MapEntry BoolAssgnmnt="00" Value="9"/>
<MapEntry BoolAssgnmnt="01" Value="1"/>
</AssgnmntListEntry>
</AssgnmntPrefix>
</AssgnmntList>
<ObjMetaDataList/>
<MetaDataList/>
</TestCase>
<TestCase Comment="" Date="1706707434785" Name="randoop.RandoopTest1:test399">
<CovList>
<CovPrefix CovItemPrefix="counter_esempio.Counter.java">
<Cov CovItemId="B1" Value="1"/>
<Cov CovItemId="B2" Value="4"/>
<Cov CovItemId="S1" Value="1"/>
<Cov CovItemId="S2" Value="12"/>
<Cov CovItemId="S3" Value="5"/>
<Cov CovItemId="S4" Value="1"/>
<Cov CovItemId="S5" Value="4"/>
</CovPrefix>
</CovList>
<AssgnmntList>
<AssgnmntPrefix RootTermCovItemPrefix="counter_esempio.Counter.java">
<AssgnmntListEntry Length="2" RootTermCovItemId="C1">
<MapEntry BoolAssgnmnt="00" Value="4"/>
<MapEntry BoolAssgnmnt="01" Value="1"/>
</AssgnmntListEntry>
</AssgnmntPrefix>
</AssgnmntList>
<ObjMetaDataList/>
<MetaDataList/>
</TestCase>
<TestCase Comment="" Date="1706707434785" Name="randoop.RandoopTest1:test400">
<CovList>
<CovPrefix CovItemPrefix="counter_esempio.Counter.java">
<Cov CovItemId="B1" Value="1"/>
<Cov CovItemId="B2" Value="7"/>
<Cov CovItemId="S1" Value="1"/>
<Cov CovItemId="S2" Value="8"/>
<Cov CovItemId="S3" Value="8"/>
<Cov CovItemId="S4" Value="1"/>
<Cov CovItemId="S5" Value="7"/>
</CovPrefix>
</CovList>
<AssgnmntList>
<AssgnmntPrefix RootTermCovItemPrefix="counter_esempio.Counter.java">
<AssgnmntListEntry Length="2" RootTermCovItemId="C1">
<MapEntry BoolAssgnmnt="00" Value="7"/>
<MapEntry BoolAssgnmnt="01" Value="1"/>
</AssgnmntListEntry>
</AssgnmntPrefix>
</AssgnmntList>
<ObjMetaDataList/>
<MetaDataList/>
</TestCase>
<TestCase Comment="" Date="1706707434785" Name="randoop.RandoopTest1:test401">
<CovList>
<CovPrefix CovItemPrefix="counter_esempio.Counter.java">
<Cov CovItemId="B1" Value="1"/>
<Cov CovItemId="B2" Value="9"/>
<Cov CovItemId="S1" Value="1"/>
<Cov CovItemId="S2" Value="6"/>
<Cov CovItemId="S3" Value="10"/>
<Cov CovItemId="S4" Value="1"/>
<Cov CovItemId="S5" Value="9"/>
</CovPrefix>
</CovList>
<AssgnmntList>
<AssgnmntPrefix RootTermCovItemPrefix="counter_esempio.Counter.java">
<AssgnmntListEntry Length="2" RootTermCovItemId="C1">
<MapEntry BoolAssgnmnt="00" Value="9"/>
<MapEntry BoolAssgnmnt="01" Value="1"/>
</AssgnmntListEntry>
</AssgnmntPrefix>
</AssgnmntList>
<ObjMetaDataList/>
<MetaDataList/>
</TestCase>
<TestCase Comment="" Date="1706707434785" Name="randoop.RandoopTest1:test402">
<CovList>
<CovPrefix CovItemPrefix="counter_esempio.Counter.java">
<Cov CovItemId="B1" Value="1"/>
<Cov CovItemId="B2" Value="5"/>
<Cov CovItemId="S1" Value="1"/>
<Cov CovItemId="S2" Value="12"/>
<Cov CovItemId="S3" Value="6"/>
<Cov CovItemId="S4" Value="1"/>
<Cov CovItemId="S5" Value="5"/>
</CovPrefix>
</CovList>
<AssgnmntList>
<AssgnmntPrefix RootTermCovItemPrefix="counter_esempio.Counter.java">
<AssgnmntListEntry Length="2" RootTermCovItemId="C1">
<MapEntry BoolAssgnmnt="00" Value="5"/>
<MapEntry BoolAssgnmnt="01" Value="1"/>
</AssgnmntListEntry>
</AssgnmntPrefix>
</AssgnmntList>
<ObjMetaDataList/>
<MetaDataList/>
</TestCase>
<TestCase Comment="" Date="1706707434785" Name="randoop.RandoopTest1:test403">
<CovList>
<CovPrefix CovItemPrefix="counter_esempio.Counter.java">
<Cov CovItemId="B1" Value="1"/>
<Cov CovItemId="B2" Value="4"/>
<Cov CovItemId="S1" Value="1"/>
<Cov CovItemId="S2" Value="3"/>
<Cov CovItemId="S3" Value="5"/>
<Cov CovItemId="S4" Value="1"/>
<Cov CovItemId="S5" Value="4"/>
</CovPrefix>
</CovList>
<AssgnmntList>
<AssgnmntPrefix RootTermCovItemPrefix="counter_esempio.Counter.java">
<AssgnmntListEntry Length="2" RootTermCovItemId="C1">
<MapEntry BoolAssgnmnt="00" Value="4"/>
<MapEntry BoolAssgnmnt="01" Value="1"/>
</AssgnmntListEntry>
</AssgnmntPrefix>
</AssgnmntList>
<ObjMetaDataList/>
<MetaDataList/>
</TestCase>
<TestCase Comment="" Date="1706707434785" Name="randoop.RandoopTest1:test404">
<CovList>
<CovPrefix CovItemPrefix="counter_esempio.Counter.java">
<Cov CovItemId="B1" Value="1"/>
<Cov CovItemId="B2" Value="6"/>
<Cov CovItemId="S1" Value="1"/>
<Cov CovItemId="S2" Value="8"/>
<Cov CovItemId="S3" Value="7"/>
<Cov CovItemId="S4" Value="1"/>
<Cov CovItemId="S5" Value="6"/>
</CovPrefix>
</CovList>
<AssgnmntList>
<AssgnmntPrefix RootTermCovItemPrefix="counter_esempio.Counter.java">
<AssgnmntListEntry Length="2" RootTermCovItemId="C1">
<MapEntry BoolAssgnmnt="00" Value="6"/>
<MapEntry BoolAssgnmnt="01" Value="1"/>
</AssgnmntListEntry>
</AssgnmntPrefix>
</AssgnmntList>
<ObjMetaDataList/>
<MetaDataList/>
</TestCase>
<TestCase Comment="" Date="1706707434785" Name="randoop.RandoopTest1:test405">
<CovList>
<CovPrefix CovItemPrefix="counter_esempio.Counter.java">
<Cov CovItemId="B1" Value="1"/>
<Cov CovItemId="B2" Value="5"/>
<Cov CovItemId="S1" Value="1"/>
<Cov CovItemId="S2" Value="12"/>
<Cov CovItemId="S3" Value="6"/>
<Cov CovItemId="S4" Value="1"/>
<Cov CovItemId="S5" Value="5"/>
</CovPrefix>
</CovList>
<AssgnmntList>
<AssgnmntPrefix RootTermCovItemPrefix="counter_esempio.Counter.java">
<AssgnmntListEntry Length="2" RootTermCovItemId="C1">
<MapEntry BoolAssgnmnt="00" Value="5"/>
<MapEntry BoolAssgnmnt="01" Value="1"/>
</AssgnmntListEntry>
</AssgnmntPrefix>
</AssgnmntList>
<ObjMetaDataList/>
<MetaDataList/>
</TestCase>
<TestCase Comment="" Date="1706707434785" Name="randoop.RandoopTest1:test406">
<CovList>
<CovPrefix CovItemPrefix="counter_esempio.Counter.java">
<Cov CovItemId="B1" Value="1"/>
<Cov CovItemId="B2" Value="6"/>
<Cov CovItemId="S1" Value="1"/>
<Cov CovItemId="S2" Value="7"/>
<Cov CovItemId="S3" Value="7"/>
<Cov CovItemId="S4" Value="1"/>
<Cov CovItemId="S5" Value="6"/>
</CovPrefix>
</CovList>
<AssgnmntList>
<AssgnmntPrefix RootTermCovItemPrefix="counter_esempio.Counter.java">
<AssgnmntListEntry Length="2" RootTermCovItemId="C1">
<MapEntry BoolAssgnmnt="00" Value="6"/>
<MapEntry BoolAssgnmnt="01" Value="1"/>
</AssgnmntListEntry>
</AssgnmntPrefix>
</AssgnmntList>
<ObjMetaDataList/>
<MetaDataList/>
</TestCase>
<TestCase Comment="" Date="1706707434785" Name="randoop.RandoopTest1:test407">
<CovList>
<CovPrefix CovItemPrefix="counter_esempio.Counter.java">
<Cov CovItemId="B1" Value="1"/>
<Cov CovItemId="B2" Value="6"/>
<Cov CovItemId="S1" Value="1"/>
<Cov CovItemId="S2" Value="11"/>
<Cov CovItemId="S3" Value="7"/>
<Cov CovItemId="S4" Value="1"/>
<Cov CovItemId="S5" Value="6"/>
</CovPrefix>
</CovList>
<AssgnmntList>
<AssgnmntPrefix RootTermCovItemPrefix="counter_esempio.Counter.java">
<AssgnmntListEntry Length="2" RootTermCovItemId="C1">
<MapEntry BoolAssgnmnt="00" Value="6"/>
<MapEntry BoolAssgnmnt="01" Value="1"/>
</AssgnmntListEntry>
</AssgnmntPrefix>
</AssgnmntList>
<ObjMetaDataList/>
<MetaDataList/>
</TestCase>
<TestCase Comment="" Date="1706707434785" Name="randoop.RandoopTest1:test408">
<CovList>
<CovPrefix CovItemPrefix="counter_esempio.Counter.java">
<Cov CovItemId="B1" Value="1"/>
<Cov CovItemId="B2" Value="9"/>
<Cov CovItemId="S1" Value="1"/>
<Cov CovItemId="S2" Value="8"/>
<Cov CovItemId="S3" Value="10"/>
<Cov CovItemId="S4" Value="1"/>
<Cov CovItemId="S5" Value="9"/>
</CovPrefix>
</CovList>
<AssgnmntList>
<AssgnmntPrefix RootTermCovItemPrefix="counter_esempio.Counter.java">
<AssgnmntListEntry Length="2" RootTermCovItemId="C1">
<MapEntry BoolAssgnmnt="00" Value="9"/>
<MapEntry BoolAssgnmnt="01" Value="1"/>
</AssgnmntListEntry>
</AssgnmntPrefix>
</AssgnmntList>
<ObjMetaDataList/>
<MetaDataList/>
</TestCase>
<TestCase Comment="" Date="1706707434785" Name="randoop.RandoopTest1:test409">
<CovList>
<CovPrefix CovItemPrefix="counter_esempio.Counter.java">
<Cov CovItemId="B1" Value="1"/>
<Cov CovItemId="B2" Value="6"/>
<Cov CovItemId="S1" Value="1"/>
<Cov CovItemId="S2" Value="10"/>
<Cov CovItemId="S3" Value="7"/>
<Cov CovItemId="S4" Value="1"/>
<Cov CovItemId="S5" Value="6"/>
</CovPrefix>
</CovList>
<AssgnmntList>
<AssgnmntPrefix RootTermCovItemPrefix="counter_esempio.Counter.java">
<AssgnmntListEntry Length="2" RootTermCovItemId="C1">
<MapEntry BoolAssgnmnt="00" Value="6"/>
<MapEntry BoolAssgnmnt="01" Value="1"/>
</AssgnmntListEntry>
</AssgnmntPrefix>
</AssgnmntList>
<ObjMetaDataList/>
<MetaDataList/>
</TestCase>
<TestCase Comment="" Date="1706707434785" Name="randoop.RandoopTest1:test410">
<CovList>
<CovPrefix CovItemPrefix="counter_esempio.Counter.java">
<Cov CovItemId="B1" Value="1"/>
<Cov CovItemId="B2" Value="3"/>
<Cov CovItemId="S1" Value="1"/>
<Cov CovItemId="S2" Value="9"/>
<Cov CovItemId="S3" Value="4"/>
<Cov CovItemId="S4" Value="1"/>
<Cov CovItemId="S5" Value="3"/>
</CovPrefix>
</CovList>
<AssgnmntList>
<AssgnmntPrefix RootTermCovItemPrefix="counter_esempio.Counter.java">
<AssgnmntListEntry Length="2" RootTermCovItemId="C1">
<MapEntry BoolAssgnmnt="00" Value="3"/>
<MapEntry BoolAssgnmnt="01" Value="1"/>
</AssgnmntListEntry>
</AssgnmntPrefix>
</AssgnmntList>
<ObjMetaDataList/>
<MetaDataList/>
</TestCase>
<TestCase Comment="" Date="1706707434785" Name="randoop.RandoopTest1:test411">
<CovList>
<CovPrefix CovItemPrefix="counter_esempio.Counter.java">
<Cov CovItemId="B1" Value="1"/>
<Cov CovItemId="B2" Value="9"/>
<Cov CovItemId="S1" Value="1"/>
<Cov CovItemId="S2" Value="8"/>
<Cov CovItemId="S3" Value="10"/>
<Cov CovItemId="S4" Value="1"/>
<Cov CovItemId="S5" Value="9"/>
</CovPrefix>
</CovList>
<AssgnmntList>
<AssgnmntPrefix RootTermCovItemPrefix="counter_esempio.Counter.java">
<AssgnmntListEntry Length="2" RootTermCovItemId="C1">
<MapEntry BoolAssgnmnt="00" Value="9"/>
<MapEntry BoolAssgnmnt="01" Value="1"/>
</AssgnmntListEntry>
</AssgnmntPrefix>
</AssgnmntList>
<ObjMetaDataList/>
<MetaDataList/>
</TestCase>
<TestCase Comment="" Date="1706707434785" Name="randoop.RandoopTest1:test412">
<CovList>
<CovPrefix CovItemPrefix="counter_esempio.Counter.java">
<Cov CovItemId="B1" Value="1"/>
<Cov CovItemId="B2" Value="5"/>
<Cov CovItemId="S1" Value="1"/>
<Cov CovItemId="S2" Value="5"/>
<Cov CovItemId="S3" Value="6"/>
<Cov CovItemId="S4" Value="1"/>
<Cov CovItemId="S5" Value="5"/>
</CovPrefix>
</CovList>
<AssgnmntList>
<AssgnmntPrefix RootTermCovItemPrefix="counter_esempio.Counter.java">
<AssgnmntListEntry Length="2" RootTermCovItemId="C1">
<MapEntry BoolAssgnmnt="00" Value="5"/>
<MapEntry BoolAssgnmnt="01" Value="1"/>
</AssgnmntListEntry>
</AssgnmntPrefix>
</AssgnmntList>
<ObjMetaDataList/>
<MetaDataList/>
</TestCase>
<TestCase Comment="" Date="1706707434785" Name="randoop.RandoopTest1:test413">
<CovList>
<CovPrefix CovItemPrefix="counter_esempio.Counter.java">
<Cov CovItemId="B1" Value="1"/>
<Cov CovItemId="B2" Value="3"/>
<Cov CovItemId="S1" Value="1"/>
<Cov CovItemId="S2" Value="10"/>
<Cov CovItemId="S3" Value="4"/>
<Cov CovItemId="S4" Value="1"/>
<Cov CovItemId="S5" Value="3"/>
</CovPrefix>
</CovList>
<AssgnmntList>
<AssgnmntPrefix RootTermCovItemPrefix="counter_esempio.Counter.java">
<AssgnmntListEntry Length="2" RootTermCovItemId="C1">
<MapEntry BoolAssgnmnt="00" Value="3"/>
<MapEntry BoolAssgnmnt="01" Value="1"/>
</AssgnmntListEntry>
</AssgnmntPrefix>
</AssgnmntList>
<ObjMetaDataList/>
<MetaDataList/>
</TestCase>
<TestCase Comment="" Date="1706707434785" Name="randoop.RandoopTest1:test414">
<CovList>
<CovPrefix CovItemPrefix="counter_esempio.Counter.java">
<Cov CovItemId="B1" Value="1"/>
<Cov CovItemId="B2" Value="8"/>
<Cov CovItemId="S1" Value="1"/>
<Cov CovItemId="S2" Value="13"/>
<Cov CovItemId="S3" Value="9"/>
<Cov CovItemId="S4" Value="1"/>
<Cov CovItemId="S5" Value="8"/>
</CovPrefix>
</CovList>
<AssgnmntList>
<AssgnmntPrefix RootTermCovItemPrefix="counter_esempio.Counter.java">
<AssgnmntListEntry Length="2" RootTermCovItemId="C1">
<MapEntry BoolAssgnmnt="00" Value="8"/>
<MapEntry BoolAssgnmnt="01" Value="1"/>
</AssgnmntListEntry>
</AssgnmntPrefix>
</AssgnmntList>
<ObjMetaDataList/>
<MetaDataList/>
</TestCase>
<TestCase Comment="" Date="1706707434785" Name="randoop.RandoopTest1:test415">
<CovList>
<CovPrefix CovItemPrefix="counter_esempio.Counter.java">
<Cov CovItemId="B1" Value="1"/>
<Cov CovItemId="B2" Value="4"/>
<Cov CovItemId="S1" Value="1"/>
<Cov CovItemId="S2" Value="5"/>
<Cov CovItemId="S3" Value="5"/>
<Cov CovItemId="S4" Value="1"/>
<Cov CovItemId="S5" Value="4"/>
</CovPrefix>
</CovList>
<AssgnmntList>
<AssgnmntPrefix RootTermCovItemPrefix="counter_esempio.Counter.java">
<AssgnmntListEntry Length="2" RootTermCovItemId="C1">
<MapEntry BoolAssgnmnt="00" Value="4"/>
<MapEntry BoolAssgnmnt="01" Value="1"/>
</AssgnmntListEntry>
</AssgnmntPrefix>
</AssgnmntList>
<ObjMetaDataList/>
<MetaDataList/>
</TestCase>
<TestCase Comment="" Date="1706707434785" Name="randoop.RandoopTest1:test416">
<CovList>
<CovPrefix CovItemPrefix="counter_esempio.Counter.java">
<Cov CovItemId="B1" Value="1"/>
<Cov CovItemId="B2" Value="4"/>
<Cov CovItemId="S1" Value="1"/>
<Cov CovItemId="S2" Value="5"/>
<Cov CovItemId="S3" Value="5"/>
<Cov CovItemId="S4" Value="1"/>
<Cov CovItemId="S5" Value="4"/>
</CovPrefix>
</CovList>
<AssgnmntList>
<AssgnmntPrefix RootTermCovItemPrefix="counter_esempio.Counter.java">
<AssgnmntListEntry Length="2" RootTermCovItemId="C1">
<MapEntry BoolAssgnmnt="00" Value="4"/>
<MapEntry BoolAssgnmnt="01" Value="1"/>
</AssgnmntListEntry>
</AssgnmntPrefix>
</AssgnmntList>
<ObjMetaDataList/>
<MetaDataList/>
</TestCase>
<TestCase Comment="" Date="1706707434785" Name="randoop.RandoopTest1:test417">
<CovList>
<CovPrefix CovItemPrefix="counter_esempio.Counter.java">
<Cov CovItemId="B1" Value="1"/>
<Cov CovItemId="B2" Value="8"/>
<Cov CovItemId="S1" Value="1"/>
<Cov CovItemId="S2" Value="11"/>
<Cov CovItemId="S3" Value="9"/>
<Cov CovItemId="S4" Value="1"/>
<Cov CovItemId="S5" Value="8"/>
</CovPrefix>
</CovList>
<AssgnmntList>
<AssgnmntPrefix RootTermCovItemPrefix="counter_esempio.Counter.java">
<AssgnmntListEntry Length="2" RootTermCovItemId="C1">
<MapEntry BoolAssgnmnt="00" Value="8"/>
<MapEntry BoolAssgnmnt="01" Value="1"/>
</AssgnmntListEntry>
</AssgnmntPrefix>
</AssgnmntList>
<ObjMetaDataList/>
<MetaDataList/>
</TestCase>
<TestCase Comment="" Date="1706707434785" Name="randoop.RandoopTest1:test418">
<CovList>
<CovPrefix CovItemPrefix="counter_esempio.Counter.java">
<Cov CovItemId="B1" Value="1"/>
<Cov CovItemId="B2" Value="9"/>
<Cov CovItemId="S1" Value="1"/>
<Cov CovItemId="S2" Value="8"/>
<Cov CovItemId="S3" Value="10"/>
<Cov CovItemId="S4" Value="1"/>
<Cov CovItemId="S5" Value="9"/>
</CovPrefix>
</CovList>
<AssgnmntList>
<AssgnmntPrefix RootTermCovItemPrefix="counter_esempio.Counter.java">
<AssgnmntListEntry Length="2" RootTermCovItemId="C1">
<MapEntry BoolAssgnmnt="00" Value="9"/>
<MapEntry BoolAssgnmnt="01" Value="1"/>
</AssgnmntListEntry>
</AssgnmntPrefix>
</AssgnmntList>
<ObjMetaDataList/>
<MetaDataList/>
</TestCase>
<TestCase Comment="" Date="1706707434785" Name="randoop.RandoopTest1:test419">
<CovList>
<CovPrefix CovItemPrefix="counter_esempio.Counter.java">
<Cov CovItemId="B1" Value="1"/>
<Cov CovItemId="B2" Value="11"/>
<Cov CovItemId="S1" Value="1"/>
<Cov CovItemId="S2" Value="7"/>
<Cov CovItemId="S3" Value="12"/>
<Cov CovItemId="S4" Value="1"/>
<Cov CovItemId="S5" Value="11"/>
</CovPrefix>
</CovList>
<AssgnmntList>
<AssgnmntPrefix RootTermCovItemPrefix="counter_esempio.Counter.java">
<AssgnmntListEntry Length="2" RootTermCovItemId="C1">
<MapEntry BoolAssgnmnt="00" Value="11"/>
<MapEntry BoolAssgnmnt="01" Value="1"/>
</AssgnmntListEntry>
</AssgnmntPrefix>
</AssgnmntList>
<ObjMetaDataList/>
<MetaDataList/>
</TestCase>
<TestCase Comment="" Date="1706707434785" Name="randoop.RandoopTest1:test420">
<CovList>
<CovPrefix CovItemPrefix="counter_esempio.Counter.java">
<Cov CovItemId="B1" Value="1"/>
<Cov CovItemId="B2" Value="10"/>
<Cov CovItemId="S1" Value="1"/>
<Cov CovItemId="S2" Value="4"/>
<Cov CovItemId="S3" Value="11"/>
<Cov CovItemId="S4" Value="1"/>
<Cov CovItemId="S5" Value="10"/>
</CovPrefix>
</CovList>
<AssgnmntList>
<AssgnmntPrefix RootTermCovItemPrefix="counter_esempio.Counter.java">
<AssgnmntListEntry Length="2" RootTermCovItemId="C1">
<MapEntry BoolAssgnmnt="00" Value="10"/>
<MapEntry BoolAssgnmnt="01" Value="1"/>
</AssgnmntListEntry>
</AssgnmntPrefix>
</AssgnmntList>
<ObjMetaDataList/>
<MetaDataList/>
</TestCase>
<TestCase Comment="" Date="1706707434785" Name="randoop.RandoopTest1:test421">
<CovList>
<CovPrefix CovItemPrefix="counter_esempio.Counter.java">
<Cov CovItemId="B1" Value="1"/>
<Cov CovItemId="B2" Value="11"/>
<Cov CovItemId="S1" Value="1"/>
<Cov CovItemId="S2" Value="4"/>
<Cov CovItemId="S3" Value="12"/>
<Cov CovItemId="S4" Value="1"/>
<Cov CovItemId="S5" Value="11"/>
</CovPrefix>
</CovList>
<AssgnmntList>
<AssgnmntPrefix RootTermCovItemPrefix="counter_esempio.Counter.java">
<AssgnmntListEntry Length="2" RootTermCovItemId="C1">
<MapEntry BoolAssgnmnt="00" Value="11"/>
<MapEntry BoolAssgnmnt="01" Value="1"/>
</AssgnmntListEntry>
</AssgnmntPrefix>
</AssgnmntList>
<ObjMetaDataList/>
<MetaDataList/>
</TestCase>
<TestCase Comment="" Date="1706707434785" Name="randoop.RandoopTest1:test422">
<CovList>
<CovPrefix CovItemPrefix="counter_esempio.Counter.java">
<Cov CovItemId="B1" Value="1"/>
<Cov CovItemId="B2" Value="4"/>
<Cov CovItemId="S1" Value="1"/>
<Cov CovItemId="S2" Value="11"/>
<Cov CovItemId="S3" Value="5"/>
<Cov CovItemId="S4" Value="1"/>
<Cov CovItemId="S5" Value="4"/>
</CovPrefix>
</CovList>
<AssgnmntList>
<AssgnmntPrefix RootTermCovItemPrefix="counter_esempio.Counter.java">
<AssgnmntListEntry Length="2" RootTermCovItemId="C1">
<MapEntry BoolAssgnmnt="00" Value="4"/>
<MapEntry BoolAssgnmnt="01" Value="1"/>
</AssgnmntListEntry>
</AssgnmntPrefix>
</AssgnmntList>
<ObjMetaDataList/>
<MetaDataList/>
</TestCase>
<TestCase Comment="" Date="1706707434785" Name="randoop.RandoopTest1:test423">
<CovList>
<CovPrefix CovItemPrefix="counter_esempio.Counter.java">
<Cov CovItemId="B1" Value="1"/>
<Cov CovItemId="B2" Value="4"/>
<Cov CovItemId="S1" Value="1"/>
<Cov CovItemId="S2" Value="10"/>
<Cov CovItemId="S3" Value="5"/>
<Cov CovItemId="S4" Value="1"/>
<Cov CovItemId="S5" Value="4"/>
</CovPrefix>
</CovList>
<AssgnmntList>
<AssgnmntPrefix RootTermCovItemPrefix="counter_esempio.Counter.java">
<AssgnmntListEntry Length="2" RootTermCovItemId="C1">
<MapEntry BoolAssgnmnt="00" Value="4"/>
<MapEntry BoolAssgnmnt="01" Value="1"/>
</AssgnmntListEntry>
</AssgnmntPrefix>
</AssgnmntList>
<ObjMetaDataList/>
<MetaDataList/>
</TestCase>
<TestCase Comment="" Date="1706707434785" Name="randoop.RandoopTest1:test424">
<CovList>
<CovPrefix CovItemPrefix="counter_esempio.Counter.java">
<Cov CovItemId="B1" Value="1"/>
<Cov CovItemId="B2" Value="6"/>
<Cov CovItemId="S1" Value="1"/>
<Cov CovItemId="S2" Value="7"/>
<Cov CovItemId="S3" Value="7"/>
<Cov CovItemId="S4" Value="1"/>
<Cov CovItemId="S5" Value="6"/>
</CovPrefix>
</CovList>
<AssgnmntList>
<AssgnmntPrefix RootTermCovItemPrefix="counter_esempio.Counter.java">
<AssgnmntListEntry Length="2" RootTermCovItemId="C1">
<MapEntry BoolAssgnmnt="00" Value="6"/>
<MapEntry BoolAssgnmnt="01" Value="1"/>
</AssgnmntListEntry>
</AssgnmntPrefix>
</AssgnmntList>
<ObjMetaDataList/>
<MetaDataList/>
</TestCase>
<TestCase Comment="" Date="1706707434785" Name="randoop.RandoopTest1:test425">
<CovList>
<CovPrefix CovItemPrefix="counter_esempio.Counter.java">
<Cov CovItemId="B1" Value="1"/>
<Cov CovItemId="B2" Value="9"/>
<Cov CovItemId="S1" Value="1"/>
<Cov CovItemId="S2" Value="5"/>
<Cov CovItemId="S3" Value="10"/>
<Cov CovItemId="S4" Value="1"/>
<Cov CovItemId="S5" Value="9"/>
</CovPrefix>
</CovList>
<AssgnmntList>
<AssgnmntPrefix RootTermCovItemPrefix="counter_esempio.Counter.java">
<AssgnmntListEntry Length="2" RootTermCovItemId="C1">
<MapEntry BoolAssgnmnt="00" Value="9"/>
<MapEntry BoolAssgnmnt="01" Value="1"/>
</AssgnmntListEntry>
</AssgnmntPrefix>
</AssgnmntList>
<ObjMetaDataList/>
<MetaDataList/>
</TestCase>
<TestCase Comment="" Date="1706707434785" Name="randoop.RandoopTest1:test426">
<CovList>
<CovPrefix CovItemPrefix="counter_esempio.Counter.java">
<Cov CovItemId="B1" Value="1"/>
<Cov CovItemId="B2" Value="8"/>
<Cov CovItemId="S1" Value="1"/>
<Cov CovItemId="S2" Value="7"/>
<Cov CovItemId="S3" Value="9"/>
<Cov CovItemId="S4" Value="1"/>
<Cov CovItemId="S5" Value="8"/>
</CovPrefix>
</CovList>
<AssgnmntList>
<AssgnmntPrefix RootTermCovItemPrefix="counter_esempio.Counter.java">
<AssgnmntListEntry Length="2" RootTermCovItemId="C1">
<MapEntry BoolAssgnmnt="00" Value="8"/>
<MapEntry BoolAssgnmnt="01" Value="1"/>
</AssgnmntListEntry>
</AssgnmntPrefix>
</AssgnmntList>
<ObjMetaDataList/>
<MetaDataList/>
</TestCase>
<TestCase Comment="" Date="1706707434785" Name="randoop.RandoopTest1:test427">
<CovList>
<CovPrefix CovItemPrefix="counter_esempio.Counter.java">
<Cov CovItemId="B1" Value="1"/>
<Cov CovItemId="B2" Value="4"/>
<Cov CovItemId="S1" Value="1"/>
<Cov CovItemId="S2" Value="7"/>
<Cov CovItemId="S3" Value="5"/>
<Cov CovItemId="S4" Value="1"/>
<Cov CovItemId="S5" Value="4"/>
</CovPrefix>
</CovList>
<AssgnmntList>
<AssgnmntPrefix RootTermCovItemPrefix="counter_esempio.Counter.java">
<AssgnmntListEntry Length="2" RootTermCovItemId="C1">
<MapEntry BoolAssgnmnt="00" Value="4"/>
<MapEntry BoolAssgnmnt="01" Value="1"/>
</AssgnmntListEntry>
</AssgnmntPrefix>
</AssgnmntList>
<ObjMetaDataList/>
<MetaDataList/>
</TestCase>
<TestCase Comment="" Date="1706707434785" Name="randoop.RandoopTest1:test428">
<CovList>
<CovPrefix CovItemPrefix="counter_esempio.Counter.java">
<Cov CovItemId="B1" Value="1"/>
<Cov CovItemId="B2" Value="5"/>
<Cov CovItemId="S1" Value="1"/>
<Cov CovItemId="S2" Value="11"/>
<Cov CovItemId="S3" Value="6"/>
<Cov CovItemId="S4" Value="1"/>
<Cov CovItemId="S5" Value="5"/>
</CovPrefix>
</CovList>
<AssgnmntList>
<AssgnmntPrefix RootTermCovItemPrefix="counter_esempio.Counter.java">
<AssgnmntListEntry Length="2" RootTermCovItemId="C1">
<MapEntry BoolAssgnmnt="00" Value="5"/>
<MapEntry BoolAssgnmnt="01" Value="1"/>
</AssgnmntListEntry>
</AssgnmntPrefix>
</AssgnmntList>
<ObjMetaDataList/>
<MetaDataList/>
</TestCase>
<TestCase Comment="" Date="1706707434785" Name="randoop.RandoopTest1:test429">
<CovList>
<CovPrefix CovItemPrefix="counter_esempio.Counter.java">
<Cov CovItemId="B1" Value="1"/>
<Cov CovItemId="B2" Value="7"/>
<Cov CovItemId="S1" Value="1"/>
<Cov CovItemId="S2" Value="7"/>
<Cov CovItemId="S3" Value="8"/>
<Cov CovItemId="S4" Value="1"/>
<Cov CovItemId="S5" Value="7"/>
</CovPrefix>
</CovList>
<AssgnmntList>
<AssgnmntPrefix RootTermCovItemPrefix="counter_esempio.Counter.java">
<AssgnmntListEntry Length="2" RootTermCovItemId="C1">
<MapEntry BoolAssgnmnt="00" Value="7"/>
<MapEntry BoolAssgnmnt="01" Value="1"/>
</AssgnmntListEntry>
</AssgnmntPrefix>
</AssgnmntList>
<ObjMetaDataList/>
<MetaDataList/>
</TestCase>
<TestCase Comment="" Date="1706707434785" Name="randoop.RandoopTest1:test430">
<CovList>
<CovPrefix CovItemPrefix="counter_esempio.Counter.java">
<Cov CovItemId="B1" Value="1"/>
<Cov CovItemId="B2" Value="8"/>
<Cov CovItemId="S1" Value="1"/>
<Cov CovItemId="S2" Value="11"/>
<Cov CovItemId="S3" Value="9"/>
<Cov CovItemId="S4" Value="1"/>
<Cov CovItemId="S5" Value="8"/>
</CovPrefix>
</CovList>
<AssgnmntList>
<AssgnmntPrefix RootTermCovItemPrefix="counter_esempio.Counter.java">
<AssgnmntListEntry Length="2" RootTermCovItemId="C1">
<MapEntry BoolAssgnmnt="00" Value="8"/>
<MapEntry BoolAssgnmnt="01" Value="1"/>
</AssgnmntListEntry>
</AssgnmntPrefix>
</AssgnmntList>
<ObjMetaDataList/>
<MetaDataList/>
</TestCase>
<TestCase Comment="" Date="1706707434802" Name="randoop.RandoopTest1:test431">
<CovList>
<CovPrefix CovItemPrefix="counter_esempio.Counter.java">
<Cov CovItemId="B1" Value="1"/>
<Cov CovItemId="B2" Value="8"/>
<Cov CovItemId="S1" Value="1"/>
<Cov CovItemId="S2" Value="8"/>
<Cov CovItemId="S3" Value="9"/>
<Cov CovItemId="S4" Value="1"/>
<Cov CovItemId="S5" Value="8"/>
</CovPrefix>
</CovList>
<AssgnmntList>
<AssgnmntPrefix RootTermCovItemPrefix="counter_esempio.Counter.java">
<AssgnmntListEntry Length="2" RootTermCovItemId="C1">
<MapEntry BoolAssgnmnt="00" Value="8"/>
<MapEntry BoolAssgnmnt="01" Value="1"/>
</AssgnmntListEntry>
</AssgnmntPrefix>
</AssgnmntList>
<ObjMetaDataList/>
<MetaDataList/>
</TestCase>
<TestCase Comment="" Date="1706707434802" Name="randoop.RandoopTest1:test432">
<CovList>
<CovPrefix CovItemPrefix="counter_esempio.Counter.java">
<Cov CovItemId="B1" Value="1"/>
<Cov CovItemId="B2" Value="8"/>
<Cov CovItemId="S1" Value="1"/>
<Cov CovItemId="S2" Value="6"/>
<Cov CovItemId="S3" Value="9"/>
<Cov CovItemId="S4" Value="1"/>
<Cov CovItemId="S5" Value="8"/>
</CovPrefix>
</CovList>
<AssgnmntList>
<AssgnmntPrefix RootTermCovItemPrefix="counter_esempio.Counter.java">
<AssgnmntListEntry Length="2" RootTermCovItemId="C1">
<MapEntry BoolAssgnmnt="00" Value="8"/>
<MapEntry BoolAssgnmnt="01" Value="1"/>
</AssgnmntListEntry>
</AssgnmntPrefix>
</AssgnmntList>
<ObjMetaDataList/>
<MetaDataList/>
</TestCase>
<TestCase Comment="" Date="1706707434802" Name="randoop.RandoopTest1:test433">
<CovList>
<CovPrefix CovItemPrefix="counter_esempio.Counter.java">
<Cov CovItemId="B1" Value="1"/>
<Cov CovItemId="B2" Value="9"/>
<Cov CovItemId="S1" Value="1"/>
<Cov CovItemId="S2" Value="10"/>
<Cov CovItemId="S3" Value="10"/>
<Cov CovItemId="S4" Value="1"/>
<Cov CovItemId="S5" Value="9"/>
</CovPrefix>
</CovList>
<AssgnmntList>
<AssgnmntPrefix RootTermCovItemPrefix="counter_esempio.Counter.java">
<AssgnmntListEntry Length="2" RootTermCovItemId="C1">
<MapEntry BoolAssgnmnt="00" Value="9"/>
<MapEntry BoolAssgnmnt="01" Value="1"/>
</AssgnmntListEntry>
</AssgnmntPrefix>
</AssgnmntList>
<ObjMetaDataList/>
<MetaDataList/>
</TestCase>
<TestCase Comment="" Date="1706707434802" Name="randoop.RandoopTest1:test434">
<CovList>
<CovPrefix CovItemPrefix="counter_esempio.Counter.java">
<Cov CovItemId="B1" Value="1"/>
<Cov CovItemId="B2" Value="9"/>
<Cov CovItemId="S1" Value="1"/>
<Cov CovItemId="S2" Value="8"/>
<Cov CovItemId="S3" Value="10"/>
<Cov CovItemId="S4" Value="1"/>
<Cov CovItemId="S5" Value="9"/>
</CovPrefix>
</CovList>
<AssgnmntList>
<AssgnmntPrefix RootTermCovItemPrefix="counter_esempio.Counter.java">
<AssgnmntListEntry Length="2" RootTermCovItemId="C1">
<MapEntry BoolAssgnmnt="00" Value="9"/>
<MapEntry BoolAssgnmnt="01" Value="1"/>
</AssgnmntListEntry>
</AssgnmntPrefix>
</AssgnmntList>
<ObjMetaDataList/>
<MetaDataList/>
</TestCase>
<TestCase Comment="" Date="1706707434802" Name="randoop.RandoopTest1:test435">
<CovList>
<CovPrefix CovItemPrefix="counter_esempio.Counter.java">
<Cov CovItemId="B1" Value="1"/>
<Cov CovItemId="B2" Value="4"/>
<Cov CovItemId="S1" Value="1"/>
<Cov CovItemId="S2" Value="7"/>
<Cov CovItemId="S3" Value="5"/>
<Cov CovItemId="S4" Value="1"/>
<Cov CovItemId="S5" Value="4"/>
</CovPrefix>
</CovList>
<AssgnmntList>
<AssgnmntPrefix RootTermCovItemPrefix="counter_esempio.Counter.java">
<AssgnmntListEntry Length="2" RootTermCovItemId="C1">
<MapEntry BoolAssgnmnt="00" Value="4"/>
<MapEntry BoolAssgnmnt="01" Value="1"/>
</AssgnmntListEntry>
</AssgnmntPrefix>
</AssgnmntList>
<ObjMetaDataList/>
<MetaDataList/>
</TestCase>
<TestCase Comment="" Date="1706707434802" Name="randoop.RandoopTest1:test436">
<CovList>
<CovPrefix CovItemPrefix="counter_esempio.Counter.java">
<Cov CovItemId="B1" Value="1"/>
<Cov CovItemId="B2" Value="6"/>
<Cov CovItemId="S1" Value="1"/>
<Cov CovItemId="S2" Value="2"/>
<Cov CovItemId="S3" Value="7"/>
<Cov CovItemId="S4" Value="1"/>
<Cov CovItemId="S5" Value="6"/>
</CovPrefix>
</CovList>
<AssgnmntList>
<AssgnmntPrefix RootTermCovItemPrefix="counter_esempio.Counter.java">
<AssgnmntListEntry Length="2" RootTermCovItemId="C1">
<MapEntry BoolAssgnmnt="00" Value="6"/>
<MapEntry BoolAssgnmnt="01" Value="1"/>
</AssgnmntListEntry>
</AssgnmntPrefix>
</AssgnmntList>
<ObjMetaDataList/>
<MetaDataList/>
</TestCase>
<TestCase Comment="" Date="1706707434802" Name="randoop.RandoopTest1:test437">
<CovList>
<CovPrefix CovItemPrefix="counter_esempio.Counter.java">
<Cov CovItemId="B1" Value="1"/>
<Cov CovItemId="B2" Value="8"/>
<Cov CovItemId="S1" Value="1"/>
<Cov CovItemId="S2" Value="5"/>
<Cov CovItemId="S3" Value="9"/>
<Cov CovItemId="S4" Value="1"/>
<Cov CovItemId="S5" Value="8"/>
</CovPrefix>
</CovList>
<AssgnmntList>
<AssgnmntPrefix RootTermCovItemPrefix="counter_esempio.Counter.java">
<AssgnmntListEntry Length="2" RootTermCovItemId="C1">
<MapEntry BoolAssgnmnt="00" Value="8"/>
<MapEntry BoolAssgnmnt="01" Value="1"/>
</AssgnmntListEntry>
</AssgnmntPrefix>
</AssgnmntList>
<ObjMetaDataList/>
<MetaDataList/>
</TestCase>
<TestCase Comment="" Date="1706707434817" Name="randoop.RandoopTest1:test438">
<CovList>
<CovPrefix CovItemPrefix="counter_esempio.Counter.java">
<Cov CovItemId="B1" Value="1"/>
<Cov CovItemId="B2" Value="11"/>
<Cov CovItemId="S1" Value="1"/>
<Cov CovItemId="S2" Value="6"/>
<Cov CovItemId="S3" Value="12"/>
<Cov CovItemId="S4" Value="1"/>
<Cov CovItemId="S5" Value="11"/>
</CovPrefix>
</CovList>
<AssgnmntList>
<AssgnmntPrefix RootTermCovItemPrefix="counter_esempio.Counter.java">
<AssgnmntListEntry Length="2" RootTermCovItemId="C1">
<MapEntry BoolAssgnmnt="00" Value="11"/>
<MapEntry BoolAssgnmnt="01" Value="1"/>
</AssgnmntListEntry>
</AssgnmntPrefix>
</AssgnmntList>
<ObjMetaDataList/>
<MetaDataList/>
</TestCase>
<TestCase Comment="" Date="1706707434817" Name="randoop.RandoopTest1:test439">
<CovList>
<CovPrefix CovItemPrefix="counter_esempio.Counter.java">
<Cov CovItemId="B1" Value="1"/>
<Cov CovItemId="B2" Value="9"/>
<Cov CovItemId="S1" Value="1"/>
<Cov CovItemId="S2" Value="4"/>
<Cov CovItemId="S3" Value="10"/>
<Cov CovItemId="S4" Value="1"/>
<Cov CovItemId="S5" Value="9"/>
</CovPrefix>
</CovList>
<AssgnmntList>
<AssgnmntPrefix RootTermCovItemPrefix="counter_esempio.Counter.java">
<AssgnmntListEntry Length="2" RootTermCovItemId="C1">
<MapEntry BoolAssgnmnt="00" Value="9"/>
<MapEntry BoolAssgnmnt="01" Value="1"/>
</AssgnmntListEntry>
</AssgnmntPrefix>
</AssgnmntList>
<ObjMetaDataList/>
<MetaDataList/>
</TestCase>
<TestCase Comment="" Date="1706707434817" Name="randoop.RandoopTest1:test440">
<CovList>
<CovPrefix CovItemPrefix="counter_esempio.Counter.java">
<Cov CovItemId="B1" Value="1"/>
<Cov CovItemId="B2" Value="6"/>
<Cov CovItemId="S1" Value="1"/>
<Cov CovItemId="S2" Value="9"/>
<Cov CovItemId="S3" Value="7"/>
<Cov CovItemId="S4" Value="1"/>
<Cov CovItemId="S5" Value="6"/>
</CovPrefix>
</CovList>
<AssgnmntList>
<AssgnmntPrefix RootTermCovItemPrefix="counter_esempio.Counter.java">
<AssgnmntListEntry Length="2" RootTermCovItemId="C1">
<MapEntry BoolAssgnmnt="00" Value="6"/>
<MapEntry BoolAssgnmnt="01" Value="1"/>
</AssgnmntListEntry>
</AssgnmntPrefix>
</AssgnmntList>
<ObjMetaDataList/>
<MetaDataList/>
</TestCase>
<TestCase Comment="" Date="1706707434817" Name="randoop.RandoopTest1:test441">
<CovList>
<CovPrefix CovItemPrefix="counter_esempio.Counter.java">
<Cov CovItemId="B1" Value="1"/>
<Cov CovItemId="B2" Value="9"/>
<Cov CovItemId="S1" Value="1"/>
<Cov CovItemId="S2" Value="4"/>
<Cov CovItemId="S3" Value="10"/>
<Cov CovItemId="S4" Value="1"/>
<Cov CovItemId="S5" Value="9"/>
</CovPrefix>
</CovList>
<AssgnmntList>
<AssgnmntPrefix RootTermCovItemPrefix="counter_esempio.Counter.java">
<AssgnmntListEntry Length="2" RootTermCovItemId="C1">
<MapEntry BoolAssgnmnt="00" Value="9"/>
<MapEntry BoolAssgnmnt="01" Value="1"/>
</AssgnmntListEntry>
</AssgnmntPrefix>
</AssgnmntList>
<ObjMetaDataList/>
<MetaDataList/>
</TestCase>
<TestCase Comment="" Date="1706707434817" Name="randoop.RandoopTest1:test442">
<CovList>
<CovPrefix CovItemPrefix="counter_esempio.Counter.java">
<Cov CovItemId="B1" Value="1"/>
<Cov CovItemId="B2" Value="6"/>
<Cov CovItemId="S1" Value="1"/>
<Cov CovItemId="S2" Value="8"/>
<Cov CovItemId="S3" Value="7"/>
<Cov CovItemId="S4" Value="1"/>
<Cov CovItemId="S5" Value="6"/>
</CovPrefix>
</CovList>
<AssgnmntList>
<AssgnmntPrefix RootTermCovItemPrefix="counter_esempio.Counter.java">
<AssgnmntListEntry Length="2" RootTermCovItemId="C1">
<MapEntry BoolAssgnmnt="00" Value="6"/>
<MapEntry BoolAssgnmnt="01" Value="1"/>
</AssgnmntListEntry>
</AssgnmntPrefix>
</AssgnmntList>
<ObjMetaDataList/>
<MetaDataList/>
</TestCase>
<TestCase Comment="" Date="1706707434817" Name="randoop.RandoopTest1:test443">
<CovList>
<CovPrefix CovItemPrefix="counter_esempio.Counter.java">
<Cov CovItemId="B1" Value="1"/>
<Cov CovItemId="B2" Value="6"/>
<Cov CovItemId="S1" Value="1"/>
<Cov CovItemId="S2" Value="6"/>
<Cov CovItemId="S3" Value="7"/>
<Cov CovItemId="S4" Value="1"/>
<Cov CovItemId="S5" Value="6"/>
</CovPrefix>
</CovList>
<AssgnmntList>
<AssgnmntPrefix RootTermCovItemPrefix="counter_esempio.Counter.java">
<AssgnmntListEntry Length="2" RootTermCovItemId="C1">
<MapEntry BoolAssgnmnt="00" Value="6"/>
<MapEntry BoolAssgnmnt="01" Value="1"/>
</AssgnmntListEntry>
</AssgnmntPrefix>
</AssgnmntList>
<ObjMetaDataList/>
<MetaDataList/>
</TestCase>
<TestCase Comment="" Date="1706707434817" Name="randoop.RandoopTest1:test444">
<CovList>
<CovPrefix CovItemPrefix="counter_esempio.Counter.java">
<Cov CovItemId="B1" Value="1"/>
<Cov CovItemId="B2" Value="7"/>
<Cov CovItemId="S1" Value="1"/>
<Cov CovItemId="S2" Value="14"/>
<Cov CovItemId="S3" Value="8"/>
<Cov CovItemId="S4" Value="1"/>
<Cov CovItemId="S5" Value="7"/>
</CovPrefix>
</CovList>
<AssgnmntList>
<AssgnmntPrefix RootTermCovItemPrefix="counter_esempio.Counter.java">
<AssgnmntListEntry Length="2" RootTermCovItemId="C1">
<MapEntry BoolAssgnmnt="00" Value="7"/>
<MapEntry BoolAssgnmnt="01" Value="1"/>
</AssgnmntListEntry>
</AssgnmntPrefix>
</AssgnmntList>
<ObjMetaDataList/>
<MetaDataList/>
</TestCase>
<TestCase Comment="" Date="1706707434817" Name="randoop.RandoopTest1:test445">
<CovList>
<CovPrefix CovItemPrefix="counter_esempio.Counter.java">
<Cov CovItemId="B1" Value="1"/>
<Cov CovItemId="B2" Value="6"/>
<Cov CovItemId="S1" Value="1"/>
<Cov CovItemId="S2" Value="8"/>
<Cov CovItemId="S3" Value="7"/>
<Cov CovItemId="S4" Value="1"/>
<Cov CovItemId="S5" Value="6"/>
</CovPrefix>
</CovList>
<AssgnmntList>
<AssgnmntPrefix RootTermCovItemPrefix="counter_esempio.Counter.java">
<AssgnmntListEntry Length="2" RootTermCovItemId="C1">
<MapEntry BoolAssgnmnt="00" Value="6"/>
<MapEntry BoolAssgnmnt="01" Value="1"/>
</AssgnmntListEntry>
</AssgnmntPrefix>
</AssgnmntList>
<ObjMetaDataList/>
<MetaDataList/>
</TestCase>
<TestCase Comment="" Date="1706707434817" Name="randoop.RandoopTest1:test446">
<CovList>
<CovPrefix CovItemPrefix="counter_esempio.Counter.java">
<Cov CovItemId="B1" Value="1"/>
<Cov CovItemId="B2" Value="5"/>
<Cov CovItemId="S1" Value="1"/>
<Cov CovItemId="S2" Value="7"/>
<Cov CovItemId="S3" Value="6"/>
<Cov CovItemId="S4" Value="1"/>
<Cov CovItemId="S5" Value="5"/>
</CovPrefix>
</CovList>
<AssgnmntList>
<AssgnmntPrefix RootTermCovItemPrefix="counter_esempio.Counter.java">
<AssgnmntListEntry Length="2" RootTermCovItemId="C1">
<MapEntry BoolAssgnmnt="00" Value="5"/>
<MapEntry BoolAssgnmnt="01" Value="1"/>
</AssgnmntListEntry>
</AssgnmntPrefix>
</AssgnmntList>
<ObjMetaDataList/>
<MetaDataList/>
</TestCase>
<TestCase Comment="" Date="1706707434817" Name="randoop.RandoopTest1:test447">
<CovList>
<CovPrefix CovItemPrefix="counter_esempio.Counter.java">
<Cov CovItemId="B1" Value="1"/>
<Cov CovItemId="B2" Value="8"/>
<Cov CovItemId="S1" Value="1"/>
<Cov CovItemId="S2" Value="7"/>
<Cov CovItemId="S3" Value="9"/>
<Cov CovItemId="S4" Value="1"/>
<Cov CovItemId="S5" Value="8"/>
</CovPrefix>
</CovList>
<AssgnmntList>
<AssgnmntPrefix RootTermCovItemPrefix="counter_esempio.Counter.java">
<AssgnmntListEntry Length="2" RootTermCovItemId="C1">
<MapEntry BoolAssgnmnt="00" Value="8"/>
<MapEntry BoolAssgnmnt="01" Value="1"/>
</AssgnmntListEntry>
</AssgnmntPrefix>
</AssgnmntList>
<ObjMetaDataList/>
<MetaDataList/>
</TestCase>
<TestCase Comment="" Date="1706707434817" Name="randoop.RandoopTest1:test448">
<CovList>
<CovPrefix CovItemPrefix="counter_esempio.Counter.java">
<Cov CovItemId="B1" Value="1"/>
<Cov CovItemId="B2" Value="3"/>
<Cov CovItemId="S1" Value="1"/>
<Cov CovItemId="S2" Value="14"/>
<Cov CovItemId="S3" Value="4"/>
<Cov CovItemId="S4" Value="1"/>
<Cov CovItemId="S5" Value="3"/>
</CovPrefix>
</CovList>
<AssgnmntList>
<AssgnmntPrefix RootTermCovItemPrefix="counter_esempio.Counter.java">
<AssgnmntListEntry Length="2" RootTermCovItemId="C1">
<MapEntry BoolAssgnmnt="00" Value="3"/>
<MapEntry BoolAssgnmnt="01" Value="1"/>
</AssgnmntListEntry>
</AssgnmntPrefix>
</AssgnmntList>
<ObjMetaDataList/>
<MetaDataList/>
</TestCase>
<TestCase Comment="" Date="1706707434817" Name="randoop.RandoopTest1:test449">
<CovList>
<CovPrefix CovItemPrefix="counter_esempio.Counter.java">
<Cov CovItemId="B1" Value="1"/>
<Cov CovItemId="B2" Value="8"/>
<Cov CovItemId="S1" Value="1"/>
<Cov CovItemId="S2" Value="7"/>
<Cov CovItemId="S3" Value="9"/>
<Cov CovItemId="S4" Value="1"/>
<Cov CovItemId="S5" Value="8"/>
</CovPrefix>
</CovList>
<AssgnmntList>
<AssgnmntPrefix RootTermCovItemPrefix="counter_esempio.Counter.java">
<AssgnmntListEntry Length="2" RootTermCovItemId="C1">
<MapEntry BoolAssgnmnt="00" Value="8"/>
<MapEntry BoolAssgnmnt="01" Value="1"/>
</AssgnmntListEntry>
</AssgnmntPrefix>
</AssgnmntList>
<ObjMetaDataList/>
<MetaDataList/>
</TestCase>
<TestCase Comment="" Date="1706707434817" Name="randoop.RandoopTest1:test450">
<CovList>
<CovPrefix CovItemPrefix="counter_esempio.Counter.java">
<Cov CovItemId="B1" Value="1"/>
<Cov CovItemId="B2" Value="6"/>
<Cov CovItemId="S1" Value="1"/>
<Cov CovItemId="S2" Value="7"/>
<Cov CovItemId="S3" Value="7"/>
<Cov CovItemId="S4" Value="1"/>
<Cov CovItemId="S5" Value="6"/>
</CovPrefix>
</CovList>
<AssgnmntList>
<AssgnmntPrefix RootTermCovItemPrefix="counter_esempio.Counter.java">
<AssgnmntListEntry Length="2" RootTermCovItemId="C1">
<MapEntry BoolAssgnmnt="00" Value="6"/>
<MapEntry BoolAssgnmnt="01" Value="1"/>
</AssgnmntListEntry>
</AssgnmntPrefix>
</AssgnmntList>
<ObjMetaDataList/>
<MetaDataList/>
</TestCase>
<TestCase Comment="" Date="1706707434817" Name="randoop.RandoopTest1:test451">
<CovList>
<CovPrefix CovItemPrefix="counter_esempio.Counter.java">
<Cov CovItemId="B1" Value="1"/>
<Cov CovItemId="B2" Value="7"/>
<Cov CovItemId="S1" Value="1"/>
<Cov CovItemId="S2" Value="6"/>
<Cov CovItemId="S3" Value="8"/>
<Cov CovItemId="S4" Value="1"/>
<Cov CovItemId="S5" Value="7"/>
</CovPrefix>
</CovList>
<AssgnmntList>
<AssgnmntPrefix RootTermCovItemPrefix="counter_esempio.Counter.java">
<AssgnmntListEntry Length="2" RootTermCovItemId="C1">
<MapEntry BoolAssgnmnt="00" Value="7"/>
<MapEntry BoolAssgnmnt="01" Value="1"/>
</AssgnmntListEntry>
</AssgnmntPrefix>
</AssgnmntList>
<ObjMetaDataList/>
<MetaDataList/>
</TestCase>
<TestCase Comment="" Date="1706707434817" Name="randoop.RandoopTest1:test452">
<CovList>
<CovPrefix CovItemPrefix="counter_esempio.Counter.java">
<Cov CovItemId="B1" Value="1"/>
<Cov CovItemId="B2" Value="8"/>
<Cov CovItemId="S1" Value="1"/>
<Cov CovItemId="S2" Value="11"/>
<Cov CovItemId="S3" Value="9"/>
<Cov CovItemId="S4" Value="1"/>
<Cov CovItemId="S5" Value="8"/>
</CovPrefix>
</CovList>
<AssgnmntList>
<AssgnmntPrefix RootTermCovItemPrefix="counter_esempio.Counter.java">
<AssgnmntListEntry Length="2" RootTermCovItemId="C1">
<MapEntry BoolAssgnmnt="00" Value="8"/>
<MapEntry BoolAssgnmnt="01" Value="1"/>
</AssgnmntListEntry>
</AssgnmntPrefix>
</AssgnmntList>
<ObjMetaDataList/>
<MetaDataList/>
</TestCase>
<TestCase Comment="" Date="1706707434817" Name="randoop.RandoopTest1:test453">
<CovList>
<CovPrefix CovItemPrefix="counter_esempio.Counter.java">
<Cov CovItemId="B1" Value="1"/>
<Cov CovItemId="B2" Value="5"/>
<Cov CovItemId="S1" Value="1"/>
<Cov CovItemId="S2" Value="4"/>
<Cov CovItemId="S3" Value="6"/>
<Cov CovItemId="S4" Value="1"/>
<Cov CovItemId="S5" Value="5"/>
</CovPrefix>
</CovList>
<AssgnmntList>
<AssgnmntPrefix RootTermCovItemPrefix="counter_esempio.Counter.java">
<AssgnmntListEntry Length="2" RootTermCovItemId="C1">
<MapEntry BoolAssgnmnt="00" Value="5"/>
<MapEntry BoolAssgnmnt="01" Value="1"/>
</AssgnmntListEntry>
</AssgnmntPrefix>
</AssgnmntList>
<ObjMetaDataList/>
<MetaDataList/>
</TestCase>
<TestCase Comment="" Date="1706707434817" Name="randoop.RandoopTest1:test454">
<CovList>
<CovPrefix CovItemPrefix="counter_esempio.Counter.java">
<Cov CovItemId="B1" Value="1"/>
<Cov CovItemId="B2" Value="9"/>
<Cov CovItemId="S1" Value="1"/>
<Cov CovItemId="S2" Value="3"/>
<Cov CovItemId="S3" Value="10"/>
<Cov CovItemId="S4" Value="1"/>
<Cov CovItemId="S5" Value="9"/>
</CovPrefix>
</CovList>
<AssgnmntList>
<AssgnmntPrefix RootTermCovItemPrefix="counter_esempio.Counter.java">
<AssgnmntListEntry Length="2" RootTermCovItemId="C1">
<MapEntry BoolAssgnmnt="00" Value="9"/>
<MapEntry BoolAssgnmnt="01" Value="1"/>
</AssgnmntListEntry>
</AssgnmntPrefix>
</AssgnmntList>
<ObjMetaDataList/>
<MetaDataList/>
</TestCase>
<TestCase Comment="" Date="1706707434817" Name="randoop.RandoopTest1:test455">
<CovList>
<CovPrefix CovItemPrefix="counter_esempio.Counter.java">
<Cov CovItemId="B1" Value="1"/>
<Cov CovItemId="B2" Value="6"/>
<Cov CovItemId="S1" Value="1"/>
<Cov CovItemId="S2" Value="5"/>
<Cov CovItemId="S3" Value="7"/>
<Cov CovItemId="S4" Value="1"/>
<Cov CovItemId="S5" Value="6"/>
</CovPrefix>
</CovList>
<AssgnmntList>
<AssgnmntPrefix RootTermCovItemPrefix="counter_esempio.Counter.java">
<AssgnmntListEntry Length="2" RootTermCovItemId="C1">
<MapEntry BoolAssgnmnt="00" Value="6"/>
<MapEntry BoolAssgnmnt="01" Value="1"/>
</AssgnmntListEntry>
</AssgnmntPrefix>
</AssgnmntList>
<ObjMetaDataList/>
<MetaDataList/>
</TestCase>
<TestCase Comment="" Date="1706707434817" Name="randoop.RandoopTest1:test456">
<CovList>
<CovPrefix CovItemPrefix="counter_esempio.Counter.java">
<Cov CovItemId="B1" Value="1"/>
<Cov CovItemId="B2" Value="4"/>
<Cov CovItemId="S1" Value="1"/>
<Cov CovItemId="S2" Value="11"/>
<Cov CovItemId="S3" Value="5"/>
<Cov CovItemId="S4" Value="1"/>
<Cov CovItemId="S5" Value="4"/>
</CovPrefix>
</CovList>
<AssgnmntList>
<AssgnmntPrefix RootTermCovItemPrefix="counter_esempio.Counter.java">
<AssgnmntListEntry Length="2" RootTermCovItemId="C1">
<MapEntry BoolAssgnmnt="00" Value="4"/>
<MapEntry BoolAssgnmnt="01" Value="1"/>
</AssgnmntListEntry>
</AssgnmntPrefix>
</AssgnmntList>
<ObjMetaDataList/>
<MetaDataList/>
</TestCase>
<TestCase Comment="" Date="1706707434817" Name="randoop.RandoopTest1:test457">
<CovList>
<CovPrefix CovItemPrefix="counter_esempio.Counter.java">
<Cov CovItemId="B1" Value="1"/>
<Cov CovItemId="B2" Value="10"/>
<Cov CovItemId="S1" Value="1"/>
<Cov CovItemId="S2" Value="6"/>
<Cov CovItemId="S3" Value="11"/>
<Cov CovItemId="S4" Value="1"/>
<Cov CovItemId="S5" Value="10"/>
</CovPrefix>
</CovList>
<AssgnmntList>
<AssgnmntPrefix RootTermCovItemPrefix="counter_esempio.Counter.java">
<AssgnmntListEntry Length="2" RootTermCovItemId="C1">
<MapEntry BoolAssgnmnt="00" Value="10"/>
<MapEntry BoolAssgnmnt="01" Value="1"/>
</AssgnmntListEntry>
</AssgnmntPrefix>
</AssgnmntList>
<ObjMetaDataList/>
<MetaDataList/>
</TestCase>
<TestCase Comment="" Date="1706707434817" Name="randoop.RandoopTest1:test458">
<CovList>
<CovPrefix CovItemPrefix="counter_esempio.Counter.java">
<Cov CovItemId="B1" Value="1"/>
<Cov CovItemId="B2" Value="7"/>
<Cov CovItemId="S1" Value="1"/>
<Cov CovItemId="S2" Value="6"/>
<Cov CovItemId="S3" Value="8"/>
<Cov CovItemId="S4" Value="1"/>
<Cov CovItemId="S5" Value="7"/>
</CovPrefix>
</CovList>
<AssgnmntList>
<AssgnmntPrefix RootTermCovItemPrefix="counter_esempio.Counter.java">
<AssgnmntListEntry Length="2" RootTermCovItemId="C1">
<MapEntry BoolAssgnmnt="00" Value="7"/>
<MapEntry BoolAssgnmnt="01" Value="1"/>
</AssgnmntListEntry>
</AssgnmntPrefix>
</AssgnmntList>
<ObjMetaDataList/>
<MetaDataList/>
</TestCase>
<TestCase Comment="" Date="1706707434817" Name="randoop.RandoopTest1:test459">
<CovList>
<CovPrefix CovItemPrefix="counter_esempio.Counter.java">
<Cov CovItemId="B1" Value="1"/>
<Cov CovItemId="B2" Value="8"/>
<Cov CovItemId="S1" Value="1"/>
<Cov CovItemId="S2" Value="8"/>
<Cov CovItemId="S3" Value="9"/>
<Cov CovItemId="S4" Value="1"/>
<Cov CovItemId="S5" Value="8"/>
</CovPrefix>
</CovList>
<AssgnmntList>
<AssgnmntPrefix RootTermCovItemPrefix="counter_esempio.Counter.java">
<AssgnmntListEntry Length="2" RootTermCovItemId="C1">
<MapEntry BoolAssgnmnt="00" Value="8"/>
<MapEntry BoolAssgnmnt="01" Value="1"/>
</AssgnmntListEntry>
</AssgnmntPrefix>
</AssgnmntList>
<ObjMetaDataList/>
<MetaDataList/>
</TestCase>
<TestCase Comment="" Date="1706707434817" Name="randoop.RandoopTest1:test460">
<CovList>
<CovPrefix CovItemPrefix="counter_esempio.Counter.java">
<Cov CovItemId="B1" Value="1"/>
<Cov CovItemId="B2" Value="4"/>
<Cov CovItemId="S1" Value="1"/>
<Cov CovItemId="S2" Value="6"/>
<Cov CovItemId="S3" Value="5"/>
<Cov CovItemId="S4" Value="1"/>
<Cov CovItemId="S5" Value="4"/>
</CovPrefix>
</CovList>
<AssgnmntList>
<AssgnmntPrefix RootTermCovItemPrefix="counter_esempio.Counter.java">
<AssgnmntListEntry Length="2" RootTermCovItemId="C1">
<MapEntry BoolAssgnmnt="00" Value="4"/>
<MapEntry BoolAssgnmnt="01" Value="1"/>
</AssgnmntListEntry>
</AssgnmntPrefix>
</AssgnmntList>
<ObjMetaDataList/>
<MetaDataList/>
</TestCase>
<TestCase Comment="" Date="1706707434817" Name="randoop.RandoopTest1:test461">
<CovList>
<CovPrefix CovItemPrefix="counter_esempio.Counter.java">
<Cov CovItemId="B1" Value="1"/>
<Cov CovItemId="B2" Value="8"/>
<Cov CovItemId="S1" Value="1"/>
<Cov CovItemId="S2" Value="11"/>
<Cov CovItemId="S3" Value="9"/>
<Cov CovItemId="S4" Value="1"/>
<Cov CovItemId="S5" Value="8"/>
</CovPrefix>
</CovList>
<AssgnmntList>
<AssgnmntPrefix RootTermCovItemPrefix="counter_esempio.Counter.java">
<AssgnmntListEntry Length="2" RootTermCovItemId="C1">
<MapEntry BoolAssgnmnt="00" Value="8"/>
<MapEntry BoolAssgnmnt="01" Value="1"/>
</AssgnmntListEntry>
</AssgnmntPrefix>
</AssgnmntList>
<ObjMetaDataList/>
<MetaDataList/>
</TestCase>
<TestCase Comment="" Date="1706707434817" Name="randoop.RandoopTest1:test462">
<CovList>
<CovPrefix CovItemPrefix="counter_esempio.Counter.java">
<Cov CovItemId="B1" Value="1"/>
<Cov CovItemId="B2" Value="8"/>
<Cov CovItemId="S1" Value="1"/>
<Cov CovItemId="S2" Value="7"/>
<Cov CovItemId="S3" Value="9"/>
<Cov CovItemId="S4" Value="1"/>
<Cov CovItemId="S5" Value="8"/>
</CovPrefix>
</CovList>
<AssgnmntList>
<AssgnmntPrefix RootTermCovItemPrefix="counter_esempio.Counter.java">
<AssgnmntListEntry Length="2" RootTermCovItemId="C1">
<MapEntry BoolAssgnmnt="00" Value="8"/>
<MapEntry BoolAssgnmnt="01" Value="1"/>
</AssgnmntListEntry>
</AssgnmntPrefix>
</AssgnmntList>
<ObjMetaDataList/>
<MetaDataList/>
</TestCase>
<TestCase Comment="" Date="1706707434817" Name="randoop.RandoopTest1:test463">
<CovList>
<CovPrefix CovItemPrefix="counter_esempio.Counter.java">
<Cov CovItemId="B1" Value="1"/>
<Cov CovItemId="B2" Value="5"/>
<Cov CovItemId="S1" Value="1"/>
<Cov CovItemId="S2" Value="9"/>
<Cov CovItemId="S3" Value="6"/>
<Cov CovItemId="S4" Value="1"/>
<Cov CovItemId="S5" Value="5"/>
</CovPrefix>
</CovList>
<AssgnmntList>
<AssgnmntPrefix RootTermCovItemPrefix="counter_esempio.Counter.java">
<AssgnmntListEntry Length="2" RootTermCovItemId="C1">
<MapEntry BoolAssgnmnt="00" Value="5"/>
<MapEntry BoolAssgnmnt="01" Value="1"/>
</AssgnmntListEntry>
</AssgnmntPrefix>
</AssgnmntList>
<ObjMetaDataList/>
<MetaDataList/>
</TestCase>
<TestCase Comment="" Date="1706707434817" Name="randoop.RandoopTest1:test464">
<CovList>
<CovPrefix CovItemPrefix="counter_esempio.Counter.java">
<Cov CovItemId="B1" Value="1"/>
<Cov CovItemId="B2" Value="6"/>
<Cov CovItemId="S1" Value="1"/>
<Cov CovItemId="S2" Value="7"/>
<Cov CovItemId="S3" Value="7"/>
<Cov CovItemId="S4" Value="1"/>
<Cov CovItemId="S5" Value="6"/>
</CovPrefix>
</CovList>
<AssgnmntList>
<AssgnmntPrefix RootTermCovItemPrefix="counter_esempio.Counter.java">
<AssgnmntListEntry Length="2" RootTermCovItemId="C1">
<MapEntry BoolAssgnmnt="00" Value="6"/>
<MapEntry BoolAssgnmnt="01" Value="1"/>
</AssgnmntListEntry>
</AssgnmntPrefix>
</AssgnmntList>
<ObjMetaDataList/>
<MetaDataList/>
</TestCase>
<TestCase Comment="" Date="1706707434817" Name="randoop.RandoopTest1:test465">
<CovList>
<CovPrefix CovItemPrefix="counter_esempio.Counter.java">
<Cov CovItemId="B1" Value="1"/>
<Cov CovItemId="B2" Value="11"/>
<Cov CovItemId="S1" Value="1"/>
<Cov CovItemId="S2" Value="3"/>
<Cov CovItemId="S3" Value="12"/>
<Cov CovItemId="S4" Value="1"/>
<Cov CovItemId="S5" Value="11"/>
</CovPrefix>
</CovList>
<AssgnmntList>
<AssgnmntPrefix RootTermCovItemPrefix="counter_esempio.Counter.java">
<AssgnmntListEntry Length="2" RootTermCovItemId="C1">
<MapEntry BoolAssgnmnt="00" Value="11"/>
<MapEntry BoolAssgnmnt="01" Value="1"/>
</AssgnmntListEntry>
</AssgnmntPrefix>
</AssgnmntList>
<ObjMetaDataList/>
<MetaDataList/>
</TestCase>
<TestCase Comment="" Date="1706707434817" Name="randoop.RandoopTest1:test466">
<CovList>
<CovPrefix CovItemPrefix="counter_esempio.Counter.java">
<Cov CovItemId="B1" Value="1"/>
<Cov CovItemId="B2" Value="12"/>
<Cov CovItemId="S1" Value="1"/>
<Cov CovItemId="S2" Value="6"/>
<Cov CovItemId="S3" Value="13"/>
<Cov CovItemId="S4" Value="1"/>
<Cov CovItemId="S5" Value="12"/>
</CovPrefix>
</CovList>
<AssgnmntList>
<AssgnmntPrefix RootTermCovItemPrefix="counter_esempio.Counter.java">
<AssgnmntListEntry Length="2" RootTermCovItemId="C1">
<MapEntry BoolAssgnmnt="00" Value="12"/>
<MapEntry BoolAssgnmnt="01" Value="1"/>
</AssgnmntListEntry>
</AssgnmntPrefix>
</AssgnmntList>
<ObjMetaDataList/>
<MetaDataList/>
</TestCase>
<TestCase Comment="" Date="1706707434817" Name="randoop.RandoopTest1:test467">
<CovList>
<CovPrefix CovItemPrefix="counter_esempio.Counter.java">
<Cov CovItemId="B1" Value="1"/>
<Cov CovItemId="B2" Value="4"/>
<Cov CovItemId="S1" Value="1"/>
<Cov CovItemId="S2" Value="4"/>
<Cov CovItemId="S3" Value="5"/>
<Cov CovItemId="S4" Value="1"/>
<Cov CovItemId="S5" Value="4"/>
</CovPrefix>
</CovList>
<AssgnmntList>
<AssgnmntPrefix RootTermCovItemPrefix="counter_esempio.Counter.java">
<AssgnmntListEntry Length="2" RootTermCovItemId="C1">
<MapEntry BoolAssgnmnt="00" Value="4"/>
<MapEntry BoolAssgnmnt="01" Value="1"/>
</AssgnmntListEntry>
</AssgnmntPrefix>
</AssgnmntList>
<ObjMetaDataList/>
<MetaDataList/>
</TestCase>
<TestCase Comment="" Date="1706707434817" Name="randoop.RandoopTest1:test468">
<CovList>
<CovPrefix CovItemPrefix="counter_esempio.Counter.java">
<Cov CovItemId="B1" Value="1"/>
<Cov CovItemId="B2" Value="2"/>
<Cov CovItemId="S1" Value="1"/>
<Cov CovItemId="S2" Value="3"/>
<Cov CovItemId="S3" Value="3"/>
<Cov CovItemId="S4" Value="1"/>
<Cov CovItemId="S5" Value="2"/>
</CovPrefix>
</CovList>
<AssgnmntList>
<AssgnmntPrefix RootTermCovItemPrefix="counter_esempio.Counter.java">
<AssgnmntListEntry Length="2" RootTermCovItemId="C1">
<MapEntry BoolAssgnmnt="00" Value="2"/>
<MapEntry BoolAssgnmnt="01" Value="1"/>
</AssgnmntListEntry>
</AssgnmntPrefix>
</AssgnmntList>
<ObjMetaDataList/>
<MetaDataList/>
</TestCase>
<TestCase Comment="" Date="1706707434817" Name="randoop.RandoopTest1:test469">
<CovList>
<CovPrefix CovItemPrefix="counter_esempio.Counter.java">
<Cov CovItemId="B1" Value="1"/>
<Cov CovItemId="B2" Value="7"/>
<Cov CovItemId="S1" Value="1"/>
<Cov CovItemId="S2" Value="5"/>
<Cov CovItemId="S3" Value="8"/>
<Cov CovItemId="S4" Value="1"/>
<Cov CovItemId="S5" Value="7"/>
</CovPrefix>
</CovList>
<AssgnmntList>
<AssgnmntPrefix RootTermCovItemPrefix="counter_esempio.Counter.java">
<AssgnmntListEntry Length="2" RootTermCovItemId="C1">
<MapEntry BoolAssgnmnt="00" Value="7"/>
<MapEntry BoolAssgnmnt="01" Value="1"/>
</AssgnmntListEntry>
</AssgnmntPrefix>
</AssgnmntList>
<ObjMetaDataList/>
<MetaDataList/>
</TestCase>
<TestCase Comment="" Date="1706707434817" Name="randoop.RandoopTest1:test470">
<CovList>
<CovPrefix CovItemPrefix="counter_esempio.Counter.java">
<Cov CovItemId="B1" Value="1"/>
<Cov CovItemId="B2" Value="7"/>
<Cov CovItemId="S1" Value="1"/>
<Cov CovItemId="S2" Value="6"/>
<Cov CovItemId="S3" Value="8"/>
<Cov CovItemId="S4" Value="1"/>
<Cov CovItemId="S5" Value="7"/>
</CovPrefix>
</CovList>
<AssgnmntList>
<AssgnmntPrefix RootTermCovItemPrefix="counter_esempio.Counter.java">
<AssgnmntListEntry Length="2" RootTermCovItemId="C1">
<MapEntry BoolAssgnmnt="00" Value="7"/>
<MapEntry BoolAssgnmnt="01" Value="1"/>
</AssgnmntListEntry>
</AssgnmntPrefix>
</AssgnmntList>
<ObjMetaDataList/>
<MetaDataList/>
</TestCase>
<TestCase Comment="" Date="1706707434817" Name="randoop.RandoopTest1:test471">
<CovList>
<CovPrefix CovItemPrefix="counter_esempio.Counter.java">
<Cov CovItemId="B1" Value="1"/>
<Cov CovItemId="B2" Value="8"/>
<Cov CovItemId="S1" Value="1"/>
<Cov CovItemId="S2" Value="5"/>
<Cov CovItemId="S3" Value="9"/>
<Cov CovItemId="S4" Value="1"/>
<Cov CovItemId="S5" Value="8"/>
</CovPrefix>
</CovList>
<AssgnmntList>
<AssgnmntPrefix RootTermCovItemPrefix="counter_esempio.Counter.java">
<AssgnmntListEntry Length="2" RootTermCovItemId="C1">
<MapEntry BoolAssgnmnt="00" Value="8"/>
<MapEntry BoolAssgnmnt="01" Value="1"/>
</AssgnmntListEntry>
</AssgnmntPrefix>
</AssgnmntList>
<ObjMetaDataList/>
<MetaDataList/>
</TestCase>
<TestCase Comment="" Date="1706707434817" Name="randoop.RandoopTest1:test10">
<CovList>
<CovPrefix CovItemPrefix="counter_esempio.Counter.java">
<Cov CovItemId="B1" Value="1"/>
<Cov CovItemId="B2" Value="7"/>
<Cov CovItemId="S1" Value="1"/>
<Cov CovItemId="S2" Value="12"/>
<Cov CovItemId="S3" Value="8"/>
<Cov CovItemId="S4" Value="1"/>
<Cov CovItemId="S5" Value="7"/>
</CovPrefix>
</CovList>
<AssgnmntList>
<AssgnmntPrefix RootTermCovItemPrefix="counter_esempio.Counter.java">
<AssgnmntListEntry Length="2" RootTermCovItemId="C1">
<MapEntry BoolAssgnmnt="00" Value="7"/>
<MapEntry BoolAssgnmnt="01" Value="1"/>
</AssgnmntListEntry>
</AssgnmntPrefix>
</AssgnmntList>
<ObjMetaDataList/>
<MetaDataList/>
</TestCase>
<TestCase Comment="" Date="1706707434817" Name="randoop.RandoopTest1:test11">
<CovList>
<CovPrefix CovItemPrefix="counter_esempio.Counter.java">
<Cov CovItemId="B1" Value="1"/>
<Cov CovItemId="B2" Value="11"/>
<Cov CovItemId="S1" Value="1"/>
<Cov CovItemId="S2" Value="5"/>
<Cov CovItemId="S3" Value="12"/>
<Cov CovItemId="S4" Value="1"/>
<Cov CovItemId="S5" Value="11"/>
</CovPrefix>
</CovList>
<AssgnmntList>
<AssgnmntPrefix RootTermCovItemPrefix="counter_esempio.Counter.java">
<AssgnmntListEntry Length="2" RootTermCovItemId="C1">
<MapEntry BoolAssgnmnt="00" Value="11"/>
<MapEntry BoolAssgnmnt="01" Value="1"/>
</AssgnmntListEntry>
</AssgnmntPrefix>
</AssgnmntList>
<ObjMetaDataList/>
<MetaDataList/>
</TestCase>
<TestCase Comment="" Date="1706707434817" Name="randoop.RandoopTest1:test12">
<CovList>
<CovPrefix CovItemPrefix="counter_esempio.Counter.java">
<Cov CovItemId="B1" Value="1"/>
<Cov CovItemId="B2" Value="8"/>
<Cov CovItemId="S1" Value="1"/>
<Cov CovItemId="S2" Value="9"/>
<Cov CovItemId="S3" Value="9"/>
<Cov CovItemId="S4" Value="1"/>
<Cov CovItemId="S5" Value="8"/>
</CovPrefix>
</CovList>
<AssgnmntList>
<AssgnmntPrefix RootTermCovItemPrefix="counter_esempio.Counter.java">
<AssgnmntListEntry Length="2" RootTermCovItemId="C1">
<MapEntry BoolAssgnmnt="00" Value="8"/>
<MapEntry BoolAssgnmnt="01" Value="1"/>
</AssgnmntListEntry>
</AssgnmntPrefix>
</AssgnmntList>
<ObjMetaDataList/>
<MetaDataList/>
</TestCase>
<TestCase Comment="" Date="1706707434817" Name="randoop.RandoopTest1:test13">
<CovList>
<CovPrefix CovItemPrefix="counter_esempio.Counter.java">
<Cov CovItemId="B1" Value="1"/>
<Cov CovItemId="B2" Value="4"/>
<Cov CovItemId="S1" Value="1"/>
<Cov CovItemId="S2" Value="11"/>
<Cov CovItemId="S3" Value="5"/>
<Cov CovItemId="S4" Value="1"/>
<Cov CovItemId="S5" Value="4"/>
</CovPrefix>
</CovList>
<AssgnmntList>
<AssgnmntPrefix RootTermCovItemPrefix="counter_esempio.Counter.java">
<AssgnmntListEntry Length="2" RootTermCovItemId="C1">
<MapEntry BoolAssgnmnt="00" Value="4"/>
<MapEntry BoolAssgnmnt="01" Value="1"/>
</AssgnmntListEntry>
</AssgnmntPrefix>
</AssgnmntList>
<ObjMetaDataList/>
<MetaDataList/>
</TestCase>
<TestCase Comment="" Date="1706707434817" Name="randoop.RandoopTest1:test14">
<CovList>
<CovPrefix CovItemPrefix="counter_esempio.Counter.java">
<Cov CovItemId="B1" Value="1"/>
<Cov CovItemId="B2" Value="7"/>
<Cov CovItemId="S1" Value="1"/>
<Cov CovItemId="S2" Value="8"/>
<Cov CovItemId="S3" Value="8"/>
<Cov CovItemId="S4" Value="1"/>
<Cov CovItemId="S5" Value="7"/>
</CovPrefix>
</CovList>
<AssgnmntList>
<AssgnmntPrefix RootTermCovItemPrefix="counter_esempio.Counter.java">
<AssgnmntListEntry Length="2" RootTermCovItemId="C1">
<MapEntry BoolAssgnmnt="00" Value="7"/>
<MapEntry BoolAssgnmnt="01" Value="1"/>
</AssgnmntListEntry>
</AssgnmntPrefix>
</AssgnmntList>
<ObjMetaDataList/>
<MetaDataList/>
</TestCase>
<TestCase Comment="" Date="1706707434817" Name="randoop.RandoopTest1:test15">
<CovList>
<CovPrefix CovItemPrefix="counter_esempio.Counter.java">
<Cov CovItemId="B1" Value="1"/>
<Cov CovItemId="B2" Value="6"/>
<Cov CovItemId="S1" Value="1"/>
<Cov CovItemId="S2" Value="4"/>
<Cov CovItemId="S3" Value="7"/>
<Cov CovItemId="S4" Value="1"/>
<Cov CovItemId="S5" Value="6"/>
</CovPrefix>
</CovList>
<AssgnmntList>
<AssgnmntPrefix RootTermCovItemPrefix="counter_esempio.Counter.java">
<AssgnmntListEntry Length="2" RootTermCovItemId="C1">
<MapEntry BoolAssgnmnt="00" Value="6"/>
<MapEntry BoolAssgnmnt="01" Value="1"/>
</AssgnmntListEntry>
</AssgnmntPrefix>
</AssgnmntList>
<ObjMetaDataList/>
<MetaDataList/>
</TestCase>
<TestCase Comment="" Date="1706707434817" Name="randoop.RandoopTest1:test16">
<CovList>
<CovPrefix CovItemPrefix="counter_esempio.Counter.java">
<Cov CovItemId="B1" Value="1"/>
<Cov CovItemId="B2" Value="6"/>
<Cov CovItemId="S1" Value="1"/>
<Cov CovItemId="S2" Value="10"/>
<Cov CovItemId="S3" Value="7"/>
<Cov CovItemId="S4" Value="1"/>
<Cov CovItemId="S5" Value="6"/>
</CovPrefix>
</CovList>
<AssgnmntList>
<AssgnmntPrefix RootTermCovItemPrefix="counter_esempio.Counter.java">
<AssgnmntListEntry Length="2" RootTermCovItemId="C1">
<MapEntry BoolAssgnmnt="00" Value="6"/>
<MapEntry BoolAssgnmnt="01" Value="1"/>
</AssgnmntListEntry>
</AssgnmntPrefix>
</AssgnmntList>
<ObjMetaDataList/>
<MetaDataList/>
</TestCase>
<TestCase Comment="" Date="1706707434817" Name="randoop.RandoopTest1:test17">
<CovList>
<CovPrefix CovItemPrefix="counter_esempio.Counter.java">
<Cov CovItemId="B1" Value="1"/>
<Cov CovItemId="B2" Value="3"/>
<Cov CovItemId="S1" Value="1"/>
<Cov CovItemId="S2" Value="3"/>
<Cov CovItemId="S3" Value="4"/>
<Cov CovItemId="S4" Value="1"/>
<Cov CovItemId="S5" Value="3"/>
</CovPrefix>
</CovList>
<AssgnmntList>
<AssgnmntPrefix RootTermCovItemPrefix="counter_esempio.Counter.java">
<AssgnmntListEntry Length="2" RootTermCovItemId="C1">
<MapEntry BoolAssgnmnt="00" Value="3"/>
<MapEntry BoolAssgnmnt="01" Value="1"/>
</AssgnmntListEntry>
</AssgnmntPrefix>
</AssgnmntList>
<ObjMetaDataList/>
<MetaDataList/>
</TestCase>
<TestCase Comment="" Date="1706707434817" Name="randoop.RandoopTest1:test18">
<CovList>
<CovPrefix CovItemPrefix="counter_esempio.Counter.java">
<Cov CovItemId="B1" Value="1"/>
<Cov CovItemId="B2" Value="5"/>
<Cov CovItemId="S1" Value="1"/>
<Cov CovItemId="S2" Value="6"/>
<Cov CovItemId="S3" Value="6"/>
<Cov CovItemId="S4" Value="1"/>
<Cov CovItemId="S5" Value="5"/>
</CovPrefix>
</CovList>
<AssgnmntList>
<AssgnmntPrefix RootTermCovItemPrefix="counter_esempio.Counter.java">
<AssgnmntListEntry Length="2" RootTermCovItemId="C1">
<MapEntry BoolAssgnmnt="00" Value="5"/>
<MapEntry BoolAssgnmnt="01" Value="1"/>
</AssgnmntListEntry>
</AssgnmntPrefix>
</AssgnmntList>
<ObjMetaDataList/>
<MetaDataList/>
</TestCase>
<TestCase Comment="" Date="1706707434833" Name="randoop.RandoopTest1:test19">
<CovList>
<CovPrefix CovItemPrefix="counter_esempio.Counter.java">
<Cov CovItemId="B2" Value="1"/>
<Cov CovItemId="S1" Value="1"/>
<Cov CovItemId="S2" Value="9"/>
<Cov CovItemId="S3" Value="1"/>
<Cov CovItemId="S5" Value="1"/>
</CovPrefix>
</CovList>
<AssgnmntList>
<AssgnmntPrefix RootTermCovItemPrefix="counter_esempio.Counter.java">
<AssgnmntListEntry Length="2" RootTermCovItemId="C1">
<MapEntry BoolAssgnmnt="00" Value="1"/>
</AssgnmntListEntry>
</AssgnmntPrefix>
</AssgnmntList>
<ObjMetaDataList/>
<MetaDataList/>
</TestCase>
<TestCase Comment="" Date="1706707434833" Name="randoop.RandoopTest1:test20">
<CovList>
<CovPrefix CovItemPrefix="counter_esempio.Counter.java">
<Cov CovItemId="B1" Value="1"/>
<Cov CovItemId="B2" Value="9"/>
<Cov CovItemId="S1" Value="1"/>
<Cov CovItemId="S2" Value="7"/>
<Cov CovItemId="S3" Value="10"/>
<Cov CovItemId="S4" Value="1"/>
<Cov CovItemId="S5" Value="9"/>
</CovPrefix>
</CovList>
<AssgnmntList>
<AssgnmntPrefix RootTermCovItemPrefix="counter_esempio.Counter.java">
<AssgnmntListEntry Length="2" RootTermCovItemId="C1">
<MapEntry BoolAssgnmnt="00" Value="9"/>
<MapEntry BoolAssgnmnt="01" Value="1"/>
</AssgnmntListEntry>
</AssgnmntPrefix>
</AssgnmntList>
<ObjMetaDataList/>
<MetaDataList/>
</TestCase>
<TestCase Comment="" Date="1706707434833" Name="randoop.RandoopTest1:test21">
<CovList>
<CovPrefix CovItemPrefix="counter_esempio.Counter.java">
<Cov CovItemId="B1" Value="1"/>
<Cov CovItemId="B2" Value="9"/>
<Cov CovItemId="S1" Value="1"/>
<Cov CovItemId="S2" Value="9"/>
<Cov CovItemId="S3" Value="10"/>
<Cov CovItemId="S4" Value="1"/>
<Cov CovItemId="S5" Value="9"/>
</CovPrefix>
</CovList>
<AssgnmntList>
<AssgnmntPrefix RootTermCovItemPrefix="counter_esempio.Counter.java">
<AssgnmntListEntry Length="2" RootTermCovItemId="C1">
<MapEntry BoolAssgnmnt="00" Value="9"/>
<MapEntry BoolAssgnmnt="01" Value="1"/>
</AssgnmntListEntry>
</AssgnmntPrefix>
</AssgnmntList>
<ObjMetaDataList/>
<MetaDataList/>
</TestCase>
<TestCase Comment="" Date="1706707434833" Name="randoop.RandoopTest1:test22">
<CovList>
<CovPrefix CovItemPrefix="counter_esempio.Counter.java">
<Cov CovItemId="B1" Value="1"/>
<Cov CovItemId="B2" Value="2"/>
<Cov CovItemId="S1" Value="1"/>
<Cov CovItemId="S2" Value="6"/>
<Cov CovItemId="S3" Value="3"/>
<Cov CovItemId="S4" Value="1"/>
<Cov CovItemId="S5" Value="2"/>
</CovPrefix>
</CovList>
<AssgnmntList>
<AssgnmntPrefix RootTermCovItemPrefix="counter_esempio.Counter.java">
<AssgnmntListEntry Length="2" RootTermCovItemId="C1">
<MapEntry BoolAssgnmnt="00" Value="2"/>
<MapEntry BoolAssgnmnt="01" Value="1"/>
</AssgnmntListEntry>
</AssgnmntPrefix>
</AssgnmntList>
<ObjMetaDataList/>
<MetaDataList/>
</TestCase>
<TestCase Comment="" Date="1706707434833" Name="randoop.RandoopTest1:test23">
<CovList>
<CovPrefix CovItemPrefix="counter_esempio.Counter.java">
<Cov CovItemId="B1" Value="1"/>
<Cov CovItemId="B2" Value="7"/>
<Cov CovItemId="S1" Value="1"/>
<Cov CovItemId="S2" Value="10"/>
<Cov CovItemId="S3" Value="8"/>
<Cov CovItemId="S4" Value="1"/>
<Cov CovItemId="S5" Value="7"/>
</CovPrefix>
</CovList>
<AssgnmntList>
<AssgnmntPrefix RootTermCovItemPrefix="counter_esempio.Counter.java">
<AssgnmntListEntry Length="2" RootTermCovItemId="C1">
<MapEntry BoolAssgnmnt="00" Value="7"/>
<MapEntry BoolAssgnmnt="01" Value="1"/>
</AssgnmntListEntry>
</AssgnmntPrefix>
</AssgnmntList>
<ObjMetaDataList/>
<MetaDataList/>
</TestCase>
<TestCase Comment="" Date="1706707434833" Name="randoop.RandoopTest1:test24">
<CovList>
<CovPrefix CovItemPrefix="counter_esempio.Counter.java">
<Cov CovItemId="B1" Value="1"/>
<Cov CovItemId="B2" Value="6"/>
<Cov CovItemId="S1" Value="1"/>
<Cov CovItemId="S2" Value="8"/>
<Cov CovItemId="S3" Value="7"/>
<Cov CovItemId="S4" Value="1"/>
<Cov CovItemId="S5" Value="6"/>
</CovPrefix>
</CovList>
<AssgnmntList>
<AssgnmntPrefix RootTermCovItemPrefix="counter_esempio.Counter.java">
<AssgnmntListEntry Length="2" RootTermCovItemId="C1">
<MapEntry BoolAssgnmnt="00" Value="6"/>
<MapEntry BoolAssgnmnt="01" Value="1"/>
</AssgnmntListEntry>
</AssgnmntPrefix>
</AssgnmntList>
<ObjMetaDataList/>
<MetaDataList/>
</TestCase>
<TestCase Comment="" Date="1706707434833" Name="randoop.RandoopTest1:test25">
<CovList>
<CovPrefix CovItemPrefix="counter_esempio.Counter.java">
<Cov CovItemId="B1" Value="1"/>
<Cov CovItemId="B2" Value="10"/>
<Cov CovItemId="S1" Value="1"/>
<Cov CovItemId="S2" Value="7"/>
<Cov CovItemId="S3" Value="11"/>
<Cov CovItemId="S4" Value="1"/>
<Cov CovItemId="S5" Value="10"/>
</CovPrefix>
</CovList>
<AssgnmntList>
<AssgnmntPrefix RootTermCovItemPrefix="counter_esempio.Counter.java">
<AssgnmntListEntry Length="2" RootTermCovItemId="C1">
<MapEntry BoolAssgnmnt="00" Value="10"/>
<MapEntry BoolAssgnmnt="01" Value="1"/>
</AssgnmntListEntry>
</AssgnmntPrefix>
</AssgnmntList>
<ObjMetaDataList/>
<MetaDataList/>
</TestCase>
<TestCase Comment="" Date="1706707434833" Name="randoop.RandoopTest1:test26">
<CovList>
<CovPrefix CovItemPrefix="counter_esempio.Counter.java">
<Cov CovItemId="B1" Value="1"/>
<Cov CovItemId="B2" Value="7"/>
<Cov CovItemId="S1" Value="1"/>
<Cov CovItemId="S2" Value="9"/>
<Cov CovItemId="S3" Value="8"/>
<Cov CovItemId="S4" Value="1"/>
<Cov CovItemId="S5" Value="7"/>
</CovPrefix>
</CovList>
<AssgnmntList>
<AssgnmntPrefix RootTermCovItemPrefix="counter_esempio.Counter.java">
<AssgnmntListEntry Length="2" RootTermCovItemId="C1">
<MapEntry BoolAssgnmnt="00" Value="7"/>
<MapEntry BoolAssgnmnt="01" Value="1"/>
</AssgnmntListEntry>
</AssgnmntPrefix>
</AssgnmntList>
<ObjMetaDataList/>
<MetaDataList/>
</TestCase>
<TestCase Comment="" Date="1706707434833" Name="randoop.RandoopTest1:test27">
<CovList>
<CovPrefix CovItemPrefix="counter_esempio.Counter.java">
<Cov CovItemId="B1" Value="1"/>
<Cov CovItemId="B2" Value="3"/>
<Cov CovItemId="S1" Value="1"/>
<Cov CovItemId="S2" Value="8"/>
<Cov CovItemId="S3" Value="4"/>
<Cov CovItemId="S4" Value="1"/>
<Cov CovItemId="S5" Value="3"/>
</CovPrefix>
</CovList>
<AssgnmntList>
<AssgnmntPrefix RootTermCovItemPrefix="counter_esempio.Counter.java">
<AssgnmntListEntry Length="2" RootTermCovItemId="C1">
<MapEntry BoolAssgnmnt="00" Value="3"/>
<MapEntry BoolAssgnmnt="01" Value="1"/>
</AssgnmntListEntry>
</AssgnmntPrefix>
</AssgnmntList>
<ObjMetaDataList/>
<MetaDataList/>
</TestCase>
<TestCase Comment="" Date="1706707434833" Name="randoop.RandoopTest1:test28">
<CovList>
<CovPrefix CovItemPrefix="counter_esempio.Counter.java">
<Cov CovItemId="B1" Value="1"/>
<Cov CovItemId="B2" Value="10"/>
<Cov CovItemId="S1" Value="1"/>
<Cov CovItemId="S2" Value="4"/>
<Cov CovItemId="S3" Value="11"/>
<Cov CovItemId="S4" Value="1"/>
<Cov CovItemId="S5" Value="10"/>
</CovPrefix>
</CovList>
<AssgnmntList>
<AssgnmntPrefix RootTermCovItemPrefix="counter_esempio.Counter.java">
<AssgnmntListEntry Length="2" RootTermCovItemId="C1">
<MapEntry BoolAssgnmnt="00" Value="10"/>
<MapEntry BoolAssgnmnt="01" Value="1"/>
</AssgnmntListEntry>
</AssgnmntPrefix>
</AssgnmntList>
<ObjMetaDataList/>
<MetaDataList/>
</TestCase>
<TestCase Comment="" Date="1706707434833" Name="randoop.RandoopTest1:test29">
<CovList>
<CovPrefix CovItemPrefix="counter_esempio.Counter.java">
<Cov CovItemId="B1" Value="1"/>
<Cov CovItemId="B2" Value="9"/>
<Cov CovItemId="S1" Value="1"/>
<Cov CovItemId="S2" Value="8"/>
<Cov CovItemId="S3" Value="10"/>
<Cov CovItemId="S4" Value="1"/>
<Cov CovItemId="S5" Value="9"/>
</CovPrefix>
</CovList>
<AssgnmntList>
<AssgnmntPrefix RootTermCovItemPrefix="counter_esempio.Counter.java">
<AssgnmntListEntry Length="2" RootTermCovItemId="C1">
<MapEntry BoolAssgnmnt="00" Value="9"/>
<MapEntry BoolAssgnmnt="01" Value="1"/>
</AssgnmntListEntry>
</AssgnmntPrefix>
</AssgnmntList>
<ObjMetaDataList/>
<MetaDataList/>
</TestCase>
<TestCase Comment="" Date="1706707434833" Name="randoop.RandoopTest1:test30">
<CovList>
<CovPrefix CovItemPrefix="counter_esempio.Counter.java">
<Cov CovItemId="B1" Value="1"/>
<Cov CovItemId="B2" Value="8"/>
<Cov CovItemId="S1" Value="1"/>
<Cov CovItemId="S2" Value="10"/>
<Cov CovItemId="S3" Value="9"/>
<Cov CovItemId="S4" Value="1"/>
<Cov CovItemId="S5" Value="8"/>
</CovPrefix>
</CovList>
<AssgnmntList>
<AssgnmntPrefix RootTermCovItemPrefix="counter_esempio.Counter.java">
<AssgnmntListEntry Length="2" RootTermCovItemId="C1">
<MapEntry BoolAssgnmnt="00" Value="8"/>
<MapEntry BoolAssgnmnt="01" Value="1"/>
</AssgnmntListEntry>
</AssgnmntPrefix>
</AssgnmntList>
<ObjMetaDataList/>
<MetaDataList/>
</TestCase>
<TestCase Comment="" Date="1706707434833" Name="randoop.RandoopTest1:test31">
<CovList>
<CovPrefix CovItemPrefix="counter_esempio.Counter.java">
<Cov CovItemId="B1" Value="1"/>
<Cov CovItemId="B2" Value="8"/>
<Cov CovItemId="S1" Value="1"/>
<Cov CovItemId="S2" Value="9"/>
<Cov CovItemId="S3" Value="9"/>
<Cov CovItemId="S4" Value="1"/>
<Cov CovItemId="S5" Value="8"/>
</CovPrefix>
</CovList>
<AssgnmntList>
<AssgnmntPrefix RootTermCovItemPrefix="counter_esempio.Counter.java">
<AssgnmntListEntry Length="2" RootTermCovItemId="C1">
<MapEntry BoolAssgnmnt="00" Value="8"/>
<MapEntry BoolAssgnmnt="01" Value="1"/>
</AssgnmntListEntry>
</AssgnmntPrefix>
</AssgnmntList>
<ObjMetaDataList/>
<MetaDataList/>
</TestCase>
<TestCase Comment="" Date="1706707434833" Name="randoop.RandoopTest1:test32">
<CovList>
<CovPrefix CovItemPrefix="counter_esempio.Counter.java">
<Cov CovItemId="B1" Value="1"/>
<Cov CovItemId="B2" Value="7"/>
<Cov CovItemId="S1" Value="1"/>
<Cov CovItemId="S2" Value="5"/>
<Cov CovItemId="S3" Value="8"/>
<Cov CovItemId="S4" Value="1"/>
<Cov CovItemId="S5" Value="7"/>
</CovPrefix>
</CovList>
<AssgnmntList>
<AssgnmntPrefix RootTermCovItemPrefix="counter_esempio.Counter.java">
<AssgnmntListEntry Length="2" RootTermCovItemId="C1">
<MapEntry BoolAssgnmnt="00" Value="7"/>
<MapEntry BoolAssgnmnt="01" Value="1"/>
</AssgnmntListEntry>
</AssgnmntPrefix>
</AssgnmntList>
<ObjMetaDataList/>
<MetaDataList/>
</TestCase>
<TestCase Comment="" Date="1706707434833" Name="randoop.RandoopTest1:test33">
<CovList>
<CovPrefix CovItemPrefix="counter_esempio.Counter.java">
<Cov CovItemId="B1" Value="1"/>
<Cov CovItemId="B2" Value="6"/>
<Cov CovItemId="S1" Value="1"/>
<Cov CovItemId="S2" Value="7"/>
<Cov CovItemId="S3" Value="7"/>
<Cov CovItemId="S4" Value="1"/>
<Cov CovItemId="S5" Value="6"/>
</CovPrefix>
</CovList>
<AssgnmntList>
<AssgnmntPrefix RootTermCovItemPrefix="counter_esempio.Counter.java">
<AssgnmntListEntry Length="2" RootTermCovItemId="C1">
<MapEntry BoolAssgnmnt="00" Value="6"/>
<MapEntry BoolAssgnmnt="01" Value="1"/>
</AssgnmntListEntry>
</AssgnmntPrefix>
</AssgnmntList>
<ObjMetaDataList/>
<MetaDataList/>
</TestCase>
<TestCase Comment="" Date="1706707434833" Name="randoop.RandoopTest1:test34">
<CovList>
<CovPrefix CovItemPrefix="counter_esempio.Counter.java">
<Cov CovItemId="B1" Value="1"/>
<Cov CovItemId="B2" Value="6"/>
<Cov CovItemId="S1" Value="1"/>
<Cov CovItemId="S2" Value="7"/>
<Cov CovItemId="S3" Value="7"/>
<Cov CovItemId="S4" Value="1"/>
<Cov CovItemId="S5" Value="6"/>
</CovPrefix>
</CovList>
<AssgnmntList>
<AssgnmntPrefix RootTermCovItemPrefix="counter_esempio.Counter.java">
<AssgnmntListEntry Length="2" RootTermCovItemId="C1">
<MapEntry BoolAssgnmnt="00" Value="6"/>
<MapEntry BoolAssgnmnt="01" Value="1"/>
</AssgnmntListEntry>
</AssgnmntPrefix>
</AssgnmntList>
<ObjMetaDataList/>
<MetaDataList/>
</TestCase>
<TestCase Comment="" Date="1706707434833" Name="randoop.RandoopTest1:test35">
<CovList>
<CovPrefix CovItemPrefix="counter_esempio.Counter.java">
<Cov CovItemId="B1" Value="1"/>
<Cov CovItemId="B2" Value="8"/>
<Cov CovItemId="S1" Value="1"/>
<Cov CovItemId="S2" Value="1"/>
<Cov CovItemId="S3" Value="9"/>
<Cov CovItemId="S4" Value="1"/>
<Cov CovItemId="S5" Value="8"/>
</CovPrefix>
</CovList>
<AssgnmntList>
<AssgnmntPrefix RootTermCovItemPrefix="counter_esempio.Counter.java">
<AssgnmntListEntry Length="2" RootTermCovItemId="C1">
<MapEntry BoolAssgnmnt="00" Value="8"/>
<MapEntry BoolAssgnmnt="01" Value="1"/>
</AssgnmntListEntry>
</AssgnmntPrefix>
</AssgnmntList>
<ObjMetaDataList/>
<MetaDataList/>
</TestCase>
<TestCase Comment="" Date="1706707434833" Name="randoop.RandoopTest1:test36">
<CovList>
<CovPrefix CovItemPrefix="counter_esempio.Counter.java">
<Cov CovItemId="B1" Value="1"/>
<Cov CovItemId="B2" Value="11"/>
<Cov CovItemId="S1" Value="1"/>
<Cov CovItemId="S2" Value="3"/>
<Cov CovItemId="S3" Value="12"/>
<Cov CovItemId="S4" Value="1"/>
<Cov CovItemId="S5" Value="11"/>
</CovPrefix>
</CovList>
<AssgnmntList>
<AssgnmntPrefix RootTermCovItemPrefix="counter_esempio.Counter.java">
<AssgnmntListEntry Length="2" RootTermCovItemId="C1">
<MapEntry BoolAssgnmnt="00" Value="11"/>
<MapEntry BoolAssgnmnt="01" Value="1"/>
</AssgnmntListEntry>
</AssgnmntPrefix>
</AssgnmntList>
<ObjMetaDataList/>
<MetaDataList/>
</TestCase>
<TestCase Comment="" Date="1706707434833" Name="randoop.RandoopTest1:test37">
<CovList>
<CovPrefix CovItemPrefix="counter_esempio.Counter.java">
<Cov CovItemId="B1" Value="1"/>
<Cov CovItemId="B2" Value="6"/>
<Cov CovItemId="S1" Value="1"/>
<Cov CovItemId="S2" Value="6"/>
<Cov CovItemId="S3" Value="7"/>
<Cov CovItemId="S4" Value="1"/>
<Cov CovItemId="S5" Value="6"/>
</CovPrefix>
</CovList>
<AssgnmntList>
<AssgnmntPrefix RootTermCovItemPrefix="counter_esempio.Counter.java">
<AssgnmntListEntry Length="2" RootTermCovItemId="C1">
<MapEntry BoolAssgnmnt="00" Value="6"/>
<MapEntry BoolAssgnmnt="01" Value="1"/>
</AssgnmntListEntry>
</AssgnmntPrefix>
</AssgnmntList>
<ObjMetaDataList/>
<MetaDataList/>
</TestCase>
<TestCase Comment="" Date="1706707434833" Name="randoop.RandoopTest1:test38">
<CovList>
<CovPrefix CovItemPrefix="counter_esempio.Counter.java">
<Cov CovItemId="B1" Value="1"/>
<Cov CovItemId="B2" Value="9"/>
<Cov CovItemId="S1" Value="1"/>
<Cov CovItemId="S2" Value="6"/>
<Cov CovItemId="S3" Value="10"/>
<Cov CovItemId="S4" Value="1"/>
<Cov CovItemId="S5" Value="9"/>
</CovPrefix>
</CovList>
<AssgnmntList>
<AssgnmntPrefix RootTermCovItemPrefix="counter_esempio.Counter.java">
<AssgnmntListEntry Length="2" RootTermCovItemId="C1">
<MapEntry BoolAssgnmnt="00" Value="9"/>
<MapEntry BoolAssgnmnt="01" Value="1"/>
</AssgnmntListEntry>
</AssgnmntPrefix>
</AssgnmntList>
<ObjMetaDataList/>
<MetaDataList/>
</TestCase>
<TestCase Comment="" Date="1706707434833" Name="randoop.RandoopTest1:test39">
<CovList>
<CovPrefix CovItemPrefix="counter_esempio.Counter.java">
<Cov CovItemId="B1" Value="1"/>
<Cov CovItemId="B2" Value="10"/>
<Cov CovItemId="S1" Value="1"/>
<Cov CovItemId="S2" Value="6"/>
<Cov CovItemId="S3" Value="11"/>
<Cov CovItemId="S4" Value="1"/>
<Cov CovItemId="S5" Value="10"/>
</CovPrefix>
</CovList>
<AssgnmntList>
<AssgnmntPrefix RootTermCovItemPrefix="counter_esempio.Counter.java">
<AssgnmntListEntry Length="2" RootTermCovItemId="C1">
<MapEntry BoolAssgnmnt="00" Value="10"/>
<MapEntry BoolAssgnmnt="01" Value="1"/>
</AssgnmntListEntry>
</AssgnmntPrefix>
</AssgnmntList>
<ObjMetaDataList/>
<MetaDataList/>
</TestCase>
<TestCase Comment="" Date="1706707434833" Name="randoop.RandoopTest1:test40">
<CovList>
<CovPrefix CovItemPrefix="counter_esempio.Counter.java">
<Cov CovItemId="B1" Value="1"/>
<Cov CovItemId="B2" Value="7"/>
<Cov CovItemId="S1" Value="1"/>
<Cov CovItemId="S2" Value="8"/>
<Cov CovItemId="S3" Value="8"/>
<Cov CovItemId="S4" Value="1"/>
<Cov CovItemId="S5" Value="7"/>
</CovPrefix>
</CovList>
<AssgnmntList>
<AssgnmntPrefix RootTermCovItemPrefix="counter_esempio.Counter.java">
<AssgnmntListEntry Length="2" RootTermCovItemId="C1">
<MapEntry BoolAssgnmnt="00" Value="7"/>
<MapEntry BoolAssgnmnt="01" Value="1"/>
</AssgnmntListEntry>
</AssgnmntPrefix>
</AssgnmntList>
<ObjMetaDataList/>
<MetaDataList/>
</TestCase>
<TestCase Comment="" Date="1706707434833" Name="randoop.RandoopTest1:test41">
<CovList>
<CovPrefix CovItemPrefix="counter_esempio.Counter.java">
<Cov CovItemId="B1" Value="1"/>
<Cov CovItemId="B2" Value="5"/>
<Cov CovItemId="S1" Value="1"/>
<Cov CovItemId="S2" Value="9"/>
<Cov CovItemId="S3" Value="6"/>
<Cov CovItemId="S4" Value="1"/>
<Cov CovItemId="S5" Value="5"/>
</CovPrefix>
</CovList>
<AssgnmntList>
<AssgnmntPrefix RootTermCovItemPrefix="counter_esempio.Counter.java">
<AssgnmntListEntry Length="2" RootTermCovItemId="C1">
<MapEntry BoolAssgnmnt="00" Value="5"/>
<MapEntry BoolAssgnmnt="01" Value="1"/>
</AssgnmntListEntry>
</AssgnmntPrefix>
</AssgnmntList>
<ObjMetaDataList/>
<MetaDataList/>
</TestCase>
<TestCase Comment="" Date="1706707434833" Name="randoop.RandoopTest1:test42">
<CovList>
<CovPrefix CovItemPrefix="counter_esempio.Counter.java">
<Cov CovItemId="B1" Value="1"/>
<Cov CovItemId="B2" Value="4"/>
<Cov CovItemId="S1" Value="1"/>
<Cov CovItemId="S2" Value="6"/>
<Cov CovItemId="S3" Value="5"/>
<Cov CovItemId="S4" Value="1"/>
<Cov CovItemId="S5" Value="4"/>
</CovPrefix>
</CovList>
<AssgnmntList>
<AssgnmntPrefix RootTermCovItemPrefix="counter_esempio.Counter.java">
<AssgnmntListEntry Length="2" RootTermCovItemId="C1">
<MapEntry BoolAssgnmnt="00" Value="4"/>
<MapEntry BoolAssgnmnt="01" Value="1"/>
</AssgnmntListEntry>
</AssgnmntPrefix>
</AssgnmntList>
<ObjMetaDataList/>
<MetaDataList/>
</TestCase>
<TestCase Comment="" Date="1706707434833" Name="randoop.RandoopTest1:test43">
<CovList>
<CovPrefix CovItemPrefix="counter_esempio.Counter.java">
<Cov CovItemId="B1" Value="1"/>
<Cov CovItemId="B2" Value="6"/>
<Cov CovItemId="S1" Value="1"/>
<Cov CovItemId="S2" Value="5"/>
<Cov CovItemId="S3" Value="7"/>
<Cov CovItemId="S4" Value="1"/>
<Cov CovItemId="S5" Value="6"/>
</CovPrefix>
</CovList>
<AssgnmntList>
<AssgnmntPrefix RootTermCovItemPrefix="counter_esempio.Counter.java">
<AssgnmntListEntry Length="2" RootTermCovItemId="C1">
<MapEntry BoolAssgnmnt="00" Value="6"/>
<MapEntry BoolAssgnmnt="01" Value="1"/>
</AssgnmntListEntry>
</AssgnmntPrefix>
</AssgnmntList>
<ObjMetaDataList/>
<MetaDataList/>
</TestCase>
<TestCase Comment="" Date="1706707434833" Name="randoop.RandoopTest1:test44">
<CovList>
<CovPrefix CovItemPrefix="counter_esempio.Counter.java">
<Cov CovItemId="B1" Value="1"/>
<Cov CovItemId="B2" Value="4"/>
<Cov CovItemId="S1" Value="1"/>
<Cov CovItemId="S2" Value="2"/>
<Cov CovItemId="S3" Value="5"/>
<Cov CovItemId="S4" Value="1"/>
<Cov CovItemId="S5" Value="4"/>
</CovPrefix>
</CovList>
<AssgnmntList>
<AssgnmntPrefix RootTermCovItemPrefix="counter_esempio.Counter.java">
<AssgnmntListEntry Length="2" RootTermCovItemId="C1">
<MapEntry BoolAssgnmnt="00" Value="4"/>
<MapEntry BoolAssgnmnt="01" Value="1"/>
</AssgnmntListEntry>
</AssgnmntPrefix>
</AssgnmntList>
<ObjMetaDataList/>
<MetaDataList/>
</TestCase>
<TestCase Comment="" Date="1706707434833" Name="randoop.RandoopTest1:test45">
<CovList>
<CovPrefix CovItemPrefix="counter_esempio.Counter.java">
<Cov CovItemId="B1" Value="1"/>
<Cov CovItemId="B2" Value="4"/>
<Cov CovItemId="S1" Value="1"/>
<Cov CovItemId="S2" Value="13"/>
<Cov CovItemId="S3" Value="5"/>
<Cov CovItemId="S4" Value="1"/>
<Cov CovItemId="S5" Value="4"/>
</CovPrefix>
</CovList>
<AssgnmntList>
<AssgnmntPrefix RootTermCovItemPrefix="counter_esempio.Counter.java">
<AssgnmntListEntry Length="2" RootTermCovItemId="C1">
<MapEntry BoolAssgnmnt="00" Value="4"/>
<MapEntry BoolAssgnmnt="01" Value="1"/>
</AssgnmntListEntry>
</AssgnmntPrefix>
</AssgnmntList>
<ObjMetaDataList/>
<MetaDataList/>
</TestCase>
<TestCase Comment="" Date="1706707434833" Name="randoop.RandoopTest1:test46">
<CovList>
<CovPrefix CovItemPrefix="counter_esempio.Counter.java">
<Cov CovItemId="B1" Value="1"/>
<Cov CovItemId="B2" Value="2"/>
<Cov CovItemId="S1" Value="1"/>
<Cov CovItemId="S2" Value="5"/>
<Cov CovItemId="S3" Value="3"/>
<Cov CovItemId="S4" Value="1"/>
<Cov CovItemId="S5" Value="2"/>
</CovPrefix>
</CovList>
<AssgnmntList>
<AssgnmntPrefix RootTermCovItemPrefix="counter_esempio.Counter.java">
<AssgnmntListEntry Length="2" RootTermCovItemId="C1">
<MapEntry BoolAssgnmnt="00" Value="2"/>
<MapEntry BoolAssgnmnt="01" Value="1"/>
</AssgnmntListEntry>
</AssgnmntPrefix>
</AssgnmntList>
<ObjMetaDataList/>
<MetaDataList/>
</TestCase>
<TestCase Comment="" Date="1706707434848" Name="randoop.RandoopTest1:test47">
<CovList>
<CovPrefix CovItemPrefix="counter_esempio.Counter.java">
<Cov CovItemId="B1" Value="1"/>
<Cov CovItemId="B2" Value="5"/>
<Cov CovItemId="S1" Value="1"/>
<Cov CovItemId="S2" Value="8"/>
<Cov CovItemId="S3" Value="6"/>
<Cov CovItemId="S4" Value="1"/>
<Cov CovItemId="S5" Value="5"/>
</CovPrefix>
</CovList>
<AssgnmntList>
<AssgnmntPrefix RootTermCovItemPrefix="counter_esempio.Counter.java">
<AssgnmntListEntry Length="2" RootTermCovItemId="C1">
<MapEntry BoolAssgnmnt="00" Value="5"/>
<MapEntry BoolAssgnmnt="01" Value="1"/>
</AssgnmntListEntry>
</AssgnmntPrefix>
</AssgnmntList>
<ObjMetaDataList/>
<MetaDataList/>
</TestCase>
<TestCase Comment="" Date="1706707434848" Name="randoop.RandoopTest1:test48">
<CovList>
<CovPrefix CovItemPrefix="counter_esempio.Counter.java">
<Cov CovItemId="B1" Value="1"/>
<Cov CovItemId="B2" Value="6"/>
<Cov CovItemId="S1" Value="1"/>
<Cov CovItemId="S2" Value="8"/>
<Cov CovItemId="S3" Value="7"/>
<Cov CovItemId="S4" Value="1"/>
<Cov CovItemId="S5" Value="6"/>
</CovPrefix>
</CovList>
<AssgnmntList>
<AssgnmntPrefix RootTermCovItemPrefix="counter_esempio.Counter.java">
<AssgnmntListEntry Length="2" RootTermCovItemId="C1">
<MapEntry BoolAssgnmnt="00" Value="6"/>
<MapEntry BoolAssgnmnt="01" Value="1"/>
</AssgnmntListEntry>
</AssgnmntPrefix>
</AssgnmntList>
<ObjMetaDataList/>
<MetaDataList/>
</TestCase>
<TestCase Comment="" Date="1706707434848" Name="randoop.RandoopTest1:test49">
<CovList>
<CovPrefix CovItemPrefix="counter_esempio.Counter.java">
<Cov CovItemId="B1" Value="1"/>
<Cov CovItemId="B2" Value="8"/>
<Cov CovItemId="S1" Value="1"/>
<Cov CovItemId="S2" Value="4"/>
<Cov CovItemId="S3" Value="9"/>
<Cov CovItemId="S4" Value="1"/>
<Cov CovItemId="S5" Value="8"/>
</CovPrefix>
</CovList>
<AssgnmntList>
<AssgnmntPrefix RootTermCovItemPrefix="counter_esempio.Counter.java">
<AssgnmntListEntry Length="2" RootTermCovItemId="C1">
<MapEntry BoolAssgnmnt="00" Value="8"/>
<MapEntry BoolAssgnmnt="01" Value="1"/>
</AssgnmntListEntry>
</AssgnmntPrefix>
</AssgnmntList>
<ObjMetaDataList/>
<MetaDataList/>
</TestCase>
<TestCase Comment="" Date="1706707434848" Name="randoop.RandoopTest1:test50">
<CovList>
<CovPrefix CovItemPrefix="counter_esempio.Counter.java">
<Cov CovItemId="B1" Value="1"/>
<Cov CovItemId="B2" Value="3"/>
<Cov CovItemId="S1" Value="1"/>
<Cov CovItemId="S2" Value="6"/>
<Cov CovItemId="S3" Value="4"/>
<Cov CovItemId="S4" Value="1"/>
<Cov CovItemId="S5" Value="3"/>
</CovPrefix>
</CovList>
<AssgnmntList>
<AssgnmntPrefix RootTermCovItemPrefix="counter_esempio.Counter.java">
<AssgnmntListEntry Length="2" RootTermCovItemId="C1">
<MapEntry BoolAssgnmnt="00" Value="3"/>
<MapEntry BoolAssgnmnt="01" Value="1"/>
</AssgnmntListEntry>
</AssgnmntPrefix>
</AssgnmntList>
<ObjMetaDataList/>
<MetaDataList/>
</TestCase>
<TestCase Comment="" Date="1706707434848" Name="randoop.RandoopTest1:test51">
<CovList>
<CovPrefix CovItemPrefix="counter_esempio.Counter.java">
<Cov CovItemId="B1" Value="1"/>
<Cov CovItemId="B2" Value="2"/>
<Cov CovItemId="S1" Value="1"/>
<Cov CovItemId="S2" Value="6"/>
<Cov CovItemId="S3" Value="3"/>
<Cov CovItemId="S4" Value="1"/>
<Cov CovItemId="S5" Value="2"/>
</CovPrefix>
</CovList>
<AssgnmntList>
<AssgnmntPrefix RootTermCovItemPrefix="counter_esempio.Counter.java">
<AssgnmntListEntry Length="2" RootTermCovItemId="C1">
<MapEntry BoolAssgnmnt="00" Value="2"/>
<MapEntry BoolAssgnmnt="01" Value="1"/>
</AssgnmntListEntry>
</AssgnmntPrefix>
</AssgnmntList>
<ObjMetaDataList/>
<MetaDataList/>
</TestCase>
<TestCase Comment="" Date="1706707434848" Name="randoop.RandoopTest1:test52">
<CovList>
<CovPrefix CovItemPrefix="counter_esempio.Counter.java">
<Cov CovItemId="B1" Value="1"/>
<Cov CovItemId="B2" Value="4"/>
<Cov CovItemId="S1" Value="1"/>
<Cov CovItemId="S2" Value="6"/>
<Cov CovItemId="S3" Value="5"/>
<Cov CovItemId="S4" Value="1"/>
<Cov CovItemId="S5" Value="4"/>
</CovPrefix>
</CovList>
<AssgnmntList>
<AssgnmntPrefix RootTermCovItemPrefix="counter_esempio.Counter.java">
<AssgnmntListEntry Length="2" RootTermCovItemId="C1">
<MapEntry BoolAssgnmnt="00" Value="4"/>
<MapEntry BoolAssgnmnt="01" Value="1"/>
</AssgnmntListEntry>
</AssgnmntPrefix>
</AssgnmntList>
<ObjMetaDataList/>
<MetaDataList/>
</TestCase>
<TestCase Comment="" Date="1706707434848" Name="randoop.RandoopTest1:test53">
<CovList>
<CovPrefix CovItemPrefix="counter_esempio.Counter.java">
<Cov CovItemId="B1" Value="1"/>
<Cov CovItemId="B2" Value="6"/>
<Cov CovItemId="S1" Value="1"/>
<Cov CovItemId="S2" Value="7"/>
<Cov CovItemId="S3" Value="7"/>
<Cov CovItemId="S4" Value="1"/>
<Cov CovItemId="S5" Value="6"/>
</CovPrefix>
</CovList>
<AssgnmntList>
<AssgnmntPrefix RootTermCovItemPrefix="counter_esempio.Counter.java">
<AssgnmntListEntry Length="2" RootTermCovItemId="C1">
<MapEntry BoolAssgnmnt="00" Value="6"/>
<MapEntry BoolAssgnmnt="01" Value="1"/>
</AssgnmntListEntry>
</AssgnmntPrefix>
</AssgnmntList>
<ObjMetaDataList/>
<MetaDataList/>
</TestCase>
<TestCase Comment="" Date="1706707434848" Name="randoop.RandoopTest1:test54">
<CovList>
<CovPrefix CovItemPrefix="counter_esempio.Counter.java">
<Cov CovItemId="B1" Value="1"/>
<Cov CovItemId="B2" Value="3"/>
<Cov CovItemId="S1" Value="1"/>
<Cov CovItemId="S2" Value="4"/>
<Cov CovItemId="S3" Value="4"/>
<Cov CovItemId="S4" Value="1"/>
<Cov CovItemId="S5" Value="3"/>
</CovPrefix>
</CovList>
<AssgnmntList>
<AssgnmntPrefix RootTermCovItemPrefix="counter_esempio.Counter.java">
<AssgnmntListEntry Length="2" RootTermCovItemId="C1">
<MapEntry BoolAssgnmnt="00" Value="3"/>
<MapEntry BoolAssgnmnt="01" Value="1"/>
</AssgnmntListEntry>
</AssgnmntPrefix>
</AssgnmntList>
<ObjMetaDataList/>
<MetaDataList/>
</TestCase>
<TestCase Comment="" Date="1706707434848" Name="randoop.RandoopTest1:test55">
<CovList>
<CovPrefix CovItemPrefix="counter_esempio.Counter.java">
<Cov CovItemId="B1" Value="1"/>
<Cov CovItemId="B2" Value="8"/>
<Cov CovItemId="S1" Value="1"/>
<Cov CovItemId="S2" Value="5"/>
<Cov CovItemId="S3" Value="9"/>
<Cov CovItemId="S4" Value="1"/>
<Cov CovItemId="S5" Value="8"/>
</CovPrefix>
</CovList>
<AssgnmntList>
<AssgnmntPrefix RootTermCovItemPrefix="counter_esempio.Counter.java">
<AssgnmntListEntry Length="2" RootTermCovItemId="C1">
<MapEntry BoolAssgnmnt="00" Value="8"/>
<MapEntry BoolAssgnmnt="01" Value="1"/>
</AssgnmntListEntry>
</AssgnmntPrefix>
</AssgnmntList>
<ObjMetaDataList/>
<MetaDataList/>
</TestCase>
<TestCase Comment="" Date="1706707434848" Name="randoop.RandoopTest1:test56">
<CovList>
<CovPrefix CovItemPrefix="counter_esempio.Counter.java">
<Cov CovItemId="B1" Value="1"/>
<Cov CovItemId="B2" Value="10"/>
<Cov CovItemId="S1" Value="1"/>
<Cov CovItemId="S2" Value="7"/>
<Cov CovItemId="S3" Value="11"/>
<Cov CovItemId="S4" Value="1"/>
<Cov CovItemId="S5" Value="10"/>
</CovPrefix>
</CovList>
<AssgnmntList>
<AssgnmntPrefix RootTermCovItemPrefix="counter_esempio.Counter.java">
<AssgnmntListEntry Length="2" RootTermCovItemId="C1">
<MapEntry BoolAssgnmnt="00" Value="10"/>
<MapEntry BoolAssgnmnt="01" Value="1"/>
</AssgnmntListEntry>
</AssgnmntPrefix>
</AssgnmntList>
<ObjMetaDataList/>
<MetaDataList/>
</TestCase>
<TestCase Comment="" Date="1706707434848" Name="randoop.RandoopTest1:test57">
<CovList>
<CovPrefix CovItemPrefix="counter_esempio.Counter.java">
<Cov CovItemId="B1" Value="1"/>
<Cov CovItemId="B2" Value="7"/>
<Cov CovItemId="S1" Value="1"/>
<Cov CovItemId="S2" Value="10"/>
<Cov CovItemId="S3" Value="8"/>
<Cov CovItemId="S4" Value="1"/>
<Cov CovItemId="S5" Value="7"/>
</CovPrefix>
</CovList>
<AssgnmntList>
<AssgnmntPrefix RootTermCovItemPrefix="counter_esempio.Counter.java">
<AssgnmntListEntry Length="2" RootTermCovItemId="C1">
<MapEntry BoolAssgnmnt="00" Value="7"/>
<MapEntry BoolAssgnmnt="01" Value="1"/>
</AssgnmntListEntry>
</AssgnmntPrefix>
</AssgnmntList>
<ObjMetaDataList/>
<MetaDataList/>
</TestCase>
<TestCase Comment="" Date="1706707434848" Name="randoop.RandoopTest1:test58">
<CovList>
<CovPrefix CovItemPrefix="counter_esempio.Counter.java">
<Cov CovItemId="B1" Value="1"/>
<Cov CovItemId="B2" Value="8"/>
<Cov CovItemId="S1" Value="1"/>
<Cov CovItemId="S2" Value="6"/>
<Cov CovItemId="S3" Value="9"/>
<Cov CovItemId="S4" Value="1"/>
<Cov CovItemId="S5" Value="8"/>
</CovPrefix>
</CovList>
<AssgnmntList>
<AssgnmntPrefix RootTermCovItemPrefix="counter_esempio.Counter.java">
<AssgnmntListEntry Length="2" RootTermCovItemId="C1">
<MapEntry BoolAssgnmnt="00" Value="8"/>
<MapEntry BoolAssgnmnt="01" Value="1"/>
</AssgnmntListEntry>
</AssgnmntPrefix>
</AssgnmntList>
<ObjMetaDataList/>
<MetaDataList/>
</TestCase>
<TestCase Comment="" Date="1706707434848" Name="randoop.RandoopTest1:test59">
<CovList>
<CovPrefix CovItemPrefix="counter_esempio.Counter.java">
<Cov CovItemId="B1" Value="1"/>
<Cov CovItemId="B2" Value="2"/>
<Cov CovItemId="S1" Value="1"/>
<Cov CovItemId="S2" Value="5"/>
<Cov CovItemId="S3" Value="3"/>
<Cov CovItemId="S4" Value="1"/>
<Cov CovItemId="S5" Value="2"/>
</CovPrefix>
</CovList>
<AssgnmntList>
<AssgnmntPrefix RootTermCovItemPrefix="counter_esempio.Counter.java">
<AssgnmntListEntry Length="2" RootTermCovItemId="C1">
<MapEntry BoolAssgnmnt="00" Value="2"/>
<MapEntry BoolAssgnmnt="01" Value="1"/>
</AssgnmntListEntry>
</AssgnmntPrefix>
</AssgnmntList>
<ObjMetaDataList/>
<MetaDataList/>
</TestCase>
<TestCase Comment="" Date="1706707434848" Name="randoop.RandoopTest1:test60">
<CovList>
<CovPrefix CovItemPrefix="counter_esempio.Counter.java">
<Cov CovItemId="B1" Value="1"/>
<Cov CovItemId="B2" Value="4"/>
<Cov CovItemId="S1" Value="1"/>
<Cov CovItemId="S2" Value="10"/>
<Cov CovItemId="S3" Value="5"/>
<Cov CovItemId="S4" Value="1"/>
<Cov CovItemId="S5" Value="4"/>
</CovPrefix>
</CovList>
<AssgnmntList>
<AssgnmntPrefix RootTermCovItemPrefix="counter_esempio.Counter.java">
<AssgnmntListEntry Length="2" RootTermCovItemId="C1">
<MapEntry BoolAssgnmnt="00" Value="4"/>
<MapEntry BoolAssgnmnt="01" Value="1"/>
</AssgnmntListEntry>
</AssgnmntPrefix>
</AssgnmntList>
<ObjMetaDataList/>
<MetaDataList/>
</TestCase>
<TestCase Comment="" Date="1706707434848" Name="randoop.RandoopTest1:test61">
<CovList>
<CovPrefix CovItemPrefix="counter_esempio.Counter.java">
<Cov CovItemId="B1" Value="1"/>
<Cov CovItemId="B2" Value="9"/>
<Cov CovItemId="S1" Value="1"/>
<Cov CovItemId="S2" Value="10"/>
<Cov CovItemId="S3" Value="10"/>
<Cov CovItemId="S4" Value="1"/>
<Cov CovItemId="S5" Value="9"/>
</CovPrefix>
</CovList>
<AssgnmntList>
<AssgnmntPrefix RootTermCovItemPrefix="counter_esempio.Counter.java">
<AssgnmntListEntry Length="2" RootTermCovItemId="C1">
<MapEntry BoolAssgnmnt="00" Value="9"/>
<MapEntry BoolAssgnmnt="01" Value="1"/>
</AssgnmntListEntry>
</AssgnmntPrefix>
</AssgnmntList>
<ObjMetaDataList/>
<MetaDataList/>
</TestCase>
<TestCase Comment="" Date="1706707434848" Name="randoop.RandoopTest1:test62">
<CovList>
<CovPrefix CovItemPrefix="counter_esempio.Counter.java">
<Cov CovItemId="B1" Value="1"/>
<Cov CovItemId="B2" Value="7"/>
<Cov CovItemId="S1" Value="1"/>
<Cov CovItemId="S2" Value="6"/>
<Cov CovItemId="S3" Value="8"/>
<Cov CovItemId="S4" Value="1"/>
<Cov CovItemId="S5" Value="7"/>
</CovPrefix>
</CovList>
<AssgnmntList>
<AssgnmntPrefix RootTermCovItemPrefix="counter_esempio.Counter.java">
<AssgnmntListEntry Length="2" RootTermCovItemId="C1">
<MapEntry BoolAssgnmnt="00" Value="7"/>
<MapEntry BoolAssgnmnt="01" Value="1"/>
</AssgnmntListEntry>
</AssgnmntPrefix>
</AssgnmntList>
<ObjMetaDataList/>
<MetaDataList/>
</TestCase>
<TestCase Comment="" Date="1706707434848" Name="randoop.RandoopTest1:test63">
<CovList>
<CovPrefix CovItemPrefix="counter_esempio.Counter.java">
<Cov CovItemId="B1" Value="1"/>
<Cov CovItemId="B2" Value="4"/>
<Cov CovItemId="S1" Value="1"/>
<Cov CovItemId="S2" Value="7"/>
<Cov CovItemId="S3" Value="5"/>
<Cov CovItemId="S4" Value="1"/>
<Cov CovItemId="S5" Value="4"/>
</CovPrefix>
</CovList>
<AssgnmntList>
<AssgnmntPrefix RootTermCovItemPrefix="counter_esempio.Counter.java">
<AssgnmntListEntry Length="2" RootTermCovItemId="C1">
<MapEntry BoolAssgnmnt="00" Value="4"/>
<MapEntry BoolAssgnmnt="01" Value="1"/>
</AssgnmntListEntry>
</AssgnmntPrefix>
</AssgnmntList>
<ObjMetaDataList/>
<MetaDataList/>
</TestCase>
<TestCase Comment="" Date="1706707434848" Name="randoop.RandoopTest1:test64">
<CovList>
<CovPrefix CovItemPrefix="counter_esempio.Counter.java">
<Cov CovItemId="B1" Value="1"/>
<Cov CovItemId="B2" Value="8"/>
<Cov CovItemId="S1" Value="1"/>
<Cov CovItemId="S2" Value="5"/>
<Cov CovItemId="S3" Value="9"/>
<Cov CovItemId="S4" Value="1"/>
<Cov CovItemId="S5" Value="8"/>
</CovPrefix>
</CovList>
<AssgnmntList>
<AssgnmntPrefix RootTermCovItemPrefix="counter_esempio.Counter.java">
<AssgnmntListEntry Length="2" RootTermCovItemId="C1">
<MapEntry BoolAssgnmnt="00" Value="8"/>
<MapEntry BoolAssgnmnt="01" Value="1"/>
</AssgnmntListEntry>
</AssgnmntPrefix>
</AssgnmntList>
<ObjMetaDataList/>
<MetaDataList/>
</TestCase>
<TestCase Comment="" Date="1706707434848" Name="randoop.RandoopTest1:test65">
<CovList>
<CovPrefix CovItemPrefix="counter_esempio.Counter.java">
<Cov CovItemId="B1" Value="1"/>
<Cov CovItemId="B2" Value="8"/>
<Cov CovItemId="S1" Value="1"/>
<Cov CovItemId="S2" Value="7"/>
<Cov CovItemId="S3" Value="9"/>
<Cov CovItemId="S4" Value="1"/>
<Cov CovItemId="S5" Value="8"/>
</CovPrefix>
</CovList>
<AssgnmntList>
<AssgnmntPrefix RootTermCovItemPrefix="counter_esempio.Counter.java">
<AssgnmntListEntry Length="2" RootTermCovItemId="C1">
<MapEntry BoolAssgnmnt="00" Value="8"/>
<MapEntry BoolAssgnmnt="01" Value="1"/>
</AssgnmntListEntry>
</AssgnmntPrefix>
</AssgnmntList>
<ObjMetaDataList/>
<MetaDataList/>
</TestCase>
<TestCase Comment="" Date="1706707434848" Name="randoop.RandoopTest1:test66">
<CovList>
<CovPrefix CovItemPrefix="counter_esempio.Counter.java">
<Cov CovItemId="B1" Value="1"/>
<Cov CovItemId="B2" Value="11"/>
<Cov CovItemId="S1" Value="1"/>
<Cov CovItemId="S2" Value="8"/>
<Cov CovItemId="S3" Value="12"/>
<Cov CovItemId="S4" Value="1"/>
<Cov CovItemId="S5" Value="11"/>
</CovPrefix>
</CovList>
<AssgnmntList>
<AssgnmntPrefix RootTermCovItemPrefix="counter_esempio.Counter.java">
<AssgnmntListEntry Length="2" RootTermCovItemId="C1">
<MapEntry BoolAssgnmnt="00" Value="11"/>
<MapEntry BoolAssgnmnt="01" Value="1"/>
</AssgnmntListEntry>
</AssgnmntPrefix>
</AssgnmntList>
<ObjMetaDataList/>
<MetaDataList/>
</TestCase>
<TestCase Comment="" Date="1706707434848" Name="randoop.RandoopTest1:test67">
<CovList>
<CovPrefix CovItemPrefix="counter_esempio.Counter.java">
<Cov CovItemId="B1" Value="1"/>
<Cov CovItemId="B2" Value="4"/>
<Cov CovItemId="S1" Value="1"/>
<Cov CovItemId="S2" Value="5"/>
<Cov CovItemId="S3" Value="5"/>
<Cov CovItemId="S4" Value="1"/>
<Cov CovItemId="S5" Value="4"/>
</CovPrefix>
</CovList>
<AssgnmntList>
<AssgnmntPrefix RootTermCovItemPrefix="counter_esempio.Counter.java">
<AssgnmntListEntry Length="2" RootTermCovItemId="C1">
<MapEntry BoolAssgnmnt="00" Value="4"/>
<MapEntry BoolAssgnmnt="01" Value="1"/>
</AssgnmntListEntry>
</AssgnmntPrefix>
</AssgnmntList>
<ObjMetaDataList/>
<MetaDataList/>
</TestCase>
<TestCase Comment="" Date="1706707434848" Name="randoop.RandoopTest1:test68">
<CovList>
<CovPrefix CovItemPrefix="counter_esempio.Counter.java">
<Cov CovItemId="B1" Value="1"/>
<Cov CovItemId="B2" Value="5"/>
<Cov CovItemId="S1" Value="1"/>
<Cov CovItemId="S2" Value="7"/>
<Cov CovItemId="S3" Value="6"/>
<Cov CovItemId="S4" Value="1"/>
<Cov CovItemId="S5" Value="5"/>
</CovPrefix>
</CovList>
<AssgnmntList>
<AssgnmntPrefix RootTermCovItemPrefix="counter_esempio.Counter.java">
<AssgnmntListEntry Length="2" RootTermCovItemId="C1">
<MapEntry BoolAssgnmnt="00" Value="5"/>
<MapEntry BoolAssgnmnt="01" Value="1"/>
</AssgnmntListEntry>
</AssgnmntPrefix>
</AssgnmntList>
<ObjMetaDataList/>
<MetaDataList/>
</TestCase>
<TestCase Comment="" Date="1706707434848" Name="randoop.RandoopTest1:test69">
<CovList>
<CovPrefix CovItemPrefix="counter_esempio.Counter.java">
<Cov CovItemId="B1" Value="1"/>
<Cov CovItemId="B2" Value="8"/>
<Cov CovItemId="S1" Value="1"/>
<Cov CovItemId="S2" Value="4"/>
<Cov CovItemId="S3" Value="9"/>
<Cov CovItemId="S4" Value="1"/>
<Cov CovItemId="S5" Value="8"/>
</CovPrefix>
</CovList>
<AssgnmntList>
<AssgnmntPrefix RootTermCovItemPrefix="counter_esempio.Counter.java">
<AssgnmntListEntry Length="2" RootTermCovItemId="C1">
<MapEntry BoolAssgnmnt="00" Value="8"/>
<MapEntry BoolAssgnmnt="01" Value="1"/>
</AssgnmntListEntry>
</AssgnmntPrefix>
</AssgnmntList>
<ObjMetaDataList/>
<MetaDataList/>
</TestCase>
<TestCase Comment="" Date="1706707434864" Name="randoop.RandoopTest1:test70">
<CovList>
<CovPrefix CovItemPrefix="counter_esempio.Counter.java">
<Cov CovItemId="B1" Value="1"/>
<Cov CovItemId="B2" Value="3"/>
<Cov CovItemId="S1" Value="1"/>
<Cov CovItemId="S2" Value="12"/>
<Cov CovItemId="S3" Value="4"/>
<Cov CovItemId="S4" Value="1"/>
<Cov CovItemId="S5" Value="3"/>
</CovPrefix>
</CovList>
<AssgnmntList>
<AssgnmntPrefix RootTermCovItemPrefix="counter_esempio.Counter.java">
<AssgnmntListEntry Length="2" RootTermCovItemId="C1">
<MapEntry BoolAssgnmnt="00" Value="3"/>
<MapEntry BoolAssgnmnt="01" Value="1"/>
</AssgnmntListEntry>
</AssgnmntPrefix>
</AssgnmntList>
<ObjMetaDataList/>
<MetaDataList/>
</TestCase>
<TestCase Comment="" Date="1706707434864" Name="randoop.RandoopTest1:test71">
<CovList>
<CovPrefix CovItemPrefix="counter_esempio.Counter.java">
<Cov CovItemId="B2" Value="1"/>
<Cov CovItemId="S1" Value="1"/>
<Cov CovItemId="S2" Value="11"/>
<Cov CovItemId="S3" Value="1"/>
<Cov CovItemId="S5" Value="1"/>
</CovPrefix>
</CovList>
<AssgnmntList>
<AssgnmntPrefix RootTermCovItemPrefix="counter_esempio.Counter.java">
<AssgnmntListEntry Length="2" RootTermCovItemId="C1">
<MapEntry BoolAssgnmnt="00" Value="1"/>
</AssgnmntListEntry>
</AssgnmntPrefix>
</AssgnmntList>
<ObjMetaDataList/>
<MetaDataList/>
</TestCase>
<TestCase Comment="" Date="1706707434864" Name="randoop.RandoopTest1:test72">
<CovList>
<CovPrefix CovItemPrefix="counter_esempio.Counter.java">
<Cov CovItemId="B1" Value="1"/>
<Cov CovItemId="B2" Value="3"/>
<Cov CovItemId="S1" Value="1"/>
<Cov CovItemId="S2" Value="6"/>
<Cov CovItemId="S3" Value="4"/>
<Cov CovItemId="S4" Value="1"/>
<Cov CovItemId="S5" Value="3"/>
</CovPrefix>
</CovList>
<AssgnmntList>
<AssgnmntPrefix RootTermCovItemPrefix="counter_esempio.Counter.java">
<AssgnmntListEntry Length="2" RootTermCovItemId="C1">
<MapEntry BoolAssgnmnt="00" Value="3"/>
<MapEntry BoolAssgnmnt="01" Value="1"/>
</AssgnmntListEntry>
</AssgnmntPrefix>
</AssgnmntList>
<ObjMetaDataList/>
<MetaDataList/>
</TestCase>
<TestCase Comment="" Date="1706707434864" Name="randoop.RandoopTest1:test73">
<CovList>
<CovPrefix CovItemPrefix="counter_esempio.Counter.java">
<Cov CovItemId="B1" Value="1"/>
<Cov CovItemId="B2" Value="4"/>
<Cov CovItemId="S1" Value="1"/>
<Cov CovItemId="S2" Value="6"/>
<Cov CovItemId="S3" Value="5"/>
<Cov CovItemId="S4" Value="1"/>
<Cov CovItemId="S5" Value="4"/>
</CovPrefix>
</CovList>
<AssgnmntList>
<AssgnmntPrefix RootTermCovItemPrefix="counter_esempio.Counter.java">
<AssgnmntListEntry Length="2" RootTermCovItemId="C1">
<MapEntry BoolAssgnmnt="00" Value="4"/>
<MapEntry BoolAssgnmnt="01" Value="1"/>
</AssgnmntListEntry>
</AssgnmntPrefix>
</AssgnmntList>
<ObjMetaDataList/>
<MetaDataList/>
</TestCase>
<TestCase Comment="" Date="1706707434864" Name="randoop.RandoopTest1:test74">
<CovList>
<CovPrefix CovItemPrefix="counter_esempio.Counter.java">
<Cov CovItemId="B1" Value="1"/>
<Cov CovItemId="B2" Value="6"/>
<Cov CovItemId="S1" Value="1"/>
<Cov CovItemId="S2" Value="5"/>
<Cov CovItemId="S3" Value="7"/>
<Cov CovItemId="S4" Value="1"/>
<Cov CovItemId="S5" Value="6"/>
</CovPrefix>
</CovList>
<AssgnmntList>
<AssgnmntPrefix RootTermCovItemPrefix="counter_esempio.Counter.java">
<AssgnmntListEntry Length="2" RootTermCovItemId="C1">
<MapEntry BoolAssgnmnt="00" Value="6"/>
<MapEntry BoolAssgnmnt="01" Value="1"/>
</AssgnmntListEntry>
</AssgnmntPrefix>
</AssgnmntList>
<ObjMetaDataList/>
<MetaDataList/>
</TestCase>
<TestCase Comment="" Date="1706707434864" Name="randoop.RandoopTest1:test75">
<CovList>
<CovPrefix CovItemPrefix="counter_esempio.Counter.java">
<Cov CovItemId="B1" Value="1"/>
<Cov CovItemId="B2" Value="5"/>
<Cov CovItemId="S1" Value="1"/>
<Cov CovItemId="S2" Value="6"/>
<Cov CovItemId="S3" Value="6"/>
<Cov CovItemId="S4" Value="1"/>
<Cov CovItemId="S5" Value="5"/>
</CovPrefix>
</CovList>
<AssgnmntList>
<AssgnmntPrefix RootTermCovItemPrefix="counter_esempio.Counter.java">
<AssgnmntListEntry Length="2" RootTermCovItemId="C1">
<MapEntry BoolAssgnmnt="00" Value="5"/>
<MapEntry BoolAssgnmnt="01" Value="1"/>
</AssgnmntListEntry>
</AssgnmntPrefix>
</AssgnmntList>
<ObjMetaDataList/>
<MetaDataList/>
</TestCase>
<TestCase Comment="" Date="1706707434864" Name="randoop.RandoopTest1:test76">
<CovList>
<CovPrefix CovItemPrefix="counter_esempio.Counter.java">
<Cov CovItemId="B1" Value="1"/>
<Cov CovItemId="B2" Value="5"/>
<Cov CovItemId="S1" Value="1"/>
<Cov CovItemId="S2" Value="7"/>
<Cov CovItemId="S3" Value="6"/>
<Cov CovItemId="S4" Value="1"/>
<Cov CovItemId="S5" Value="5"/>
</CovPrefix>
</CovList>
<AssgnmntList>
<AssgnmntPrefix RootTermCovItemPrefix="counter_esempio.Counter.java">
<AssgnmntListEntry Length="2" RootTermCovItemId="C1">
<MapEntry BoolAssgnmnt="00" Value="5"/>
<MapEntry BoolAssgnmnt="01" Value="1"/>
</AssgnmntListEntry>
</AssgnmntPrefix>
</AssgnmntList>
<ObjMetaDataList/>
<MetaDataList/>
</TestCase>
<TestCase Comment="" Date="1706707434864" Name="randoop.RandoopTest1:test77">
<CovList>
<CovPrefix CovItemPrefix="counter_esempio.Counter.java">
<Cov CovItemId="B1" Value="1"/>
<Cov CovItemId="B2" Value="7"/>
<Cov CovItemId="S1" Value="1"/>
<Cov CovItemId="S2" Value="9"/>
<Cov CovItemId="S3" Value="8"/>
<Cov CovItemId="S4" Value="1"/>
<Cov CovItemId="S5" Value="7"/>
</CovPrefix>
</CovList>
<AssgnmntList>
<AssgnmntPrefix RootTermCovItemPrefix="counter_esempio.Counter.java">
<AssgnmntListEntry Length="2" RootTermCovItemId="C1">
<MapEntry BoolAssgnmnt="00" Value="7"/>
<MapEntry BoolAssgnmnt="01" Value="1"/>
</AssgnmntListEntry>
</AssgnmntPrefix>
</AssgnmntList>
<ObjMetaDataList/>
<MetaDataList/>
</TestCase>
<TestCase Comment="" Date="1706707434864" Name="randoop.RandoopTest1:test78">
<CovList>
<CovPrefix CovItemPrefix="counter_esempio.Counter.java">
<Cov CovItemId="B1" Value="1"/>
<Cov CovItemId="B2" Value="4"/>
<Cov CovItemId="S1" Value="1"/>
<Cov CovItemId="S2" Value="8"/>
<Cov CovItemId="S3" Value="5"/>
<Cov CovItemId="S4" Value="1"/>
<Cov CovItemId="S5" Value="4"/>
</CovPrefix>
</CovList>
<AssgnmntList>
<AssgnmntPrefix RootTermCovItemPrefix="counter_esempio.Counter.java">
<AssgnmntListEntry Length="2" RootTermCovItemId="C1">
<MapEntry BoolAssgnmnt="00" Value="4"/>
<MapEntry BoolAssgnmnt="01" Value="1"/>
</AssgnmntListEntry>
</AssgnmntPrefix>
</AssgnmntList>
<ObjMetaDataList/>
<MetaDataList/>
</TestCase>
<TestCase Comment="" Date="1706707434864" Name="randoop.RandoopTest1:test79">
<CovList>
<CovPrefix CovItemPrefix="counter_esempio.Counter.java">
<Cov CovItemId="B1" Value="1"/>
<Cov CovItemId="B2" Value="9"/>
<Cov CovItemId="S1" Value="1"/>
<Cov CovItemId="S2" Value="10"/>
<Cov CovItemId="S3" Value="10"/>
<Cov CovItemId="S4" Value="1"/>
<Cov CovItemId="S5" Value="9"/>
</CovPrefix>
</CovList>
<AssgnmntList>
<AssgnmntPrefix RootTermCovItemPrefix="counter_esempio.Counter.java">
<AssgnmntListEntry Length="2" RootTermCovItemId="C1">
<MapEntry BoolAssgnmnt="00" Value="9"/>
<MapEntry BoolAssgnmnt="01" Value="1"/>
</AssgnmntListEntry>
</AssgnmntPrefix>
</AssgnmntList>
<ObjMetaDataList/>
<MetaDataList/>
</TestCase>
<TestCase Comment="" Date="1706707434864" Name="randoop.RandoopTest1:test80">
<CovList>
<CovPrefix CovItemPrefix="counter_esempio.Counter.java">
<Cov CovItemId="B1" Value="1"/>
<Cov CovItemId="B2" Value="3"/>
<Cov CovItemId="S1" Value="1"/>
<Cov CovItemId="S2" Value="12"/>
<Cov CovItemId="S3" Value="4"/>
<Cov CovItemId="S4" Value="1"/>
<Cov CovItemId="S5" Value="3"/>
</CovPrefix>
</CovList>
<AssgnmntList>
<AssgnmntPrefix RootTermCovItemPrefix="counter_esempio.Counter.java">
<AssgnmntListEntry Length="2" RootTermCovItemId="C1">
<MapEntry BoolAssgnmnt="00" Value="3"/>
<MapEntry BoolAssgnmnt="01" Value="1"/>
</AssgnmntListEntry>
</AssgnmntPrefix>
</AssgnmntList>
<ObjMetaDataList/>
<MetaDataList/>
</TestCase>
<TestCase Comment="" Date="1706707434864" Name="randoop.RandoopTest1:test81">
<CovList>
<CovPrefix CovItemPrefix="counter_esempio.Counter.java">
<Cov CovItemId="B1" Value="1"/>
<Cov CovItemId="B2" Value="8"/>
<Cov CovItemId="S1" Value="1"/>
<Cov CovItemId="S2" Value="9"/>
<Cov CovItemId="S3" Value="9"/>
<Cov CovItemId="S4" Value="1"/>
<Cov CovItemId="S5" Value="8"/>
</CovPrefix>
</CovList>
<AssgnmntList>
<AssgnmntPrefix RootTermCovItemPrefix="counter_esempio.Counter.java">
<AssgnmntListEntry Length="2" RootTermCovItemId="C1">
<MapEntry BoolAssgnmnt="00" Value="8"/>
<MapEntry BoolAssgnmnt="01" Value="1"/>
</AssgnmntListEntry>
</AssgnmntPrefix>
</AssgnmntList>
<ObjMetaDataList/>
<MetaDataList/>
</TestCase>
<TestCase Comment="" Date="1706707434864" Name="randoop.RandoopTest1:test82">
<CovList>
<CovPrefix CovItemPrefix="counter_esempio.Counter.java">
<Cov CovItemId="B1" Value="1"/>
<Cov CovItemId="B2" Value="7"/>
<Cov CovItemId="S1" Value="1"/>
<Cov CovItemId="S2" Value="11"/>
<Cov CovItemId="S3" Value="8"/>
<Cov CovItemId="S4" Value="1"/>
<Cov CovItemId="S5" Value="7"/>
</CovPrefix>
</CovList>
<AssgnmntList>
<AssgnmntPrefix RootTermCovItemPrefix="counter_esempio.Counter.java">
<AssgnmntListEntry Length="2" RootTermCovItemId="C1">
<MapEntry BoolAssgnmnt="00" Value="7"/>
<MapEntry BoolAssgnmnt="01" Value="1"/>
</AssgnmntListEntry>
</AssgnmntPrefix>
</AssgnmntList>
<ObjMetaDataList/>
<MetaDataList/>
</TestCase>
<TestCase Comment="" Date="1706707434864" Name="randoop.RandoopTest1:test83">
<CovList>
<CovPrefix CovItemPrefix="counter_esempio.Counter.java">
<Cov CovItemId="B1" Value="1"/>
<Cov CovItemId="B2" Value="7"/>
<Cov CovItemId="S1" Value="1"/>
<Cov CovItemId="S2" Value="6"/>
<Cov CovItemId="S3" Value="8"/>
<Cov CovItemId="S4" Value="1"/>
<Cov CovItemId="S5" Value="7"/>
</CovPrefix>
</CovList>
<AssgnmntList>
<AssgnmntPrefix RootTermCovItemPrefix="counter_esempio.Counter.java">
<AssgnmntListEntry Length="2" RootTermCovItemId="C1">
<MapEntry BoolAssgnmnt="00" Value="7"/>
<MapEntry BoolAssgnmnt="01" Value="1"/>
</AssgnmntListEntry>
</AssgnmntPrefix>
</AssgnmntList>
<ObjMetaDataList/>
<MetaDataList/>
</TestCase>
<TestCase Comment="" Date="1706707434864" Name="randoop.RandoopTest1:test84">
<CovList>
<CovPrefix CovItemPrefix="counter_esempio.Counter.java">
<Cov CovItemId="B1" Value="1"/>
<Cov CovItemId="B2" Value="8"/>
<Cov CovItemId="S1" Value="1"/>
<Cov CovItemId="S2" Value="4"/>
<Cov CovItemId="S3" Value="9"/>
<Cov CovItemId="S4" Value="1"/>
<Cov CovItemId="S5" Value="8"/>
</CovPrefix>
</CovList>
<AssgnmntList>
<AssgnmntPrefix RootTermCovItemPrefix="counter_esempio.Counter.java">
<AssgnmntListEntry Length="2" RootTermCovItemId="C1">
<MapEntry BoolAssgnmnt="00" Value="8"/>
<MapEntry BoolAssgnmnt="01" Value="1"/>
</AssgnmntListEntry>
</AssgnmntPrefix>
</AssgnmntList>
<ObjMetaDataList/>
<MetaDataList/>
</TestCase>
<TestCase Comment="" Date="1706707434864" Name="randoop.RandoopTest1:test85">
<CovList>
<CovPrefix CovItemPrefix="counter_esempio.Counter.java">
<Cov CovItemId="B1" Value="1"/>
<Cov CovItemId="B2" Value="9"/>
<Cov CovItemId="S1" Value="1"/>
<Cov CovItemId="S2" Value="6"/>
<Cov CovItemId="S3" Value="10"/>
<Cov CovItemId="S4" Value="1"/>
<Cov CovItemId="S5" Value="9"/>
</CovPrefix>
</CovList>
<AssgnmntList>
<AssgnmntPrefix RootTermCovItemPrefix="counter_esempio.Counter.java">
<AssgnmntListEntry Length="2" RootTermCovItemId="C1">
<MapEntry BoolAssgnmnt="00" Value="9"/>
<MapEntry BoolAssgnmnt="01" Value="1"/>
</AssgnmntListEntry>
</AssgnmntPrefix>
</AssgnmntList>
<ObjMetaDataList/>
<MetaDataList/>
</TestCase>
<TestCase Comment="" Date="1706707434864" Name="randoop.RandoopTest1:test86">
<CovList>
<CovPrefix CovItemPrefix="counter_esempio.Counter.java">
<Cov CovItemId="B1" Value="1"/>
<Cov CovItemId="B2" Value="4"/>
<Cov CovItemId="S1" Value="1"/>
<Cov CovItemId="S2" Value="10"/>
<Cov CovItemId="S3" Value="5"/>
<Cov CovItemId="S4" Value="1"/>
<Cov CovItemId="S5" Value="4"/>
</CovPrefix>
</CovList>
<AssgnmntList>
<AssgnmntPrefix RootTermCovItemPrefix="counter_esempio.Counter.java">
<AssgnmntListEntry Length="2" RootTermCovItemId="C1">
<MapEntry BoolAssgnmnt="00" Value="4"/>
<MapEntry BoolAssgnmnt="01" Value="1"/>
</AssgnmntListEntry>
</AssgnmntPrefix>
</AssgnmntList>
<ObjMetaDataList/>
<MetaDataList/>
</TestCase>
<TestCase Comment="" Date="1706707434864" Name="randoop.RandoopTest1:test87">
<CovList>
<CovPrefix CovItemPrefix="counter_esempio.Counter.java">
<Cov CovItemId="B1" Value="1"/>
<Cov CovItemId="B2" Value="8"/>
<Cov CovItemId="S1" Value="1"/>
<Cov CovItemId="S2" Value="6"/>
<Cov CovItemId="S3" Value="9"/>
<Cov CovItemId="S4" Value="1"/>
<Cov CovItemId="S5" Value="8"/>
</CovPrefix>
</CovList>
<AssgnmntList>
<AssgnmntPrefix RootTermCovItemPrefix="counter_esempio.Counter.java">
<AssgnmntListEntry Length="2" RootTermCovItemId="C1">
<MapEntry BoolAssgnmnt="00" Value="8"/>
<MapEntry BoolAssgnmnt="01" Value="1"/>
</AssgnmntListEntry>
</AssgnmntPrefix>
</AssgnmntList>
<ObjMetaDataList/>
<MetaDataList/>
</TestCase>
<TestCase Comment="" Date="1706707434864" Name="randoop.RandoopTest1:test88">
<CovList>
<CovPrefix CovItemPrefix="counter_esempio.Counter.java">
<Cov CovItemId="B1" Value="1"/>
<Cov CovItemId="B2" Value="11"/>
<Cov CovItemId="S1" Value="1"/>
<Cov CovItemId="S2" Value="5"/>
<Cov CovItemId="S3" Value="12"/>
<Cov CovItemId="S4" Value="1"/>
<Cov CovItemId="S5" Value="11"/>
</CovPrefix>
</CovList>
<AssgnmntList>
<AssgnmntPrefix RootTermCovItemPrefix="counter_esempio.Counter.java">
<AssgnmntListEntry Length="2" RootTermCovItemId="C1">
<MapEntry BoolAssgnmnt="00" Value="11"/>
<MapEntry BoolAssgnmnt="01" Value="1"/>
</AssgnmntListEntry>
</AssgnmntPrefix>
</AssgnmntList>
<ObjMetaDataList/>
<MetaDataList/>
</TestCase>
<TestCase Comment="" Date="1706707434864" Name="randoop.RandoopTest1:test89">
<CovList>
<CovPrefix CovItemPrefix="counter_esempio.Counter.java">
<Cov CovItemId="B1" Value="1"/>
<Cov CovItemId="B2" Value="2"/>
<Cov CovItemId="S1" Value="1"/>
<Cov CovItemId="S2" Value="7"/>
<Cov CovItemId="S3" Value="3"/>
<Cov CovItemId="S4" Value="1"/>
<Cov CovItemId="S5" Value="2"/>
</CovPrefix>
</CovList>
<AssgnmntList>
<AssgnmntPrefix RootTermCovItemPrefix="counter_esempio.Counter.java">
<AssgnmntListEntry Length="2" RootTermCovItemId="C1">
<MapEntry BoolAssgnmnt="00" Value="2"/>
<MapEntry BoolAssgnmnt="01" Value="1"/>
</AssgnmntListEntry>
</AssgnmntPrefix>
</AssgnmntList>
<ObjMetaDataList/>
<MetaDataList/>
</TestCase>
<TestCase Comment="" Date="1706707434864" Name="randoop.RandoopTest1:test90">
<CovList>
<CovPrefix CovItemPrefix="counter_esempio.Counter.java">
<Cov CovItemId="B1" Value="1"/>
<Cov CovItemId="B2" Value="5"/>
<Cov CovItemId="S1" Value="1"/>
<Cov CovItemId="S2" Value="2"/>
<Cov CovItemId="S3" Value="6"/>
<Cov CovItemId="S4" Value="1"/>
<Cov CovItemId="S5" Value="5"/>
</CovPrefix>
</CovList>
<AssgnmntList>
<AssgnmntPrefix RootTermCovItemPrefix="counter_esempio.Counter.java">
<AssgnmntListEntry Length="2" RootTermCovItemId="C1">
<MapEntry BoolAssgnmnt="00" Value="5"/>
<MapEntry BoolAssgnmnt="01" Value="1"/>
</AssgnmntListEntry>
</AssgnmntPrefix>
</AssgnmntList>
<ObjMetaDataList/>
<MetaDataList/>
</TestCase>
<TestCase Comment="" Date="1706707434864" Name="randoop.RandoopTest1:test91">
<CovList>
<CovPrefix CovItemPrefix="counter_esempio.Counter.java">
<Cov CovItemId="B1" Value="1"/>
<Cov CovItemId="B2" Value="8"/>
<Cov CovItemId="S1" Value="1"/>
<Cov CovItemId="S2" Value="12"/>
<Cov CovItemId="S3" Value="9"/>
<Cov CovItemId="S4" Value="1"/>
<Cov CovItemId="S5" Value="8"/>
</CovPrefix>
</CovList>
<AssgnmntList>
<AssgnmntPrefix RootTermCovItemPrefix="counter_esempio.Counter.java">
<AssgnmntListEntry Length="2" RootTermCovItemId="C1">
<MapEntry BoolAssgnmnt="00" Value="8"/>
<MapEntry BoolAssgnmnt="01" Value="1"/>
</AssgnmntListEntry>
</AssgnmntPrefix>
</AssgnmntList>
<ObjMetaDataList/>
<MetaDataList/>
</TestCase>
<TestCase Comment="" Date="1706707434864" Name="randoop.RandoopTest1:test92">
<CovList>
<CovPrefix CovItemPrefix="counter_esempio.Counter.java">
<Cov CovItemId="B1" Value="1"/>
<Cov CovItemId="B2" Value="7"/>
<Cov CovItemId="S1" Value="1"/>
<Cov CovItemId="S2" Value="8"/>
<Cov CovItemId="S3" Value="8"/>
<Cov CovItemId="S4" Value="1"/>
<Cov CovItemId="S5" Value="7"/>
</CovPrefix>
</CovList>
<AssgnmntList>
<AssgnmntPrefix RootTermCovItemPrefix="counter_esempio.Counter.java">
<AssgnmntListEntry Length="2" RootTermCovItemId="C1">
<MapEntry BoolAssgnmnt="00" Value="7"/>
<MapEntry BoolAssgnmnt="01" Value="1"/>
</AssgnmntListEntry>
</AssgnmntPrefix>
</AssgnmntList>
<ObjMetaDataList/>
<MetaDataList/>
</TestCase>
<TestCase Comment="" Date="1706707434864" Name="randoop.RandoopTest1:test93">
<CovList>
<CovPrefix CovItemPrefix="counter_esempio.Counter.java">
<Cov CovItemId="B1" Value="1"/>
<Cov CovItemId="B2" Value="7"/>
<Cov CovItemId="S1" Value="1"/>
<Cov CovItemId="S2" Value="7"/>
<Cov CovItemId="S3" Value="8"/>
<Cov CovItemId="S4" Value="1"/>
<Cov CovItemId="S5" Value="7"/>
</CovPrefix>
</CovList>
<AssgnmntList>
<AssgnmntPrefix RootTermCovItemPrefix="counter_esempio.Counter.java">
<AssgnmntListEntry Length="2" RootTermCovItemId="C1">
<MapEntry BoolAssgnmnt="00" Value="7"/>
<MapEntry BoolAssgnmnt="01" Value="1"/>
</AssgnmntListEntry>
</AssgnmntPrefix>
</AssgnmntList>
<ObjMetaDataList/>
<MetaDataList/>
</TestCase>
<TestCase Comment="" Date="1706707434864" Name="randoop.RandoopTest1:test94">
<CovList>
<CovPrefix CovItemPrefix="counter_esempio.Counter.java">
<Cov CovItemId="B1" Value="1"/>
<Cov CovItemId="B2" Value="7"/>
<Cov CovItemId="S1" Value="1"/>
<Cov CovItemId="S2" Value="4"/>
<Cov CovItemId="S3" Value="8"/>
<Cov CovItemId="S4" Value="1"/>
<Cov CovItemId="S5" Value="7"/>
</CovPrefix>
</CovList>
<AssgnmntList>
<AssgnmntPrefix RootTermCovItemPrefix="counter_esempio.Counter.java">
<AssgnmntListEntry Length="2" RootTermCovItemId="C1">
<MapEntry BoolAssgnmnt="00" Value="7"/>
<MapEntry BoolAssgnmnt="01" Value="1"/>
</AssgnmntListEntry>
</AssgnmntPrefix>
</AssgnmntList>
<ObjMetaDataList/>
<MetaDataList/>
</TestCase>
<TestCase Comment="" Date="1706707434864" Name="randoop.RandoopTest1:test95">
<CovList>
<CovPrefix CovItemPrefix="counter_esempio.Counter.java">
<Cov CovItemId="B2" Value="1"/>
<Cov CovItemId="S1" Value="1"/>
<Cov CovItemId="S2" Value="7"/>
<Cov CovItemId="S3" Value="1"/>
<Cov CovItemId="S5" Value="1"/>
</CovPrefix>
</CovList>
<AssgnmntList>
<AssgnmntPrefix RootTermCovItemPrefix="counter_esempio.Counter.java">
<AssgnmntListEntry Length="2" RootTermCovItemId="C1">
<MapEntry BoolAssgnmnt="00" Value="1"/>
</AssgnmntListEntry>
</AssgnmntPrefix>
</AssgnmntList>
<ObjMetaDataList/>
<MetaDataList/>
</TestCase>
<TestCase Comment="" Date="1706707434864" Name="randoop.RandoopTest1:test96">
<CovList>
<CovPrefix CovItemPrefix="counter_esempio.Counter.java">
<Cov CovItemId="B1" Value="1"/>
<Cov CovItemId="B2" Value="6"/>
<Cov CovItemId="S1" Value="1"/>
<Cov CovItemId="S2" Value="6"/>
<Cov CovItemId="S3" Value="7"/>
<Cov CovItemId="S4" Value="1"/>
<Cov CovItemId="S5" Value="6"/>
</CovPrefix>
</CovList>
<AssgnmntList>
<AssgnmntPrefix RootTermCovItemPrefix="counter_esempio.Counter.java">
<AssgnmntListEntry Length="2" RootTermCovItemId="C1">
<MapEntry BoolAssgnmnt="00" Value="6"/>
<MapEntry BoolAssgnmnt="01" Value="1"/>
</AssgnmntListEntry>
</AssgnmntPrefix>
</AssgnmntList>
<ObjMetaDataList/>
<MetaDataList/>
</TestCase>
<TestCase Comment="" Date="1706707434864" Name="randoop.RandoopTest1:test97">
<CovList>
<CovPrefix CovItemPrefix="counter_esempio.Counter.java">
<Cov CovItemId="B1" Value="1"/>
<Cov CovItemId="B2" Value="5"/>
<Cov CovItemId="S1" Value="1"/>
<Cov CovItemId="S2" Value="5"/>
<Cov CovItemId="S3" Value="6"/>
<Cov CovItemId="S4" Value="1"/>
<Cov CovItemId="S5" Value="5"/>
</CovPrefix>
</CovList>
<AssgnmntList>
<AssgnmntPrefix RootTermCovItemPrefix="counter_esempio.Counter.java">
<AssgnmntListEntry Length="2" RootTermCovItemId="C1">
<MapEntry BoolAssgnmnt="00" Value="5"/>
<MapEntry BoolAssgnmnt="01" Value="1"/>
</AssgnmntListEntry>
</AssgnmntPrefix>
</AssgnmntList>
<ObjMetaDataList/>
<MetaDataList/>
</TestCase>
<TestCase Comment="" Date="1706707434864" Name="randoop.RandoopTest1:test98">
<CovList>
<CovPrefix CovItemPrefix="counter_esempio.Counter.java">
<Cov CovItemId="B1" Value="1"/>
<Cov CovItemId="B2" Value="2"/>
<Cov CovItemId="S1" Value="1"/>
<Cov CovItemId="S2" Value="10"/>
<Cov CovItemId="S3" Value="3"/>
<Cov CovItemId="S4" Value="1"/>
<Cov CovItemId="S5" Value="2"/>
</CovPrefix>
</CovList>
<AssgnmntList>
<AssgnmntPrefix RootTermCovItemPrefix="counter_esempio.Counter.java">
<AssgnmntListEntry Length="2" RootTermCovItemId="C1">
<MapEntry BoolAssgnmnt="00" Value="2"/>
<MapEntry BoolAssgnmnt="01" Value="1"/>
</AssgnmntListEntry>
</AssgnmntPrefix>
</AssgnmntList>
<ObjMetaDataList/>
<MetaDataList/>
</TestCase>
<TestCase Comment="" Date="1706707434864" Name="randoop.RandoopTest1:test99">
<CovList>
<CovPrefix CovItemPrefix="counter_esempio.Counter.java">
<Cov CovItemId="B1" Value="1"/>
<Cov CovItemId="B2" Value="8"/>
<Cov CovItemId="S1" Value="1"/>
<Cov CovItemId="S2" Value="6"/>
<Cov CovItemId="S3" Value="9"/>
<Cov CovItemId="S4" Value="1"/>
<Cov CovItemId="S5" Value="8"/>
</CovPrefix>
</CovList>
<AssgnmntList>
<AssgnmntPrefix RootTermCovItemPrefix="counter_esempio.Counter.java">
<AssgnmntListEntry Length="2" RootTermCovItemId="C1">
<MapEntry BoolAssgnmnt="00" Value="8"/>
<MapEntry BoolAssgnmnt="01" Value="1"/>
</AssgnmntListEntry>
</AssgnmntPrefix>
</AssgnmntList>
<ObjMetaDataList/>
<MetaDataList/>
</TestCase>
<TestCase Comment="" Date="1706707434864" Name="randoop.RandoopTest1:test1">
<CovList>
<CovPrefix CovItemPrefix="counter_esempio.Counter.java">
<Cov CovItemId="B1" Value="1"/>
<Cov CovItemId="B2" Value="3"/>
<Cov CovItemId="S1" Value="1"/>
<Cov CovItemId="S2" Value="6"/>
<Cov CovItemId="S3" Value="4"/>
<Cov CovItemId="S4" Value="1"/>
<Cov CovItemId="S5" Value="3"/>
</CovPrefix>
</CovList>
<AssgnmntList>
<AssgnmntPrefix RootTermCovItemPrefix="counter_esempio.Counter.java">
<AssgnmntListEntry Length="2" RootTermCovItemId="C1">
<MapEntry BoolAssgnmnt="00" Value="3"/>
<MapEntry BoolAssgnmnt="01" Value="1"/>
</AssgnmntListEntry>
</AssgnmntPrefix>
</AssgnmntList>
<ObjMetaDataList/>
<MetaDataList/>
</TestCase>
<TestCase Comment="" Date="1706707434864" Name="randoop.RandoopTest1:test2">
<CovList>
<CovPrefix CovItemPrefix="counter_esempio.Counter.java">
<Cov CovItemId="B1" Value="1"/>
<Cov CovItemId="B2" Value="7"/>
<Cov CovItemId="S1" Value="1"/>
<Cov CovItemId="S2" Value="9"/>
<Cov CovItemId="S3" Value="8"/>
<Cov CovItemId="S4" Value="1"/>
<Cov CovItemId="S5" Value="7"/>
</CovPrefix>
</CovList>
<AssgnmntList>
<AssgnmntPrefix RootTermCovItemPrefix="counter_esempio.Counter.java">
<AssgnmntListEntry Length="2" RootTermCovItemId="C1">
<MapEntry BoolAssgnmnt="00" Value="7"/>
<MapEntry BoolAssgnmnt="01" Value="1"/>
</AssgnmntListEntry>
</AssgnmntPrefix>
</AssgnmntList>
<ObjMetaDataList/>
<MetaDataList/>
</TestCase>
<TestCase Comment="" Date="1706707434864" Name="randoop.RandoopTest1:test3">
<CovList>
<CovPrefix CovItemPrefix="counter_esempio.Counter.java">
<Cov CovItemId="B1" Value="1"/>
<Cov CovItemId="B2" Value="4"/>
<Cov CovItemId="S1" Value="1"/>
<Cov CovItemId="S2" Value="11"/>
<Cov CovItemId="S3" Value="5"/>
<Cov CovItemId="S4" Value="1"/>
<Cov CovItemId="S5" Value="4"/>
</CovPrefix>
</CovList>
<AssgnmntList>
<AssgnmntPrefix RootTermCovItemPrefix="counter_esempio.Counter.java">
<AssgnmntListEntry Length="2" RootTermCovItemId="C1">
<MapEntry BoolAssgnmnt="00" Value="4"/>
<MapEntry BoolAssgnmnt="01" Value="1"/>
</AssgnmntListEntry>
</AssgnmntPrefix>
</AssgnmntList>
<ObjMetaDataList/>
<MetaDataList/>
</TestCase>
<TestCase Comment="" Date="1706707434864" Name="randoop.RandoopTest1:test4">
<CovList>
<CovPrefix CovItemPrefix="counter_esempio.Counter.java">
<Cov CovItemId="B1" Value="1"/>
<Cov CovItemId="B2" Value="6"/>
<Cov CovItemId="S1" Value="1"/>
<Cov CovItemId="S2" Value="4"/>
<Cov CovItemId="S3" Value="7"/>
<Cov CovItemId="S4" Value="1"/>
<Cov CovItemId="S5" Value="6"/>
</CovPrefix>
</CovList>
<AssgnmntList>
<AssgnmntPrefix RootTermCovItemPrefix="counter_esempio.Counter.java">
<AssgnmntListEntry Length="2" RootTermCovItemId="C1">
<MapEntry BoolAssgnmnt="00" Value="6"/>
<MapEntry BoolAssgnmnt="01" Value="1"/>
</AssgnmntListEntry>
</AssgnmntPrefix>
</AssgnmntList>
<ObjMetaDataList/>
<MetaDataList/>
</TestCase>
<TestCase Comment="" Date="1706707434864" Name="randoop.RandoopTest1:test5">
<CovList>
<CovPrefix CovItemPrefix="counter_esempio.Counter.java">
<Cov CovItemId="B1" Value="1"/>
<Cov CovItemId="B2" Value="6"/>
<Cov CovItemId="S1" Value="1"/>
<Cov CovItemId="S2" Value="11"/>
<Cov CovItemId="S3" Value="7"/>
<Cov CovItemId="S4" Value="1"/>
<Cov CovItemId="S5" Value="6"/>
</CovPrefix>
</CovList>
<AssgnmntList>
<AssgnmntPrefix RootTermCovItemPrefix="counter_esempio.Counter.java">
<AssgnmntListEntry Length="2" RootTermCovItemId="C1">
<MapEntry BoolAssgnmnt="00" Value="6"/>
<MapEntry BoolAssgnmnt="01" Value="1"/>
</AssgnmntListEntry>
</AssgnmntPrefix>
</AssgnmntList>
<ObjMetaDataList/>
<MetaDataList/>
</TestCase>
<TestCase Comment="" Date="1706707434864" Name="randoop.RandoopTest1:test6">
<CovList>
<CovPrefix CovItemPrefix="counter_esempio.Counter.java">
<Cov CovItemId="B1" Value="1"/>
<Cov CovItemId="B2" Value="10"/>
<Cov CovItemId="S1" Value="1"/>
<Cov CovItemId="S2" Value="5"/>
<Cov CovItemId="S3" Value="11"/>
<Cov CovItemId="S4" Value="1"/>
<Cov CovItemId="S5" Value="10"/>
</CovPrefix>
</CovList>
<AssgnmntList>
<AssgnmntPrefix RootTermCovItemPrefix="counter_esempio.Counter.java">
<AssgnmntListEntry Length="2" RootTermCovItemId="C1">
<MapEntry BoolAssgnmnt="00" Value="10"/>
<MapEntry BoolAssgnmnt="01" Value="1"/>
</AssgnmntListEntry>
</AssgnmntPrefix>
</AssgnmntList>
<ObjMetaDataList/>
<MetaDataList/>
</TestCase>
<TestCase Comment="" Date="1706707434864" Name="randoop.RandoopTest1:test7">
<CovList>
<CovPrefix CovItemPrefix="counter_esempio.Counter.java">
<Cov CovItemId="B1" Value="1"/>
<Cov CovItemId="B2" Value="8"/>
<Cov CovItemId="S1" Value="1"/>
<Cov CovItemId="S2" Value="5"/>
<Cov CovItemId="S3" Value="9"/>
<Cov CovItemId="S4" Value="1"/>
<Cov CovItemId="S5" Value="8"/>
</CovPrefix>
</CovList>
<AssgnmntList>
<AssgnmntPrefix RootTermCovItemPrefix="counter_esempio.Counter.java">
<AssgnmntListEntry Length="2" RootTermCovItemId="C1">
<MapEntry BoolAssgnmnt="00" Value="8"/>
<MapEntry BoolAssgnmnt="01" Value="1"/>
</AssgnmntListEntry>
</AssgnmntPrefix>
</AssgnmntList>
<ObjMetaDataList/>
<MetaDataList/>
</TestCase>
<TestCase Comment="" Date="1706707434864" Name="randoop.RandoopTest1:test8">
<CovList>
<CovPrefix CovItemPrefix="counter_esempio.Counter.java">
<Cov CovItemId="B1" Value="1"/>
<Cov CovItemId="B2" Value="7"/>
<Cov CovItemId="S1" Value="1"/>
<Cov CovItemId="S2" Value="4"/>
<Cov CovItemId="S3" Value="8"/>
<Cov CovItemId="S4" Value="1"/>
<Cov CovItemId="S5" Value="7"/>
</CovPrefix>
</CovList>
<AssgnmntList>
<AssgnmntPrefix RootTermCovItemPrefix="counter_esempio.Counter.java">
<AssgnmntListEntry Length="2" RootTermCovItemId="C1">
<MapEntry BoolAssgnmnt="00" Value="7"/>
<MapEntry BoolAssgnmnt="01" Value="1"/>
</AssgnmntListEntry>
</AssgnmntPrefix>
</AssgnmntList>
<ObjMetaDataList/>
<MetaDataList/>
</TestCase>
<TestCase Comment="" Date="1706707434864" Name="randoop.RandoopTest1:test9">
<CovList>
<CovPrefix CovItemPrefix="counter_esempio.Counter.java">
<Cov CovItemId="B1" Value="1"/>
<Cov CovItemId="B2" Value="8"/>
<Cov CovItemId="S1" Value="1"/>
<Cov CovItemId="S2" Value="11"/>
<Cov CovItemId="S3" Value="9"/>
<Cov CovItemId="S4" Value="1"/>
<Cov CovItemId="S5" Value="8"/>
</CovPrefix>
</CovList>
<AssgnmntList>
<AssgnmntPrefix RootTermCovItemPrefix="counter_esempio.Counter.java">
<AssgnmntListEntry Length="2" RootTermCovItemId="C1">
<MapEntry BoolAssgnmnt="00" Value="8"/>
<MapEntry BoolAssgnmnt="01" Value="1"/>
</AssgnmntListEntry>
</AssgnmntPrefix>
</AssgnmntList>
<ObjMetaDataList/>
<MetaDataList/>
</TestCase>
<MetaDataList/>
</TestSession>
</TestSessionContainer>
